[2024-03-24T02:55:43.727+0000] {processor.py:161} INFO - Started process (PID=51) to work on /home/airflow/.local/lib/python3.8/site-packages/airflow/example_dags/example_sla_dag.py
[2024-03-24T02:55:43.732+0000] {processor.py:830} INFO - Processing file /home/airflow/.local/lib/python3.8/site-packages/airflow/example_dags/example_sla_dag.py for tasks to queue
[2024-03-24T02:55:43.738+0000] {logging_mixin.py:188} INFO - [2024-03-24T02:55:43.737+0000] {dagbag.py:540} INFO - Filling up the DagBag from /home/airflow/.local/lib/python3.8/site-packages/airflow/example_dags/example_sla_dag.py
[2024-03-24T02:55:43.763+0000] {processor.py:840} INFO - DAG(s) 'example_sla_dag' retrieved from /home/airflow/.local/lib/python3.8/site-packages/airflow/example_dags/example_sla_dag.py
[2024-03-24T02:55:43.795+0000] {logging_mixin.py:188} INFO - [2024-03-24T02:55:43.795+0000] {dag.py:3047} INFO - Sync 1 DAGs
[2024-03-24T02:55:43.833+0000] {logging_mixin.py:188} INFO - [2024-03-24T02:55:43.832+0000] {dag.py:3834} INFO - Setting next_dagrun for example_sla_dag to 2024-03-24 02:52:00+00:00, run_after=2024-03-24 02:54:00+00:00
[2024-03-24T02:55:43.849+0000] {processor.py:183} INFO - Processing /home/airflow/.local/lib/python3.8/site-packages/airflow/example_dags/example_sla_dag.py took 0.126 seconds
[2024-03-24T02:56:14.128+0000] {processor.py:161} INFO - Started process (PID=105) to work on /home/airflow/.local/lib/python3.8/site-packages/airflow/example_dags/example_sla_dag.py
[2024-03-24T02:56:14.130+0000] {processor.py:830} INFO - Processing file /home/airflow/.local/lib/python3.8/site-packages/airflow/example_dags/example_sla_dag.py for tasks to queue
[2024-03-24T02:56:14.131+0000] {logging_mixin.py:188} INFO - [2024-03-24T02:56:14.131+0000] {dagbag.py:540} INFO - Filling up the DagBag from /home/airflow/.local/lib/python3.8/site-packages/airflow/example_dags/example_sla_dag.py
[2024-03-24T02:56:14.136+0000] {processor.py:840} INFO - DAG(s) 'example_sla_dag' retrieved from /home/airflow/.local/lib/python3.8/site-packages/airflow/example_dags/example_sla_dag.py
[2024-03-24T02:56:14.182+0000] {logging_mixin.py:188} INFO - [2024-03-24T02:56:14.181+0000] {dag.py:3047} INFO - Sync 1 DAGs
[2024-03-24T02:56:14.192+0000] {logging_mixin.py:188} INFO - [2024-03-24T02:56:14.192+0000] {dag.py:3834} INFO - Setting next_dagrun for example_sla_dag to 2024-03-24 02:54:00+00:00, run_after=2024-03-24 02:56:00+00:00
[2024-03-24T02:56:14.202+0000] {processor.py:183} INFO - Processing /home/airflow/.local/lib/python3.8/site-packages/airflow/example_dags/example_sla_dag.py took 0.075 seconds
[2024-03-24T02:56:44.397+0000] {processor.py:161} INFO - Started process (PID=160) to work on /home/airflow/.local/lib/python3.8/site-packages/airflow/example_dags/example_sla_dag.py
[2024-03-24T02:56:44.398+0000] {processor.py:830} INFO - Processing file /home/airflow/.local/lib/python3.8/site-packages/airflow/example_dags/example_sla_dag.py for tasks to queue
[2024-03-24T02:56:44.399+0000] {logging_mixin.py:188} INFO - [2024-03-24T02:56:44.398+0000] {dagbag.py:540} INFO - Filling up the DagBag from /home/airflow/.local/lib/python3.8/site-packages/airflow/example_dags/example_sla_dag.py
[2024-03-24T02:56:44.403+0000] {processor.py:840} INFO - DAG(s) 'example_sla_dag' retrieved from /home/airflow/.local/lib/python3.8/site-packages/airflow/example_dags/example_sla_dag.py
[2024-03-24T02:56:44.412+0000] {logging_mixin.py:188} INFO - [2024-03-24T02:56:44.412+0000] {dag.py:3047} INFO - Sync 1 DAGs
[2024-03-24T02:56:44.429+0000] {logging_mixin.py:188} INFO - [2024-03-24T02:56:44.428+0000] {dag.py:3834} INFO - Setting next_dagrun for example_sla_dag to 2024-03-24 02:54:00+00:00, run_after=2024-03-24 02:56:00+00:00
[2024-03-24T02:56:44.437+0000] {processor.py:183} INFO - Processing /home/airflow/.local/lib/python3.8/site-packages/airflow/example_dags/example_sla_dag.py took 0.042 seconds
[2024-03-24T02:57:15.087+0000] {processor.py:161} INFO - Started process (PID=215) to work on /home/airflow/.local/lib/python3.8/site-packages/airflow/example_dags/example_sla_dag.py
[2024-03-24T02:57:15.088+0000] {processor.py:830} INFO - Processing file /home/airflow/.local/lib/python3.8/site-packages/airflow/example_dags/example_sla_dag.py for tasks to queue
[2024-03-24T02:57:15.089+0000] {logging_mixin.py:188} INFO - [2024-03-24T02:57:15.089+0000] {dagbag.py:540} INFO - Filling up the DagBag from /home/airflow/.local/lib/python3.8/site-packages/airflow/example_dags/example_sla_dag.py
[2024-03-24T02:57:15.094+0000] {processor.py:840} INFO - DAG(s) 'example_sla_dag' retrieved from /home/airflow/.local/lib/python3.8/site-packages/airflow/example_dags/example_sla_dag.py
[2024-03-24T02:57:15.104+0000] {logging_mixin.py:188} INFO - [2024-03-24T02:57:15.103+0000] {dag.py:3047} INFO - Sync 1 DAGs
[2024-03-24T02:57:15.116+0000] {logging_mixin.py:188} INFO - [2024-03-24T02:57:15.116+0000] {dag.py:3834} INFO - Setting next_dagrun for example_sla_dag to 2024-03-24 02:54:00+00:00, run_after=2024-03-24 02:56:00+00:00
[2024-03-24T02:57:15.124+0000] {processor.py:183} INFO - Processing /home/airflow/.local/lib/python3.8/site-packages/airflow/example_dags/example_sla_dag.py took 0.039 seconds
[2024-03-24T02:57:45.992+0000] {processor.py:161} INFO - Started process (PID=270) to work on /home/airflow/.local/lib/python3.8/site-packages/airflow/example_dags/example_sla_dag.py
[2024-03-24T02:57:45.992+0000] {processor.py:830} INFO - Processing file /home/airflow/.local/lib/python3.8/site-packages/airflow/example_dags/example_sla_dag.py for tasks to queue
[2024-03-24T02:57:45.993+0000] {logging_mixin.py:188} INFO - [2024-03-24T02:57:45.993+0000] {dagbag.py:540} INFO - Filling up the DagBag from /home/airflow/.local/lib/python3.8/site-packages/airflow/example_dags/example_sla_dag.py
[2024-03-24T02:57:45.998+0000] {processor.py:840} INFO - DAG(s) 'example_sla_dag' retrieved from /home/airflow/.local/lib/python3.8/site-packages/airflow/example_dags/example_sla_dag.py
[2024-03-24T02:57:46.009+0000] {logging_mixin.py:188} INFO - [2024-03-24T02:57:46.009+0000] {dag.py:3047} INFO - Sync 1 DAGs
[2024-03-24T02:57:46.021+0000] {logging_mixin.py:188} INFO - [2024-03-24T02:57:46.021+0000] {dag.py:3834} INFO - Setting next_dagrun for example_sla_dag to 2024-03-24 02:54:00+00:00, run_after=2024-03-24 02:56:00+00:00
[2024-03-24T02:57:46.028+0000] {processor.py:183} INFO - Processing /home/airflow/.local/lib/python3.8/site-packages/airflow/example_dags/example_sla_dag.py took 0.038 seconds
[2024-03-24T02:58:16.578+0000] {processor.py:161} INFO - Started process (PID=325) to work on /home/airflow/.local/lib/python3.8/site-packages/airflow/example_dags/example_sla_dag.py
[2024-03-24T02:58:16.579+0000] {processor.py:830} INFO - Processing file /home/airflow/.local/lib/python3.8/site-packages/airflow/example_dags/example_sla_dag.py for tasks to queue
[2024-03-24T02:58:16.581+0000] {logging_mixin.py:188} INFO - [2024-03-24T02:58:16.580+0000] {dagbag.py:540} INFO - Filling up the DagBag from /home/airflow/.local/lib/python3.8/site-packages/airflow/example_dags/example_sla_dag.py
[2024-03-24T02:58:16.586+0000] {processor.py:840} INFO - DAG(s) 'example_sla_dag' retrieved from /home/airflow/.local/lib/python3.8/site-packages/airflow/example_dags/example_sla_dag.py
[2024-03-24T02:58:16.597+0000] {logging_mixin.py:188} INFO - [2024-03-24T02:58:16.597+0000] {dag.py:3047} INFO - Sync 1 DAGs
[2024-03-24T02:58:16.615+0000] {logging_mixin.py:188} INFO - [2024-03-24T02:58:16.615+0000] {dag.py:3834} INFO - Setting next_dagrun for example_sla_dag to 2024-03-24 02:56:00+00:00, run_after=2024-03-24 02:58:00+00:00
[2024-03-24T02:58:16.626+0000] {processor.py:183} INFO - Processing /home/airflow/.local/lib/python3.8/site-packages/airflow/example_dags/example_sla_dag.py took 0.050 seconds
[2024-03-24T02:58:47.371+0000] {processor.py:161} INFO - Started process (PID=380) to work on /home/airflow/.local/lib/python3.8/site-packages/airflow/example_dags/example_sla_dag.py
[2024-03-24T02:58:47.372+0000] {processor.py:830} INFO - Processing file /home/airflow/.local/lib/python3.8/site-packages/airflow/example_dags/example_sla_dag.py for tasks to queue
[2024-03-24T02:58:47.373+0000] {logging_mixin.py:188} INFO - [2024-03-24T02:58:47.373+0000] {dagbag.py:540} INFO - Filling up the DagBag from /home/airflow/.local/lib/python3.8/site-packages/airflow/example_dags/example_sla_dag.py
[2024-03-24T02:58:47.378+0000] {processor.py:840} INFO - DAG(s) 'example_sla_dag' retrieved from /home/airflow/.local/lib/python3.8/site-packages/airflow/example_dags/example_sla_dag.py
[2024-03-24T02:58:47.422+0000] {logging_mixin.py:188} INFO - [2024-03-24T02:58:47.422+0000] {dag.py:3047} INFO - Sync 1 DAGs
[2024-03-24T02:58:47.435+0000] {logging_mixin.py:188} INFO - [2024-03-24T02:58:47.435+0000] {dag.py:3834} INFO - Setting next_dagrun for example_sla_dag to 2024-03-24 02:56:00+00:00, run_after=2024-03-24 02:58:00+00:00
[2024-03-24T02:58:47.443+0000] {processor.py:183} INFO - Processing /home/airflow/.local/lib/python3.8/site-packages/airflow/example_dags/example_sla_dag.py took 0.074 seconds
[2024-03-24T02:59:17.758+0000] {processor.py:161} INFO - Started process (PID=435) to work on /home/airflow/.local/lib/python3.8/site-packages/airflow/example_dags/example_sla_dag.py
[2024-03-24T02:59:17.759+0000] {processor.py:830} INFO - Processing file /home/airflow/.local/lib/python3.8/site-packages/airflow/example_dags/example_sla_dag.py for tasks to queue
[2024-03-24T02:59:17.760+0000] {logging_mixin.py:188} INFO - [2024-03-24T02:59:17.760+0000] {dagbag.py:540} INFO - Filling up the DagBag from /home/airflow/.local/lib/python3.8/site-packages/airflow/example_dags/example_sla_dag.py
[2024-03-24T02:59:17.765+0000] {processor.py:840} INFO - DAG(s) 'example_sla_dag' retrieved from /home/airflow/.local/lib/python3.8/site-packages/airflow/example_dags/example_sla_dag.py
[2024-03-24T02:59:17.775+0000] {logging_mixin.py:188} INFO - [2024-03-24T02:59:17.775+0000] {dag.py:3047} INFO - Sync 1 DAGs
[2024-03-24T02:59:17.787+0000] {logging_mixin.py:188} INFO - [2024-03-24T02:59:17.787+0000] {dag.py:3834} INFO - Setting next_dagrun for example_sla_dag to 2024-03-24 02:56:00+00:00, run_after=2024-03-24 02:58:00+00:00
[2024-03-24T02:59:17.799+0000] {processor.py:183} INFO - Processing /home/airflow/.local/lib/python3.8/site-packages/airflow/example_dags/example_sla_dag.py took 0.043 seconds
[2024-03-24T02:59:47.941+0000] {processor.py:161} INFO - Started process (PID=490) to work on /home/airflow/.local/lib/python3.8/site-packages/airflow/example_dags/example_sla_dag.py
[2024-03-24T02:59:47.942+0000] {processor.py:830} INFO - Processing file /home/airflow/.local/lib/python3.8/site-packages/airflow/example_dags/example_sla_dag.py for tasks to queue
[2024-03-24T02:59:47.943+0000] {logging_mixin.py:188} INFO - [2024-03-24T02:59:47.943+0000] {dagbag.py:540} INFO - Filling up the DagBag from /home/airflow/.local/lib/python3.8/site-packages/airflow/example_dags/example_sla_dag.py
[2024-03-24T02:59:47.948+0000] {processor.py:840} INFO - DAG(s) 'example_sla_dag' retrieved from /home/airflow/.local/lib/python3.8/site-packages/airflow/example_dags/example_sla_dag.py
[2024-03-24T02:59:47.961+0000] {logging_mixin.py:188} INFO - [2024-03-24T02:59:47.961+0000] {dag.py:3047} INFO - Sync 1 DAGs
[2024-03-24T02:59:47.980+0000] {logging_mixin.py:188} INFO - [2024-03-24T02:59:47.980+0000] {dag.py:3834} INFO - Setting next_dagrun for example_sla_dag to 2024-03-24 02:56:00+00:00, run_after=2024-03-24 02:58:00+00:00
[2024-03-24T02:59:47.989+0000] {processor.py:183} INFO - Processing /home/airflow/.local/lib/python3.8/site-packages/airflow/example_dags/example_sla_dag.py took 0.050 seconds
[2024-03-24T03:00:18.013+0000] {processor.py:161} INFO - Started process (PID=545) to work on /home/airflow/.local/lib/python3.8/site-packages/airflow/example_dags/example_sla_dag.py
[2024-03-24T03:00:18.014+0000] {processor.py:830} INFO - Processing file /home/airflow/.local/lib/python3.8/site-packages/airflow/example_dags/example_sla_dag.py for tasks to queue
[2024-03-24T03:00:18.015+0000] {logging_mixin.py:188} INFO - [2024-03-24T03:00:18.015+0000] {dagbag.py:540} INFO - Filling up the DagBag from /home/airflow/.local/lib/python3.8/site-packages/airflow/example_dags/example_sla_dag.py
[2024-03-24T03:00:18.019+0000] {processor.py:840} INFO - DAG(s) 'example_sla_dag' retrieved from /home/airflow/.local/lib/python3.8/site-packages/airflow/example_dags/example_sla_dag.py
[2024-03-24T03:00:18.030+0000] {logging_mixin.py:188} INFO - [2024-03-24T03:00:18.030+0000] {dag.py:3047} INFO - Sync 1 DAGs
[2024-03-24T03:00:18.041+0000] {logging_mixin.py:188} INFO - [2024-03-24T03:00:18.041+0000] {dag.py:3834} INFO - Setting next_dagrun for example_sla_dag to 2024-03-24 02:58:00+00:00, run_after=2024-03-24 03:00:00+00:00
[2024-03-24T03:00:18.049+0000] {processor.py:183} INFO - Processing /home/airflow/.local/lib/python3.8/site-packages/airflow/example_dags/example_sla_dag.py took 0.038 seconds
[2024-03-24T03:00:48.357+0000] {processor.py:161} INFO - Started process (PID=600) to work on /home/airflow/.local/lib/python3.8/site-packages/airflow/example_dags/example_sla_dag.py
[2024-03-24T03:00:48.358+0000] {processor.py:830} INFO - Processing file /home/airflow/.local/lib/python3.8/site-packages/airflow/example_dags/example_sla_dag.py for tasks to queue
[2024-03-24T03:00:48.359+0000] {logging_mixin.py:188} INFO - [2024-03-24T03:00:48.359+0000] {dagbag.py:540} INFO - Filling up the DagBag from /home/airflow/.local/lib/python3.8/site-packages/airflow/example_dags/example_sla_dag.py
[2024-03-24T03:00:48.364+0000] {processor.py:840} INFO - DAG(s) 'example_sla_dag' retrieved from /home/airflow/.local/lib/python3.8/site-packages/airflow/example_dags/example_sla_dag.py
[2024-03-24T03:00:48.376+0000] {logging_mixin.py:188} INFO - [2024-03-24T03:00:48.376+0000] {dag.py:3047} INFO - Sync 1 DAGs
[2024-03-24T03:00:48.390+0000] {logging_mixin.py:188} INFO - [2024-03-24T03:00:48.390+0000] {dag.py:3834} INFO - Setting next_dagrun for example_sla_dag to 2024-03-24 02:58:00+00:00, run_after=2024-03-24 03:00:00+00:00
[2024-03-24T03:00:48.404+0000] {processor.py:183} INFO - Processing /home/airflow/.local/lib/python3.8/site-packages/airflow/example_dags/example_sla_dag.py took 0.049 seconds
[2024-03-24T03:01:19.401+0000] {processor.py:161} INFO - Started process (PID=655) to work on /home/airflow/.local/lib/python3.8/site-packages/airflow/example_dags/example_sla_dag.py
[2024-03-24T03:01:19.402+0000] {processor.py:830} INFO - Processing file /home/airflow/.local/lib/python3.8/site-packages/airflow/example_dags/example_sla_dag.py for tasks to queue
[2024-03-24T03:01:19.408+0000] {logging_mixin.py:188} INFO - [2024-03-24T03:01:19.407+0000] {dagbag.py:540} INFO - Filling up the DagBag from /home/airflow/.local/lib/python3.8/site-packages/airflow/example_dags/example_sla_dag.py
[2024-03-24T03:01:19.415+0000] {processor.py:840} INFO - DAG(s) 'example_sla_dag' retrieved from /home/airflow/.local/lib/python3.8/site-packages/airflow/example_dags/example_sla_dag.py
[2024-03-24T03:01:19.433+0000] {logging_mixin.py:188} INFO - [2024-03-24T03:01:19.433+0000] {dag.py:3047} INFO - Sync 1 DAGs
[2024-03-24T03:01:19.461+0000] {logging_mixin.py:188} INFO - [2024-03-24T03:01:19.461+0000] {dag.py:3834} INFO - Setting next_dagrun for example_sla_dag to 2024-03-24 02:58:00+00:00, run_after=2024-03-24 03:00:00+00:00
[2024-03-24T03:01:19.478+0000] {processor.py:183} INFO - Processing /home/airflow/.local/lib/python3.8/site-packages/airflow/example_dags/example_sla_dag.py took 0.081 seconds
[2024-03-24T03:01:50.318+0000] {processor.py:161} INFO - Started process (PID=710) to work on /home/airflow/.local/lib/python3.8/site-packages/airflow/example_dags/example_sla_dag.py
[2024-03-24T03:01:50.320+0000] {processor.py:830} INFO - Processing file /home/airflow/.local/lib/python3.8/site-packages/airflow/example_dags/example_sla_dag.py for tasks to queue
[2024-03-24T03:01:50.321+0000] {logging_mixin.py:188} INFO - [2024-03-24T03:01:50.321+0000] {dagbag.py:540} INFO - Filling up the DagBag from /home/airflow/.local/lib/python3.8/site-packages/airflow/example_dags/example_sla_dag.py
[2024-03-24T03:01:50.326+0000] {processor.py:840} INFO - DAG(s) 'example_sla_dag' retrieved from /home/airflow/.local/lib/python3.8/site-packages/airflow/example_dags/example_sla_dag.py
[2024-03-24T03:01:50.343+0000] {logging_mixin.py:188} INFO - [2024-03-24T03:01:50.343+0000] {dag.py:3047} INFO - Sync 1 DAGs
[2024-03-24T03:01:50.359+0000] {logging_mixin.py:188} INFO - [2024-03-24T03:01:50.359+0000] {dag.py:3834} INFO - Setting next_dagrun for example_sla_dag to 2024-03-24 02:58:00+00:00, run_after=2024-03-24 03:00:00+00:00
[2024-03-24T03:01:50.369+0000] {processor.py:183} INFO - Processing /home/airflow/.local/lib/python3.8/site-packages/airflow/example_dags/example_sla_dag.py took 0.053 seconds
[2024-03-24T03:02:20.833+0000] {processor.py:161} INFO - Started process (PID=765) to work on /home/airflow/.local/lib/python3.8/site-packages/airflow/example_dags/example_sla_dag.py
[2024-03-24T03:02:20.834+0000] {processor.py:830} INFO - Processing file /home/airflow/.local/lib/python3.8/site-packages/airflow/example_dags/example_sla_dag.py for tasks to queue
[2024-03-24T03:02:20.835+0000] {logging_mixin.py:188} INFO - [2024-03-24T03:02:20.835+0000] {dagbag.py:540} INFO - Filling up the DagBag from /home/airflow/.local/lib/python3.8/site-packages/airflow/example_dags/example_sla_dag.py
[2024-03-24T03:02:20.840+0000] {processor.py:840} INFO - DAG(s) 'example_sla_dag' retrieved from /home/airflow/.local/lib/python3.8/site-packages/airflow/example_dags/example_sla_dag.py
[2024-03-24T03:02:20.851+0000] {logging_mixin.py:188} INFO - [2024-03-24T03:02:20.851+0000] {dag.py:3047} INFO - Sync 1 DAGs
[2024-03-24T03:02:20.864+0000] {logging_mixin.py:188} INFO - [2024-03-24T03:02:20.864+0000] {dag.py:3834} INFO - Setting next_dagrun for example_sla_dag to 2024-03-24 03:00:00+00:00, run_after=2024-03-24 03:02:00+00:00
[2024-03-24T03:02:20.873+0000] {processor.py:183} INFO - Processing /home/airflow/.local/lib/python3.8/site-packages/airflow/example_dags/example_sla_dag.py took 0.042 seconds
[2024-03-24T03:02:51.049+0000] {processor.py:161} INFO - Started process (PID=820) to work on /home/airflow/.local/lib/python3.8/site-packages/airflow/example_dags/example_sla_dag.py
[2024-03-24T03:02:51.050+0000] {processor.py:830} INFO - Processing file /home/airflow/.local/lib/python3.8/site-packages/airflow/example_dags/example_sla_dag.py for tasks to queue
[2024-03-24T03:02:51.051+0000] {logging_mixin.py:188} INFO - [2024-03-24T03:02:51.051+0000] {dagbag.py:540} INFO - Filling up the DagBag from /home/airflow/.local/lib/python3.8/site-packages/airflow/example_dags/example_sla_dag.py
[2024-03-24T03:02:51.056+0000] {processor.py:840} INFO - DAG(s) 'example_sla_dag' retrieved from /home/airflow/.local/lib/python3.8/site-packages/airflow/example_dags/example_sla_dag.py
[2024-03-24T03:02:51.068+0000] {logging_mixin.py:188} INFO - [2024-03-24T03:02:51.068+0000] {dag.py:3047} INFO - Sync 1 DAGs
[2024-03-24T03:02:51.081+0000] {logging_mixin.py:188} INFO - [2024-03-24T03:02:51.081+0000] {dag.py:3834} INFO - Setting next_dagrun for example_sla_dag to 2024-03-24 03:00:00+00:00, run_after=2024-03-24 03:02:00+00:00
[2024-03-24T03:02:51.091+0000] {processor.py:183} INFO - Processing /home/airflow/.local/lib/python3.8/site-packages/airflow/example_dags/example_sla_dag.py took 0.043 seconds
[2024-03-24T03:03:21.873+0000] {processor.py:161} INFO - Started process (PID=875) to work on /home/airflow/.local/lib/python3.8/site-packages/airflow/example_dags/example_sla_dag.py
[2024-03-24T03:03:21.875+0000] {processor.py:830} INFO - Processing file /home/airflow/.local/lib/python3.8/site-packages/airflow/example_dags/example_sla_dag.py for tasks to queue
[2024-03-24T03:03:21.876+0000] {logging_mixin.py:188} INFO - [2024-03-24T03:03:21.876+0000] {dagbag.py:540} INFO - Filling up the DagBag from /home/airflow/.local/lib/python3.8/site-packages/airflow/example_dags/example_sla_dag.py
[2024-03-24T03:03:21.882+0000] {processor.py:840} INFO - DAG(s) 'example_sla_dag' retrieved from /home/airflow/.local/lib/python3.8/site-packages/airflow/example_dags/example_sla_dag.py
[2024-03-24T03:03:21.892+0000] {logging_mixin.py:188} INFO - [2024-03-24T03:03:21.892+0000] {dag.py:3047} INFO - Sync 1 DAGs
[2024-03-24T03:03:21.905+0000] {logging_mixin.py:188} INFO - [2024-03-24T03:03:21.905+0000] {dag.py:3834} INFO - Setting next_dagrun for example_sla_dag to 2024-03-24 03:00:00+00:00, run_after=2024-03-24 03:02:00+00:00
[2024-03-24T03:03:21.916+0000] {processor.py:183} INFO - Processing /home/airflow/.local/lib/python3.8/site-packages/airflow/example_dags/example_sla_dag.py took 0.045 seconds
[2024-03-24T03:03:52.149+0000] {processor.py:161} INFO - Started process (PID=930) to work on /home/airflow/.local/lib/python3.8/site-packages/airflow/example_dags/example_sla_dag.py
[2024-03-24T03:03:52.150+0000] {processor.py:830} INFO - Processing file /home/airflow/.local/lib/python3.8/site-packages/airflow/example_dags/example_sla_dag.py for tasks to queue
[2024-03-24T03:03:52.151+0000] {logging_mixin.py:188} INFO - [2024-03-24T03:03:52.151+0000] {dagbag.py:540} INFO - Filling up the DagBag from /home/airflow/.local/lib/python3.8/site-packages/airflow/example_dags/example_sla_dag.py
[2024-03-24T03:03:52.156+0000] {processor.py:840} INFO - DAG(s) 'example_sla_dag' retrieved from /home/airflow/.local/lib/python3.8/site-packages/airflow/example_dags/example_sla_dag.py
[2024-03-24T03:03:52.167+0000] {logging_mixin.py:188} INFO - [2024-03-24T03:03:52.167+0000] {dag.py:3047} INFO - Sync 1 DAGs
[2024-03-24T03:03:52.180+0000] {logging_mixin.py:188} INFO - [2024-03-24T03:03:52.180+0000] {dag.py:3834} INFO - Setting next_dagrun for example_sla_dag to 2024-03-24 03:00:00+00:00, run_after=2024-03-24 03:02:00+00:00
[2024-03-24T03:03:52.190+0000] {processor.py:183} INFO - Processing /home/airflow/.local/lib/python3.8/site-packages/airflow/example_dags/example_sla_dag.py took 0.044 seconds
[2024-03-24T03:04:22.989+0000] {processor.py:161} INFO - Started process (PID=984) to work on /home/airflow/.local/lib/python3.8/site-packages/airflow/example_dags/example_sla_dag.py
[2024-03-24T03:04:22.991+0000] {processor.py:830} INFO - Processing file /home/airflow/.local/lib/python3.8/site-packages/airflow/example_dags/example_sla_dag.py for tasks to queue
[2024-03-24T03:04:22.995+0000] {logging_mixin.py:188} INFO - [2024-03-24T03:04:22.995+0000] {dagbag.py:540} INFO - Filling up the DagBag from /home/airflow/.local/lib/python3.8/site-packages/airflow/example_dags/example_sla_dag.py
[2024-03-24T03:04:23.000+0000] {processor.py:840} INFO - DAG(s) 'example_sla_dag' retrieved from /home/airflow/.local/lib/python3.8/site-packages/airflow/example_dags/example_sla_dag.py
[2024-03-24T03:04:23.011+0000] {logging_mixin.py:188} INFO - [2024-03-24T03:04:23.011+0000] {dag.py:3047} INFO - Sync 1 DAGs
[2024-03-24T03:04:23.023+0000] {logging_mixin.py:188} INFO - [2024-03-24T03:04:23.023+0000] {dag.py:3834} INFO - Setting next_dagrun for example_sla_dag to 2024-03-24 03:02:00+00:00, run_after=2024-03-24 03:04:00+00:00
[2024-03-24T03:04:23.032+0000] {processor.py:183} INFO - Processing /home/airflow/.local/lib/python3.8/site-packages/airflow/example_dags/example_sla_dag.py took 0.046 seconds
[2024-03-24T03:04:53.269+0000] {processor.py:161} INFO - Started process (PID=1038) to work on /home/airflow/.local/lib/python3.8/site-packages/airflow/example_dags/example_sla_dag.py
[2024-03-24T03:04:53.270+0000] {processor.py:830} INFO - Processing file /home/airflow/.local/lib/python3.8/site-packages/airflow/example_dags/example_sla_dag.py for tasks to queue
[2024-03-24T03:04:53.272+0000] {logging_mixin.py:188} INFO - [2024-03-24T03:04:53.272+0000] {dagbag.py:540} INFO - Filling up the DagBag from /home/airflow/.local/lib/python3.8/site-packages/airflow/example_dags/example_sla_dag.py
[2024-03-24T03:04:53.278+0000] {processor.py:840} INFO - DAG(s) 'example_sla_dag' retrieved from /home/airflow/.local/lib/python3.8/site-packages/airflow/example_dags/example_sla_dag.py
[2024-03-24T03:04:53.290+0000] {logging_mixin.py:188} INFO - [2024-03-24T03:04:53.290+0000] {dag.py:3047} INFO - Sync 1 DAGs
[2024-03-24T03:04:53.303+0000] {logging_mixin.py:188} INFO - [2024-03-24T03:04:53.303+0000] {dag.py:3834} INFO - Setting next_dagrun for example_sla_dag to 2024-03-24 03:02:00+00:00, run_after=2024-03-24 03:04:00+00:00
[2024-03-24T03:04:53.312+0000] {processor.py:183} INFO - Processing /home/airflow/.local/lib/python3.8/site-packages/airflow/example_dags/example_sla_dag.py took 0.046 seconds
[2024-03-24T03:05:23.709+0000] {processor.py:161} INFO - Started process (PID=1094) to work on /home/airflow/.local/lib/python3.8/site-packages/airflow/example_dags/example_sla_dag.py
[2024-03-24T03:05:23.710+0000] {processor.py:830} INFO - Processing file /home/airflow/.local/lib/python3.8/site-packages/airflow/example_dags/example_sla_dag.py for tasks to queue
[2024-03-24T03:05:23.711+0000] {logging_mixin.py:188} INFO - [2024-03-24T03:05:23.711+0000] {dagbag.py:540} INFO - Filling up the DagBag from /home/airflow/.local/lib/python3.8/site-packages/airflow/example_dags/example_sla_dag.py
[2024-03-24T03:05:23.716+0000] {processor.py:840} INFO - DAG(s) 'example_sla_dag' retrieved from /home/airflow/.local/lib/python3.8/site-packages/airflow/example_dags/example_sla_dag.py
[2024-03-24T03:05:23.725+0000] {logging_mixin.py:188} INFO - [2024-03-24T03:05:23.725+0000] {dag.py:3047} INFO - Sync 1 DAGs
[2024-03-24T03:05:23.736+0000] {logging_mixin.py:188} INFO - [2024-03-24T03:05:23.736+0000] {dag.py:3834} INFO - Setting next_dagrun for example_sla_dag to 2024-03-24 03:02:00+00:00, run_after=2024-03-24 03:04:00+00:00
[2024-03-24T03:05:23.746+0000] {processor.py:183} INFO - Processing /home/airflow/.local/lib/python3.8/site-packages/airflow/example_dags/example_sla_dag.py took 0.038 seconds
[2024-03-24T03:05:54.355+0000] {processor.py:161} INFO - Started process (PID=1148) to work on /home/airflow/.local/lib/python3.8/site-packages/airflow/example_dags/example_sla_dag.py
[2024-03-24T03:05:54.358+0000] {processor.py:830} INFO - Processing file /home/airflow/.local/lib/python3.8/site-packages/airflow/example_dags/example_sla_dag.py for tasks to queue
[2024-03-24T03:05:54.361+0000] {logging_mixin.py:188} INFO - [2024-03-24T03:05:54.361+0000] {dagbag.py:540} INFO - Filling up the DagBag from /home/airflow/.local/lib/python3.8/site-packages/airflow/example_dags/example_sla_dag.py
[2024-03-24T03:05:54.367+0000] {processor.py:840} INFO - DAG(s) 'example_sla_dag' retrieved from /home/airflow/.local/lib/python3.8/site-packages/airflow/example_dags/example_sla_dag.py
[2024-03-24T03:05:54.381+0000] {logging_mixin.py:188} INFO - [2024-03-24T03:05:54.380+0000] {dag.py:3047} INFO - Sync 1 DAGs
[2024-03-24T03:05:54.395+0000] {logging_mixin.py:188} INFO - [2024-03-24T03:05:54.395+0000] {dag.py:3834} INFO - Setting next_dagrun for example_sla_dag to 2024-03-24 03:02:00+00:00, run_after=2024-03-24 03:04:00+00:00
[2024-03-24T03:05:54.406+0000] {processor.py:183} INFO - Processing /home/airflow/.local/lib/python3.8/site-packages/airflow/example_dags/example_sla_dag.py took 0.053 seconds
