[2024-03-24T02:55:43.805+0000] {processor.py:161} INFO - Started process (PID=52) to work on /home/airflow/.local/lib/python3.8/site-packages/airflow/example_dags/example_latest_only.py
[2024-03-24T02:55:43.810+0000] {processor.py:830} INFO - Processing file /home/airflow/.local/lib/python3.8/site-packages/airflow/example_dags/example_latest_only.py for tasks to queue
[2024-03-24T02:55:43.816+0000] {logging_mixin.py:188} INFO - [2024-03-24T02:55:43.815+0000] {dagbag.py:540} INFO - Filling up the DagBag from /home/airflow/.local/lib/python3.8/site-packages/airflow/example_dags/example_latest_only.py
[2024-03-24T02:55:43.825+0000] {processor.py:840} INFO - DAG(s) 'latest_only' retrieved from /home/airflow/.local/lib/python3.8/site-packages/airflow/example_dags/example_latest_only.py
[2024-03-24T02:55:43.840+0000] {logging_mixin.py:188} INFO - [2024-03-24T02:55:43.840+0000] {dag.py:3047} INFO - Sync 1 DAGs
[2024-03-24T02:55:43.860+0000] {logging_mixin.py:188} INFO - [2024-03-24T02:55:43.860+0000] {dag.py:3834} INFO - Setting next_dagrun for latest_only to 2024-03-23 20:00:00+00:00, run_after=2024-03-24 00:00:00+00:00
[2024-03-24T02:55:43.874+0000] {processor.py:183} INFO - Processing /home/airflow/.local/lib/python3.8/site-packages/airflow/example_dags/example_latest_only.py took 0.074 seconds
[2024-03-24T02:56:14.141+0000] {processor.py:161} INFO - Started process (PID=106) to work on /home/airflow/.local/lib/python3.8/site-packages/airflow/example_dags/example_latest_only.py
[2024-03-24T02:56:14.142+0000] {processor.py:830} INFO - Processing file /home/airflow/.local/lib/python3.8/site-packages/airflow/example_dags/example_latest_only.py for tasks to queue
[2024-03-24T02:56:14.143+0000] {logging_mixin.py:188} INFO - [2024-03-24T02:56:14.143+0000] {dagbag.py:540} INFO - Filling up the DagBag from /home/airflow/.local/lib/python3.8/site-packages/airflow/example_dags/example_latest_only.py
[2024-03-24T02:56:14.146+0000] {processor.py:840} INFO - DAG(s) 'latest_only' retrieved from /home/airflow/.local/lib/python3.8/site-packages/airflow/example_dags/example_latest_only.py
[2024-03-24T02:56:14.190+0000] {logging_mixin.py:188} INFO - [2024-03-24T02:56:14.190+0000] {dag.py:3047} INFO - Sync 1 DAGs
[2024-03-24T02:56:14.199+0000] {logging_mixin.py:188} INFO - [2024-03-24T02:56:14.199+0000] {dag.py:3834} INFO - Setting next_dagrun for latest_only to 2024-03-23 20:00:00+00:00, run_after=2024-03-24 00:00:00+00:00
[2024-03-24T02:56:14.208+0000] {processor.py:183} INFO - Processing /home/airflow/.local/lib/python3.8/site-packages/airflow/example_dags/example_latest_only.py took 0.069 seconds
[2024-03-24T02:56:44.397+0000] {processor.py:161} INFO - Started process (PID=161) to work on /home/airflow/.local/lib/python3.8/site-packages/airflow/example_dags/example_latest_only.py
[2024-03-24T02:56:44.398+0000] {processor.py:830} INFO - Processing file /home/airflow/.local/lib/python3.8/site-packages/airflow/example_dags/example_latest_only.py for tasks to queue
[2024-03-24T02:56:44.399+0000] {logging_mixin.py:188} INFO - [2024-03-24T02:56:44.399+0000] {dagbag.py:540} INFO - Filling up the DagBag from /home/airflow/.local/lib/python3.8/site-packages/airflow/example_dags/example_latest_only.py
[2024-03-24T02:56:44.402+0000] {processor.py:840} INFO - DAG(s) 'latest_only' retrieved from /home/airflow/.local/lib/python3.8/site-packages/airflow/example_dags/example_latest_only.py
[2024-03-24T02:56:44.412+0000] {logging_mixin.py:188} INFO - [2024-03-24T02:56:44.412+0000] {dag.py:3047} INFO - Sync 1 DAGs
[2024-03-24T02:56:44.426+0000] {logging_mixin.py:188} INFO - [2024-03-24T02:56:44.426+0000] {dag.py:3834} INFO - Setting next_dagrun for latest_only to 2024-03-23 20:00:00+00:00, run_after=2024-03-24 00:00:00+00:00
[2024-03-24T02:56:44.435+0000] {processor.py:183} INFO - Processing /home/airflow/.local/lib/python3.8/site-packages/airflow/example_dags/example_latest_only.py took 0.039 seconds
[2024-03-24T02:57:15.117+0000] {processor.py:161} INFO - Started process (PID=216) to work on /home/airflow/.local/lib/python3.8/site-packages/airflow/example_dags/example_latest_only.py
[2024-03-24T02:57:15.118+0000] {processor.py:830} INFO - Processing file /home/airflow/.local/lib/python3.8/site-packages/airflow/example_dags/example_latest_only.py for tasks to queue
[2024-03-24T02:57:15.120+0000] {logging_mixin.py:188} INFO - [2024-03-24T02:57:15.120+0000] {dagbag.py:540} INFO - Filling up the DagBag from /home/airflow/.local/lib/python3.8/site-packages/airflow/example_dags/example_latest_only.py
[2024-03-24T02:57:15.123+0000] {processor.py:840} INFO - DAG(s) 'latest_only' retrieved from /home/airflow/.local/lib/python3.8/site-packages/airflow/example_dags/example_latest_only.py
[2024-03-24T02:57:15.134+0000] {logging_mixin.py:188} INFO - [2024-03-24T02:57:15.134+0000] {dag.py:3047} INFO - Sync 1 DAGs
[2024-03-24T02:57:15.145+0000] {logging_mixin.py:188} INFO - [2024-03-24T02:57:15.145+0000] {dag.py:3834} INFO - Setting next_dagrun for latest_only to 2024-03-23 20:00:00+00:00, run_after=2024-03-24 00:00:00+00:00
[2024-03-24T02:57:15.154+0000] {processor.py:183} INFO - Processing /home/airflow/.local/lib/python3.8/site-packages/airflow/example_dags/example_latest_only.py took 0.039 seconds
[2024-03-24T02:57:46.040+0000] {processor.py:161} INFO - Started process (PID=271) to work on /home/airflow/.local/lib/python3.8/site-packages/airflow/example_dags/example_latest_only.py
[2024-03-24T02:57:46.040+0000] {processor.py:830} INFO - Processing file /home/airflow/.local/lib/python3.8/site-packages/airflow/example_dags/example_latest_only.py for tasks to queue
[2024-03-24T02:57:46.041+0000] {logging_mixin.py:188} INFO - [2024-03-24T02:57:46.041+0000] {dagbag.py:540} INFO - Filling up the DagBag from /home/airflow/.local/lib/python3.8/site-packages/airflow/example_dags/example_latest_only.py
[2024-03-24T02:57:46.044+0000] {processor.py:840} INFO - DAG(s) 'latest_only' retrieved from /home/airflow/.local/lib/python3.8/site-packages/airflow/example_dags/example_latest_only.py
[2024-03-24T02:57:46.055+0000] {logging_mixin.py:188} INFO - [2024-03-24T02:57:46.055+0000] {dag.py:3047} INFO - Sync 1 DAGs
[2024-03-24T02:57:46.066+0000] {logging_mixin.py:188} INFO - [2024-03-24T02:57:46.066+0000] {dag.py:3834} INFO - Setting next_dagrun for latest_only to 2024-03-23 20:00:00+00:00, run_after=2024-03-24 00:00:00+00:00
[2024-03-24T02:57:46.074+0000] {processor.py:183} INFO - Processing /home/airflow/.local/lib/python3.8/site-packages/airflow/example_dags/example_latest_only.py took 0.036 seconds
[2024-03-24T02:58:16.602+0000] {processor.py:161} INFO - Started process (PID=326) to work on /home/airflow/.local/lib/python3.8/site-packages/airflow/example_dags/example_latest_only.py
[2024-03-24T02:58:16.603+0000] {processor.py:830} INFO - Processing file /home/airflow/.local/lib/python3.8/site-packages/airflow/example_dags/example_latest_only.py for tasks to queue
[2024-03-24T02:58:16.605+0000] {logging_mixin.py:188} INFO - [2024-03-24T02:58:16.605+0000] {dagbag.py:540} INFO - Filling up the DagBag from /home/airflow/.local/lib/python3.8/site-packages/airflow/example_dags/example_latest_only.py
[2024-03-24T02:58:16.609+0000] {processor.py:840} INFO - DAG(s) 'latest_only' retrieved from /home/airflow/.local/lib/python3.8/site-packages/airflow/example_dags/example_latest_only.py
[2024-03-24T02:58:16.618+0000] {logging_mixin.py:188} INFO - [2024-03-24T02:58:16.618+0000] {dag.py:3047} INFO - Sync 1 DAGs
[2024-03-24T02:58:16.633+0000] {logging_mixin.py:188} INFO - [2024-03-24T02:58:16.633+0000] {dag.py:3834} INFO - Setting next_dagrun for latest_only to 2024-03-23 20:00:00+00:00, run_after=2024-03-24 00:00:00+00:00
[2024-03-24T02:58:16.645+0000] {processor.py:183} INFO - Processing /home/airflow/.local/lib/python3.8/site-packages/airflow/example_dags/example_latest_only.py took 0.045 seconds
[2024-03-24T02:58:47.454+0000] {processor.py:161} INFO - Started process (PID=381) to work on /home/airflow/.local/lib/python3.8/site-packages/airflow/example_dags/example_latest_only.py
[2024-03-24T02:58:47.455+0000] {processor.py:830} INFO - Processing file /home/airflow/.local/lib/python3.8/site-packages/airflow/example_dags/example_latest_only.py for tasks to queue
[2024-03-24T02:58:47.456+0000] {logging_mixin.py:188} INFO - [2024-03-24T02:58:47.456+0000] {dagbag.py:540} INFO - Filling up the DagBag from /home/airflow/.local/lib/python3.8/site-packages/airflow/example_dags/example_latest_only.py
[2024-03-24T02:58:47.459+0000] {processor.py:840} INFO - DAG(s) 'latest_only' retrieved from /home/airflow/.local/lib/python3.8/site-packages/airflow/example_dags/example_latest_only.py
[2024-03-24T02:58:47.513+0000] {logging_mixin.py:188} INFO - [2024-03-24T02:58:47.512+0000] {dag.py:3047} INFO - Sync 1 DAGs
[2024-03-24T02:58:47.523+0000] {logging_mixin.py:188} INFO - [2024-03-24T02:58:47.523+0000] {dag.py:3834} INFO - Setting next_dagrun for latest_only to 2024-03-23 20:00:00+00:00, run_after=2024-03-24 00:00:00+00:00
[2024-03-24T02:58:47.533+0000] {processor.py:183} INFO - Processing /home/airflow/.local/lib/python3.8/site-packages/airflow/example_dags/example_latest_only.py took 0.081 seconds
[2024-03-24T02:59:17.789+0000] {processor.py:161} INFO - Started process (PID=436) to work on /home/airflow/.local/lib/python3.8/site-packages/airflow/example_dags/example_latest_only.py
[2024-03-24T02:59:17.790+0000] {processor.py:830} INFO - Processing file /home/airflow/.local/lib/python3.8/site-packages/airflow/example_dags/example_latest_only.py for tasks to queue
[2024-03-24T02:59:17.791+0000] {logging_mixin.py:188} INFO - [2024-03-24T02:59:17.791+0000] {dagbag.py:540} INFO - Filling up the DagBag from /home/airflow/.local/lib/python3.8/site-packages/airflow/example_dags/example_latest_only.py
[2024-03-24T02:59:17.794+0000] {processor.py:840} INFO - DAG(s) 'latest_only' retrieved from /home/airflow/.local/lib/python3.8/site-packages/airflow/example_dags/example_latest_only.py
[2024-03-24T02:59:17.805+0000] {logging_mixin.py:188} INFO - [2024-03-24T02:59:17.805+0000] {dag.py:3047} INFO - Sync 1 DAGs
[2024-03-24T02:59:17.824+0000] {logging_mixin.py:188} INFO - [2024-03-24T02:59:17.824+0000] {dag.py:3834} INFO - Setting next_dagrun for latest_only to 2024-03-23 20:00:00+00:00, run_after=2024-03-24 00:00:00+00:00
[2024-03-24T02:59:17.836+0000] {processor.py:183} INFO - Processing /home/airflow/.local/lib/python3.8/site-packages/airflow/example_dags/example_latest_only.py took 0.048 seconds
[2024-03-24T02:59:48.003+0000] {processor.py:161} INFO - Started process (PID=491) to work on /home/airflow/.local/lib/python3.8/site-packages/airflow/example_dags/example_latest_only.py
[2024-03-24T02:59:48.004+0000] {processor.py:830} INFO - Processing file /home/airflow/.local/lib/python3.8/site-packages/airflow/example_dags/example_latest_only.py for tasks to queue
[2024-03-24T02:59:48.005+0000] {logging_mixin.py:188} INFO - [2024-03-24T02:59:48.005+0000] {dagbag.py:540} INFO - Filling up the DagBag from /home/airflow/.local/lib/python3.8/site-packages/airflow/example_dags/example_latest_only.py
[2024-03-24T02:59:48.008+0000] {processor.py:840} INFO - DAG(s) 'latest_only' retrieved from /home/airflow/.local/lib/python3.8/site-packages/airflow/example_dags/example_latest_only.py
[2024-03-24T02:59:48.020+0000] {logging_mixin.py:188} INFO - [2024-03-24T02:59:48.020+0000] {dag.py:3047} INFO - Sync 1 DAGs
[2024-03-24T02:59:48.030+0000] {logging_mixin.py:188} INFO - [2024-03-24T02:59:48.030+0000] {dag.py:3834} INFO - Setting next_dagrun for latest_only to 2024-03-23 20:00:00+00:00, run_after=2024-03-24 00:00:00+00:00
[2024-03-24T02:59:48.039+0000] {processor.py:183} INFO - Processing /home/airflow/.local/lib/python3.8/site-packages/airflow/example_dags/example_latest_only.py took 0.038 seconds
[2024-03-24T03:00:18.059+0000] {processor.py:161} INFO - Started process (PID=546) to work on /home/airflow/.local/lib/python3.8/site-packages/airflow/example_dags/example_latest_only.py
[2024-03-24T03:00:18.062+0000] {processor.py:830} INFO - Processing file /home/airflow/.local/lib/python3.8/site-packages/airflow/example_dags/example_latest_only.py for tasks to queue
[2024-03-24T03:00:18.063+0000] {logging_mixin.py:188} INFO - [2024-03-24T03:00:18.063+0000] {dagbag.py:540} INFO - Filling up the DagBag from /home/airflow/.local/lib/python3.8/site-packages/airflow/example_dags/example_latest_only.py
[2024-03-24T03:00:18.068+0000] {processor.py:840} INFO - DAG(s) 'latest_only' retrieved from /home/airflow/.local/lib/python3.8/site-packages/airflow/example_dags/example_latest_only.py
[2024-03-24T03:00:18.079+0000] {logging_mixin.py:188} INFO - [2024-03-24T03:00:18.079+0000] {dag.py:3047} INFO - Sync 1 DAGs
[2024-03-24T03:00:18.090+0000] {logging_mixin.py:188} INFO - [2024-03-24T03:00:18.090+0000] {dag.py:3834} INFO - Setting next_dagrun for latest_only to 2024-03-23 20:00:00+00:00, run_after=2024-03-24 00:00:00+00:00
[2024-03-24T03:00:18.100+0000] {processor.py:183} INFO - Processing /home/airflow/.local/lib/python3.8/site-packages/airflow/example_dags/example_latest_only.py took 0.042 seconds
[2024-03-24T03:00:48.379+0000] {processor.py:161} INFO - Started process (PID=601) to work on /home/airflow/.local/lib/python3.8/site-packages/airflow/example_dags/example_latest_only.py
[2024-03-24T03:00:48.379+0000] {processor.py:830} INFO - Processing file /home/airflow/.local/lib/python3.8/site-packages/airflow/example_dags/example_latest_only.py for tasks to queue
[2024-03-24T03:00:48.381+0000] {logging_mixin.py:188} INFO - [2024-03-24T03:00:48.381+0000] {dagbag.py:540} INFO - Filling up the DagBag from /home/airflow/.local/lib/python3.8/site-packages/airflow/example_dags/example_latest_only.py
[2024-03-24T03:00:48.384+0000] {processor.py:840} INFO - DAG(s) 'latest_only' retrieved from /home/airflow/.local/lib/python3.8/site-packages/airflow/example_dags/example_latest_only.py
[2024-03-24T03:00:48.399+0000] {logging_mixin.py:188} INFO - [2024-03-24T03:00:48.399+0000] {dag.py:3047} INFO - Sync 1 DAGs
[2024-03-24T03:00:48.416+0000] {logging_mixin.py:188} INFO - [2024-03-24T03:00:48.416+0000] {dag.py:3834} INFO - Setting next_dagrun for latest_only to 2024-03-23 20:00:00+00:00, run_after=2024-03-24 00:00:00+00:00
[2024-03-24T03:00:48.429+0000] {processor.py:183} INFO - Processing /home/airflow/.local/lib/python3.8/site-packages/airflow/example_dags/example_latest_only.py took 0.053 seconds
[2024-03-24T03:01:19.446+0000] {processor.py:161} INFO - Started process (PID=656) to work on /home/airflow/.local/lib/python3.8/site-packages/airflow/example_dags/example_latest_only.py
[2024-03-24T03:01:19.448+0000] {processor.py:830} INFO - Processing file /home/airflow/.local/lib/python3.8/site-packages/airflow/example_dags/example_latest_only.py for tasks to queue
[2024-03-24T03:01:19.453+0000] {logging_mixin.py:188} INFO - [2024-03-24T03:01:19.453+0000] {dagbag.py:540} INFO - Filling up the DagBag from /home/airflow/.local/lib/python3.8/site-packages/airflow/example_dags/example_latest_only.py
[2024-03-24T03:01:19.461+0000] {processor.py:840} INFO - DAG(s) 'latest_only' retrieved from /home/airflow/.local/lib/python3.8/site-packages/airflow/example_dags/example_latest_only.py
[2024-03-24T03:01:19.478+0000] {logging_mixin.py:188} INFO - [2024-03-24T03:01:19.478+0000] {dag.py:3047} INFO - Sync 1 DAGs
[2024-03-24T03:01:19.492+0000] {logging_mixin.py:188} INFO - [2024-03-24T03:01:19.492+0000] {dag.py:3834} INFO - Setting next_dagrun for latest_only to 2024-03-23 20:00:00+00:00, run_after=2024-03-24 00:00:00+00:00
[2024-03-24T03:01:19.504+0000] {processor.py:183} INFO - Processing /home/airflow/.local/lib/python3.8/site-packages/airflow/example_dags/example_latest_only.py took 0.061 seconds
[2024-03-24T03:01:50.328+0000] {processor.py:161} INFO - Started process (PID=711) to work on /home/airflow/.local/lib/python3.8/site-packages/airflow/example_dags/example_latest_only.py
[2024-03-24T03:01:50.329+0000] {processor.py:830} INFO - Processing file /home/airflow/.local/lib/python3.8/site-packages/airflow/example_dags/example_latest_only.py for tasks to queue
[2024-03-24T03:01:50.330+0000] {logging_mixin.py:188} INFO - [2024-03-24T03:01:50.330+0000] {dagbag.py:540} INFO - Filling up the DagBag from /home/airflow/.local/lib/python3.8/site-packages/airflow/example_dags/example_latest_only.py
[2024-03-24T03:01:50.334+0000] {processor.py:840} INFO - DAG(s) 'latest_only' retrieved from /home/airflow/.local/lib/python3.8/site-packages/airflow/example_dags/example_latest_only.py
[2024-03-24T03:01:50.348+0000] {logging_mixin.py:188} INFO - [2024-03-24T03:01:50.348+0000] {dag.py:3047} INFO - Sync 1 DAGs
[2024-03-24T03:01:50.359+0000] {logging_mixin.py:188} INFO - [2024-03-24T03:01:50.359+0000] {dag.py:3834} INFO - Setting next_dagrun for latest_only to 2024-03-23 20:00:00+00:00, run_after=2024-03-24 00:00:00+00:00
[2024-03-24T03:01:50.368+0000] {processor.py:183} INFO - Processing /home/airflow/.local/lib/python3.8/site-packages/airflow/example_dags/example_latest_only.py took 0.042 seconds
[2024-03-24T03:02:20.854+0000] {processor.py:161} INFO - Started process (PID=766) to work on /home/airflow/.local/lib/python3.8/site-packages/airflow/example_dags/example_latest_only.py
[2024-03-24T03:02:20.855+0000] {processor.py:830} INFO - Processing file /home/airflow/.local/lib/python3.8/site-packages/airflow/example_dags/example_latest_only.py for tasks to queue
[2024-03-24T03:02:20.857+0000] {logging_mixin.py:188} INFO - [2024-03-24T03:02:20.857+0000] {dagbag.py:540} INFO - Filling up the DagBag from /home/airflow/.local/lib/python3.8/site-packages/airflow/example_dags/example_latest_only.py
[2024-03-24T03:02:20.860+0000] {processor.py:840} INFO - DAG(s) 'latest_only' retrieved from /home/airflow/.local/lib/python3.8/site-packages/airflow/example_dags/example_latest_only.py
[2024-03-24T03:02:20.870+0000] {logging_mixin.py:188} INFO - [2024-03-24T03:02:20.870+0000] {dag.py:3047} INFO - Sync 1 DAGs
[2024-03-24T03:02:20.882+0000] {logging_mixin.py:188} INFO - [2024-03-24T03:02:20.882+0000] {dag.py:3834} INFO - Setting next_dagrun for latest_only to 2024-03-23 20:00:00+00:00, run_after=2024-03-24 00:00:00+00:00
[2024-03-24T03:02:20.893+0000] {processor.py:183} INFO - Processing /home/airflow/.local/lib/python3.8/site-packages/airflow/example_dags/example_latest_only.py took 0.041 seconds
[2024-03-24T03:02:51.070+0000] {processor.py:161} INFO - Started process (PID=821) to work on /home/airflow/.local/lib/python3.8/site-packages/airflow/example_dags/example_latest_only.py
[2024-03-24T03:02:51.071+0000] {processor.py:830} INFO - Processing file /home/airflow/.local/lib/python3.8/site-packages/airflow/example_dags/example_latest_only.py for tasks to queue
[2024-03-24T03:02:51.072+0000] {logging_mixin.py:188} INFO - [2024-03-24T03:02:51.072+0000] {dagbag.py:540} INFO - Filling up the DagBag from /home/airflow/.local/lib/python3.8/site-packages/airflow/example_dags/example_latest_only.py
[2024-03-24T03:02:51.075+0000] {processor.py:840} INFO - DAG(s) 'latest_only' retrieved from /home/airflow/.local/lib/python3.8/site-packages/airflow/example_dags/example_latest_only.py
[2024-03-24T03:02:51.086+0000] {logging_mixin.py:188} INFO - [2024-03-24T03:02:51.086+0000] {dag.py:3047} INFO - Sync 1 DAGs
[2024-03-24T03:02:51.097+0000] {logging_mixin.py:188} INFO - [2024-03-24T03:02:51.097+0000] {dag.py:3834} INFO - Setting next_dagrun for latest_only to 2024-03-23 20:00:00+00:00, run_after=2024-03-24 00:00:00+00:00
[2024-03-24T03:02:51.109+0000] {processor.py:183} INFO - Processing /home/airflow/.local/lib/python3.8/site-packages/airflow/example_dags/example_latest_only.py took 0.041 seconds
[2024-03-24T03:03:21.910+0000] {processor.py:161} INFO - Started process (PID=876) to work on /home/airflow/.local/lib/python3.8/site-packages/airflow/example_dags/example_latest_only.py
[2024-03-24T03:03:21.911+0000] {processor.py:830} INFO - Processing file /home/airflow/.local/lib/python3.8/site-packages/airflow/example_dags/example_latest_only.py for tasks to queue
[2024-03-24T03:03:21.912+0000] {logging_mixin.py:188} INFO - [2024-03-24T03:03:21.912+0000] {dagbag.py:540} INFO - Filling up the DagBag from /home/airflow/.local/lib/python3.8/site-packages/airflow/example_dags/example_latest_only.py
[2024-03-24T03:03:21.915+0000] {processor.py:840} INFO - DAG(s) 'latest_only' retrieved from /home/airflow/.local/lib/python3.8/site-packages/airflow/example_dags/example_latest_only.py
[2024-03-24T03:03:21.926+0000] {logging_mixin.py:188} INFO - [2024-03-24T03:03:21.926+0000] {dag.py:3047} INFO - Sync 1 DAGs
[2024-03-24T03:03:21.938+0000] {logging_mixin.py:188} INFO - [2024-03-24T03:03:21.938+0000] {dag.py:3834} INFO - Setting next_dagrun for latest_only to 2024-03-23 20:00:00+00:00, run_after=2024-03-24 00:00:00+00:00
[2024-03-24T03:03:21.949+0000] {processor.py:183} INFO - Processing /home/airflow/.local/lib/python3.8/site-packages/airflow/example_dags/example_latest_only.py took 0.042 seconds
[2024-03-24T03:03:52.183+0000] {processor.py:161} INFO - Started process (PID=931) to work on /home/airflow/.local/lib/python3.8/site-packages/airflow/example_dags/example_latest_only.py
[2024-03-24T03:03:52.184+0000] {processor.py:830} INFO - Processing file /home/airflow/.local/lib/python3.8/site-packages/airflow/example_dags/example_latest_only.py for tasks to queue
[2024-03-24T03:03:52.185+0000] {logging_mixin.py:188} INFO - [2024-03-24T03:03:52.185+0000] {dagbag.py:540} INFO - Filling up the DagBag from /home/airflow/.local/lib/python3.8/site-packages/airflow/example_dags/example_latest_only.py
[2024-03-24T03:03:52.188+0000] {processor.py:840} INFO - DAG(s) 'latest_only' retrieved from /home/airflow/.local/lib/python3.8/site-packages/airflow/example_dags/example_latest_only.py
[2024-03-24T03:03:52.202+0000] {logging_mixin.py:188} INFO - [2024-03-24T03:03:52.202+0000] {dag.py:3047} INFO - Sync 1 DAGs
[2024-03-24T03:03:52.215+0000] {logging_mixin.py:188} INFO - [2024-03-24T03:03:52.215+0000] {dag.py:3834} INFO - Setting next_dagrun for latest_only to 2024-03-23 20:00:00+00:00, run_after=2024-03-24 00:00:00+00:00
[2024-03-24T03:03:52.224+0000] {processor.py:183} INFO - Processing /home/airflow/.local/lib/python3.8/site-packages/airflow/example_dags/example_latest_only.py took 0.043 seconds
[2024-03-24T03:04:22.995+0000] {processor.py:161} INFO - Started process (PID=985) to work on /home/airflow/.local/lib/python3.8/site-packages/airflow/example_dags/example_latest_only.py
[2024-03-24T03:04:22.996+0000] {processor.py:830} INFO - Processing file /home/airflow/.local/lib/python3.8/site-packages/airflow/example_dags/example_latest_only.py for tasks to queue
[2024-03-24T03:04:22.997+0000] {logging_mixin.py:188} INFO - [2024-03-24T03:04:22.997+0000] {dagbag.py:540} INFO - Filling up the DagBag from /home/airflow/.local/lib/python3.8/site-packages/airflow/example_dags/example_latest_only.py
[2024-03-24T03:04:23.000+0000] {processor.py:840} INFO - DAG(s) 'latest_only' retrieved from /home/airflow/.local/lib/python3.8/site-packages/airflow/example_dags/example_latest_only.py
[2024-03-24T03:04:23.011+0000] {logging_mixin.py:188} INFO - [2024-03-24T03:04:23.011+0000] {dag.py:3047} INFO - Sync 1 DAGs
[2024-03-24T03:04:23.022+0000] {logging_mixin.py:188} INFO - [2024-03-24T03:04:23.022+0000] {dag.py:3834} INFO - Setting next_dagrun for latest_only to 2024-03-23 20:00:00+00:00, run_after=2024-03-24 00:00:00+00:00
[2024-03-24T03:04:23.031+0000] {processor.py:183} INFO - Processing /home/airflow/.local/lib/python3.8/site-packages/airflow/example_dags/example_latest_only.py took 0.039 seconds
[2024-03-24T03:04:53.290+0000] {processor.py:161} INFO - Started process (PID=1039) to work on /home/airflow/.local/lib/python3.8/site-packages/airflow/example_dags/example_latest_only.py
[2024-03-24T03:04:53.291+0000] {processor.py:830} INFO - Processing file /home/airflow/.local/lib/python3.8/site-packages/airflow/example_dags/example_latest_only.py for tasks to queue
[2024-03-24T03:04:53.292+0000] {logging_mixin.py:188} INFO - [2024-03-24T03:04:53.292+0000] {dagbag.py:540} INFO - Filling up the DagBag from /home/airflow/.local/lib/python3.8/site-packages/airflow/example_dags/example_latest_only.py
[2024-03-24T03:04:53.295+0000] {processor.py:840} INFO - DAG(s) 'latest_only' retrieved from /home/airflow/.local/lib/python3.8/site-packages/airflow/example_dags/example_latest_only.py
[2024-03-24T03:04:53.306+0000] {logging_mixin.py:188} INFO - [2024-03-24T03:04:53.306+0000] {dag.py:3047} INFO - Sync 1 DAGs
[2024-03-24T03:04:53.317+0000] {logging_mixin.py:188} INFO - [2024-03-24T03:04:53.317+0000] {dag.py:3834} INFO - Setting next_dagrun for latest_only to 2024-03-23 20:00:00+00:00, run_after=2024-03-24 00:00:00+00:00
[2024-03-24T03:04:53.326+0000] {processor.py:183} INFO - Processing /home/airflow/.local/lib/python3.8/site-packages/airflow/example_dags/example_latest_only.py took 0.037 seconds
[2024-03-24T03:05:23.757+0000] {processor.py:161} INFO - Started process (PID=1095) to work on /home/airflow/.local/lib/python3.8/site-packages/airflow/example_dags/example_latest_only.py
[2024-03-24T03:05:23.758+0000] {processor.py:830} INFO - Processing file /home/airflow/.local/lib/python3.8/site-packages/airflow/example_dags/example_latest_only.py for tasks to queue
[2024-03-24T03:05:23.759+0000] {logging_mixin.py:188} INFO - [2024-03-24T03:05:23.759+0000] {dagbag.py:540} INFO - Filling up the DagBag from /home/airflow/.local/lib/python3.8/site-packages/airflow/example_dags/example_latest_only.py
[2024-03-24T03:05:23.762+0000] {processor.py:840} INFO - DAG(s) 'latest_only' retrieved from /home/airflow/.local/lib/python3.8/site-packages/airflow/example_dags/example_latest_only.py
[2024-03-24T03:05:23.774+0000] {logging_mixin.py:188} INFO - [2024-03-24T03:05:23.773+0000] {dag.py:3047} INFO - Sync 1 DAGs
[2024-03-24T03:05:23.785+0000] {logging_mixin.py:188} INFO - [2024-03-24T03:05:23.784+0000] {dag.py:3834} INFO - Setting next_dagrun for latest_only to 2024-03-23 20:00:00+00:00, run_after=2024-03-24 00:00:00+00:00
[2024-03-24T03:05:23.793+0000] {processor.py:183} INFO - Processing /home/airflow/.local/lib/python3.8/site-packages/airflow/example_dags/example_latest_only.py took 0.038 seconds
[2024-03-24T03:05:54.396+0000] {processor.py:161} INFO - Started process (PID=1149) to work on /home/airflow/.local/lib/python3.8/site-packages/airflow/example_dags/example_latest_only.py
[2024-03-24T03:05:54.398+0000] {processor.py:830} INFO - Processing file /home/airflow/.local/lib/python3.8/site-packages/airflow/example_dags/example_latest_only.py for tasks to queue
[2024-03-24T03:05:54.400+0000] {logging_mixin.py:188} INFO - [2024-03-24T03:05:54.400+0000] {dagbag.py:540} INFO - Filling up the DagBag from /home/airflow/.local/lib/python3.8/site-packages/airflow/example_dags/example_latest_only.py
[2024-03-24T03:05:54.403+0000] {processor.py:840} INFO - DAG(s) 'latest_only' retrieved from /home/airflow/.local/lib/python3.8/site-packages/airflow/example_dags/example_latest_only.py
[2024-03-24T03:05:54.415+0000] {logging_mixin.py:188} INFO - [2024-03-24T03:05:54.415+0000] {dag.py:3047} INFO - Sync 1 DAGs
[2024-03-24T03:05:54.427+0000] {logging_mixin.py:188} INFO - [2024-03-24T03:05:54.427+0000] {dag.py:3834} INFO - Setting next_dagrun for latest_only to 2024-03-23 20:00:00+00:00, run_after=2024-03-24 00:00:00+00:00
[2024-03-24T03:05:54.435+0000] {processor.py:183} INFO - Processing /home/airflow/.local/lib/python3.8/site-packages/airflow/example_dags/example_latest_only.py took 0.041 seconds
