[2024-03-24T02:55:43.480+0000] {processor.py:161} INFO - Started process (PID=47) to work on /home/airflow/.local/lib/python3.8/site-packages/airflow/example_dags/example_sensor_decorator.py
[2024-03-24T02:55:43.483+0000] {processor.py:830} INFO - Processing file /home/airflow/.local/lib/python3.8/site-packages/airflow/example_dags/example_sensor_decorator.py for tasks to queue
[2024-03-24T02:55:43.489+0000] {logging_mixin.py:188} INFO - [2024-03-24T02:55:43.488+0000] {dagbag.py:540} INFO - Filling up the DagBag from /home/airflow/.local/lib/python3.8/site-packages/airflow/example_dags/example_sensor_decorator.py
[2024-03-24T02:55:43.504+0000] {processor.py:840} INFO - DAG(s) 'example_sensor_decorator' retrieved from /home/airflow/.local/lib/python3.8/site-packages/airflow/example_dags/example_sensor_decorator.py
[2024-03-24T02:55:43.522+0000] {logging_mixin.py:188} INFO - [2024-03-24T02:55:43.522+0000] {dag.py:3047} INFO - Sync 1 DAGs
[2024-03-24T02:55:43.543+0000] {logging_mixin.py:188} INFO - [2024-03-24T02:55:43.543+0000] {dag.py:3834} INFO - Setting next_dagrun for example_sensor_decorator to None, run_after=None
[2024-03-24T02:55:43.579+0000] {processor.py:183} INFO - Processing /home/airflow/.local/lib/python3.8/site-packages/airflow/example_dags/example_sensor_decorator.py took 0.102 seconds
[2024-03-24T02:56:13.882+0000] {processor.py:161} INFO - Started process (PID=101) to work on /home/airflow/.local/lib/python3.8/site-packages/airflow/example_dags/example_sensor_decorator.py
[2024-03-24T02:56:13.883+0000] {processor.py:830} INFO - Processing file /home/airflow/.local/lib/python3.8/site-packages/airflow/example_dags/example_sensor_decorator.py for tasks to queue
[2024-03-24T02:56:13.884+0000] {logging_mixin.py:188} INFO - [2024-03-24T02:56:13.883+0000] {dagbag.py:540} INFO - Filling up the DagBag from /home/airflow/.local/lib/python3.8/site-packages/airflow/example_dags/example_sensor_decorator.py
[2024-03-24T02:56:13.887+0000] {processor.py:840} INFO - DAG(s) 'example_sensor_decorator' retrieved from /home/airflow/.local/lib/python3.8/site-packages/airflow/example_dags/example_sensor_decorator.py
[2024-03-24T02:56:13.934+0000] {logging_mixin.py:188} INFO - [2024-03-24T02:56:13.934+0000] {dag.py:3047} INFO - Sync 1 DAGs
[2024-03-24T02:56:13.939+0000] {logging_mixin.py:188} INFO - [2024-03-24T02:56:13.939+0000] {dag.py:3834} INFO - Setting next_dagrun for example_sensor_decorator to None, run_after=None
[2024-03-24T02:56:13.948+0000] {processor.py:183} INFO - Processing /home/airflow/.local/lib/python3.8/site-packages/airflow/example_dags/example_sensor_decorator.py took 0.068 seconds
[2024-03-24T02:56:44.254+0000] {processor.py:161} INFO - Started process (PID=156) to work on /home/airflow/.local/lib/python3.8/site-packages/airflow/example_dags/example_sensor_decorator.py
[2024-03-24T02:56:44.255+0000] {processor.py:830} INFO - Processing file /home/airflow/.local/lib/python3.8/site-packages/airflow/example_dags/example_sensor_decorator.py for tasks to queue
[2024-03-24T02:56:44.256+0000] {logging_mixin.py:188} INFO - [2024-03-24T02:56:44.256+0000] {dagbag.py:540} INFO - Filling up the DagBag from /home/airflow/.local/lib/python3.8/site-packages/airflow/example_dags/example_sensor_decorator.py
[2024-03-24T02:56:44.265+0000] {processor.py:840} INFO - DAG(s) 'example_sensor_decorator' retrieved from /home/airflow/.local/lib/python3.8/site-packages/airflow/example_dags/example_sensor_decorator.py
[2024-03-24T02:56:44.277+0000] {logging_mixin.py:188} INFO - [2024-03-24T02:56:44.277+0000] {dag.py:3047} INFO - Sync 1 DAGs
[2024-03-24T02:56:44.284+0000] {logging_mixin.py:188} INFO - [2024-03-24T02:56:44.284+0000] {dag.py:3834} INFO - Setting next_dagrun for example_sensor_decorator to None, run_after=None
[2024-03-24T02:56:44.294+0000] {processor.py:183} INFO - Processing /home/airflow/.local/lib/python3.8/site-packages/airflow/example_dags/example_sensor_decorator.py took 0.042 seconds
[2024-03-24T02:57:14.974+0000] {processor.py:161} INFO - Started process (PID=211) to work on /home/airflow/.local/lib/python3.8/site-packages/airflow/example_dags/example_sensor_decorator.py
[2024-03-24T02:57:14.974+0000] {processor.py:830} INFO - Processing file /home/airflow/.local/lib/python3.8/site-packages/airflow/example_dags/example_sensor_decorator.py for tasks to queue
[2024-03-24T02:57:14.976+0000] {logging_mixin.py:188} INFO - [2024-03-24T02:57:14.976+0000] {dagbag.py:540} INFO - Filling up the DagBag from /home/airflow/.local/lib/python3.8/site-packages/airflow/example_dags/example_sensor_decorator.py
[2024-03-24T02:57:14.979+0000] {processor.py:840} INFO - DAG(s) 'example_sensor_decorator' retrieved from /home/airflow/.local/lib/python3.8/site-packages/airflow/example_dags/example_sensor_decorator.py
[2024-03-24T02:57:14.989+0000] {logging_mixin.py:188} INFO - [2024-03-24T02:57:14.989+0000] {dag.py:3047} INFO - Sync 1 DAGs
[2024-03-24T02:57:14.994+0000] {logging_mixin.py:188} INFO - [2024-03-24T02:57:14.994+0000] {dag.py:3834} INFO - Setting next_dagrun for example_sensor_decorator to None, run_after=None
[2024-03-24T02:57:15.003+0000] {processor.py:183} INFO - Processing /home/airflow/.local/lib/python3.8/site-packages/airflow/example_dags/example_sensor_decorator.py took 0.031 seconds
[2024-03-24T02:57:45.890+0000] {processor.py:161} INFO - Started process (PID=266) to work on /home/airflow/.local/lib/python3.8/site-packages/airflow/example_dags/example_sensor_decorator.py
[2024-03-24T02:57:45.891+0000] {processor.py:830} INFO - Processing file /home/airflow/.local/lib/python3.8/site-packages/airflow/example_dags/example_sensor_decorator.py for tasks to queue
[2024-03-24T02:57:45.895+0000] {logging_mixin.py:188} INFO - [2024-03-24T02:57:45.895+0000] {dagbag.py:540} INFO - Filling up the DagBag from /home/airflow/.local/lib/python3.8/site-packages/airflow/example_dags/example_sensor_decorator.py
[2024-03-24T02:57:45.899+0000] {processor.py:840} INFO - DAG(s) 'example_sensor_decorator' retrieved from /home/airflow/.local/lib/python3.8/site-packages/airflow/example_dags/example_sensor_decorator.py
[2024-03-24T02:57:45.909+0000] {logging_mixin.py:188} INFO - [2024-03-24T02:57:45.909+0000] {dag.py:3047} INFO - Sync 1 DAGs
[2024-03-24T02:57:45.915+0000] {logging_mixin.py:188} INFO - [2024-03-24T02:57:45.915+0000] {dag.py:3834} INFO - Setting next_dagrun for example_sensor_decorator to None, run_after=None
[2024-03-24T02:57:45.923+0000] {processor.py:183} INFO - Processing /home/airflow/.local/lib/python3.8/site-packages/airflow/example_dags/example_sensor_decorator.py took 0.035 seconds
[2024-03-24T02:58:16.469+0000] {processor.py:161} INFO - Started process (PID=321) to work on /home/airflow/.local/lib/python3.8/site-packages/airflow/example_dags/example_sensor_decorator.py
[2024-03-24T02:58:16.470+0000] {processor.py:830} INFO - Processing file /home/airflow/.local/lib/python3.8/site-packages/airflow/example_dags/example_sensor_decorator.py for tasks to queue
[2024-03-24T02:58:16.471+0000] {logging_mixin.py:188} INFO - [2024-03-24T02:58:16.470+0000] {dagbag.py:540} INFO - Filling up the DagBag from /home/airflow/.local/lib/python3.8/site-packages/airflow/example_dags/example_sensor_decorator.py
[2024-03-24T02:58:16.475+0000] {processor.py:840} INFO - DAG(s) 'example_sensor_decorator' retrieved from /home/airflow/.local/lib/python3.8/site-packages/airflow/example_dags/example_sensor_decorator.py
[2024-03-24T02:58:16.483+0000] {logging_mixin.py:188} INFO - [2024-03-24T02:58:16.483+0000] {dag.py:3047} INFO - Sync 1 DAGs
[2024-03-24T02:58:16.490+0000] {logging_mixin.py:188} INFO - [2024-03-24T02:58:16.490+0000] {dag.py:3834} INFO - Setting next_dagrun for example_sensor_decorator to None, run_after=None
[2024-03-24T02:58:16.502+0000] {processor.py:183} INFO - Processing /home/airflow/.local/lib/python3.8/site-packages/airflow/example_dags/example_sensor_decorator.py took 0.036 seconds
[2024-03-24T02:58:47.181+0000] {processor.py:161} INFO - Started process (PID=376) to work on /home/airflow/.local/lib/python3.8/site-packages/airflow/example_dags/example_sensor_decorator.py
[2024-03-24T02:58:47.182+0000] {processor.py:830} INFO - Processing file /home/airflow/.local/lib/python3.8/site-packages/airflow/example_dags/example_sensor_decorator.py for tasks to queue
[2024-03-24T02:58:47.183+0000] {logging_mixin.py:188} INFO - [2024-03-24T02:58:47.183+0000] {dagbag.py:540} INFO - Filling up the DagBag from /home/airflow/.local/lib/python3.8/site-packages/airflow/example_dags/example_sensor_decorator.py
[2024-03-24T02:58:47.187+0000] {processor.py:840} INFO - DAG(s) 'example_sensor_decorator' retrieved from /home/airflow/.local/lib/python3.8/site-packages/airflow/example_dags/example_sensor_decorator.py
[2024-03-24T02:58:47.233+0000] {logging_mixin.py:188} INFO - [2024-03-24T02:58:47.233+0000] {dag.py:3047} INFO - Sync 1 DAGs
[2024-03-24T02:58:47.238+0000] {logging_mixin.py:188} INFO - [2024-03-24T02:58:47.238+0000] {dag.py:3834} INFO - Setting next_dagrun for example_sensor_decorator to None, run_after=None
[2024-03-24T02:58:47.247+0000] {processor.py:183} INFO - Processing /home/airflow/.local/lib/python3.8/site-packages/airflow/example_dags/example_sensor_decorator.py took 0.068 seconds
[2024-03-24T02:59:17.652+0000] {processor.py:161} INFO - Started process (PID=431) to work on /home/airflow/.local/lib/python3.8/site-packages/airflow/example_dags/example_sensor_decorator.py
[2024-03-24T02:59:17.653+0000] {processor.py:830} INFO - Processing file /home/airflow/.local/lib/python3.8/site-packages/airflow/example_dags/example_sensor_decorator.py for tasks to queue
[2024-03-24T02:59:17.654+0000] {logging_mixin.py:188} INFO - [2024-03-24T02:59:17.654+0000] {dagbag.py:540} INFO - Filling up the DagBag from /home/airflow/.local/lib/python3.8/site-packages/airflow/example_dags/example_sensor_decorator.py
[2024-03-24T02:59:17.657+0000] {processor.py:840} INFO - DAG(s) 'example_sensor_decorator' retrieved from /home/airflow/.local/lib/python3.8/site-packages/airflow/example_dags/example_sensor_decorator.py
[2024-03-24T02:59:17.667+0000] {logging_mixin.py:188} INFO - [2024-03-24T02:59:17.667+0000] {dag.py:3047} INFO - Sync 1 DAGs
[2024-03-24T02:59:17.674+0000] {logging_mixin.py:188} INFO - [2024-03-24T02:59:17.673+0000] {dag.py:3834} INFO - Setting next_dagrun for example_sensor_decorator to None, run_after=None
[2024-03-24T02:59:17.682+0000] {processor.py:183} INFO - Processing /home/airflow/.local/lib/python3.8/site-packages/airflow/example_dags/example_sensor_decorator.py took 0.032 seconds
[2024-03-24T02:59:47.792+0000] {processor.py:161} INFO - Started process (PID=486) to work on /home/airflow/.local/lib/python3.8/site-packages/airflow/example_dags/example_sensor_decorator.py
[2024-03-24T02:59:47.793+0000] {processor.py:830} INFO - Processing file /home/airflow/.local/lib/python3.8/site-packages/airflow/example_dags/example_sensor_decorator.py for tasks to queue
[2024-03-24T02:59:47.794+0000] {logging_mixin.py:188} INFO - [2024-03-24T02:59:47.794+0000] {dagbag.py:540} INFO - Filling up the DagBag from /home/airflow/.local/lib/python3.8/site-packages/airflow/example_dags/example_sensor_decorator.py
[2024-03-24T02:59:47.798+0000] {processor.py:840} INFO - DAG(s) 'example_sensor_decorator' retrieved from /home/airflow/.local/lib/python3.8/site-packages/airflow/example_dags/example_sensor_decorator.py
[2024-03-24T02:59:47.809+0000] {logging_mixin.py:188} INFO - [2024-03-24T02:59:47.808+0000] {dag.py:3047} INFO - Sync 1 DAGs
[2024-03-24T02:59:47.816+0000] {logging_mixin.py:188} INFO - [2024-03-24T02:59:47.815+0000] {dag.py:3834} INFO - Setting next_dagrun for example_sensor_decorator to None, run_after=None
[2024-03-24T02:59:47.824+0000] {processor.py:183} INFO - Processing /home/airflow/.local/lib/python3.8/site-packages/airflow/example_dags/example_sensor_decorator.py took 0.034 seconds
[2024-03-24T03:00:17.868+0000] {processor.py:161} INFO - Started process (PID=541) to work on /home/airflow/.local/lib/python3.8/site-packages/airflow/example_dags/example_sensor_decorator.py
[2024-03-24T03:00:17.868+0000] {processor.py:830} INFO - Processing file /home/airflow/.local/lib/python3.8/site-packages/airflow/example_dags/example_sensor_decorator.py for tasks to queue
[2024-03-24T03:00:17.869+0000] {logging_mixin.py:188} INFO - [2024-03-24T03:00:17.869+0000] {dagbag.py:540} INFO - Filling up the DagBag from /home/airflow/.local/lib/python3.8/site-packages/airflow/example_dags/example_sensor_decorator.py
[2024-03-24T03:00:17.873+0000] {processor.py:840} INFO - DAG(s) 'example_sensor_decorator' retrieved from /home/airflow/.local/lib/python3.8/site-packages/airflow/example_dags/example_sensor_decorator.py
[2024-03-24T03:00:17.883+0000] {logging_mixin.py:188} INFO - [2024-03-24T03:00:17.883+0000] {dag.py:3047} INFO - Sync 1 DAGs
[2024-03-24T03:00:17.889+0000] {logging_mixin.py:188} INFO - [2024-03-24T03:00:17.889+0000] {dag.py:3834} INFO - Setting next_dagrun for example_sensor_decorator to None, run_after=None
[2024-03-24T03:00:17.899+0000] {processor.py:183} INFO - Processing /home/airflow/.local/lib/python3.8/site-packages/airflow/example_dags/example_sensor_decorator.py took 0.033 seconds
[2024-03-24T03:00:48.217+0000] {processor.py:161} INFO - Started process (PID=596) to work on /home/airflow/.local/lib/python3.8/site-packages/airflow/example_dags/example_sensor_decorator.py
[2024-03-24T03:00:48.218+0000] {processor.py:830} INFO - Processing file /home/airflow/.local/lib/python3.8/site-packages/airflow/example_dags/example_sensor_decorator.py for tasks to queue
[2024-03-24T03:00:48.220+0000] {logging_mixin.py:188} INFO - [2024-03-24T03:00:48.219+0000] {dagbag.py:540} INFO - Filling up the DagBag from /home/airflow/.local/lib/python3.8/site-packages/airflow/example_dags/example_sensor_decorator.py
[2024-03-24T03:00:48.224+0000] {processor.py:840} INFO - DAG(s) 'example_sensor_decorator' retrieved from /home/airflow/.local/lib/python3.8/site-packages/airflow/example_dags/example_sensor_decorator.py
[2024-03-24T03:00:48.242+0000] {logging_mixin.py:188} INFO - [2024-03-24T03:00:48.242+0000] {dag.py:3047} INFO - Sync 1 DAGs
[2024-03-24T03:00:48.251+0000] {logging_mixin.py:188} INFO - [2024-03-24T03:00:48.251+0000] {dag.py:3834} INFO - Setting next_dagrun for example_sensor_decorator to None, run_after=None
[2024-03-24T03:00:48.262+0000] {processor.py:183} INFO - Processing /home/airflow/.local/lib/python3.8/site-packages/airflow/example_dags/example_sensor_decorator.py took 0.047 seconds
[2024-03-24T03:01:19.087+0000] {processor.py:161} INFO - Started process (PID=651) to work on /home/airflow/.local/lib/python3.8/site-packages/airflow/example_dags/example_sensor_decorator.py
[2024-03-24T03:01:19.088+0000] {processor.py:830} INFO - Processing file /home/airflow/.local/lib/python3.8/site-packages/airflow/example_dags/example_sensor_decorator.py for tasks to queue
[2024-03-24T03:01:19.090+0000] {logging_mixin.py:188} INFO - [2024-03-24T03:01:19.090+0000] {dagbag.py:540} INFO - Filling up the DagBag from /home/airflow/.local/lib/python3.8/site-packages/airflow/example_dags/example_sensor_decorator.py
[2024-03-24T03:01:19.095+0000] {processor.py:840} INFO - DAG(s) 'example_sensor_decorator' retrieved from /home/airflow/.local/lib/python3.8/site-packages/airflow/example_dags/example_sensor_decorator.py
[2024-03-24T03:01:19.139+0000] {logging_mixin.py:188} INFO - [2024-03-24T03:01:19.139+0000] {dag.py:3047} INFO - Sync 1 DAGs
[2024-03-24T03:01:19.175+0000] {logging_mixin.py:188} INFO - [2024-03-24T03:01:19.174+0000] {dag.py:3834} INFO - Setting next_dagrun for example_sensor_decorator to None, run_after=None
[2024-03-24T03:01:19.235+0000] {processor.py:183} INFO - Processing /home/airflow/.local/lib/python3.8/site-packages/airflow/example_dags/example_sensor_decorator.py took 0.153 seconds
[2024-03-24T03:01:50.142+0000] {processor.py:161} INFO - Started process (PID=706) to work on /home/airflow/.local/lib/python3.8/site-packages/airflow/example_dags/example_sensor_decorator.py
[2024-03-24T03:01:50.144+0000] {processor.py:830} INFO - Processing file /home/airflow/.local/lib/python3.8/site-packages/airflow/example_dags/example_sensor_decorator.py for tasks to queue
[2024-03-24T03:01:50.147+0000] {logging_mixin.py:188} INFO - [2024-03-24T03:01:50.146+0000] {dagbag.py:540} INFO - Filling up the DagBag from /home/airflow/.local/lib/python3.8/site-packages/airflow/example_dags/example_sensor_decorator.py
[2024-03-24T03:01:50.157+0000] {processor.py:840} INFO - DAG(s) 'example_sensor_decorator' retrieved from /home/airflow/.local/lib/python3.8/site-packages/airflow/example_dags/example_sensor_decorator.py
[2024-03-24T03:01:50.178+0000] {logging_mixin.py:188} INFO - [2024-03-24T03:01:50.178+0000] {dag.py:3047} INFO - Sync 1 DAGs
[2024-03-24T03:01:50.190+0000] {logging_mixin.py:188} INFO - [2024-03-24T03:01:50.190+0000] {dag.py:3834} INFO - Setting next_dagrun for example_sensor_decorator to None, run_after=None
[2024-03-24T03:01:50.201+0000] {processor.py:183} INFO - Processing /home/airflow/.local/lib/python3.8/site-packages/airflow/example_dags/example_sensor_decorator.py took 0.066 seconds
[2024-03-24T03:02:20.672+0000] {processor.py:161} INFO - Started process (PID=761) to work on /home/airflow/.local/lib/python3.8/site-packages/airflow/example_dags/example_sensor_decorator.py
[2024-03-24T03:02:20.675+0000] {processor.py:830} INFO - Processing file /home/airflow/.local/lib/python3.8/site-packages/airflow/example_dags/example_sensor_decorator.py for tasks to queue
[2024-03-24T03:02:20.677+0000] {logging_mixin.py:188} INFO - [2024-03-24T03:02:20.677+0000] {dagbag.py:540} INFO - Filling up the DagBag from /home/airflow/.local/lib/python3.8/site-packages/airflow/example_dags/example_sensor_decorator.py
[2024-03-24T03:02:20.685+0000] {processor.py:840} INFO - DAG(s) 'example_sensor_decorator' retrieved from /home/airflow/.local/lib/python3.8/site-packages/airflow/example_dags/example_sensor_decorator.py
[2024-03-24T03:02:20.700+0000] {logging_mixin.py:188} INFO - [2024-03-24T03:02:20.700+0000] {dag.py:3047} INFO - Sync 1 DAGs
[2024-03-24T03:02:20.708+0000] {logging_mixin.py:188} INFO - [2024-03-24T03:02:20.707+0000] {dag.py:3834} INFO - Setting next_dagrun for example_sensor_decorator to None, run_after=None
[2024-03-24T03:02:20.717+0000] {processor.py:183} INFO - Processing /home/airflow/.local/lib/python3.8/site-packages/airflow/example_dags/example_sensor_decorator.py took 0.049 seconds
[2024-03-24T03:02:50.910+0000] {processor.py:161} INFO - Started process (PID=816) to work on /home/airflow/.local/lib/python3.8/site-packages/airflow/example_dags/example_sensor_decorator.py
[2024-03-24T03:02:50.911+0000] {processor.py:830} INFO - Processing file /home/airflow/.local/lib/python3.8/site-packages/airflow/example_dags/example_sensor_decorator.py for tasks to queue
[2024-03-24T03:02:50.913+0000] {logging_mixin.py:188} INFO - [2024-03-24T03:02:50.913+0000] {dagbag.py:540} INFO - Filling up the DagBag from /home/airflow/.local/lib/python3.8/site-packages/airflow/example_dags/example_sensor_decorator.py
[2024-03-24T03:02:50.918+0000] {processor.py:840} INFO - DAG(s) 'example_sensor_decorator' retrieved from /home/airflow/.local/lib/python3.8/site-packages/airflow/example_dags/example_sensor_decorator.py
[2024-03-24T03:02:50.932+0000] {logging_mixin.py:188} INFO - [2024-03-24T03:02:50.932+0000] {dag.py:3047} INFO - Sync 1 DAGs
[2024-03-24T03:02:50.939+0000] {logging_mixin.py:188} INFO - [2024-03-24T03:02:50.939+0000] {dag.py:3834} INFO - Setting next_dagrun for example_sensor_decorator to None, run_after=None
[2024-03-24T03:02:50.948+0000] {processor.py:183} INFO - Processing /home/airflow/.local/lib/python3.8/site-packages/airflow/example_dags/example_sensor_decorator.py took 0.041 seconds
[2024-03-24T03:03:21.733+0000] {processor.py:161} INFO - Started process (PID=871) to work on /home/airflow/.local/lib/python3.8/site-packages/airflow/example_dags/example_sensor_decorator.py
[2024-03-24T03:03:21.734+0000] {processor.py:830} INFO - Processing file /home/airflow/.local/lib/python3.8/site-packages/airflow/example_dags/example_sensor_decorator.py for tasks to queue
[2024-03-24T03:03:21.738+0000] {logging_mixin.py:188} INFO - [2024-03-24T03:03:21.737+0000] {dagbag.py:540} INFO - Filling up the DagBag from /home/airflow/.local/lib/python3.8/site-packages/airflow/example_dags/example_sensor_decorator.py
[2024-03-24T03:03:21.747+0000] {processor.py:840} INFO - DAG(s) 'example_sensor_decorator' retrieved from /home/airflow/.local/lib/python3.8/site-packages/airflow/example_dags/example_sensor_decorator.py
[2024-03-24T03:03:21.763+0000] {logging_mixin.py:188} INFO - [2024-03-24T03:03:21.763+0000] {dag.py:3047} INFO - Sync 1 DAGs
[2024-03-24T03:03:21.772+0000] {logging_mixin.py:188} INFO - [2024-03-24T03:03:21.772+0000] {dag.py:3834} INFO - Setting next_dagrun for example_sensor_decorator to None, run_after=None
[2024-03-24T03:03:21.783+0000] {processor.py:183} INFO - Processing /home/airflow/.local/lib/python3.8/site-packages/airflow/example_dags/example_sensor_decorator.py took 0.055 seconds
[2024-03-24T03:03:52.006+0000] {processor.py:161} INFO - Started process (PID=926) to work on /home/airflow/.local/lib/python3.8/site-packages/airflow/example_dags/example_sensor_decorator.py
[2024-03-24T03:03:52.007+0000] {processor.py:830} INFO - Processing file /home/airflow/.local/lib/python3.8/site-packages/airflow/example_dags/example_sensor_decorator.py for tasks to queue
[2024-03-24T03:03:52.009+0000] {logging_mixin.py:188} INFO - [2024-03-24T03:03:52.009+0000] {dagbag.py:540} INFO - Filling up the DagBag from /home/airflow/.local/lib/python3.8/site-packages/airflow/example_dags/example_sensor_decorator.py
[2024-03-24T03:03:52.016+0000] {processor.py:840} INFO - DAG(s) 'example_sensor_decorator' retrieved from /home/airflow/.local/lib/python3.8/site-packages/airflow/example_dags/example_sensor_decorator.py
[2024-03-24T03:03:52.034+0000] {logging_mixin.py:188} INFO - [2024-03-24T03:03:52.034+0000] {dag.py:3047} INFO - Sync 1 DAGs
[2024-03-24T03:03:52.043+0000] {logging_mixin.py:188} INFO - [2024-03-24T03:03:52.043+0000] {dag.py:3834} INFO - Setting next_dagrun for example_sensor_decorator to None, run_after=None
[2024-03-24T03:03:52.055+0000] {processor.py:183} INFO - Processing /home/airflow/.local/lib/python3.8/site-packages/airflow/example_dags/example_sensor_decorator.py took 0.052 seconds
[2024-03-24T03:04:22.819+0000] {processor.py:161} INFO - Started process (PID=980) to work on /home/airflow/.local/lib/python3.8/site-packages/airflow/example_dags/example_sensor_decorator.py
[2024-03-24T03:04:22.820+0000] {processor.py:830} INFO - Processing file /home/airflow/.local/lib/python3.8/site-packages/airflow/example_dags/example_sensor_decorator.py for tasks to queue
[2024-03-24T03:04:22.822+0000] {logging_mixin.py:188} INFO - [2024-03-24T03:04:22.822+0000] {dagbag.py:540} INFO - Filling up the DagBag from /home/airflow/.local/lib/python3.8/site-packages/airflow/example_dags/example_sensor_decorator.py
[2024-03-24T03:04:22.829+0000] {processor.py:840} INFO - DAG(s) 'example_sensor_decorator' retrieved from /home/airflow/.local/lib/python3.8/site-packages/airflow/example_dags/example_sensor_decorator.py
[2024-03-24T03:04:22.846+0000] {logging_mixin.py:188} INFO - [2024-03-24T03:04:22.845+0000] {dag.py:3047} INFO - Sync 1 DAGs
[2024-03-24T03:04:22.855+0000] {logging_mixin.py:188} INFO - [2024-03-24T03:04:22.854+0000] {dag.py:3834} INFO - Setting next_dagrun for example_sensor_decorator to None, run_after=None
[2024-03-24T03:04:22.869+0000] {processor.py:183} INFO - Processing /home/airflow/.local/lib/python3.8/site-packages/airflow/example_dags/example_sensor_decorator.py took 0.054 seconds
[2024-03-24T03:04:53.138+0000] {processor.py:161} INFO - Started process (PID=1034) to work on /home/airflow/.local/lib/python3.8/site-packages/airflow/example_dags/example_sensor_decorator.py
[2024-03-24T03:04:53.139+0000] {processor.py:830} INFO - Processing file /home/airflow/.local/lib/python3.8/site-packages/airflow/example_dags/example_sensor_decorator.py for tasks to queue
[2024-03-24T03:04:53.141+0000] {logging_mixin.py:188} INFO - [2024-03-24T03:04:53.141+0000] {dagbag.py:540} INFO - Filling up the DagBag from /home/airflow/.local/lib/python3.8/site-packages/airflow/example_dags/example_sensor_decorator.py
[2024-03-24T03:04:53.148+0000] {processor.py:840} INFO - DAG(s) 'example_sensor_decorator' retrieved from /home/airflow/.local/lib/python3.8/site-packages/airflow/example_dags/example_sensor_decorator.py
[2024-03-24T03:04:53.165+0000] {logging_mixin.py:188} INFO - [2024-03-24T03:04:53.165+0000] {dag.py:3047} INFO - Sync 1 DAGs
[2024-03-24T03:04:53.172+0000] {logging_mixin.py:188} INFO - [2024-03-24T03:04:53.172+0000] {dag.py:3834} INFO - Setting next_dagrun for example_sensor_decorator to None, run_after=None
[2024-03-24T03:04:53.182+0000] {processor.py:183} INFO - Processing /home/airflow/.local/lib/python3.8/site-packages/airflow/example_dags/example_sensor_decorator.py took 0.048 seconds
[2024-03-24T03:05:23.543+0000] {processor.py:161} INFO - Started process (PID=1090) to work on /home/airflow/.local/lib/python3.8/site-packages/airflow/example_dags/example_sensor_decorator.py
[2024-03-24T03:05:23.544+0000] {processor.py:830} INFO - Processing file /home/airflow/.local/lib/python3.8/site-packages/airflow/example_dags/example_sensor_decorator.py for tasks to queue
[2024-03-24T03:05:23.546+0000] {logging_mixin.py:188} INFO - [2024-03-24T03:05:23.546+0000] {dagbag.py:540} INFO - Filling up the DagBag from /home/airflow/.local/lib/python3.8/site-packages/airflow/example_dags/example_sensor_decorator.py
[2024-03-24T03:05:23.553+0000] {processor.py:840} INFO - DAG(s) 'example_sensor_decorator' retrieved from /home/airflow/.local/lib/python3.8/site-packages/airflow/example_dags/example_sensor_decorator.py
[2024-03-24T03:05:23.571+0000] {logging_mixin.py:188} INFO - [2024-03-24T03:05:23.571+0000] {dag.py:3047} INFO - Sync 1 DAGs
[2024-03-24T03:05:23.579+0000] {logging_mixin.py:188} INFO - [2024-03-24T03:05:23.579+0000] {dag.py:3834} INFO - Setting next_dagrun for example_sensor_decorator to None, run_after=None
[2024-03-24T03:05:23.590+0000] {processor.py:183} INFO - Processing /home/airflow/.local/lib/python3.8/site-packages/airflow/example_dags/example_sensor_decorator.py took 0.051 seconds
[2024-03-24T03:05:54.207+0000] {processor.py:161} INFO - Started process (PID=1144) to work on /home/airflow/.local/lib/python3.8/site-packages/airflow/example_dags/example_sensor_decorator.py
[2024-03-24T03:05:54.208+0000] {processor.py:830} INFO - Processing file /home/airflow/.local/lib/python3.8/site-packages/airflow/example_dags/example_sensor_decorator.py for tasks to queue
[2024-03-24T03:05:54.210+0000] {logging_mixin.py:188} INFO - [2024-03-24T03:05:54.210+0000] {dagbag.py:540} INFO - Filling up the DagBag from /home/airflow/.local/lib/python3.8/site-packages/airflow/example_dags/example_sensor_decorator.py
[2024-03-24T03:05:54.217+0000] {processor.py:840} INFO - DAG(s) 'example_sensor_decorator' retrieved from /home/airflow/.local/lib/python3.8/site-packages/airflow/example_dags/example_sensor_decorator.py
[2024-03-24T03:05:54.233+0000] {logging_mixin.py:188} INFO - [2024-03-24T03:05:54.233+0000] {dag.py:3047} INFO - Sync 1 DAGs
[2024-03-24T03:05:54.242+0000] {logging_mixin.py:188} INFO - [2024-03-24T03:05:54.241+0000] {dag.py:3834} INFO - Setting next_dagrun for example_sensor_decorator to None, run_after=None
[2024-03-24T03:05:54.253+0000] {processor.py:183} INFO - Processing /home/airflow/.local/lib/python3.8/site-packages/airflow/example_dags/example_sensor_decorator.py took 0.050 seconds
