[2024-03-24T02:55:43.603+0000] {processor.py:161} INFO - Started process (PID=49) to work on /home/airflow/.local/lib/python3.8/site-packages/airflow/example_dags/example_branch_operator.py
[2024-03-24T02:55:43.605+0000] {processor.py:830} INFO - Processing file /home/airflow/.local/lib/python3.8/site-packages/airflow/example_dags/example_branch_operator.py for tasks to queue
[2024-03-24T02:55:43.607+0000] {logging_mixin.py:188} INFO - [2024-03-24T02:55:43.607+0000] {dagbag.py:540} INFO - Filling up the DagBag from /home/airflow/.local/lib/python3.8/site-packages/airflow/example_dags/example_branch_operator.py
[2024-03-24T02:55:43.637+0000] {processor.py:840} INFO - DAG(s) 'example_branch_operator' retrieved from /home/airflow/.local/lib/python3.8/site-packages/airflow/example_dags/example_branch_operator.py
[2024-03-24T02:55:43.649+0000] {logging_mixin.py:188} INFO - [2024-03-24T02:55:43.649+0000] {dag.py:3047} INFO - Sync 1 DAGs
[2024-03-24T02:55:43.665+0000] {logging_mixin.py:188} INFO - [2024-03-24T02:55:43.665+0000] {dag.py:3834} INFO - Setting next_dagrun for example_branch_operator to 2024-03-23 00:00:00+00:00, run_after=2024-03-24 00:00:00+00:00
[2024-03-24T02:55:43.686+0000] {processor.py:183} INFO - Processing /home/airflow/.local/lib/python3.8/site-packages/airflow/example_dags/example_branch_operator.py took 0.087 seconds
[2024-03-24T02:56:14.049+0000] {processor.py:161} INFO - Started process (PID=103) to work on /home/airflow/.local/lib/python3.8/site-packages/airflow/example_dags/example_branch_operator.py
[2024-03-24T02:56:14.050+0000] {processor.py:830} INFO - Processing file /home/airflow/.local/lib/python3.8/site-packages/airflow/example_dags/example_branch_operator.py for tasks to queue
[2024-03-24T02:56:14.051+0000] {logging_mixin.py:188} INFO - [2024-03-24T02:56:14.051+0000] {dagbag.py:540} INFO - Filling up the DagBag from /home/airflow/.local/lib/python3.8/site-packages/airflow/example_dags/example_branch_operator.py
[2024-03-24T02:56:14.063+0000] {processor.py:840} INFO - DAG(s) 'example_branch_operator' retrieved from /home/airflow/.local/lib/python3.8/site-packages/airflow/example_dags/example_branch_operator.py
[2024-03-24T02:56:14.110+0000] {logging_mixin.py:188} INFO - [2024-03-24T02:56:14.110+0000] {dag.py:3047} INFO - Sync 1 DAGs
[2024-03-24T02:56:14.119+0000] {logging_mixin.py:188} INFO - [2024-03-24T02:56:14.119+0000] {dag.py:3834} INFO - Setting next_dagrun for example_branch_operator to 2024-03-23 00:00:00+00:00, run_after=2024-03-24 00:00:00+00:00
[2024-03-24T02:56:14.129+0000] {processor.py:183} INFO - Processing /home/airflow/.local/lib/python3.8/site-packages/airflow/example_dags/example_branch_operator.py took 0.082 seconds
[2024-03-24T02:56:44.345+0000] {processor.py:161} INFO - Started process (PID=159) to work on /home/airflow/.local/lib/python3.8/site-packages/airflow/example_dags/example_branch_operator.py
[2024-03-24T02:56:44.346+0000] {processor.py:830} INFO - Processing file /home/airflow/.local/lib/python3.8/site-packages/airflow/example_dags/example_branch_operator.py for tasks to queue
[2024-03-24T02:56:44.347+0000] {logging_mixin.py:188} INFO - [2024-03-24T02:56:44.347+0000] {dagbag.py:540} INFO - Filling up the DagBag from /home/airflow/.local/lib/python3.8/site-packages/airflow/example_dags/example_branch_operator.py
[2024-03-24T02:56:44.356+0000] {processor.py:840} INFO - DAG(s) 'example_branch_operator' retrieved from /home/airflow/.local/lib/python3.8/site-packages/airflow/example_dags/example_branch_operator.py
[2024-03-24T02:56:44.369+0000] {logging_mixin.py:188} INFO - [2024-03-24T02:56:44.369+0000] {dag.py:3047} INFO - Sync 1 DAGs
[2024-03-24T02:56:44.379+0000] {logging_mixin.py:188} INFO - [2024-03-24T02:56:44.379+0000] {dag.py:3834} INFO - Setting next_dagrun for example_branch_operator to 2024-03-23 00:00:00+00:00, run_after=2024-03-24 00:00:00+00:00
[2024-03-24T02:56:44.386+0000] {processor.py:183} INFO - Processing /home/airflow/.local/lib/python3.8/site-packages/airflow/example_dags/example_branch_operator.py took 0.042 seconds
[2024-03-24T02:57:15.015+0000] {processor.py:161} INFO - Started process (PID=213) to work on /home/airflow/.local/lib/python3.8/site-packages/airflow/example_dags/example_branch_operator.py
[2024-03-24T02:57:15.016+0000] {processor.py:830} INFO - Processing file /home/airflow/.local/lib/python3.8/site-packages/airflow/example_dags/example_branch_operator.py for tasks to queue
[2024-03-24T02:57:15.017+0000] {logging_mixin.py:188} INFO - [2024-03-24T02:57:15.017+0000] {dagbag.py:540} INFO - Filling up the DagBag from /home/airflow/.local/lib/python3.8/site-packages/airflow/example_dags/example_branch_operator.py
[2024-03-24T02:57:15.030+0000] {processor.py:840} INFO - DAG(s) 'example_branch_operator' retrieved from /home/airflow/.local/lib/python3.8/site-packages/airflow/example_dags/example_branch_operator.py
[2024-03-24T02:57:15.050+0000] {logging_mixin.py:188} INFO - [2024-03-24T02:57:15.049+0000] {dag.py:3047} INFO - Sync 1 DAGs
[2024-03-24T02:57:15.063+0000] {logging_mixin.py:188} INFO - [2024-03-24T02:57:15.063+0000] {dag.py:3834} INFO - Setting next_dagrun for example_branch_operator to 2024-03-23 00:00:00+00:00, run_after=2024-03-24 00:00:00+00:00
[2024-03-24T02:57:15.075+0000] {processor.py:183} INFO - Processing /home/airflow/.local/lib/python3.8/site-packages/airflow/example_dags/example_branch_operator.py took 0.062 seconds
[2024-03-24T02:57:45.934+0000] {processor.py:161} INFO - Started process (PID=268) to work on /home/airflow/.local/lib/python3.8/site-packages/airflow/example_dags/example_branch_operator.py
[2024-03-24T02:57:45.935+0000] {processor.py:830} INFO - Processing file /home/airflow/.local/lib/python3.8/site-packages/airflow/example_dags/example_branch_operator.py for tasks to queue
[2024-03-24T02:57:45.936+0000] {logging_mixin.py:188} INFO - [2024-03-24T02:57:45.936+0000] {dagbag.py:540} INFO - Filling up the DagBag from /home/airflow/.local/lib/python3.8/site-packages/airflow/example_dags/example_branch_operator.py
[2024-03-24T02:57:45.947+0000] {processor.py:840} INFO - DAG(s) 'example_branch_operator' retrieved from /home/airflow/.local/lib/python3.8/site-packages/airflow/example_dags/example_branch_operator.py
[2024-03-24T02:57:45.962+0000] {logging_mixin.py:188} INFO - [2024-03-24T02:57:45.962+0000] {dag.py:3047} INFO - Sync 1 DAGs
[2024-03-24T02:57:45.973+0000] {logging_mixin.py:188} INFO - [2024-03-24T02:57:45.973+0000] {dag.py:3834} INFO - Setting next_dagrun for example_branch_operator to 2024-03-23 00:00:00+00:00, run_after=2024-03-24 00:00:00+00:00
[2024-03-24T02:57:45.982+0000] {processor.py:183} INFO - Processing /home/airflow/.local/lib/python3.8/site-packages/airflow/example_dags/example_branch_operator.py took 0.049 seconds
[2024-03-24T02:58:16.520+0000] {processor.py:161} INFO - Started process (PID=323) to work on /home/airflow/.local/lib/python3.8/site-packages/airflow/example_dags/example_branch_operator.py
[2024-03-24T02:58:16.520+0000] {processor.py:830} INFO - Processing file /home/airflow/.local/lib/python3.8/site-packages/airflow/example_dags/example_branch_operator.py for tasks to queue
[2024-03-24T02:58:16.521+0000] {logging_mixin.py:188} INFO - [2024-03-24T02:58:16.521+0000] {dagbag.py:540} INFO - Filling up the DagBag from /home/airflow/.local/lib/python3.8/site-packages/airflow/example_dags/example_branch_operator.py
[2024-03-24T02:58:16.534+0000] {processor.py:840} INFO - DAG(s) 'example_branch_operator' retrieved from /home/airflow/.local/lib/python3.8/site-packages/airflow/example_dags/example_branch_operator.py
[2024-03-24T02:58:16.541+0000] {logging_mixin.py:188} INFO - [2024-03-24T02:58:16.541+0000] {dag.py:3047} INFO - Sync 1 DAGs
[2024-03-24T02:58:16.556+0000] {logging_mixin.py:188} INFO - [2024-03-24T02:58:16.556+0000] {dag.py:3834} INFO - Setting next_dagrun for example_branch_operator to 2024-03-23 00:00:00+00:00, run_after=2024-03-24 00:00:00+00:00
[2024-03-24T02:58:16.567+0000] {processor.py:183} INFO - Processing /home/airflow/.local/lib/python3.8/site-packages/airflow/example_dags/example_branch_operator.py took 0.050 seconds
[2024-03-24T02:58:47.261+0000] {processor.py:161} INFO - Started process (PID=378) to work on /home/airflow/.local/lib/python3.8/site-packages/airflow/example_dags/example_branch_operator.py
[2024-03-24T02:58:47.263+0000] {processor.py:830} INFO - Processing file /home/airflow/.local/lib/python3.8/site-packages/airflow/example_dags/example_branch_operator.py for tasks to queue
[2024-03-24T02:58:47.264+0000] {logging_mixin.py:188} INFO - [2024-03-24T02:58:47.264+0000] {dagbag.py:540} INFO - Filling up the DagBag from /home/airflow/.local/lib/python3.8/site-packages/airflow/example_dags/example_branch_operator.py
[2024-03-24T02:58:47.275+0000] {processor.py:840} INFO - DAG(s) 'example_branch_operator' retrieved from /home/airflow/.local/lib/python3.8/site-packages/airflow/example_dags/example_branch_operator.py
[2024-03-24T02:58:47.334+0000] {logging_mixin.py:188} INFO - [2024-03-24T02:58:47.334+0000] {dag.py:3047} INFO - Sync 1 DAGs
[2024-03-24T02:58:47.346+0000] {logging_mixin.py:188} INFO - [2024-03-24T02:58:47.346+0000] {dag.py:3834} INFO - Setting next_dagrun for example_branch_operator to 2024-03-23 00:00:00+00:00, run_after=2024-03-24 00:00:00+00:00
[2024-03-24T02:58:47.358+0000] {processor.py:183} INFO - Processing /home/airflow/.local/lib/python3.8/site-packages/airflow/example_dags/example_branch_operator.py took 0.099 seconds
[2024-03-24T02:59:17.694+0000] {processor.py:161} INFO - Started process (PID=433) to work on /home/airflow/.local/lib/python3.8/site-packages/airflow/example_dags/example_branch_operator.py
[2024-03-24T02:59:17.695+0000] {processor.py:830} INFO - Processing file /home/airflow/.local/lib/python3.8/site-packages/airflow/example_dags/example_branch_operator.py for tasks to queue
[2024-03-24T02:59:17.696+0000] {logging_mixin.py:188} INFO - [2024-03-24T02:59:17.696+0000] {dagbag.py:540} INFO - Filling up the DagBag from /home/airflow/.local/lib/python3.8/site-packages/airflow/example_dags/example_branch_operator.py
[2024-03-24T02:59:17.706+0000] {processor.py:840} INFO - DAG(s) 'example_branch_operator' retrieved from /home/airflow/.local/lib/python3.8/site-packages/airflow/example_dags/example_branch_operator.py
[2024-03-24T02:59:17.721+0000] {logging_mixin.py:188} INFO - [2024-03-24T02:59:17.721+0000] {dag.py:3047} INFO - Sync 1 DAGs
[2024-03-24T02:59:17.734+0000] {logging_mixin.py:188} INFO - [2024-03-24T02:59:17.734+0000] {dag.py:3834} INFO - Setting next_dagrun for example_branch_operator to 2024-03-23 00:00:00+00:00, run_after=2024-03-24 00:00:00+00:00
[2024-03-24T02:59:17.745+0000] {processor.py:183} INFO - Processing /home/airflow/.local/lib/python3.8/site-packages/airflow/example_dags/example_branch_operator.py took 0.053 seconds
[2024-03-24T02:59:47.837+0000] {processor.py:161} INFO - Started process (PID=488) to work on /home/airflow/.local/lib/python3.8/site-packages/airflow/example_dags/example_branch_operator.py
[2024-03-24T02:59:47.838+0000] {processor.py:830} INFO - Processing file /home/airflow/.local/lib/python3.8/site-packages/airflow/example_dags/example_branch_operator.py for tasks to queue
[2024-03-24T02:59:47.839+0000] {logging_mixin.py:188} INFO - [2024-03-24T02:59:47.839+0000] {dagbag.py:540} INFO - Filling up the DagBag from /home/airflow/.local/lib/python3.8/site-packages/airflow/example_dags/example_branch_operator.py
[2024-03-24T02:59:47.849+0000] {processor.py:840} INFO - DAG(s) 'example_branch_operator' retrieved from /home/airflow/.local/lib/python3.8/site-packages/airflow/example_dags/example_branch_operator.py
[2024-03-24T02:59:47.862+0000] {logging_mixin.py:188} INFO - [2024-03-24T02:59:47.862+0000] {dag.py:3047} INFO - Sync 1 DAGs
[2024-03-24T02:59:47.873+0000] {logging_mixin.py:188} INFO - [2024-03-24T02:59:47.873+0000] {dag.py:3834} INFO - Setting next_dagrun for example_branch_operator to 2024-03-23 00:00:00+00:00, run_after=2024-03-24 00:00:00+00:00
[2024-03-24T02:59:47.882+0000] {processor.py:183} INFO - Processing /home/airflow/.local/lib/python3.8/site-packages/airflow/example_dags/example_branch_operator.py took 0.047 seconds
[2024-03-24T03:00:17.912+0000] {processor.py:161} INFO - Started process (PID=543) to work on /home/airflow/.local/lib/python3.8/site-packages/airflow/example_dags/example_branch_operator.py
[2024-03-24T03:00:17.913+0000] {processor.py:830} INFO - Processing file /home/airflow/.local/lib/python3.8/site-packages/airflow/example_dags/example_branch_operator.py for tasks to queue
[2024-03-24T03:00:17.914+0000] {logging_mixin.py:188} INFO - [2024-03-24T03:00:17.914+0000] {dagbag.py:540} INFO - Filling up the DagBag from /home/airflow/.local/lib/python3.8/site-packages/airflow/example_dags/example_branch_operator.py
[2024-03-24T03:00:17.924+0000] {processor.py:840} INFO - DAG(s) 'example_branch_operator' retrieved from /home/airflow/.local/lib/python3.8/site-packages/airflow/example_dags/example_branch_operator.py
[2024-03-24T03:00:17.940+0000] {logging_mixin.py:188} INFO - [2024-03-24T03:00:17.940+0000] {dag.py:3047} INFO - Sync 1 DAGs
[2024-03-24T03:00:17.956+0000] {logging_mixin.py:188} INFO - [2024-03-24T03:00:17.955+0000] {dag.py:3834} INFO - Setting next_dagrun for example_branch_operator to 2024-03-23 00:00:00+00:00, run_after=2024-03-24 00:00:00+00:00
[2024-03-24T03:00:17.967+0000] {processor.py:183} INFO - Processing /home/airflow/.local/lib/python3.8/site-packages/airflow/example_dags/example_branch_operator.py took 0.057 seconds
[2024-03-24T03:00:48.279+0000] {processor.py:161} INFO - Started process (PID=598) to work on /home/airflow/.local/lib/python3.8/site-packages/airflow/example_dags/example_branch_operator.py
[2024-03-24T03:00:48.280+0000] {processor.py:830} INFO - Processing file /home/airflow/.local/lib/python3.8/site-packages/airflow/example_dags/example_branch_operator.py for tasks to queue
[2024-03-24T03:00:48.281+0000] {logging_mixin.py:188} INFO - [2024-03-24T03:00:48.281+0000] {dagbag.py:540} INFO - Filling up the DagBag from /home/airflow/.local/lib/python3.8/site-packages/airflow/example_dags/example_branch_operator.py
[2024-03-24T03:00:48.293+0000] {processor.py:840} INFO - DAG(s) 'example_branch_operator' retrieved from /home/airflow/.local/lib/python3.8/site-packages/airflow/example_dags/example_branch_operator.py
[2024-03-24T03:00:48.313+0000] {logging_mixin.py:188} INFO - [2024-03-24T03:00:48.313+0000] {dag.py:3047} INFO - Sync 1 DAGs
[2024-03-24T03:00:48.328+0000] {logging_mixin.py:188} INFO - [2024-03-24T03:00:48.328+0000] {dag.py:3834} INFO - Setting next_dagrun for example_branch_operator to 2024-03-23 00:00:00+00:00, run_after=2024-03-24 00:00:00+00:00
[2024-03-24T03:00:48.339+0000] {processor.py:183} INFO - Processing /home/airflow/.local/lib/python3.8/site-packages/airflow/example_dags/example_branch_operator.py took 0.062 seconds
[2024-03-24T03:01:19.264+0000] {processor.py:161} INFO - Started process (PID=653) to work on /home/airflow/.local/lib/python3.8/site-packages/airflow/example_dags/example_branch_operator.py
[2024-03-24T03:01:19.267+0000] {processor.py:830} INFO - Processing file /home/airflow/.local/lib/python3.8/site-packages/airflow/example_dags/example_branch_operator.py for tasks to queue
[2024-03-24T03:01:19.268+0000] {logging_mixin.py:188} INFO - [2024-03-24T03:01:19.268+0000] {dagbag.py:540} INFO - Filling up the DagBag from /home/airflow/.local/lib/python3.8/site-packages/airflow/example_dags/example_branch_operator.py
[2024-03-24T03:01:19.291+0000] {processor.py:840} INFO - DAG(s) 'example_branch_operator' retrieved from /home/airflow/.local/lib/python3.8/site-packages/airflow/example_dags/example_branch_operator.py
[2024-03-24T03:01:19.315+0000] {logging_mixin.py:188} INFO - [2024-03-24T03:01:19.314+0000] {dag.py:3047} INFO - Sync 1 DAGs
[2024-03-24T03:01:19.343+0000] {logging_mixin.py:188} INFO - [2024-03-24T03:01:19.343+0000] {dag.py:3834} INFO - Setting next_dagrun for example_branch_operator to 2024-03-23 00:00:00+00:00, run_after=2024-03-24 00:00:00+00:00
[2024-03-24T03:01:19.358+0000] {processor.py:183} INFO - Processing /home/airflow/.local/lib/python3.8/site-packages/airflow/example_dags/example_branch_operator.py took 0.100 seconds
[2024-03-24T03:01:50.266+0000] {processor.py:161} INFO - Started process (PID=708) to work on /home/airflow/.local/lib/python3.8/site-packages/airflow/example_dags/example_branch_operator.py
[2024-03-24T03:01:50.267+0000] {processor.py:830} INFO - Processing file /home/airflow/.local/lib/python3.8/site-packages/airflow/example_dags/example_branch_operator.py for tasks to queue
[2024-03-24T03:01:50.268+0000] {logging_mixin.py:188} INFO - [2024-03-24T03:01:50.268+0000] {dagbag.py:540} INFO - Filling up the DagBag from /home/airflow/.local/lib/python3.8/site-packages/airflow/example_dags/example_branch_operator.py
[2024-03-24T03:01:50.282+0000] {processor.py:840} INFO - DAG(s) 'example_branch_operator' retrieved from /home/airflow/.local/lib/python3.8/site-packages/airflow/example_dags/example_branch_operator.py
[2024-03-24T03:01:50.296+0000] {logging_mixin.py:188} INFO - [2024-03-24T03:01:50.296+0000] {dag.py:3047} INFO - Sync 1 DAGs
[2024-03-24T03:01:50.308+0000] {logging_mixin.py:188} INFO - [2024-03-24T03:01:50.307+0000] {dag.py:3834} INFO - Setting next_dagrun for example_branch_operator to 2024-03-23 00:00:00+00:00, run_after=2024-03-24 00:00:00+00:00
[2024-03-24T03:01:50.317+0000] {processor.py:183} INFO - Processing /home/airflow/.local/lib/python3.8/site-packages/airflow/example_dags/example_branch_operator.py took 0.053 seconds
[2024-03-24T03:02:20.780+0000] {processor.py:161} INFO - Started process (PID=763) to work on /home/airflow/.local/lib/python3.8/site-packages/airflow/example_dags/example_branch_operator.py
[2024-03-24T03:02:20.781+0000] {processor.py:830} INFO - Processing file /home/airflow/.local/lib/python3.8/site-packages/airflow/example_dags/example_branch_operator.py for tasks to queue
[2024-03-24T03:02:20.782+0000] {logging_mixin.py:188} INFO - [2024-03-24T03:02:20.782+0000] {dagbag.py:540} INFO - Filling up the DagBag from /home/airflow/.local/lib/python3.8/site-packages/airflow/example_dags/example_branch_operator.py
[2024-03-24T03:02:20.802+0000] {processor.py:840} INFO - DAG(s) 'example_branch_operator' retrieved from /home/airflow/.local/lib/python3.8/site-packages/airflow/example_dags/example_branch_operator.py
[2024-03-24T03:02:20.819+0000] {logging_mixin.py:188} INFO - [2024-03-24T03:02:20.819+0000] {dag.py:3047} INFO - Sync 1 DAGs
[2024-03-24T03:02:20.833+0000] {logging_mixin.py:188} INFO - [2024-03-24T03:02:20.833+0000] {dag.py:3834} INFO - Setting next_dagrun for example_branch_operator to 2024-03-23 00:00:00+00:00, run_after=2024-03-24 00:00:00+00:00
[2024-03-24T03:02:20.843+0000] {processor.py:183} INFO - Processing /home/airflow/.local/lib/python3.8/site-packages/airflow/example_dags/example_branch_operator.py took 0.065 seconds
[2024-03-24T03:02:51.006+0000] {processor.py:161} INFO - Started process (PID=818) to work on /home/airflow/.local/lib/python3.8/site-packages/airflow/example_dags/example_branch_operator.py
[2024-03-24T03:02:51.009+0000] {processor.py:830} INFO - Processing file /home/airflow/.local/lib/python3.8/site-packages/airflow/example_dags/example_branch_operator.py for tasks to queue
[2024-03-24T03:02:51.010+0000] {logging_mixin.py:188} INFO - [2024-03-24T03:02:51.010+0000] {dagbag.py:540} INFO - Filling up the DagBag from /home/airflow/.local/lib/python3.8/site-packages/airflow/example_dags/example_branch_operator.py
[2024-03-24T03:02:51.020+0000] {processor.py:840} INFO - DAG(s) 'example_branch_operator' retrieved from /home/airflow/.local/lib/python3.8/site-packages/airflow/example_dags/example_branch_operator.py
[2024-03-24T03:02:51.034+0000] {logging_mixin.py:188} INFO - [2024-03-24T03:02:51.034+0000] {dag.py:3047} INFO - Sync 1 DAGs
[2024-03-24T03:02:51.046+0000] {logging_mixin.py:188} INFO - [2024-03-24T03:02:51.046+0000] {dag.py:3834} INFO - Setting next_dagrun for example_branch_operator to 2024-03-23 00:00:00+00:00, run_after=2024-03-24 00:00:00+00:00
[2024-03-24T03:02:51.055+0000] {processor.py:183} INFO - Processing /home/airflow/.local/lib/python3.8/site-packages/airflow/example_dags/example_branch_operator.py took 0.051 seconds
[2024-03-24T03:03:21.800+0000] {processor.py:161} INFO - Started process (PID=873) to work on /home/airflow/.local/lib/python3.8/site-packages/airflow/example_dags/example_branch_operator.py
[2024-03-24T03:03:21.802+0000] {processor.py:830} INFO - Processing file /home/airflow/.local/lib/python3.8/site-packages/airflow/example_dags/example_branch_operator.py for tasks to queue
[2024-03-24T03:03:21.803+0000] {logging_mixin.py:188} INFO - [2024-03-24T03:03:21.803+0000] {dagbag.py:540} INFO - Filling up the DagBag from /home/airflow/.local/lib/python3.8/site-packages/airflow/example_dags/example_branch_operator.py
[2024-03-24T03:03:21.819+0000] {processor.py:840} INFO - DAG(s) 'example_branch_operator' retrieved from /home/airflow/.local/lib/python3.8/site-packages/airflow/example_dags/example_branch_operator.py
[2024-03-24T03:03:21.837+0000] {logging_mixin.py:188} INFO - [2024-03-24T03:03:21.837+0000] {dag.py:3047} INFO - Sync 1 DAGs
[2024-03-24T03:03:21.849+0000] {logging_mixin.py:188} INFO - [2024-03-24T03:03:21.849+0000] {dag.py:3834} INFO - Setting next_dagrun for example_branch_operator to 2024-03-23 00:00:00+00:00, run_after=2024-03-24 00:00:00+00:00
[2024-03-24T03:03:21.861+0000] {processor.py:183} INFO - Processing /home/airflow/.local/lib/python3.8/site-packages/airflow/example_dags/example_branch_operator.py took 0.063 seconds
[2024-03-24T03:03:52.072+0000] {processor.py:161} INFO - Started process (PID=928) to work on /home/airflow/.local/lib/python3.8/site-packages/airflow/example_dags/example_branch_operator.py
[2024-03-24T03:03:52.073+0000] {processor.py:830} INFO - Processing file /home/airflow/.local/lib/python3.8/site-packages/airflow/example_dags/example_branch_operator.py for tasks to queue
[2024-03-24T03:03:52.074+0000] {logging_mixin.py:188} INFO - [2024-03-24T03:03:52.074+0000] {dagbag.py:540} INFO - Filling up the DagBag from /home/airflow/.local/lib/python3.8/site-packages/airflow/example_dags/example_branch_operator.py
[2024-03-24T03:03:52.085+0000] {processor.py:840} INFO - DAG(s) 'example_branch_operator' retrieved from /home/airflow/.local/lib/python3.8/site-packages/airflow/example_dags/example_branch_operator.py
[2024-03-24T03:03:52.099+0000] {logging_mixin.py:188} INFO - [2024-03-24T03:03:52.099+0000] {dag.py:3047} INFO - Sync 1 DAGs
[2024-03-24T03:03:52.113+0000] {logging_mixin.py:188} INFO - [2024-03-24T03:03:52.113+0000] {dag.py:3834} INFO - Setting next_dagrun for example_branch_operator to 2024-03-23 00:00:00+00:00, run_after=2024-03-24 00:00:00+00:00
[2024-03-24T03:03:52.128+0000] {processor.py:183} INFO - Processing /home/airflow/.local/lib/python3.8/site-packages/airflow/example_dags/example_branch_operator.py took 0.058 seconds
[2024-03-24T03:04:22.885+0000] {processor.py:161} INFO - Started process (PID=982) to work on /home/airflow/.local/lib/python3.8/site-packages/airflow/example_dags/example_branch_operator.py
[2024-03-24T03:04:22.886+0000] {processor.py:830} INFO - Processing file /home/airflow/.local/lib/python3.8/site-packages/airflow/example_dags/example_branch_operator.py for tasks to queue
[2024-03-24T03:04:22.888+0000] {logging_mixin.py:188} INFO - [2024-03-24T03:04:22.887+0000] {dagbag.py:540} INFO - Filling up the DagBag from /home/airflow/.local/lib/python3.8/site-packages/airflow/example_dags/example_branch_operator.py
[2024-03-24T03:04:22.898+0000] {processor.py:840} INFO - DAG(s) 'example_branch_operator' retrieved from /home/airflow/.local/lib/python3.8/site-packages/airflow/example_dags/example_branch_operator.py
[2024-03-24T03:04:22.911+0000] {logging_mixin.py:188} INFO - [2024-03-24T03:04:22.911+0000] {dag.py:3047} INFO - Sync 1 DAGs
[2024-03-24T03:04:22.923+0000] {logging_mixin.py:188} INFO - [2024-03-24T03:04:22.923+0000] {dag.py:3834} INFO - Setting next_dagrun for example_branch_operator to 2024-03-23 00:00:00+00:00, run_after=2024-03-24 00:00:00+00:00
[2024-03-24T03:04:22.938+0000] {processor.py:183} INFO - Processing /home/airflow/.local/lib/python3.8/site-packages/airflow/example_dags/example_branch_operator.py took 0.055 seconds
[2024-03-24T03:04:53.197+0000] {processor.py:161} INFO - Started process (PID=1036) to work on /home/airflow/.local/lib/python3.8/site-packages/airflow/example_dags/example_branch_operator.py
[2024-03-24T03:04:53.198+0000] {processor.py:830} INFO - Processing file /home/airflow/.local/lib/python3.8/site-packages/airflow/example_dags/example_branch_operator.py for tasks to queue
[2024-03-24T03:04:53.199+0000] {logging_mixin.py:188} INFO - [2024-03-24T03:04:53.199+0000] {dagbag.py:540} INFO - Filling up the DagBag from /home/airflow/.local/lib/python3.8/site-packages/airflow/example_dags/example_branch_operator.py
[2024-03-24T03:04:53.213+0000] {processor.py:840} INFO - DAG(s) 'example_branch_operator' retrieved from /home/airflow/.local/lib/python3.8/site-packages/airflow/example_dags/example_branch_operator.py
[2024-03-24T03:04:53.230+0000] {logging_mixin.py:188} INFO - [2024-03-24T03:04:53.230+0000] {dag.py:3047} INFO - Sync 1 DAGs
[2024-03-24T03:04:53.242+0000] {logging_mixin.py:188} INFO - [2024-03-24T03:04:53.242+0000] {dag.py:3834} INFO - Setting next_dagrun for example_branch_operator to 2024-03-23 00:00:00+00:00, run_after=2024-03-24 00:00:00+00:00
[2024-03-24T03:04:53.253+0000] {processor.py:183} INFO - Processing /home/airflow/.local/lib/python3.8/site-packages/airflow/example_dags/example_branch_operator.py took 0.058 seconds
[2024-03-24T03:05:23.657+0000] {processor.py:161} INFO - Started process (PID=1092) to work on /home/airflow/.local/lib/python3.8/site-packages/airflow/example_dags/example_branch_operator.py
[2024-03-24T03:05:23.658+0000] {processor.py:830} INFO - Processing file /home/airflow/.local/lib/python3.8/site-packages/airflow/example_dags/example_branch_operator.py for tasks to queue
[2024-03-24T03:05:23.659+0000] {logging_mixin.py:188} INFO - [2024-03-24T03:05:23.659+0000] {dagbag.py:540} INFO - Filling up the DagBag from /home/airflow/.local/lib/python3.8/site-packages/airflow/example_dags/example_branch_operator.py
[2024-03-24T03:05:23.670+0000] {processor.py:840} INFO - DAG(s) 'example_branch_operator' retrieved from /home/airflow/.local/lib/python3.8/site-packages/airflow/example_dags/example_branch_operator.py
[2024-03-24T03:05:23.683+0000] {logging_mixin.py:188} INFO - [2024-03-24T03:05:23.683+0000] {dag.py:3047} INFO - Sync 1 DAGs
[2024-03-24T03:05:23.694+0000] {logging_mixin.py:188} INFO - [2024-03-24T03:05:23.693+0000] {dag.py:3834} INFO - Setting next_dagrun for example_branch_operator to 2024-03-23 00:00:00+00:00, run_after=2024-03-24 00:00:00+00:00
[2024-03-24T03:05:23.702+0000] {processor.py:183} INFO - Processing /home/airflow/.local/lib/python3.8/site-packages/airflow/example_dags/example_branch_operator.py took 0.047 seconds
[2024-03-24T03:05:54.270+0000] {processor.py:161} INFO - Started process (PID=1146) to work on /home/airflow/.local/lib/python3.8/site-packages/airflow/example_dags/example_branch_operator.py
[2024-03-24T03:05:54.271+0000] {processor.py:830} INFO - Processing file /home/airflow/.local/lib/python3.8/site-packages/airflow/example_dags/example_branch_operator.py for tasks to queue
[2024-03-24T03:05:54.273+0000] {logging_mixin.py:188} INFO - [2024-03-24T03:05:54.272+0000] {dagbag.py:540} INFO - Filling up the DagBag from /home/airflow/.local/lib/python3.8/site-packages/airflow/example_dags/example_branch_operator.py
[2024-03-24T03:05:54.300+0000] {processor.py:840} INFO - DAG(s) 'example_branch_operator' retrieved from /home/airflow/.local/lib/python3.8/site-packages/airflow/example_dags/example_branch_operator.py
[2024-03-24T03:05:54.316+0000] {logging_mixin.py:188} INFO - [2024-03-24T03:05:54.316+0000] {dag.py:3047} INFO - Sync 1 DAGs
[2024-03-24T03:05:54.327+0000] {logging_mixin.py:188} INFO - [2024-03-24T03:05:54.327+0000] {dag.py:3834} INFO - Setting next_dagrun for example_branch_operator to 2024-03-23 00:00:00+00:00, run_after=2024-03-24 00:00:00+00:00
[2024-03-24T03:05:54.340+0000] {processor.py:183} INFO - Processing /home/airflow/.local/lib/python3.8/site-packages/airflow/example_dags/example_branch_operator.py took 0.073 seconds
