[2024-03-24T02:55:43.878+0000] {processor.py:161} INFO - Started process (PID=53) to work on /home/airflow/.local/lib/python3.8/site-packages/airflow/example_dags/example_xcomargs.py
[2024-03-24T02:55:43.880+0000] {processor.py:830} INFO - Processing file /home/airflow/.local/lib/python3.8/site-packages/airflow/example_dags/example_xcomargs.py for tasks to queue
[2024-03-24T02:55:43.887+0000] {logging_mixin.py:188} INFO - [2024-03-24T02:55:43.887+0000] {dagbag.py:540} INFO - Filling up the DagBag from /home/airflow/.local/lib/python3.8/site-packages/airflow/example_dags/example_xcomargs.py
[2024-03-24T02:55:43.920+0000] {processor.py:840} INFO - DAG(s) 'example_xcom_args', 'example_xcom_args_with_operators' retrieved from /home/airflow/.local/lib/python3.8/site-packages/airflow/example_dags/example_xcomargs.py
[2024-03-24T02:55:43.969+0000] {logging_mixin.py:188} INFO - [2024-03-24T02:55:43.969+0000] {dag.py:3047} INFO - Sync 2 DAGs
[2024-03-24T02:55:43.992+0000] {logging_mixin.py:188} INFO - [2024-03-24T02:55:43.992+0000] {dag.py:3834} INFO - Setting next_dagrun for example_xcom_args to None, run_after=None
[2024-03-24T02:55:44.001+0000] {logging_mixin.py:188} INFO - [2024-03-24T02:55:44.000+0000] {dag.py:3834} INFO - Setting next_dagrun for example_xcom_args_with_operators to None, run_after=None
[2024-03-24T02:55:44.027+0000] {processor.py:183} INFO - Processing /home/airflow/.local/lib/python3.8/site-packages/airflow/example_dags/example_xcomargs.py took 0.154 seconds
[2024-03-24T02:56:14.213+0000] {processor.py:161} INFO - Started process (PID=107) to work on /home/airflow/.local/lib/python3.8/site-packages/airflow/example_dags/example_xcomargs.py
[2024-03-24T02:56:14.214+0000] {processor.py:830} INFO - Processing file /home/airflow/.local/lib/python3.8/site-packages/airflow/example_dags/example_xcomargs.py for tasks to queue
[2024-03-24T02:56:14.215+0000] {logging_mixin.py:188} INFO - [2024-03-24T02:56:14.215+0000] {dagbag.py:540} INFO - Filling up the DagBag from /home/airflow/.local/lib/python3.8/site-packages/airflow/example_dags/example_xcomargs.py
[2024-03-24T02:56:14.220+0000] {processor.py:840} INFO - DAG(s) 'example_xcom_args', 'example_xcom_args_with_operators' retrieved from /home/airflow/.local/lib/python3.8/site-packages/airflow/example_dags/example_xcomargs.py
[2024-03-24T02:56:14.276+0000] {logging_mixin.py:188} INFO - [2024-03-24T02:56:14.276+0000] {dag.py:3047} INFO - Sync 2 DAGs
[2024-03-24T02:56:14.282+0000] {logging_mixin.py:188} INFO - [2024-03-24T02:56:14.281+0000] {dag.py:3834} INFO - Setting next_dagrun for example_xcom_args to None, run_after=None
[2024-03-24T02:56:14.283+0000] {logging_mixin.py:188} INFO - [2024-03-24T02:56:14.283+0000] {dag.py:3834} INFO - Setting next_dagrun for example_xcom_args_with_operators to None, run_after=None
[2024-03-24T02:56:14.291+0000] {processor.py:183} INFO - Processing /home/airflow/.local/lib/python3.8/site-packages/airflow/example_dags/example_xcomargs.py took 0.080 seconds
[2024-03-24T02:56:44.446+0000] {processor.py:161} INFO - Started process (PID=162) to work on /home/airflow/.local/lib/python3.8/site-packages/airflow/example_dags/example_xcomargs.py
[2024-03-24T02:56:44.446+0000] {processor.py:830} INFO - Processing file /home/airflow/.local/lib/python3.8/site-packages/airflow/example_dags/example_xcomargs.py for tasks to queue
[2024-03-24T02:56:44.447+0000] {logging_mixin.py:188} INFO - [2024-03-24T02:56:44.447+0000] {dagbag.py:540} INFO - Filling up the DagBag from /home/airflow/.local/lib/python3.8/site-packages/airflow/example_dags/example_xcomargs.py
[2024-03-24T02:56:44.452+0000] {processor.py:840} INFO - DAG(s) 'example_xcom_args', 'example_xcom_args_with_operators' retrieved from /home/airflow/.local/lib/python3.8/site-packages/airflow/example_dags/example_xcomargs.py
[2024-03-24T02:56:44.464+0000] {logging_mixin.py:188} INFO - [2024-03-24T02:56:44.464+0000] {dag.py:3047} INFO - Sync 2 DAGs
[2024-03-24T02:56:44.470+0000] {logging_mixin.py:188} INFO - [2024-03-24T02:56:44.470+0000] {dag.py:3834} INFO - Setting next_dagrun for example_xcom_args to None, run_after=None
[2024-03-24T02:56:44.472+0000] {logging_mixin.py:188} INFO - [2024-03-24T02:56:44.472+0000] {dag.py:3834} INFO - Setting next_dagrun for example_xcom_args_with_operators to None, run_after=None
[2024-03-24T02:56:44.479+0000] {processor.py:183} INFO - Processing /home/airflow/.local/lib/python3.8/site-packages/airflow/example_dags/example_xcomargs.py took 0.035 seconds
[2024-03-24T02:57:15.135+0000] {processor.py:161} INFO - Started process (PID=217) to work on /home/airflow/.local/lib/python3.8/site-packages/airflow/example_dags/example_xcomargs.py
[2024-03-24T02:57:15.136+0000] {processor.py:830} INFO - Processing file /home/airflow/.local/lib/python3.8/site-packages/airflow/example_dags/example_xcomargs.py for tasks to queue
[2024-03-24T02:57:15.137+0000] {logging_mixin.py:188} INFO - [2024-03-24T02:57:15.137+0000] {dagbag.py:540} INFO - Filling up the DagBag from /home/airflow/.local/lib/python3.8/site-packages/airflow/example_dags/example_xcomargs.py
[2024-03-24T02:57:15.141+0000] {processor.py:840} INFO - DAG(s) 'example_xcom_args_with_operators', 'example_xcom_args' retrieved from /home/airflow/.local/lib/python3.8/site-packages/airflow/example_dags/example_xcomargs.py
[2024-03-24T02:57:15.153+0000] {logging_mixin.py:188} INFO - [2024-03-24T02:57:15.153+0000] {dag.py:3047} INFO - Sync 2 DAGs
[2024-03-24T02:57:15.159+0000] {logging_mixin.py:188} INFO - [2024-03-24T02:57:15.159+0000] {dag.py:3834} INFO - Setting next_dagrun for example_xcom_args to None, run_after=None
[2024-03-24T02:57:15.164+0000] {logging_mixin.py:188} INFO - [2024-03-24T02:57:15.164+0000] {dag.py:3834} INFO - Setting next_dagrun for example_xcom_args_with_operators to None, run_after=None
[2024-03-24T02:57:15.173+0000] {processor.py:183} INFO - Processing /home/airflow/.local/lib/python3.8/site-packages/airflow/example_dags/example_xcomargs.py took 0.039 seconds
[2024-03-24T02:57:46.040+0000] {processor.py:161} INFO - Started process (PID=272) to work on /home/airflow/.local/lib/python3.8/site-packages/airflow/example_dags/example_xcomargs.py
[2024-03-24T02:57:46.041+0000] {processor.py:830} INFO - Processing file /home/airflow/.local/lib/python3.8/site-packages/airflow/example_dags/example_xcomargs.py for tasks to queue
[2024-03-24T02:57:46.041+0000] {logging_mixin.py:188} INFO - [2024-03-24T02:57:46.041+0000] {dagbag.py:540} INFO - Filling up the DagBag from /home/airflow/.local/lib/python3.8/site-packages/airflow/example_dags/example_xcomargs.py
[2024-03-24T02:57:46.046+0000] {processor.py:840} INFO - DAG(s) 'example_xcom_args_with_operators', 'example_xcom_args' retrieved from /home/airflow/.local/lib/python3.8/site-packages/airflow/example_dags/example_xcomargs.py
[2024-03-24T02:57:46.057+0000] {logging_mixin.py:188} INFO - [2024-03-24T02:57:46.056+0000] {dag.py:3047} INFO - Sync 2 DAGs
[2024-03-24T02:57:46.062+0000] {logging_mixin.py:188} INFO - [2024-03-24T02:57:46.062+0000] {dag.py:3834} INFO - Setting next_dagrun for example_xcom_args to None, run_after=None
[2024-03-24T02:57:46.064+0000] {logging_mixin.py:188} INFO - [2024-03-24T02:57:46.064+0000] {dag.py:3834} INFO - Setting next_dagrun for example_xcom_args_with_operators to None, run_after=None
[2024-03-24T02:57:46.072+0000] {processor.py:183} INFO - Processing /home/airflow/.local/lib/python3.8/site-packages/airflow/example_dags/example_xcomargs.py took 0.033 seconds
[2024-03-24T02:58:16.642+0000] {processor.py:161} INFO - Started process (PID=327) to work on /home/airflow/.local/lib/python3.8/site-packages/airflow/example_dags/example_xcomargs.py
[2024-03-24T02:58:16.643+0000] {processor.py:830} INFO - Processing file /home/airflow/.local/lib/python3.8/site-packages/airflow/example_dags/example_xcomargs.py for tasks to queue
[2024-03-24T02:58:16.646+0000] {logging_mixin.py:188} INFO - [2024-03-24T02:58:16.646+0000] {dagbag.py:540} INFO - Filling up the DagBag from /home/airflow/.local/lib/python3.8/site-packages/airflow/example_dags/example_xcomargs.py
[2024-03-24T02:58:16.652+0000] {processor.py:840} INFO - DAG(s) 'example_xcom_args', 'example_xcom_args_with_operators' retrieved from /home/airflow/.local/lib/python3.8/site-packages/airflow/example_dags/example_xcomargs.py
[2024-03-24T02:58:16.663+0000] {logging_mixin.py:188} INFO - [2024-03-24T02:58:16.662+0000] {dag.py:3047} INFO - Sync 2 DAGs
[2024-03-24T02:58:16.670+0000] {logging_mixin.py:188} INFO - [2024-03-24T02:58:16.670+0000] {dag.py:3834} INFO - Setting next_dagrun for example_xcom_args to None, run_after=None
[2024-03-24T02:58:16.672+0000] {logging_mixin.py:188} INFO - [2024-03-24T02:58:16.672+0000] {dag.py:3834} INFO - Setting next_dagrun for example_xcom_args_with_operators to None, run_after=None
[2024-03-24T02:58:16.683+0000] {processor.py:183} INFO - Processing /home/airflow/.local/lib/python3.8/site-packages/airflow/example_dags/example_xcomargs.py took 0.043 seconds
[2024-03-24T02:58:47.456+0000] {processor.py:161} INFO - Started process (PID=382) to work on /home/airflow/.local/lib/python3.8/site-packages/airflow/example_dags/example_xcomargs.py
[2024-03-24T02:58:47.457+0000] {processor.py:830} INFO - Processing file /home/airflow/.local/lib/python3.8/site-packages/airflow/example_dags/example_xcomargs.py for tasks to queue
[2024-03-24T02:58:47.458+0000] {logging_mixin.py:188} INFO - [2024-03-24T02:58:47.458+0000] {dagbag.py:540} INFO - Filling up the DagBag from /home/airflow/.local/lib/python3.8/site-packages/airflow/example_dags/example_xcomargs.py
[2024-03-24T02:58:47.463+0000] {processor.py:840} INFO - DAG(s) 'example_xcom_args_with_operators', 'example_xcom_args' retrieved from /home/airflow/.local/lib/python3.8/site-packages/airflow/example_dags/example_xcomargs.py
[2024-03-24T02:58:47.521+0000] {logging_mixin.py:188} INFO - [2024-03-24T02:58:47.521+0000] {dag.py:3047} INFO - Sync 2 DAGs
[2024-03-24T02:58:47.527+0000] {logging_mixin.py:188} INFO - [2024-03-24T02:58:47.527+0000] {dag.py:3834} INFO - Setting next_dagrun for example_xcom_args to None, run_after=None
[2024-03-24T02:58:47.529+0000] {logging_mixin.py:188} INFO - [2024-03-24T02:58:47.528+0000] {dag.py:3834} INFO - Setting next_dagrun for example_xcom_args_with_operators to None, run_after=None
[2024-03-24T02:58:47.537+0000] {processor.py:183} INFO - Processing /home/airflow/.local/lib/python3.8/site-packages/airflow/example_dags/example_xcomargs.py took 0.083 seconds
[2024-03-24T02:59:17.811+0000] {processor.py:161} INFO - Started process (PID=437) to work on /home/airflow/.local/lib/python3.8/site-packages/airflow/example_dags/example_xcomargs.py
[2024-03-24T02:59:17.812+0000] {processor.py:830} INFO - Processing file /home/airflow/.local/lib/python3.8/site-packages/airflow/example_dags/example_xcomargs.py for tasks to queue
[2024-03-24T02:59:17.814+0000] {logging_mixin.py:188} INFO - [2024-03-24T02:59:17.814+0000] {dagbag.py:540} INFO - Filling up the DagBag from /home/airflow/.local/lib/python3.8/site-packages/airflow/example_dags/example_xcomargs.py
[2024-03-24T02:59:17.823+0000] {processor.py:840} INFO - DAG(s) 'example_xcom_args', 'example_xcom_args_with_operators' retrieved from /home/airflow/.local/lib/python3.8/site-packages/airflow/example_dags/example_xcomargs.py
[2024-03-24T02:59:17.838+0000] {logging_mixin.py:188} INFO - [2024-03-24T02:59:17.838+0000] {dag.py:3047} INFO - Sync 2 DAGs
[2024-03-24T02:59:17.847+0000] {logging_mixin.py:188} INFO - [2024-03-24T02:59:17.847+0000] {dag.py:3834} INFO - Setting next_dagrun for example_xcom_args to None, run_after=None
[2024-03-24T02:59:17.851+0000] {logging_mixin.py:188} INFO - [2024-03-24T02:59:17.851+0000] {dag.py:3834} INFO - Setting next_dagrun for example_xcom_args_with_operators to None, run_after=None
[2024-03-24T02:59:17.863+0000] {processor.py:183} INFO - Processing /home/airflow/.local/lib/python3.8/site-packages/airflow/example_dags/example_xcomargs.py took 0.054 seconds
[2024-03-24T02:59:48.003+0000] {processor.py:161} INFO - Started process (PID=492) to work on /home/airflow/.local/lib/python3.8/site-packages/airflow/example_dags/example_xcomargs.py
[2024-03-24T02:59:48.004+0000] {processor.py:830} INFO - Processing file /home/airflow/.local/lib/python3.8/site-packages/airflow/example_dags/example_xcomargs.py for tasks to queue
[2024-03-24T02:59:48.005+0000] {logging_mixin.py:188} INFO - [2024-03-24T02:59:48.005+0000] {dagbag.py:540} INFO - Filling up the DagBag from /home/airflow/.local/lib/python3.8/site-packages/airflow/example_dags/example_xcomargs.py
[2024-03-24T02:59:48.010+0000] {processor.py:840} INFO - DAG(s) 'example_xcom_args_with_operators', 'example_xcom_args' retrieved from /home/airflow/.local/lib/python3.8/site-packages/airflow/example_dags/example_xcomargs.py
[2024-03-24T02:59:48.022+0000] {logging_mixin.py:188} INFO - [2024-03-24T02:59:48.021+0000] {dag.py:3047} INFO - Sync 2 DAGs
[2024-03-24T02:59:48.029+0000] {logging_mixin.py:188} INFO - [2024-03-24T02:59:48.029+0000] {dag.py:3834} INFO - Setting next_dagrun for example_xcom_args to None, run_after=None
[2024-03-24T02:59:48.031+0000] {logging_mixin.py:188} INFO - [2024-03-24T02:59:48.031+0000] {dag.py:3834} INFO - Setting next_dagrun for example_xcom_args_with_operators to None, run_after=None
[2024-03-24T02:59:48.039+0000] {processor.py:183} INFO - Processing /home/airflow/.local/lib/python3.8/site-packages/airflow/example_dags/example_xcomargs.py took 0.037 seconds
[2024-03-24T03:00:18.061+0000] {processor.py:161} INFO - Started process (PID=547) to work on /home/airflow/.local/lib/python3.8/site-packages/airflow/example_dags/example_xcomargs.py
[2024-03-24T03:00:18.062+0000] {processor.py:830} INFO - Processing file /home/airflow/.local/lib/python3.8/site-packages/airflow/example_dags/example_xcomargs.py for tasks to queue
[2024-03-24T03:00:18.063+0000] {logging_mixin.py:188} INFO - [2024-03-24T03:00:18.063+0000] {dagbag.py:540} INFO - Filling up the DagBag from /home/airflow/.local/lib/python3.8/site-packages/airflow/example_dags/example_xcomargs.py
[2024-03-24T03:00:18.068+0000] {processor.py:840} INFO - DAG(s) 'example_xcom_args', 'example_xcom_args_with_operators' retrieved from /home/airflow/.local/lib/python3.8/site-packages/airflow/example_dags/example_xcomargs.py
[2024-03-24T03:00:18.081+0000] {logging_mixin.py:188} INFO - [2024-03-24T03:00:18.081+0000] {dag.py:3047} INFO - Sync 2 DAGs
[2024-03-24T03:00:18.087+0000] {logging_mixin.py:188} INFO - [2024-03-24T03:00:18.087+0000] {dag.py:3834} INFO - Setting next_dagrun for example_xcom_args to None, run_after=None
[2024-03-24T03:00:18.089+0000] {logging_mixin.py:188} INFO - [2024-03-24T03:00:18.089+0000] {dag.py:3834} INFO - Setting next_dagrun for example_xcom_args_with_operators to None, run_after=None
[2024-03-24T03:00:18.097+0000] {processor.py:183} INFO - Processing /home/airflow/.local/lib/python3.8/site-packages/airflow/example_dags/example_xcomargs.py took 0.037 seconds
[2024-03-24T03:00:48.426+0000] {processor.py:161} INFO - Started process (PID=602) to work on /home/airflow/.local/lib/python3.8/site-packages/airflow/example_dags/example_xcomargs.py
[2024-03-24T03:00:48.427+0000] {processor.py:830} INFO - Processing file /home/airflow/.local/lib/python3.8/site-packages/airflow/example_dags/example_xcomargs.py for tasks to queue
[2024-03-24T03:00:48.428+0000] {logging_mixin.py:188} INFO - [2024-03-24T03:00:48.428+0000] {dagbag.py:540} INFO - Filling up the DagBag from /home/airflow/.local/lib/python3.8/site-packages/airflow/example_dags/example_xcomargs.py
[2024-03-24T03:00:48.447+0000] {processor.py:840} INFO - DAG(s) 'example_xcom_args', 'example_xcom_args_with_operators' retrieved from /home/airflow/.local/lib/python3.8/site-packages/airflow/example_dags/example_xcomargs.py
[2024-03-24T03:00:48.468+0000] {logging_mixin.py:188} INFO - [2024-03-24T03:00:48.468+0000] {dag.py:3047} INFO - Sync 2 DAGs
[2024-03-24T03:00:48.476+0000] {logging_mixin.py:188} INFO - [2024-03-24T03:00:48.476+0000] {dag.py:3834} INFO - Setting next_dagrun for example_xcom_args to None, run_after=None
[2024-03-24T03:00:48.480+0000] {logging_mixin.py:188} INFO - [2024-03-24T03:00:48.480+0000] {dag.py:3834} INFO - Setting next_dagrun for example_xcom_args_with_operators to None, run_after=None
[2024-03-24T03:00:48.497+0000] {processor.py:183} INFO - Processing /home/airflow/.local/lib/python3.8/site-packages/airflow/example_dags/example_xcomargs.py took 0.074 seconds
[2024-03-24T03:01:19.494+0000] {processor.py:161} INFO - Started process (PID=657) to work on /home/airflow/.local/lib/python3.8/site-packages/airflow/example_dags/example_xcomargs.py
[2024-03-24T03:01:19.496+0000] {processor.py:830} INFO - Processing file /home/airflow/.local/lib/python3.8/site-packages/airflow/example_dags/example_xcomargs.py for tasks to queue
[2024-03-24T03:01:19.497+0000] {logging_mixin.py:188} INFO - [2024-03-24T03:01:19.497+0000] {dagbag.py:540} INFO - Filling up the DagBag from /home/airflow/.local/lib/python3.8/site-packages/airflow/example_dags/example_xcomargs.py
[2024-03-24T03:01:19.503+0000] {processor.py:840} INFO - DAG(s) 'example_xcom_args_with_operators', 'example_xcom_args' retrieved from /home/airflow/.local/lib/python3.8/site-packages/airflow/example_dags/example_xcomargs.py
[2024-03-24T03:01:19.519+0000] {logging_mixin.py:188} INFO - [2024-03-24T03:01:19.519+0000] {dag.py:3047} INFO - Sync 2 DAGs
[2024-03-24T03:01:19.527+0000] {logging_mixin.py:188} INFO - [2024-03-24T03:01:19.527+0000] {dag.py:3834} INFO - Setting next_dagrun for example_xcom_args to None, run_after=None
[2024-03-24T03:01:19.533+0000] {logging_mixin.py:188} INFO - [2024-03-24T03:01:19.533+0000] {dag.py:3834} INFO - Setting next_dagrun for example_xcom_args_with_operators to None, run_after=None
[2024-03-24T03:01:19.556+0000] {processor.py:183} INFO - Processing /home/airflow/.local/lib/python3.8/site-packages/airflow/example_dags/example_xcomargs.py took 0.064 seconds
[2024-03-24T03:01:50.384+0000] {processor.py:161} INFO - Started process (PID=712) to work on /home/airflow/.local/lib/python3.8/site-packages/airflow/example_dags/example_xcomargs.py
[2024-03-24T03:01:50.385+0000] {processor.py:830} INFO - Processing file /home/airflow/.local/lib/python3.8/site-packages/airflow/example_dags/example_xcomargs.py for tasks to queue
[2024-03-24T03:01:50.386+0000] {logging_mixin.py:188} INFO - [2024-03-24T03:01:50.385+0000] {dagbag.py:540} INFO - Filling up the DagBag from /home/airflow/.local/lib/python3.8/site-packages/airflow/example_dags/example_xcomargs.py
[2024-03-24T03:01:50.390+0000] {processor.py:840} INFO - DAG(s) 'example_xcom_args_with_operators', 'example_xcom_args' retrieved from /home/airflow/.local/lib/python3.8/site-packages/airflow/example_dags/example_xcomargs.py
[2024-03-24T03:01:50.402+0000] {logging_mixin.py:188} INFO - [2024-03-24T03:01:50.401+0000] {dag.py:3047} INFO - Sync 2 DAGs
[2024-03-24T03:01:50.407+0000] {logging_mixin.py:188} INFO - [2024-03-24T03:01:50.407+0000] {dag.py:3834} INFO - Setting next_dagrun for example_xcom_args to None, run_after=None
[2024-03-24T03:01:50.409+0000] {logging_mixin.py:188} INFO - [2024-03-24T03:01:50.409+0000] {dag.py:3834} INFO - Setting next_dagrun for example_xcom_args_with_operators to None, run_after=None
[2024-03-24T03:01:50.420+0000] {processor.py:183} INFO - Processing /home/airflow/.local/lib/python3.8/site-packages/airflow/example_dags/example_xcomargs.py took 0.039 seconds
[2024-03-24T03:02:20.885+0000] {processor.py:161} INFO - Started process (PID=767) to work on /home/airflow/.local/lib/python3.8/site-packages/airflow/example_dags/example_xcomargs.py
[2024-03-24T03:02:20.886+0000] {processor.py:830} INFO - Processing file /home/airflow/.local/lib/python3.8/site-packages/airflow/example_dags/example_xcomargs.py for tasks to queue
[2024-03-24T03:02:20.887+0000] {logging_mixin.py:188} INFO - [2024-03-24T03:02:20.887+0000] {dagbag.py:540} INFO - Filling up the DagBag from /home/airflow/.local/lib/python3.8/site-packages/airflow/example_dags/example_xcomargs.py
[2024-03-24T03:02:20.892+0000] {processor.py:840} INFO - DAG(s) 'example_xcom_args', 'example_xcom_args_with_operators' retrieved from /home/airflow/.local/lib/python3.8/site-packages/airflow/example_dags/example_xcomargs.py
[2024-03-24T03:02:20.907+0000] {logging_mixin.py:188} INFO - [2024-03-24T03:02:20.907+0000] {dag.py:3047} INFO - Sync 2 DAGs
[2024-03-24T03:02:20.916+0000] {logging_mixin.py:188} INFO - [2024-03-24T03:02:20.916+0000] {dag.py:3834} INFO - Setting next_dagrun for example_xcom_args to None, run_after=None
[2024-03-24T03:02:20.919+0000] {logging_mixin.py:188} INFO - [2024-03-24T03:02:20.919+0000] {dag.py:3834} INFO - Setting next_dagrun for example_xcom_args_with_operators to None, run_after=None
[2024-03-24T03:02:20.927+0000] {processor.py:183} INFO - Processing /home/airflow/.local/lib/python3.8/site-packages/airflow/example_dags/example_xcomargs.py took 0.044 seconds
[2024-03-24T03:02:51.103+0000] {processor.py:161} INFO - Started process (PID=822) to work on /home/airflow/.local/lib/python3.8/site-packages/airflow/example_dags/example_xcomargs.py
[2024-03-24T03:02:51.104+0000] {processor.py:830} INFO - Processing file /home/airflow/.local/lib/python3.8/site-packages/airflow/example_dags/example_xcomargs.py for tasks to queue
[2024-03-24T03:02:51.105+0000] {logging_mixin.py:188} INFO - [2024-03-24T03:02:51.105+0000] {dagbag.py:540} INFO - Filling up the DagBag from /home/airflow/.local/lib/python3.8/site-packages/airflow/example_dags/example_xcomargs.py
[2024-03-24T03:02:51.110+0000] {processor.py:840} INFO - DAG(s) 'example_xcom_args_with_operators', 'example_xcom_args' retrieved from /home/airflow/.local/lib/python3.8/site-packages/airflow/example_dags/example_xcomargs.py
[2024-03-24T03:02:51.123+0000] {logging_mixin.py:188} INFO - [2024-03-24T03:02:51.123+0000] {dag.py:3047} INFO - Sync 2 DAGs
[2024-03-24T03:02:51.129+0000] {logging_mixin.py:188} INFO - [2024-03-24T03:02:51.129+0000] {dag.py:3834} INFO - Setting next_dagrun for example_xcom_args to None, run_after=None
[2024-03-24T03:02:51.131+0000] {logging_mixin.py:188} INFO - [2024-03-24T03:02:51.131+0000] {dag.py:3834} INFO - Setting next_dagrun for example_xcom_args_with_operators to None, run_after=None
[2024-03-24T03:02:51.139+0000] {processor.py:183} INFO - Processing /home/airflow/.local/lib/python3.8/site-packages/airflow/example_dags/example_xcomargs.py took 0.038 seconds
[2024-03-24T03:03:21.929+0000] {processor.py:161} INFO - Started process (PID=877) to work on /home/airflow/.local/lib/python3.8/site-packages/airflow/example_dags/example_xcomargs.py
[2024-03-24T03:03:21.932+0000] {processor.py:830} INFO - Processing file /home/airflow/.local/lib/python3.8/site-packages/airflow/example_dags/example_xcomargs.py for tasks to queue
[2024-03-24T03:03:21.935+0000] {logging_mixin.py:188} INFO - [2024-03-24T03:03:21.935+0000] {dagbag.py:540} INFO - Filling up the DagBag from /home/airflow/.local/lib/python3.8/site-packages/airflow/example_dags/example_xcomargs.py
[2024-03-24T03:03:21.940+0000] {processor.py:840} INFO - DAG(s) 'example_xcom_args', 'example_xcom_args_with_operators' retrieved from /home/airflow/.local/lib/python3.8/site-packages/airflow/example_dags/example_xcomargs.py
[2024-03-24T03:03:21.954+0000] {logging_mixin.py:188} INFO - [2024-03-24T03:03:21.954+0000] {dag.py:3047} INFO - Sync 2 DAGs
[2024-03-24T03:03:21.963+0000] {logging_mixin.py:188} INFO - [2024-03-24T03:03:21.963+0000] {dag.py:3834} INFO - Setting next_dagrun for example_xcom_args to None, run_after=None
[2024-03-24T03:03:21.966+0000] {logging_mixin.py:188} INFO - [2024-03-24T03:03:21.966+0000] {dag.py:3834} INFO - Setting next_dagrun for example_xcom_args_with_operators to None, run_after=None
[2024-03-24T03:03:21.975+0000] {processor.py:183} INFO - Processing /home/airflow/.local/lib/python3.8/site-packages/airflow/example_dags/example_xcomargs.py took 0.048 seconds
[2024-03-24T03:03:52.203+0000] {processor.py:161} INFO - Started process (PID=932) to work on /home/airflow/.local/lib/python3.8/site-packages/airflow/example_dags/example_xcomargs.py
[2024-03-24T03:03:52.203+0000] {processor.py:830} INFO - Processing file /home/airflow/.local/lib/python3.8/site-packages/airflow/example_dags/example_xcomargs.py for tasks to queue
[2024-03-24T03:03:52.204+0000] {logging_mixin.py:188} INFO - [2024-03-24T03:03:52.204+0000] {dagbag.py:540} INFO - Filling up the DagBag from /home/airflow/.local/lib/python3.8/site-packages/airflow/example_dags/example_xcomargs.py
[2024-03-24T03:03:52.209+0000] {processor.py:840} INFO - DAG(s) 'example_xcom_args_with_operators', 'example_xcom_args' retrieved from /home/airflow/.local/lib/python3.8/site-packages/airflow/example_dags/example_xcomargs.py
[2024-03-24T03:03:52.222+0000] {logging_mixin.py:188} INFO - [2024-03-24T03:03:52.222+0000] {dag.py:3047} INFO - Sync 2 DAGs
[2024-03-24T03:03:52.228+0000] {logging_mixin.py:188} INFO - [2024-03-24T03:03:52.228+0000] {dag.py:3834} INFO - Setting next_dagrun for example_xcom_args to None, run_after=None
[2024-03-24T03:03:52.230+0000] {logging_mixin.py:188} INFO - [2024-03-24T03:03:52.230+0000] {dag.py:3834} INFO - Setting next_dagrun for example_xcom_args_with_operators to None, run_after=None
[2024-03-24T03:03:52.240+0000] {processor.py:183} INFO - Processing /home/airflow/.local/lib/python3.8/site-packages/airflow/example_dags/example_xcomargs.py took 0.039 seconds
[2024-03-24T03:04:23.041+0000] {processor.py:161} INFO - Started process (PID=986) to work on /home/airflow/.local/lib/python3.8/site-packages/airflow/example_dags/example_xcomargs.py
[2024-03-24T03:04:23.042+0000] {processor.py:830} INFO - Processing file /home/airflow/.local/lib/python3.8/site-packages/airflow/example_dags/example_xcomargs.py for tasks to queue
[2024-03-24T03:04:23.043+0000] {logging_mixin.py:188} INFO - [2024-03-24T03:04:23.043+0000] {dagbag.py:540} INFO - Filling up the DagBag from /home/airflow/.local/lib/python3.8/site-packages/airflow/example_dags/example_xcomargs.py
[2024-03-24T03:04:23.048+0000] {processor.py:840} INFO - DAG(s) 'example_xcom_args', 'example_xcom_args_with_operators' retrieved from /home/airflow/.local/lib/python3.8/site-packages/airflow/example_dags/example_xcomargs.py
[2024-03-24T03:04:23.059+0000] {logging_mixin.py:188} INFO - [2024-03-24T03:04:23.058+0000] {dag.py:3047} INFO - Sync 2 DAGs
[2024-03-24T03:04:23.064+0000] {logging_mixin.py:188} INFO - [2024-03-24T03:04:23.064+0000] {dag.py:3834} INFO - Setting next_dagrun for example_xcom_args to None, run_after=None
[2024-03-24T03:04:23.066+0000] {logging_mixin.py:188} INFO - [2024-03-24T03:04:23.066+0000] {dag.py:3834} INFO - Setting next_dagrun for example_xcom_args_with_operators to None, run_after=None
[2024-03-24T03:04:23.073+0000] {processor.py:183} INFO - Processing /home/airflow/.local/lib/python3.8/site-packages/airflow/example_dags/example_xcomargs.py took 0.033 seconds
[2024-03-24T03:04:53.325+0000] {processor.py:161} INFO - Started process (PID=1040) to work on /home/airflow/.local/lib/python3.8/site-packages/airflow/example_dags/example_xcomargs.py
[2024-03-24T03:04:53.326+0000] {processor.py:830} INFO - Processing file /home/airflow/.local/lib/python3.8/site-packages/airflow/example_dags/example_xcomargs.py for tasks to queue
[2024-03-24T03:04:53.330+0000] {logging_mixin.py:188} INFO - [2024-03-24T03:04:53.330+0000] {dagbag.py:540} INFO - Filling up the DagBag from /home/airflow/.local/lib/python3.8/site-packages/airflow/example_dags/example_xcomargs.py
[2024-03-24T03:04:53.336+0000] {processor.py:840} INFO - DAG(s) 'example_xcom_args_with_operators', 'example_xcom_args' retrieved from /home/airflow/.local/lib/python3.8/site-packages/airflow/example_dags/example_xcomargs.py
[2024-03-24T03:04:53.350+0000] {logging_mixin.py:188} INFO - [2024-03-24T03:04:53.349+0000] {dag.py:3047} INFO - Sync 2 DAGs
[2024-03-24T03:04:53.356+0000] {logging_mixin.py:188} INFO - [2024-03-24T03:04:53.356+0000] {dag.py:3834} INFO - Setting next_dagrun for example_xcom_args to None, run_after=None
[2024-03-24T03:04:53.359+0000] {logging_mixin.py:188} INFO - [2024-03-24T03:04:53.358+0000] {dag.py:3834} INFO - Setting next_dagrun for example_xcom_args_with_operators to None, run_after=None
[2024-03-24T03:04:53.370+0000] {processor.py:183} INFO - Processing /home/airflow/.local/lib/python3.8/site-packages/airflow/example_dags/example_xcomargs.py took 0.047 seconds
[2024-03-24T03:05:23.765+0000] {processor.py:161} INFO - Started process (PID=1096) to work on /home/airflow/.local/lib/python3.8/site-packages/airflow/example_dags/example_xcomargs.py
[2024-03-24T03:05:23.766+0000] {processor.py:830} INFO - Processing file /home/airflow/.local/lib/python3.8/site-packages/airflow/example_dags/example_xcomargs.py for tasks to queue
[2024-03-24T03:05:23.767+0000] {logging_mixin.py:188} INFO - [2024-03-24T03:05:23.767+0000] {dagbag.py:540} INFO - Filling up the DagBag from /home/airflow/.local/lib/python3.8/site-packages/airflow/example_dags/example_xcomargs.py
[2024-03-24T03:05:23.772+0000] {processor.py:840} INFO - DAG(s) 'example_xcom_args', 'example_xcom_args_with_operators' retrieved from /home/airflow/.local/lib/python3.8/site-packages/airflow/example_dags/example_xcomargs.py
[2024-03-24T03:05:23.785+0000] {logging_mixin.py:188} INFO - [2024-03-24T03:05:23.785+0000] {dag.py:3047} INFO - Sync 2 DAGs
[2024-03-24T03:05:23.792+0000] {logging_mixin.py:188} INFO - [2024-03-24T03:05:23.792+0000] {dag.py:3834} INFO - Setting next_dagrun for example_xcom_args to None, run_after=None
[2024-03-24T03:05:23.794+0000] {logging_mixin.py:188} INFO - [2024-03-24T03:05:23.794+0000] {dag.py:3834} INFO - Setting next_dagrun for example_xcom_args_with_operators to None, run_after=None
[2024-03-24T03:05:23.804+0000] {processor.py:183} INFO - Processing /home/airflow/.local/lib/python3.8/site-packages/airflow/example_dags/example_xcomargs.py took 0.041 seconds
[2024-03-24T03:05:54.418+0000] {processor.py:161} INFO - Started process (PID=1150) to work on /home/airflow/.local/lib/python3.8/site-packages/airflow/example_dags/example_xcomargs.py
[2024-03-24T03:05:54.419+0000] {processor.py:830} INFO - Processing file /home/airflow/.local/lib/python3.8/site-packages/airflow/example_dags/example_xcomargs.py for tasks to queue
[2024-03-24T03:05:54.420+0000] {logging_mixin.py:188} INFO - [2024-03-24T03:05:54.420+0000] {dagbag.py:540} INFO - Filling up the DagBag from /home/airflow/.local/lib/python3.8/site-packages/airflow/example_dags/example_xcomargs.py
[2024-03-24T03:05:54.424+0000] {processor.py:840} INFO - DAG(s) 'example_xcom_args', 'example_xcom_args_with_operators' retrieved from /home/airflow/.local/lib/python3.8/site-packages/airflow/example_dags/example_xcomargs.py
[2024-03-24T03:05:54.436+0000] {logging_mixin.py:188} INFO - [2024-03-24T03:05:54.436+0000] {dag.py:3047} INFO - Sync 2 DAGs
[2024-03-24T03:05:54.442+0000] {logging_mixin.py:188} INFO - [2024-03-24T03:05:54.442+0000] {dag.py:3834} INFO - Setting next_dagrun for example_xcom_args to None, run_after=None
[2024-03-24T03:05:54.444+0000] {logging_mixin.py:188} INFO - [2024-03-24T03:05:54.444+0000] {dag.py:3834} INFO - Setting next_dagrun for example_xcom_args_with_operators to None, run_after=None
[2024-03-24T03:05:54.452+0000] {processor.py:183} INFO - Processing /home/airflow/.local/lib/python3.8/site-packages/airflow/example_dags/example_xcomargs.py took 0.036 seconds
