[2024-03-24T02:55:43.953+0000] {processor.py:161} INFO - Started process (PID=54) to work on /home/airflow/.local/lib/python3.8/site-packages/airflow/example_dags/example_skip_dag.py
[2024-03-24T02:55:43.956+0000] {processor.py:830} INFO - Processing file /home/airflow/.local/lib/python3.8/site-packages/airflow/example_dags/example_skip_dag.py for tasks to queue
[2024-03-24T02:55:43.970+0000] {logging_mixin.py:188} INFO - [2024-03-24T02:55:43.965+0000] {dagbag.py:540} INFO - Filling up the DagBag from /home/airflow/.local/lib/python3.8/site-packages/airflow/example_dags/example_skip_dag.py
[2024-03-24T02:55:43.982+0000] {processor.py:840} INFO - DAG(s) 'example_skip_dag' retrieved from /home/airflow/.local/lib/python3.8/site-packages/airflow/example_dags/example_skip_dag.py
[2024-03-24T02:55:44.009+0000] {logging_mixin.py:188} INFO - [2024-03-24T02:55:44.009+0000] {dag.py:3047} INFO - Sync 1 DAGs
[2024-03-24T02:55:44.033+0000] {logging_mixin.py:188} INFO - [2024-03-24T02:55:44.033+0000] {dag.py:3834} INFO - Setting next_dagrun for example_skip_dag to 2024-03-23 00:00:00+00:00, run_after=2024-03-24 00:00:00+00:00
[2024-03-24T02:55:44.054+0000] {processor.py:183} INFO - Processing /home/airflow/.local/lib/python3.8/site-packages/airflow/example_dags/example_skip_dag.py took 0.112 seconds
[2024-03-24T02:56:14.221+0000] {processor.py:161} INFO - Started process (PID=108) to work on /home/airflow/.local/lib/python3.8/site-packages/airflow/example_dags/example_skip_dag.py
[2024-03-24T02:56:14.222+0000] {processor.py:830} INFO - Processing file /home/airflow/.local/lib/python3.8/site-packages/airflow/example_dags/example_skip_dag.py for tasks to queue
[2024-03-24T02:56:14.223+0000] {logging_mixin.py:188} INFO - [2024-03-24T02:56:14.223+0000] {dagbag.py:540} INFO - Filling up the DagBag from /home/airflow/.local/lib/python3.8/site-packages/airflow/example_dags/example_skip_dag.py
[2024-03-24T02:56:14.227+0000] {processor.py:840} INFO - DAG(s) 'example_skip_dag' retrieved from /home/airflow/.local/lib/python3.8/site-packages/airflow/example_dags/example_skip_dag.py
[2024-03-24T02:56:14.278+0000] {logging_mixin.py:188} INFO - [2024-03-24T02:56:14.278+0000] {dag.py:3047} INFO - Sync 1 DAGs
[2024-03-24T02:56:14.287+0000] {logging_mixin.py:188} INFO - [2024-03-24T02:56:14.286+0000] {dag.py:3834} INFO - Setting next_dagrun for example_skip_dag to 2024-03-23 00:00:00+00:00, run_after=2024-03-24 00:00:00+00:00
[2024-03-24T02:56:14.295+0000] {processor.py:183} INFO - Processing /home/airflow/.local/lib/python3.8/site-packages/airflow/example_dags/example_skip_dag.py took 0.076 seconds
[2024-03-24T02:56:44.451+0000] {processor.py:161} INFO - Started process (PID=163) to work on /home/airflow/.local/lib/python3.8/site-packages/airflow/example_dags/example_skip_dag.py
[2024-03-24T02:56:44.452+0000] {processor.py:830} INFO - Processing file /home/airflow/.local/lib/python3.8/site-packages/airflow/example_dags/example_skip_dag.py for tasks to queue
[2024-03-24T02:56:44.453+0000] {logging_mixin.py:188} INFO - [2024-03-24T02:56:44.453+0000] {dagbag.py:540} INFO - Filling up the DagBag from /home/airflow/.local/lib/python3.8/site-packages/airflow/example_dags/example_skip_dag.py
[2024-03-24T02:56:44.457+0000] {processor.py:840} INFO - DAG(s) 'example_skip_dag' retrieved from /home/airflow/.local/lib/python3.8/site-packages/airflow/example_dags/example_skip_dag.py
[2024-03-24T02:56:44.468+0000] {logging_mixin.py:188} INFO - [2024-03-24T02:56:44.468+0000] {dag.py:3047} INFO - Sync 1 DAGs
[2024-03-24T02:56:44.478+0000] {logging_mixin.py:188} INFO - [2024-03-24T02:56:44.478+0000] {dag.py:3834} INFO - Setting next_dagrun for example_skip_dag to 2024-03-23 00:00:00+00:00, run_after=2024-03-24 00:00:00+00:00
[2024-03-24T02:56:44.487+0000] {processor.py:183} INFO - Processing /home/airflow/.local/lib/python3.8/site-packages/airflow/example_dags/example_skip_dag.py took 0.037 seconds
[2024-03-24T02:57:15.166+0000] {processor.py:161} INFO - Started process (PID=218) to work on /home/airflow/.local/lib/python3.8/site-packages/airflow/example_dags/example_skip_dag.py
[2024-03-24T02:57:15.167+0000] {processor.py:830} INFO - Processing file /home/airflow/.local/lib/python3.8/site-packages/airflow/example_dags/example_skip_dag.py for tasks to queue
[2024-03-24T02:57:15.168+0000] {logging_mixin.py:188} INFO - [2024-03-24T02:57:15.168+0000] {dagbag.py:540} INFO - Filling up the DagBag from /home/airflow/.local/lib/python3.8/site-packages/airflow/example_dags/example_skip_dag.py
[2024-03-24T02:57:15.172+0000] {processor.py:840} INFO - DAG(s) 'example_skip_dag' retrieved from /home/airflow/.local/lib/python3.8/site-packages/airflow/example_dags/example_skip_dag.py
[2024-03-24T02:57:15.183+0000] {logging_mixin.py:188} INFO - [2024-03-24T02:57:15.183+0000] {dag.py:3047} INFO - Sync 1 DAGs
[2024-03-24T02:57:15.198+0000] {logging_mixin.py:188} INFO - [2024-03-24T02:57:15.198+0000] {dag.py:3834} INFO - Setting next_dagrun for example_skip_dag to 2024-03-23 00:00:00+00:00, run_after=2024-03-24 00:00:00+00:00
[2024-03-24T02:57:15.206+0000] {processor.py:183} INFO - Processing /home/airflow/.local/lib/python3.8/site-packages/airflow/example_dags/example_skip_dag.py took 0.042 seconds
[2024-03-24T02:57:46.082+0000] {processor.py:161} INFO - Started process (PID=273) to work on /home/airflow/.local/lib/python3.8/site-packages/airflow/example_dags/example_skip_dag.py
[2024-03-24T02:57:46.082+0000] {processor.py:830} INFO - Processing file /home/airflow/.local/lib/python3.8/site-packages/airflow/example_dags/example_skip_dag.py for tasks to queue
[2024-03-24T02:57:46.083+0000] {logging_mixin.py:188} INFO - [2024-03-24T02:57:46.083+0000] {dagbag.py:540} INFO - Filling up the DagBag from /home/airflow/.local/lib/python3.8/site-packages/airflow/example_dags/example_skip_dag.py
[2024-03-24T02:57:46.087+0000] {processor.py:840} INFO - DAG(s) 'example_skip_dag' retrieved from /home/airflow/.local/lib/python3.8/site-packages/airflow/example_dags/example_skip_dag.py
[2024-03-24T02:57:46.097+0000] {logging_mixin.py:188} INFO - [2024-03-24T02:57:46.097+0000] {dag.py:3047} INFO - Sync 1 DAGs
[2024-03-24T02:57:46.107+0000] {logging_mixin.py:188} INFO - [2024-03-24T02:57:46.107+0000] {dag.py:3834} INFO - Setting next_dagrun for example_skip_dag to 2024-03-23 00:00:00+00:00, run_after=2024-03-24 00:00:00+00:00
[2024-03-24T02:57:46.115+0000] {processor.py:183} INFO - Processing /home/airflow/.local/lib/python3.8/site-packages/airflow/example_dags/example_skip_dag.py took 0.035 seconds
[2024-03-24T02:58:16.656+0000] {processor.py:161} INFO - Started process (PID=328) to work on /home/airflow/.local/lib/python3.8/site-packages/airflow/example_dags/example_skip_dag.py
[2024-03-24T02:58:16.657+0000] {processor.py:830} INFO - Processing file /home/airflow/.local/lib/python3.8/site-packages/airflow/example_dags/example_skip_dag.py for tasks to queue
[2024-03-24T02:58:16.659+0000] {logging_mixin.py:188} INFO - [2024-03-24T02:58:16.658+0000] {dagbag.py:540} INFO - Filling up the DagBag from /home/airflow/.local/lib/python3.8/site-packages/airflow/example_dags/example_skip_dag.py
[2024-03-24T02:58:16.664+0000] {processor.py:840} INFO - DAG(s) 'example_skip_dag' retrieved from /home/airflow/.local/lib/python3.8/site-packages/airflow/example_dags/example_skip_dag.py
[2024-03-24T02:58:16.671+0000] {logging_mixin.py:188} INFO - [2024-03-24T02:58:16.670+0000] {dag.py:3047} INFO - Sync 1 DAGs
[2024-03-24T02:58:16.683+0000] {logging_mixin.py:188} INFO - [2024-03-24T02:58:16.683+0000] {dag.py:3834} INFO - Setting next_dagrun for example_skip_dag to 2024-03-23 00:00:00+00:00, run_after=2024-03-24 00:00:00+00:00
[2024-03-24T02:58:16.693+0000] {processor.py:183} INFO - Processing /home/airflow/.local/lib/python3.8/site-packages/airflow/example_dags/example_skip_dag.py took 0.038 seconds
[2024-03-24T02:58:47.544+0000] {processor.py:161} INFO - Started process (PID=383) to work on /home/airflow/.local/lib/python3.8/site-packages/airflow/example_dags/example_skip_dag.py
[2024-03-24T02:58:47.545+0000] {processor.py:830} INFO - Processing file /home/airflow/.local/lib/python3.8/site-packages/airflow/example_dags/example_skip_dag.py for tasks to queue
[2024-03-24T02:58:47.546+0000] {logging_mixin.py:188} INFO - [2024-03-24T02:58:47.546+0000] {dagbag.py:540} INFO - Filling up the DagBag from /home/airflow/.local/lib/python3.8/site-packages/airflow/example_dags/example_skip_dag.py
[2024-03-24T02:58:47.550+0000] {processor.py:840} INFO - DAG(s) 'example_skip_dag' retrieved from /home/airflow/.local/lib/python3.8/site-packages/airflow/example_dags/example_skip_dag.py
[2024-03-24T02:58:47.601+0000] {logging_mixin.py:188} INFO - [2024-03-24T02:58:47.601+0000] {dag.py:3047} INFO - Sync 1 DAGs
[2024-03-24T02:58:47.613+0000] {logging_mixin.py:188} INFO - [2024-03-24T02:58:47.613+0000] {dag.py:3834} INFO - Setting next_dagrun for example_skip_dag to 2024-03-23 00:00:00+00:00, run_after=2024-03-24 00:00:00+00:00
[2024-03-24T02:58:47.622+0000] {processor.py:183} INFO - Processing /home/airflow/.local/lib/python3.8/site-packages/airflow/example_dags/example_skip_dag.py took 0.080 seconds
[2024-03-24T02:59:17.848+0000] {processor.py:161} INFO - Started process (PID=438) to work on /home/airflow/.local/lib/python3.8/site-packages/airflow/example_dags/example_skip_dag.py
[2024-03-24T02:59:17.849+0000] {processor.py:830} INFO - Processing file /home/airflow/.local/lib/python3.8/site-packages/airflow/example_dags/example_skip_dag.py for tasks to queue
[2024-03-24T02:59:17.850+0000] {logging_mixin.py:188} INFO - [2024-03-24T02:59:17.850+0000] {dagbag.py:540} INFO - Filling up the DagBag from /home/airflow/.local/lib/python3.8/site-packages/airflow/example_dags/example_skip_dag.py
[2024-03-24T02:59:17.854+0000] {processor.py:840} INFO - DAG(s) 'example_skip_dag' retrieved from /home/airflow/.local/lib/python3.8/site-packages/airflow/example_dags/example_skip_dag.py
[2024-03-24T02:59:17.866+0000] {logging_mixin.py:188} INFO - [2024-03-24T02:59:17.866+0000] {dag.py:3047} INFO - Sync 1 DAGs
[2024-03-24T02:59:17.879+0000] {logging_mixin.py:188} INFO - [2024-03-24T02:59:17.878+0000] {dag.py:3834} INFO - Setting next_dagrun for example_skip_dag to 2024-03-23 00:00:00+00:00, run_after=2024-03-24 00:00:00+00:00
[2024-03-24T02:59:17.888+0000] {processor.py:183} INFO - Processing /home/airflow/.local/lib/python3.8/site-packages/airflow/example_dags/example_skip_dag.py took 0.041 seconds
[2024-03-24T02:59:48.049+0000] {processor.py:161} INFO - Started process (PID=493) to work on /home/airflow/.local/lib/python3.8/site-packages/airflow/example_dags/example_skip_dag.py
[2024-03-24T02:59:48.050+0000] {processor.py:830} INFO - Processing file /home/airflow/.local/lib/python3.8/site-packages/airflow/example_dags/example_skip_dag.py for tasks to queue
[2024-03-24T02:59:48.051+0000] {logging_mixin.py:188} INFO - [2024-03-24T02:59:48.051+0000] {dagbag.py:540} INFO - Filling up the DagBag from /home/airflow/.local/lib/python3.8/site-packages/airflow/example_dags/example_skip_dag.py
[2024-03-24T02:59:48.054+0000] {processor.py:840} INFO - DAG(s) 'example_skip_dag' retrieved from /home/airflow/.local/lib/python3.8/site-packages/airflow/example_dags/example_skip_dag.py
[2024-03-24T02:59:48.067+0000] {logging_mixin.py:188} INFO - [2024-03-24T02:59:48.066+0000] {dag.py:3047} INFO - Sync 1 DAGs
[2024-03-24T02:59:48.077+0000] {logging_mixin.py:188} INFO - [2024-03-24T02:59:48.077+0000] {dag.py:3834} INFO - Setting next_dagrun for example_skip_dag to 2024-03-23 00:00:00+00:00, run_after=2024-03-24 00:00:00+00:00
[2024-03-24T02:59:48.086+0000] {processor.py:183} INFO - Processing /home/airflow/.local/lib/python3.8/site-packages/airflow/example_dags/example_skip_dag.py took 0.038 seconds
[2024-03-24T03:00:18.108+0000] {processor.py:161} INFO - Started process (PID=548) to work on /home/airflow/.local/lib/python3.8/site-packages/airflow/example_dags/example_skip_dag.py
[2024-03-24T03:00:18.108+0000] {processor.py:830} INFO - Processing file /home/airflow/.local/lib/python3.8/site-packages/airflow/example_dags/example_skip_dag.py for tasks to queue
[2024-03-24T03:00:18.109+0000] {logging_mixin.py:188} INFO - [2024-03-24T03:00:18.109+0000] {dagbag.py:540} INFO - Filling up the DagBag from /home/airflow/.local/lib/python3.8/site-packages/airflow/example_dags/example_skip_dag.py
[2024-03-24T03:00:18.113+0000] {processor.py:840} INFO - DAG(s) 'example_skip_dag' retrieved from /home/airflow/.local/lib/python3.8/site-packages/airflow/example_dags/example_skip_dag.py
[2024-03-24T03:00:18.124+0000] {logging_mixin.py:188} INFO - [2024-03-24T03:00:18.124+0000] {dag.py:3047} INFO - Sync 1 DAGs
[2024-03-24T03:00:18.137+0000] {logging_mixin.py:188} INFO - [2024-03-24T03:00:18.137+0000] {dag.py:3834} INFO - Setting next_dagrun for example_skip_dag to 2024-03-23 00:00:00+00:00, run_after=2024-03-24 00:00:00+00:00
[2024-03-24T03:00:18.148+0000] {processor.py:183} INFO - Processing /home/airflow/.local/lib/python3.8/site-packages/airflow/example_dags/example_skip_dag.py took 0.043 seconds
[2024-03-24T03:00:48.467+0000] {processor.py:161} INFO - Started process (PID=603) to work on /home/airflow/.local/lib/python3.8/site-packages/airflow/example_dags/example_skip_dag.py
[2024-03-24T03:00:48.469+0000] {processor.py:830} INFO - Processing file /home/airflow/.local/lib/python3.8/site-packages/airflow/example_dags/example_skip_dag.py for tasks to queue
[2024-03-24T03:00:48.471+0000] {logging_mixin.py:188} INFO - [2024-03-24T03:00:48.470+0000] {dagbag.py:540} INFO - Filling up the DagBag from /home/airflow/.local/lib/python3.8/site-packages/airflow/example_dags/example_skip_dag.py
[2024-03-24T03:00:48.478+0000] {processor.py:840} INFO - DAG(s) 'example_skip_dag' retrieved from /home/airflow/.local/lib/python3.8/site-packages/airflow/example_dags/example_skip_dag.py
[2024-03-24T03:00:48.497+0000] {logging_mixin.py:188} INFO - [2024-03-24T03:00:48.497+0000] {dag.py:3047} INFO - Sync 1 DAGs
[2024-03-24T03:00:48.519+0000] {logging_mixin.py:188} INFO - [2024-03-24T03:00:48.519+0000] {dag.py:3834} INFO - Setting next_dagrun for example_skip_dag to 2024-03-23 00:00:00+00:00, run_after=2024-03-24 00:00:00+00:00
[2024-03-24T03:00:48.533+0000] {processor.py:183} INFO - Processing /home/airflow/.local/lib/python3.8/site-packages/airflow/example_dags/example_skip_dag.py took 0.070 seconds
[2024-03-24T03:01:19.521+0000] {processor.py:161} INFO - Started process (PID=658) to work on /home/airflow/.local/lib/python3.8/site-packages/airflow/example_dags/example_skip_dag.py
[2024-03-24T03:01:19.522+0000] {processor.py:830} INFO - Processing file /home/airflow/.local/lib/python3.8/site-packages/airflow/example_dags/example_skip_dag.py for tasks to queue
[2024-03-24T03:01:19.524+0000] {logging_mixin.py:188} INFO - [2024-03-24T03:01:19.523+0000] {dagbag.py:540} INFO - Filling up the DagBag from /home/airflow/.local/lib/python3.8/site-packages/airflow/example_dags/example_skip_dag.py
[2024-03-24T03:01:19.528+0000] {processor.py:840} INFO - DAG(s) 'example_skip_dag' retrieved from /home/airflow/.local/lib/python3.8/site-packages/airflow/example_dags/example_skip_dag.py
[2024-03-24T03:01:19.553+0000] {logging_mixin.py:188} INFO - [2024-03-24T03:01:19.553+0000] {dag.py:3047} INFO - Sync 1 DAGs
[2024-03-24T03:01:19.578+0000] {logging_mixin.py:188} INFO - [2024-03-24T03:01:19.577+0000] {dag.py:3834} INFO - Setting next_dagrun for example_skip_dag to 2024-03-23 00:00:00+00:00, run_after=2024-03-24 00:00:00+00:00
[2024-03-24T03:01:19.591+0000] {processor.py:183} INFO - Processing /home/airflow/.local/lib/python3.8/site-packages/airflow/example_dags/example_skip_dag.py took 0.072 seconds
[2024-03-24T03:01:50.384+0000] {processor.py:161} INFO - Started process (PID=713) to work on /home/airflow/.local/lib/python3.8/site-packages/airflow/example_dags/example_skip_dag.py
[2024-03-24T03:01:50.385+0000] {processor.py:830} INFO - Processing file /home/airflow/.local/lib/python3.8/site-packages/airflow/example_dags/example_skip_dag.py for tasks to queue
[2024-03-24T03:01:50.386+0000] {logging_mixin.py:188} INFO - [2024-03-24T03:01:50.386+0000] {dagbag.py:540} INFO - Filling up the DagBag from /home/airflow/.local/lib/python3.8/site-packages/airflow/example_dags/example_skip_dag.py
[2024-03-24T03:01:50.389+0000] {processor.py:840} INFO - DAG(s) 'example_skip_dag' retrieved from /home/airflow/.local/lib/python3.8/site-packages/airflow/example_dags/example_skip_dag.py
[2024-03-24T03:01:50.400+0000] {logging_mixin.py:188} INFO - [2024-03-24T03:01:50.400+0000] {dag.py:3047} INFO - Sync 1 DAGs
[2024-03-24T03:01:50.412+0000] {logging_mixin.py:188} INFO - [2024-03-24T03:01:50.412+0000] {dag.py:3834} INFO - Setting next_dagrun for example_skip_dag to 2024-03-23 00:00:00+00:00, run_after=2024-03-24 00:00:00+00:00
[2024-03-24T03:01:50.425+0000] {processor.py:183} INFO - Processing /home/airflow/.local/lib/python3.8/site-packages/airflow/example_dags/example_skip_dag.py took 0.042 seconds
[2024-03-24T03:02:20.906+0000] {processor.py:161} INFO - Started process (PID=768) to work on /home/airflow/.local/lib/python3.8/site-packages/airflow/example_dags/example_skip_dag.py
[2024-03-24T03:02:20.907+0000] {processor.py:830} INFO - Processing file /home/airflow/.local/lib/python3.8/site-packages/airflow/example_dags/example_skip_dag.py for tasks to queue
[2024-03-24T03:02:20.909+0000] {logging_mixin.py:188} INFO - [2024-03-24T03:02:20.909+0000] {dagbag.py:540} INFO - Filling up the DagBag from /home/airflow/.local/lib/python3.8/site-packages/airflow/example_dags/example_skip_dag.py
[2024-03-24T03:02:20.915+0000] {processor.py:840} INFO - DAG(s) 'example_skip_dag' retrieved from /home/airflow/.local/lib/python3.8/site-packages/airflow/example_dags/example_skip_dag.py
[2024-03-24T03:02:20.927+0000] {logging_mixin.py:188} INFO - [2024-03-24T03:02:20.927+0000] {dag.py:3047} INFO - Sync 1 DAGs
[2024-03-24T03:02:20.939+0000] {logging_mixin.py:188} INFO - [2024-03-24T03:02:20.939+0000] {dag.py:3834} INFO - Setting next_dagrun for example_skip_dag to 2024-03-23 00:00:00+00:00, run_after=2024-03-24 00:00:00+00:00
[2024-03-24T03:02:20.949+0000] {processor.py:183} INFO - Processing /home/airflow/.local/lib/python3.8/site-packages/airflow/example_dags/example_skip_dag.py took 0.045 seconds
[2024-03-24T03:02:51.122+0000] {processor.py:161} INFO - Started process (PID=823) to work on /home/airflow/.local/lib/python3.8/site-packages/airflow/example_dags/example_skip_dag.py
[2024-03-24T03:02:51.123+0000] {processor.py:830} INFO - Processing file /home/airflow/.local/lib/python3.8/site-packages/airflow/example_dags/example_skip_dag.py for tasks to queue
[2024-03-24T03:02:51.126+0000] {logging_mixin.py:188} INFO - [2024-03-24T03:02:51.126+0000] {dagbag.py:540} INFO - Filling up the DagBag from /home/airflow/.local/lib/python3.8/site-packages/airflow/example_dags/example_skip_dag.py
[2024-03-24T03:02:51.130+0000] {processor.py:840} INFO - DAG(s) 'example_skip_dag' retrieved from /home/airflow/.local/lib/python3.8/site-packages/airflow/example_dags/example_skip_dag.py
[2024-03-24T03:02:51.142+0000] {logging_mixin.py:188} INFO - [2024-03-24T03:02:51.141+0000] {dag.py:3047} INFO - Sync 1 DAGs
[2024-03-24T03:02:51.153+0000] {logging_mixin.py:188} INFO - [2024-03-24T03:02:51.153+0000] {dag.py:3834} INFO - Setting next_dagrun for example_skip_dag to 2024-03-23 00:00:00+00:00, run_after=2024-03-24 00:00:00+00:00
[2024-03-24T03:02:51.163+0000] {processor.py:183} INFO - Processing /home/airflow/.local/lib/python3.8/site-packages/airflow/example_dags/example_skip_dag.py took 0.042 seconds
[2024-03-24T03:03:21.963+0000] {processor.py:161} INFO - Started process (PID=878) to work on /home/airflow/.local/lib/python3.8/site-packages/airflow/example_dags/example_skip_dag.py
[2024-03-24T03:03:21.964+0000] {processor.py:830} INFO - Processing file /home/airflow/.local/lib/python3.8/site-packages/airflow/example_dags/example_skip_dag.py for tasks to queue
[2024-03-24T03:03:21.966+0000] {logging_mixin.py:188} INFO - [2024-03-24T03:03:21.965+0000] {dagbag.py:540} INFO - Filling up the DagBag from /home/airflow/.local/lib/python3.8/site-packages/airflow/example_dags/example_skip_dag.py
[2024-03-24T03:03:21.969+0000] {processor.py:840} INFO - DAG(s) 'example_skip_dag' retrieved from /home/airflow/.local/lib/python3.8/site-packages/airflow/example_dags/example_skip_dag.py
[2024-03-24T03:03:21.986+0000] {logging_mixin.py:188} INFO - [2024-03-24T03:03:21.986+0000] {dag.py:3047} INFO - Sync 1 DAGs
[2024-03-24T03:03:21.998+0000] {logging_mixin.py:188} INFO - [2024-03-24T03:03:21.998+0000] {dag.py:3834} INFO - Setting next_dagrun for example_skip_dag to 2024-03-23 00:00:00+00:00, run_after=2024-03-24 00:00:00+00:00
[2024-03-24T03:03:22.007+0000] {processor.py:183} INFO - Processing /home/airflow/.local/lib/python3.8/site-packages/airflow/example_dags/example_skip_dag.py took 0.047 seconds
[2024-03-24T03:03:52.235+0000] {processor.py:161} INFO - Started process (PID=933) to work on /home/airflow/.local/lib/python3.8/site-packages/airflow/example_dags/example_skip_dag.py
[2024-03-24T03:03:52.236+0000] {processor.py:830} INFO - Processing file /home/airflow/.local/lib/python3.8/site-packages/airflow/example_dags/example_skip_dag.py for tasks to queue
[2024-03-24T03:03:52.237+0000] {logging_mixin.py:188} INFO - [2024-03-24T03:03:52.237+0000] {dagbag.py:540} INFO - Filling up the DagBag from /home/airflow/.local/lib/python3.8/site-packages/airflow/example_dags/example_skip_dag.py
[2024-03-24T03:03:52.241+0000] {processor.py:840} INFO - DAG(s) 'example_skip_dag' retrieved from /home/airflow/.local/lib/python3.8/site-packages/airflow/example_dags/example_skip_dag.py
[2024-03-24T03:03:52.252+0000] {logging_mixin.py:188} INFO - [2024-03-24T03:03:52.252+0000] {dag.py:3047} INFO - Sync 1 DAGs
[2024-03-24T03:03:52.263+0000] {logging_mixin.py:188} INFO - [2024-03-24T03:03:52.263+0000] {dag.py:3834} INFO - Setting next_dagrun for example_skip_dag to 2024-03-23 00:00:00+00:00, run_after=2024-03-24 00:00:00+00:00
[2024-03-24T03:03:52.273+0000] {processor.py:183} INFO - Processing /home/airflow/.local/lib/python3.8/site-packages/airflow/example_dags/example_skip_dag.py took 0.040 seconds
[2024-03-24T03:04:23.084+0000] {processor.py:161} INFO - Started process (PID=987) to work on /home/airflow/.local/lib/python3.8/site-packages/airflow/example_dags/example_skip_dag.py
[2024-03-24T03:04:23.085+0000] {processor.py:830} INFO - Processing file /home/airflow/.local/lib/python3.8/site-packages/airflow/example_dags/example_skip_dag.py for tasks to queue
[2024-03-24T03:04:23.086+0000] {logging_mixin.py:188} INFO - [2024-03-24T03:04:23.086+0000] {dagbag.py:540} INFO - Filling up the DagBag from /home/airflow/.local/lib/python3.8/site-packages/airflow/example_dags/example_skip_dag.py
[2024-03-24T03:04:23.090+0000] {processor.py:840} INFO - DAG(s) 'example_skip_dag' retrieved from /home/airflow/.local/lib/python3.8/site-packages/airflow/example_dags/example_skip_dag.py
[2024-03-24T03:04:23.100+0000] {logging_mixin.py:188} INFO - [2024-03-24T03:04:23.100+0000] {dag.py:3047} INFO - Sync 1 DAGs
[2024-03-24T03:04:23.109+0000] {logging_mixin.py:188} INFO - [2024-03-24T03:04:23.109+0000] {dag.py:3834} INFO - Setting next_dagrun for example_skip_dag to 2024-03-23 00:00:00+00:00, run_after=2024-03-24 00:00:00+00:00
[2024-03-24T03:04:23.118+0000] {processor.py:183} INFO - Processing /home/airflow/.local/lib/python3.8/site-packages/airflow/example_dags/example_skip_dag.py took 0.035 seconds
[2024-03-24T03:04:53.339+0000] {processor.py:161} INFO - Started process (PID=1041) to work on /home/airflow/.local/lib/python3.8/site-packages/airflow/example_dags/example_skip_dag.py
[2024-03-24T03:04:53.340+0000] {processor.py:830} INFO - Processing file /home/airflow/.local/lib/python3.8/site-packages/airflow/example_dags/example_skip_dag.py for tasks to queue
[2024-03-24T03:04:53.341+0000] {logging_mixin.py:188} INFO - [2024-03-24T03:04:53.341+0000] {dagbag.py:540} INFO - Filling up the DagBag from /home/airflow/.local/lib/python3.8/site-packages/airflow/example_dags/example_skip_dag.py
[2024-03-24T03:04:53.346+0000] {processor.py:840} INFO - DAG(s) 'example_skip_dag' retrieved from /home/airflow/.local/lib/python3.8/site-packages/airflow/example_dags/example_skip_dag.py
[2024-03-24T03:04:53.357+0000] {logging_mixin.py:188} INFO - [2024-03-24T03:04:53.357+0000] {dag.py:3047} INFO - Sync 1 DAGs
[2024-03-24T03:04:53.368+0000] {logging_mixin.py:188} INFO - [2024-03-24T03:04:53.368+0000] {dag.py:3834} INFO - Setting next_dagrun for example_skip_dag to 2024-03-23 00:00:00+00:00, run_after=2024-03-24 00:00:00+00:00
[2024-03-24T03:04:53.387+0000] {processor.py:183} INFO - Processing /home/airflow/.local/lib/python3.8/site-packages/airflow/example_dags/example_skip_dag.py took 0.049 seconds
[2024-03-24T03:05:23.804+0000] {processor.py:161} INFO - Started process (PID=1097) to work on /home/airflow/.local/lib/python3.8/site-packages/airflow/example_dags/example_skip_dag.py
[2024-03-24T03:05:23.805+0000] {processor.py:830} INFO - Processing file /home/airflow/.local/lib/python3.8/site-packages/airflow/example_dags/example_skip_dag.py for tasks to queue
[2024-03-24T03:05:23.806+0000] {logging_mixin.py:188} INFO - [2024-03-24T03:05:23.806+0000] {dagbag.py:540} INFO - Filling up the DagBag from /home/airflow/.local/lib/python3.8/site-packages/airflow/example_dags/example_skip_dag.py
[2024-03-24T03:05:23.810+0000] {processor.py:840} INFO - DAG(s) 'example_skip_dag' retrieved from /home/airflow/.local/lib/python3.8/site-packages/airflow/example_dags/example_skip_dag.py
[2024-03-24T03:05:23.821+0000] {logging_mixin.py:188} INFO - [2024-03-24T03:05:23.821+0000] {dag.py:3047} INFO - Sync 1 DAGs
[2024-03-24T03:05:23.833+0000] {logging_mixin.py:188} INFO - [2024-03-24T03:05:23.833+0000] {dag.py:3834} INFO - Setting next_dagrun for example_skip_dag to 2024-03-23 00:00:00+00:00, run_after=2024-03-24 00:00:00+00:00
[2024-03-24T03:05:23.844+0000] {processor.py:183} INFO - Processing /home/airflow/.local/lib/python3.8/site-packages/airflow/example_dags/example_skip_dag.py took 0.042 seconds
[2024-03-24T03:05:54.446+0000] {processor.py:161} INFO - Started process (PID=1151) to work on /home/airflow/.local/lib/python3.8/site-packages/airflow/example_dags/example_skip_dag.py
[2024-03-24T03:05:54.446+0000] {processor.py:830} INFO - Processing file /home/airflow/.local/lib/python3.8/site-packages/airflow/example_dags/example_skip_dag.py for tasks to queue
[2024-03-24T03:05:54.447+0000] {logging_mixin.py:188} INFO - [2024-03-24T03:05:54.447+0000] {dagbag.py:540} INFO - Filling up the DagBag from /home/airflow/.local/lib/python3.8/site-packages/airflow/example_dags/example_skip_dag.py
[2024-03-24T03:05:54.451+0000] {processor.py:840} INFO - DAG(s) 'example_skip_dag' retrieved from /home/airflow/.local/lib/python3.8/site-packages/airflow/example_dags/example_skip_dag.py
[2024-03-24T03:05:54.463+0000] {logging_mixin.py:188} INFO - [2024-03-24T03:05:54.463+0000] {dag.py:3047} INFO - Sync 1 DAGs
[2024-03-24T03:05:54.475+0000] {logging_mixin.py:188} INFO - [2024-03-24T03:05:54.475+0000] {dag.py:3834} INFO - Setting next_dagrun for example_skip_dag to 2024-03-23 00:00:00+00:00, run_after=2024-03-24 00:00:00+00:00
[2024-03-24T03:05:54.484+0000] {processor.py:183} INFO - Processing /home/airflow/.local/lib/python3.8/site-packages/airflow/example_dags/example_skip_dag.py took 0.040 seconds
