[2024-03-24T02:55:42.849+0000] {processor.py:161} INFO - Started process (PID=41) to work on /home/airflow/.local/lib/python3.8/site-packages/airflow/example_dags/example_complex.py
[2024-03-24T02:55:42.851+0000] {processor.py:830} INFO - Processing file /home/airflow/.local/lib/python3.8/site-packages/airflow/example_dags/example_complex.py for tasks to queue
[2024-03-24T02:55:42.853+0000] {logging_mixin.py:188} INFO - [2024-03-24T02:55:42.853+0000] {dagbag.py:540} INFO - Filling up the DagBag from /home/airflow/.local/lib/python3.8/site-packages/airflow/example_dags/example_complex.py
[2024-03-24T02:55:42.880+0000] {processor.py:840} INFO - DAG(s) 'example_complex' retrieved from /home/airflow/.local/lib/python3.8/site-packages/airflow/example_dags/example_complex.py
[2024-03-24T02:55:42.943+0000] {logging_mixin.py:188} INFO - [2024-03-24T02:55:42.942+0000] {dag.py:3047} INFO - Sync 1 DAGs
[2024-03-24T02:55:42.997+0000] {logging_mixin.py:188} INFO - [2024-03-24T02:55:42.997+0000] {dag.py:3834} INFO - Setting next_dagrun for example_complex to None, run_after=None
[2024-03-24T02:55:43.051+0000] {processor.py:183} INFO - Processing /home/airflow/.local/lib/python3.8/site-packages/airflow/example_dags/example_complex.py took 0.206 seconds
[2024-03-24T02:56:13.617+0000] {processor.py:161} INFO - Started process (PID=95) to work on /home/airflow/.local/lib/python3.8/site-packages/airflow/example_dags/example_complex.py
[2024-03-24T02:56:13.617+0000] {processor.py:830} INFO - Processing file /home/airflow/.local/lib/python3.8/site-packages/airflow/example_dags/example_complex.py for tasks to queue
[2024-03-24T02:56:13.618+0000] {logging_mixin.py:188} INFO - [2024-03-24T02:56:13.618+0000] {dagbag.py:540} INFO - Filling up the DagBag from /home/airflow/.local/lib/python3.8/site-packages/airflow/example_dags/example_complex.py
[2024-03-24T02:56:13.624+0000] {processor.py:840} INFO - DAG(s) 'example_complex' retrieved from /home/airflow/.local/lib/python3.8/site-packages/airflow/example_dags/example_complex.py
[2024-03-24T02:56:13.673+0000] {logging_mixin.py:188} INFO - [2024-03-24T02:56:13.673+0000] {dag.py:3047} INFO - Sync 1 DAGs
[2024-03-24T02:56:13.678+0000] {logging_mixin.py:188} INFO - [2024-03-24T02:56:13.678+0000] {dag.py:3834} INFO - Setting next_dagrun for example_complex to None, run_after=None
[2024-03-24T02:56:13.687+0000] {processor.py:183} INFO - Processing /home/airflow/.local/lib/python3.8/site-packages/airflow/example_dags/example_complex.py took 0.072 seconds
[2024-03-24T02:56:44.099+0000] {processor.py:161} INFO - Started process (PID=150) to work on /home/airflow/.local/lib/python3.8/site-packages/airflow/example_dags/example_complex.py
[2024-03-24T02:56:44.100+0000] {processor.py:830} INFO - Processing file /home/airflow/.local/lib/python3.8/site-packages/airflow/example_dags/example_complex.py for tasks to queue
[2024-03-24T02:56:44.101+0000] {logging_mixin.py:188} INFO - [2024-03-24T02:56:44.101+0000] {dagbag.py:540} INFO - Filling up the DagBag from /home/airflow/.local/lib/python3.8/site-packages/airflow/example_dags/example_complex.py
[2024-03-24T02:56:44.110+0000] {processor.py:840} INFO - DAG(s) 'example_complex' retrieved from /home/airflow/.local/lib/python3.8/site-packages/airflow/example_dags/example_complex.py
[2024-03-24T02:56:44.124+0000] {logging_mixin.py:188} INFO - [2024-03-24T02:56:44.124+0000] {dag.py:3047} INFO - Sync 1 DAGs
[2024-03-24T02:56:44.133+0000] {logging_mixin.py:188} INFO - [2024-03-24T02:56:44.132+0000] {dag.py:3834} INFO - Setting next_dagrun for example_complex to None, run_after=None
[2024-03-24T02:56:44.142+0000] {processor.py:183} INFO - Processing /home/airflow/.local/lib/python3.8/site-packages/airflow/example_dags/example_complex.py took 0.044 seconds
[2024-03-24T02:57:14.814+0000] {processor.py:161} INFO - Started process (PID=205) to work on /home/airflow/.local/lib/python3.8/site-packages/airflow/example_dags/example_complex.py
[2024-03-24T02:57:14.815+0000] {processor.py:830} INFO - Processing file /home/airflow/.local/lib/python3.8/site-packages/airflow/example_dags/example_complex.py for tasks to queue
[2024-03-24T02:57:14.816+0000] {logging_mixin.py:188} INFO - [2024-03-24T02:57:14.816+0000] {dagbag.py:540} INFO - Filling up the DagBag from /home/airflow/.local/lib/python3.8/site-packages/airflow/example_dags/example_complex.py
[2024-03-24T02:57:14.822+0000] {processor.py:840} INFO - DAG(s) 'example_complex' retrieved from /home/airflow/.local/lib/python3.8/site-packages/airflow/example_dags/example_complex.py
[2024-03-24T02:57:14.839+0000] {logging_mixin.py:188} INFO - [2024-03-24T02:57:14.839+0000] {dag.py:3047} INFO - Sync 1 DAGs
[2024-03-24T02:57:14.846+0000] {logging_mixin.py:188} INFO - [2024-03-24T02:57:14.846+0000] {dag.py:3834} INFO - Setting next_dagrun for example_complex to None, run_after=None
[2024-03-24T02:57:14.856+0000] {processor.py:183} INFO - Processing /home/airflow/.local/lib/python3.8/site-packages/airflow/example_dags/example_complex.py took 0.044 seconds
[2024-03-24T02:57:45.700+0000] {processor.py:161} INFO - Started process (PID=260) to work on /home/airflow/.local/lib/python3.8/site-packages/airflow/example_dags/example_complex.py
[2024-03-24T02:57:45.701+0000] {processor.py:830} INFO - Processing file /home/airflow/.local/lib/python3.8/site-packages/airflow/example_dags/example_complex.py for tasks to queue
[2024-03-24T02:57:45.703+0000] {logging_mixin.py:188} INFO - [2024-03-24T02:57:45.703+0000] {dagbag.py:540} INFO - Filling up the DagBag from /home/airflow/.local/lib/python3.8/site-packages/airflow/example_dags/example_complex.py
[2024-03-24T02:57:45.709+0000] {processor.py:840} INFO - DAG(s) 'example_complex' retrieved from /home/airflow/.local/lib/python3.8/site-packages/airflow/example_dags/example_complex.py
[2024-03-24T02:57:45.727+0000] {logging_mixin.py:188} INFO - [2024-03-24T02:57:45.727+0000] {dag.py:3047} INFO - Sync 1 DAGs
[2024-03-24T02:57:45.733+0000] {logging_mixin.py:188} INFO - [2024-03-24T02:57:45.732+0000] {dag.py:3834} INFO - Setting next_dagrun for example_complex to None, run_after=None
[2024-03-24T02:57:45.742+0000] {processor.py:183} INFO - Processing /home/airflow/.local/lib/python3.8/site-packages/airflow/example_dags/example_complex.py took 0.044 seconds
[2024-03-24T02:58:16.246+0000] {processor.py:161} INFO - Started process (PID=315) to work on /home/airflow/.local/lib/python3.8/site-packages/airflow/example_dags/example_complex.py
[2024-03-24T02:58:16.247+0000] {processor.py:830} INFO - Processing file /home/airflow/.local/lib/python3.8/site-packages/airflow/example_dags/example_complex.py for tasks to queue
[2024-03-24T02:58:16.248+0000] {logging_mixin.py:188} INFO - [2024-03-24T02:58:16.248+0000] {dagbag.py:540} INFO - Filling up the DagBag from /home/airflow/.local/lib/python3.8/site-packages/airflow/example_dags/example_complex.py
[2024-03-24T02:58:16.255+0000] {processor.py:840} INFO - DAG(s) 'example_complex' retrieved from /home/airflow/.local/lib/python3.8/site-packages/airflow/example_dags/example_complex.py
[2024-03-24T02:58:16.268+0000] {logging_mixin.py:188} INFO - [2024-03-24T02:58:16.267+0000] {dag.py:3047} INFO - Sync 1 DAGs
[2024-03-24T02:58:16.291+0000] {logging_mixin.py:188} INFO - [2024-03-24T02:58:16.291+0000] {dag.py:3834} INFO - Setting next_dagrun for example_complex to None, run_after=None
[2024-03-24T02:58:16.319+0000] {processor.py:183} INFO - Processing /home/airflow/.local/lib/python3.8/site-packages/airflow/example_dags/example_complex.py took 0.075 seconds
[2024-03-24T02:58:46.820+0000] {processor.py:161} INFO - Started process (PID=370) to work on /home/airflow/.local/lib/python3.8/site-packages/airflow/example_dags/example_complex.py
[2024-03-24T02:58:46.821+0000] {processor.py:830} INFO - Processing file /home/airflow/.local/lib/python3.8/site-packages/airflow/example_dags/example_complex.py for tasks to queue
[2024-03-24T02:58:46.821+0000] {logging_mixin.py:188} INFO - [2024-03-24T02:58:46.821+0000] {dagbag.py:540} INFO - Filling up the DagBag from /home/airflow/.local/lib/python3.8/site-packages/airflow/example_dags/example_complex.py
[2024-03-24T02:58:46.827+0000] {processor.py:840} INFO - DAG(s) 'example_complex' retrieved from /home/airflow/.local/lib/python3.8/site-packages/airflow/example_dags/example_complex.py
[2024-03-24T02:58:46.883+0000] {logging_mixin.py:188} INFO - [2024-03-24T02:58:46.883+0000] {dag.py:3047} INFO - Sync 1 DAGs
[2024-03-24T02:58:46.888+0000] {logging_mixin.py:188} INFO - [2024-03-24T02:58:46.888+0000] {dag.py:3834} INFO - Setting next_dagrun for example_complex to None, run_after=None
[2024-03-24T02:58:46.900+0000] {processor.py:183} INFO - Processing /home/airflow/.local/lib/python3.8/site-packages/airflow/example_dags/example_complex.py took 0.082 seconds
[2024-03-24T02:59:17.488+0000] {processor.py:161} INFO - Started process (PID=425) to work on /home/airflow/.local/lib/python3.8/site-packages/airflow/example_dags/example_complex.py
[2024-03-24T02:59:17.489+0000] {processor.py:830} INFO - Processing file /home/airflow/.local/lib/python3.8/site-packages/airflow/example_dags/example_complex.py for tasks to queue
[2024-03-24T02:59:17.490+0000] {logging_mixin.py:188} INFO - [2024-03-24T02:59:17.490+0000] {dagbag.py:540} INFO - Filling up the DagBag from /home/airflow/.local/lib/python3.8/site-packages/airflow/example_dags/example_complex.py
[2024-03-24T02:59:17.496+0000] {processor.py:840} INFO - DAG(s) 'example_complex' retrieved from /home/airflow/.local/lib/python3.8/site-packages/airflow/example_dags/example_complex.py
[2024-03-24T02:59:17.513+0000] {logging_mixin.py:188} INFO - [2024-03-24T02:59:17.513+0000] {dag.py:3047} INFO - Sync 1 DAGs
[2024-03-24T02:59:17.519+0000] {logging_mixin.py:188} INFO - [2024-03-24T02:59:17.519+0000] {dag.py:3834} INFO - Setting next_dagrun for example_complex to None, run_after=None
[2024-03-24T02:59:17.530+0000] {processor.py:183} INFO - Processing /home/airflow/.local/lib/python3.8/site-packages/airflow/example_dags/example_complex.py took 0.044 seconds
[2024-03-24T02:59:47.629+0000] {processor.py:161} INFO - Started process (PID=480) to work on /home/airflow/.local/lib/python3.8/site-packages/airflow/example_dags/example_complex.py
[2024-03-24T02:59:47.630+0000] {processor.py:830} INFO - Processing file /home/airflow/.local/lib/python3.8/site-packages/airflow/example_dags/example_complex.py for tasks to queue
[2024-03-24T02:59:47.631+0000] {logging_mixin.py:188} INFO - [2024-03-24T02:59:47.631+0000] {dagbag.py:540} INFO - Filling up the DagBag from /home/airflow/.local/lib/python3.8/site-packages/airflow/example_dags/example_complex.py
[2024-03-24T02:59:47.637+0000] {processor.py:840} INFO - DAG(s) 'example_complex' retrieved from /home/airflow/.local/lib/python3.8/site-packages/airflow/example_dags/example_complex.py
[2024-03-24T02:59:47.652+0000] {logging_mixin.py:188} INFO - [2024-03-24T02:59:47.652+0000] {dag.py:3047} INFO - Sync 1 DAGs
[2024-03-24T02:59:47.658+0000] {logging_mixin.py:188} INFO - [2024-03-24T02:59:47.658+0000] {dag.py:3834} INFO - Setting next_dagrun for example_complex to None, run_after=None
[2024-03-24T02:59:47.670+0000] {processor.py:183} INFO - Processing /home/airflow/.local/lib/python3.8/site-packages/airflow/example_dags/example_complex.py took 0.044 seconds
[2024-03-24T03:00:17.711+0000] {processor.py:161} INFO - Started process (PID=535) to work on /home/airflow/.local/lib/python3.8/site-packages/airflow/example_dags/example_complex.py
[2024-03-24T03:00:17.712+0000] {processor.py:830} INFO - Processing file /home/airflow/.local/lib/python3.8/site-packages/airflow/example_dags/example_complex.py for tasks to queue
[2024-03-24T03:00:17.713+0000] {logging_mixin.py:188} INFO - [2024-03-24T03:00:17.713+0000] {dagbag.py:540} INFO - Filling up the DagBag from /home/airflow/.local/lib/python3.8/site-packages/airflow/example_dags/example_complex.py
[2024-03-24T03:00:17.719+0000] {processor.py:840} INFO - DAG(s) 'example_complex' retrieved from /home/airflow/.local/lib/python3.8/site-packages/airflow/example_dags/example_complex.py
[2024-03-24T03:00:17.733+0000] {logging_mixin.py:188} INFO - [2024-03-24T03:00:17.733+0000] {dag.py:3047} INFO - Sync 1 DAGs
[2024-03-24T03:00:17.740+0000] {logging_mixin.py:188} INFO - [2024-03-24T03:00:17.739+0000] {dag.py:3834} INFO - Setting next_dagrun for example_complex to None, run_after=None
[2024-03-24T03:00:17.748+0000] {processor.py:183} INFO - Processing /home/airflow/.local/lib/python3.8/site-packages/airflow/example_dags/example_complex.py took 0.039 seconds
[2024-03-24T03:00:48.003+0000] {processor.py:161} INFO - Started process (PID=590) to work on /home/airflow/.local/lib/python3.8/site-packages/airflow/example_dags/example_complex.py
[2024-03-24T03:00:48.004+0000] {processor.py:830} INFO - Processing file /home/airflow/.local/lib/python3.8/site-packages/airflow/example_dags/example_complex.py for tasks to queue
[2024-03-24T03:00:48.005+0000] {logging_mixin.py:188} INFO - [2024-03-24T03:00:48.005+0000] {dagbag.py:540} INFO - Filling up the DagBag from /home/airflow/.local/lib/python3.8/site-packages/airflow/example_dags/example_complex.py
[2024-03-24T03:00:48.011+0000] {processor.py:840} INFO - DAG(s) 'example_complex' retrieved from /home/airflow/.local/lib/python3.8/site-packages/airflow/example_dags/example_complex.py
[2024-03-24T03:00:48.030+0000] {logging_mixin.py:188} INFO - [2024-03-24T03:00:48.030+0000] {dag.py:3047} INFO - Sync 1 DAGs
[2024-03-24T03:00:48.037+0000] {logging_mixin.py:188} INFO - [2024-03-24T03:00:48.037+0000] {dag.py:3834} INFO - Setting next_dagrun for example_complex to None, run_after=None
[2024-03-24T03:00:48.047+0000] {processor.py:183} INFO - Processing /home/airflow/.local/lib/python3.8/site-packages/airflow/example_dags/example_complex.py took 0.046 seconds
[2024-03-24T03:01:18.665+0000] {processor.py:161} INFO - Started process (PID=645) to work on /home/airflow/.local/lib/python3.8/site-packages/airflow/example_dags/example_complex.py
[2024-03-24T03:01:18.668+0000] {processor.py:830} INFO - Processing file /home/airflow/.local/lib/python3.8/site-packages/airflow/example_dags/example_complex.py for tasks to queue
[2024-03-24T03:01:18.673+0000] {logging_mixin.py:188} INFO - [2024-03-24T03:01:18.672+0000] {dagbag.py:540} INFO - Filling up the DagBag from /home/airflow/.local/lib/python3.8/site-packages/airflow/example_dags/example_complex.py
[2024-03-24T03:01:18.685+0000] {processor.py:840} INFO - DAG(s) 'example_complex' retrieved from /home/airflow/.local/lib/python3.8/site-packages/airflow/example_dags/example_complex.py
[2024-03-24T03:01:18.709+0000] {logging_mixin.py:188} INFO - [2024-03-24T03:01:18.709+0000] {dag.py:3047} INFO - Sync 1 DAGs
[2024-03-24T03:01:18.718+0000] {logging_mixin.py:188} INFO - [2024-03-24T03:01:18.718+0000] {dag.py:3834} INFO - Setting next_dagrun for example_complex to None, run_after=None
[2024-03-24T03:01:18.743+0000] {processor.py:183} INFO - Processing /home/airflow/.local/lib/python3.8/site-packages/airflow/example_dags/example_complex.py took 0.083 seconds
[2024-03-24T03:01:48.936+0000] {processor.py:161} INFO - Started process (PID=700) to work on /home/airflow/.local/lib/python3.8/site-packages/airflow/example_dags/example_complex.py
[2024-03-24T03:01:48.938+0000] {processor.py:830} INFO - Processing file /home/airflow/.local/lib/python3.8/site-packages/airflow/example_dags/example_complex.py for tasks to queue
[2024-03-24T03:01:48.939+0000] {logging_mixin.py:188} INFO - [2024-03-24T03:01:48.939+0000] {dagbag.py:540} INFO - Filling up the DagBag from /home/airflow/.local/lib/python3.8/site-packages/airflow/example_dags/example_complex.py
[2024-03-24T03:01:48.946+0000] {processor.py:840} INFO - DAG(s) 'example_complex' retrieved from /home/airflow/.local/lib/python3.8/site-packages/airflow/example_dags/example_complex.py
[2024-03-24T03:01:48.967+0000] {logging_mixin.py:188} INFO - [2024-03-24T03:01:48.967+0000] {dag.py:3047} INFO - Sync 1 DAGs
[2024-03-24T03:01:48.975+0000] {logging_mixin.py:188} INFO - [2024-03-24T03:01:48.975+0000] {dag.py:3834} INFO - Setting next_dagrun for example_complex to None, run_after=None
[2024-03-24T03:01:48.984+0000] {processor.py:183} INFO - Processing /home/airflow/.local/lib/python3.8/site-packages/airflow/example_dags/example_complex.py took 0.051 seconds
[2024-03-24T03:02:19.481+0000] {processor.py:161} INFO - Started process (PID=755) to work on /home/airflow/.local/lib/python3.8/site-packages/airflow/example_dags/example_complex.py
[2024-03-24T03:02:19.482+0000] {processor.py:830} INFO - Processing file /home/airflow/.local/lib/python3.8/site-packages/airflow/example_dags/example_complex.py for tasks to queue
[2024-03-24T03:02:19.484+0000] {logging_mixin.py:188} INFO - [2024-03-24T03:02:19.483+0000] {dagbag.py:540} INFO - Filling up the DagBag from /home/airflow/.local/lib/python3.8/site-packages/airflow/example_dags/example_complex.py
[2024-03-24T03:02:19.490+0000] {processor.py:840} INFO - DAG(s) 'example_complex' retrieved from /home/airflow/.local/lib/python3.8/site-packages/airflow/example_dags/example_complex.py
[2024-03-24T03:02:19.506+0000] {logging_mixin.py:188} INFO - [2024-03-24T03:02:19.506+0000] {dag.py:3047} INFO - Sync 1 DAGs
[2024-03-24T03:02:19.513+0000] {logging_mixin.py:188} INFO - [2024-03-24T03:02:19.513+0000] {dag.py:3834} INFO - Setting next_dagrun for example_complex to None, run_after=None
[2024-03-24T03:02:19.522+0000] {processor.py:183} INFO - Processing /home/airflow/.local/lib/python3.8/site-packages/airflow/example_dags/example_complex.py took 0.043 seconds
[2024-03-24T03:02:49.748+0000] {processor.py:161} INFO - Started process (PID=810) to work on /home/airflow/.local/lib/python3.8/site-packages/airflow/example_dags/example_complex.py
[2024-03-24T03:02:49.749+0000] {processor.py:830} INFO - Processing file /home/airflow/.local/lib/python3.8/site-packages/airflow/example_dags/example_complex.py for tasks to queue
[2024-03-24T03:02:49.750+0000] {logging_mixin.py:188} INFO - [2024-03-24T03:02:49.750+0000] {dagbag.py:540} INFO - Filling up the DagBag from /home/airflow/.local/lib/python3.8/site-packages/airflow/example_dags/example_complex.py
[2024-03-24T03:02:49.757+0000] {processor.py:840} INFO - DAG(s) 'example_complex' retrieved from /home/airflow/.local/lib/python3.8/site-packages/airflow/example_dags/example_complex.py
[2024-03-24T03:02:49.774+0000] {logging_mixin.py:188} INFO - [2024-03-24T03:02:49.774+0000] {dag.py:3047} INFO - Sync 1 DAGs
[2024-03-24T03:02:49.781+0000] {logging_mixin.py:188} INFO - [2024-03-24T03:02:49.781+0000] {dag.py:3834} INFO - Setting next_dagrun for example_complex to None, run_after=None
[2024-03-24T03:02:49.792+0000] {processor.py:183} INFO - Processing /home/airflow/.local/lib/python3.8/site-packages/airflow/example_dags/example_complex.py took 0.046 seconds
[2024-03-24T03:03:20.539+0000] {processor.py:161} INFO - Started process (PID=865) to work on /home/airflow/.local/lib/python3.8/site-packages/airflow/example_dags/example_complex.py
[2024-03-24T03:03:20.540+0000] {processor.py:830} INFO - Processing file /home/airflow/.local/lib/python3.8/site-packages/airflow/example_dags/example_complex.py for tasks to queue
[2024-03-24T03:03:20.541+0000] {logging_mixin.py:188} INFO - [2024-03-24T03:03:20.541+0000] {dagbag.py:540} INFO - Filling up the DagBag from /home/airflow/.local/lib/python3.8/site-packages/airflow/example_dags/example_complex.py
[2024-03-24T03:03:20.547+0000] {processor.py:840} INFO - DAG(s) 'example_complex' retrieved from /home/airflow/.local/lib/python3.8/site-packages/airflow/example_dags/example_complex.py
[2024-03-24T03:03:20.562+0000] {logging_mixin.py:188} INFO - [2024-03-24T03:03:20.562+0000] {dag.py:3047} INFO - Sync 1 DAGs
[2024-03-24T03:03:20.568+0000] {logging_mixin.py:188} INFO - [2024-03-24T03:03:20.568+0000] {dag.py:3834} INFO - Setting next_dagrun for example_complex to None, run_after=None
[2024-03-24T03:03:20.578+0000] {processor.py:183} INFO - Processing /home/airflow/.local/lib/python3.8/site-packages/airflow/example_dags/example_complex.py took 0.041 seconds
[2024-03-24T03:03:50.831+0000] {processor.py:161} INFO - Started process (PID=920) to work on /home/airflow/.local/lib/python3.8/site-packages/airflow/example_dags/example_complex.py
[2024-03-24T03:03:50.832+0000] {processor.py:830} INFO - Processing file /home/airflow/.local/lib/python3.8/site-packages/airflow/example_dags/example_complex.py for tasks to queue
[2024-03-24T03:03:50.833+0000] {logging_mixin.py:188} INFO - [2024-03-24T03:03:50.832+0000] {dagbag.py:540} INFO - Filling up the DagBag from /home/airflow/.local/lib/python3.8/site-packages/airflow/example_dags/example_complex.py
[2024-03-24T03:03:50.839+0000] {processor.py:840} INFO - DAG(s) 'example_complex' retrieved from /home/airflow/.local/lib/python3.8/site-packages/airflow/example_dags/example_complex.py
[2024-03-24T03:03:50.855+0000] {logging_mixin.py:188} INFO - [2024-03-24T03:03:50.855+0000] {dag.py:3047} INFO - Sync 1 DAGs
[2024-03-24T03:03:50.863+0000] {logging_mixin.py:188} INFO - [2024-03-24T03:03:50.863+0000] {dag.py:3834} INFO - Setting next_dagrun for example_complex to None, run_after=None
[2024-03-24T03:03:50.876+0000] {processor.py:183} INFO - Processing /home/airflow/.local/lib/python3.8/site-packages/airflow/example_dags/example_complex.py took 0.046 seconds
[2024-03-24T03:04:21.654+0000] {processor.py:161} INFO - Started process (PID=974) to work on /home/airflow/.local/lib/python3.8/site-packages/airflow/example_dags/example_complex.py
[2024-03-24T03:04:21.655+0000] {processor.py:830} INFO - Processing file /home/airflow/.local/lib/python3.8/site-packages/airflow/example_dags/example_complex.py for tasks to queue
[2024-03-24T03:04:21.656+0000] {logging_mixin.py:188} INFO - [2024-03-24T03:04:21.656+0000] {dagbag.py:540} INFO - Filling up the DagBag from /home/airflow/.local/lib/python3.8/site-packages/airflow/example_dags/example_complex.py
[2024-03-24T03:04:21.661+0000] {processor.py:840} INFO - DAG(s) 'example_complex' retrieved from /home/airflow/.local/lib/python3.8/site-packages/airflow/example_dags/example_complex.py
[2024-03-24T03:04:21.676+0000] {logging_mixin.py:188} INFO - [2024-03-24T03:04:21.676+0000] {dag.py:3047} INFO - Sync 1 DAGs
[2024-03-24T03:04:21.683+0000] {logging_mixin.py:188} INFO - [2024-03-24T03:04:21.682+0000] {dag.py:3834} INFO - Setting next_dagrun for example_complex to None, run_after=None
[2024-03-24T03:04:21.692+0000] {processor.py:183} INFO - Processing /home/airflow/.local/lib/python3.8/site-packages/airflow/example_dags/example_complex.py took 0.040 seconds
[2024-03-24T03:04:51.973+0000] {processor.py:161} INFO - Started process (PID=1028) to work on /home/airflow/.local/lib/python3.8/site-packages/airflow/example_dags/example_complex.py
[2024-03-24T03:04:51.974+0000] {processor.py:830} INFO - Processing file /home/airflow/.local/lib/python3.8/site-packages/airflow/example_dags/example_complex.py for tasks to queue
[2024-03-24T03:04:51.975+0000] {logging_mixin.py:188} INFO - [2024-03-24T03:04:51.975+0000] {dagbag.py:540} INFO - Filling up the DagBag from /home/airflow/.local/lib/python3.8/site-packages/airflow/example_dags/example_complex.py
[2024-03-24T03:04:51.983+0000] {processor.py:840} INFO - DAG(s) 'example_complex' retrieved from /home/airflow/.local/lib/python3.8/site-packages/airflow/example_dags/example_complex.py
[2024-03-24T03:04:51.999+0000] {logging_mixin.py:188} INFO - [2024-03-24T03:04:51.999+0000] {dag.py:3047} INFO - Sync 1 DAGs
[2024-03-24T03:04:52.005+0000] {logging_mixin.py:188} INFO - [2024-03-24T03:04:52.005+0000] {dag.py:3834} INFO - Setting next_dagrun for example_complex to None, run_after=None
[2024-03-24T03:04:52.014+0000] {processor.py:183} INFO - Processing /home/airflow/.local/lib/python3.8/site-packages/airflow/example_dags/example_complex.py took 0.043 seconds
[2024-03-24T03:05:22.362+0000] {processor.py:161} INFO - Started process (PID=1084) to work on /home/airflow/.local/lib/python3.8/site-packages/airflow/example_dags/example_complex.py
[2024-03-24T03:05:22.363+0000] {processor.py:830} INFO - Processing file /home/airflow/.local/lib/python3.8/site-packages/airflow/example_dags/example_complex.py for tasks to queue
[2024-03-24T03:05:22.365+0000] {logging_mixin.py:188} INFO - [2024-03-24T03:05:22.364+0000] {dagbag.py:540} INFO - Filling up the DagBag from /home/airflow/.local/lib/python3.8/site-packages/airflow/example_dags/example_complex.py
[2024-03-24T03:05:22.372+0000] {processor.py:840} INFO - DAG(s) 'example_complex' retrieved from /home/airflow/.local/lib/python3.8/site-packages/airflow/example_dags/example_complex.py
[2024-03-24T03:05:22.392+0000] {logging_mixin.py:188} INFO - [2024-03-24T03:05:22.392+0000] {dag.py:3047} INFO - Sync 1 DAGs
[2024-03-24T03:05:22.399+0000] {logging_mixin.py:188} INFO - [2024-03-24T03:05:22.399+0000] {dag.py:3834} INFO - Setting next_dagrun for example_complex to None, run_after=None
[2024-03-24T03:05:22.411+0000] {processor.py:183} INFO - Processing /home/airflow/.local/lib/python3.8/site-packages/airflow/example_dags/example_complex.py took 0.051 seconds
[2024-03-24T03:05:53.041+0000] {processor.py:161} INFO - Started process (PID=1138) to work on /home/airflow/.local/lib/python3.8/site-packages/airflow/example_dags/example_complex.py
[2024-03-24T03:05:53.042+0000] {processor.py:830} INFO - Processing file /home/airflow/.local/lib/python3.8/site-packages/airflow/example_dags/example_complex.py for tasks to queue
[2024-03-24T03:05:53.043+0000] {logging_mixin.py:188} INFO - [2024-03-24T03:05:53.042+0000] {dagbag.py:540} INFO - Filling up the DagBag from /home/airflow/.local/lib/python3.8/site-packages/airflow/example_dags/example_complex.py
[2024-03-24T03:05:53.048+0000] {processor.py:840} INFO - DAG(s) 'example_complex' retrieved from /home/airflow/.local/lib/python3.8/site-packages/airflow/example_dags/example_complex.py
[2024-03-24T03:05:53.064+0000] {logging_mixin.py:188} INFO - [2024-03-24T03:05:53.064+0000] {dag.py:3047} INFO - Sync 1 DAGs
[2024-03-24T03:05:53.070+0000] {logging_mixin.py:188} INFO - [2024-03-24T03:05:53.070+0000] {dag.py:3834} INFO - Setting next_dagrun for example_complex to None, run_after=None
[2024-03-24T03:05:53.079+0000] {processor.py:183} INFO - Processing /home/airflow/.local/lib/python3.8/site-packages/airflow/example_dags/example_complex.py took 0.040 seconds
