[2024-03-24T02:55:44.320+0000] {processor.py:161} INFO - Started process (PID=56) to work on /home/airflow/.local/lib/python3.8/site-packages/airflow/example_dags/example_dag_decorator.py
[2024-03-24T02:55:44.321+0000] {processor.py:830} INFO - Processing file /home/airflow/.local/lib/python3.8/site-packages/airflow/example_dags/example_dag_decorator.py for tasks to queue
[2024-03-24T02:55:44.326+0000] {logging_mixin.py:188} INFO - [2024-03-24T02:55:44.326+0000] {dagbag.py:540} INFO - Filling up the DagBag from /home/airflow/.local/lib/python3.8/site-packages/airflow/example_dags/example_dag_decorator.py
[2024-03-24T02:55:44.561+0000] {processor.py:840} INFO - DAG(s) 'example_dag_decorator' retrieved from /home/airflow/.local/lib/python3.8/site-packages/airflow/example_dags/example_dag_decorator.py
[2024-03-24T02:55:44.572+0000] {logging_mixin.py:188} INFO - [2024-03-24T02:55:44.572+0000] {dag.py:3047} INFO - Sync 1 DAGs
[2024-03-24T02:55:44.581+0000] {logging_mixin.py:188} INFO - [2024-03-24T02:55:44.581+0000] {dag.py:3834} INFO - Setting next_dagrun for example_dag_decorator to None, run_after=None
[2024-03-24T02:55:44.592+0000] {processor.py:183} INFO - Processing /home/airflow/.local/lib/python3.8/site-packages/airflow/example_dags/example_dag_decorator.py took 0.293 seconds
[2024-03-24T02:56:15.336+0000] {processor.py:161} INFO - Started process (PID=110) to work on /home/airflow/.local/lib/python3.8/site-packages/airflow/example_dags/example_dag_decorator.py
[2024-03-24T02:56:15.337+0000] {processor.py:830} INFO - Processing file /home/airflow/.local/lib/python3.8/site-packages/airflow/example_dags/example_dag_decorator.py for tasks to queue
[2024-03-24T02:56:15.340+0000] {logging_mixin.py:188} INFO - [2024-03-24T02:56:15.340+0000] {dagbag.py:540} INFO - Filling up the DagBag from /home/airflow/.local/lib/python3.8/site-packages/airflow/example_dags/example_dag_decorator.py
[2024-03-24T02:56:15.412+0000] {processor.py:840} INFO - DAG(s) 'example_dag_decorator' retrieved from /home/airflow/.local/lib/python3.8/site-packages/airflow/example_dags/example_dag_decorator.py
[2024-03-24T02:56:15.459+0000] {logging_mixin.py:188} INFO - [2024-03-24T02:56:15.458+0000] {dag.py:3047} INFO - Sync 1 DAGs
[2024-03-24T02:56:15.464+0000] {logging_mixin.py:188} INFO - [2024-03-24T02:56:15.464+0000] {dag.py:3834} INFO - Setting next_dagrun for example_dag_decorator to None, run_after=None
[2024-03-24T02:56:15.472+0000] {processor.py:183} INFO - Processing /home/airflow/.local/lib/python3.8/site-packages/airflow/example_dags/example_dag_decorator.py took 0.142 seconds
[2024-03-24T02:56:45.526+0000] {processor.py:161} INFO - Started process (PID=165) to work on /home/airflow/.local/lib/python3.8/site-packages/airflow/example_dags/example_dag_decorator.py
[2024-03-24T02:56:45.530+0000] {processor.py:830} INFO - Processing file /home/airflow/.local/lib/python3.8/site-packages/airflow/example_dags/example_dag_decorator.py for tasks to queue
[2024-03-24T02:56:45.534+0000] {logging_mixin.py:188} INFO - [2024-03-24T02:56:45.534+0000] {dagbag.py:540} INFO - Filling up the DagBag from /home/airflow/.local/lib/python3.8/site-packages/airflow/example_dags/example_dag_decorator.py
[2024-03-24T02:56:45.602+0000] {processor.py:840} INFO - DAG(s) 'example_dag_decorator' retrieved from /home/airflow/.local/lib/python3.8/site-packages/airflow/example_dags/example_dag_decorator.py
[2024-03-24T02:56:45.656+0000] {logging_mixin.py:188} INFO - [2024-03-24T02:56:45.656+0000] {dag.py:3047} INFO - Sync 1 DAGs
[2024-03-24T02:56:45.661+0000] {logging_mixin.py:188} INFO - [2024-03-24T02:56:45.661+0000] {dag.py:3834} INFO - Setting next_dagrun for example_dag_decorator to None, run_after=None
[2024-03-24T02:56:45.670+0000] {processor.py:183} INFO - Processing /home/airflow/.local/lib/python3.8/site-packages/airflow/example_dags/example_dag_decorator.py took 0.150 seconds
[2024-03-24T02:57:16.255+0000] {processor.py:161} INFO - Started process (PID=220) to work on /home/airflow/.local/lib/python3.8/site-packages/airflow/example_dags/example_dag_decorator.py
[2024-03-24T02:57:16.258+0000] {processor.py:830} INFO - Processing file /home/airflow/.local/lib/python3.8/site-packages/airflow/example_dags/example_dag_decorator.py for tasks to queue
[2024-03-24T02:57:16.261+0000] {logging_mixin.py:188} INFO - [2024-03-24T02:57:16.261+0000] {dagbag.py:540} INFO - Filling up the DagBag from /home/airflow/.local/lib/python3.8/site-packages/airflow/example_dags/example_dag_decorator.py
[2024-03-24T02:57:16.356+0000] {processor.py:840} INFO - DAG(s) 'example_dag_decorator' retrieved from /home/airflow/.local/lib/python3.8/site-packages/airflow/example_dags/example_dag_decorator.py
[2024-03-24T02:57:16.437+0000] {logging_mixin.py:188} INFO - [2024-03-24T02:57:16.437+0000] {dag.py:3047} INFO - Sync 1 DAGs
[2024-03-24T02:57:16.444+0000] {logging_mixin.py:188} INFO - [2024-03-24T02:57:16.443+0000] {dag.py:3834} INFO - Setting next_dagrun for example_dag_decorator to None, run_after=None
[2024-03-24T02:57:16.455+0000] {processor.py:183} INFO - Processing /home/airflow/.local/lib/python3.8/site-packages/airflow/example_dags/example_dag_decorator.py took 0.207 seconds
[2024-03-24T02:57:47.149+0000] {processor.py:161} INFO - Started process (PID=275) to work on /home/airflow/.local/lib/python3.8/site-packages/airflow/example_dags/example_dag_decorator.py
[2024-03-24T02:57:47.150+0000] {processor.py:830} INFO - Processing file /home/airflow/.local/lib/python3.8/site-packages/airflow/example_dags/example_dag_decorator.py for tasks to queue
[2024-03-24T02:57:47.152+0000] {logging_mixin.py:188} INFO - [2024-03-24T02:57:47.151+0000] {dagbag.py:540} INFO - Filling up the DagBag from /home/airflow/.local/lib/python3.8/site-packages/airflow/example_dags/example_dag_decorator.py
[2024-03-24T02:57:47.216+0000] {processor.py:840} INFO - DAG(s) 'example_dag_decorator' retrieved from /home/airflow/.local/lib/python3.8/site-packages/airflow/example_dags/example_dag_decorator.py
[2024-03-24T02:57:47.230+0000] {logging_mixin.py:188} INFO - [2024-03-24T02:57:47.230+0000] {dag.py:3047} INFO - Sync 1 DAGs
[2024-03-24T02:57:47.236+0000] {logging_mixin.py:188} INFO - [2024-03-24T02:57:47.236+0000] {dag.py:3834} INFO - Setting next_dagrun for example_dag_decorator to None, run_after=None
[2024-03-24T02:57:47.246+0000] {processor.py:183} INFO - Processing /home/airflow/.local/lib/python3.8/site-packages/airflow/example_dags/example_dag_decorator.py took 0.101 seconds
[2024-03-24T02:58:17.730+0000] {processor.py:161} INFO - Started process (PID=330) to work on /home/airflow/.local/lib/python3.8/site-packages/airflow/example_dags/example_dag_decorator.py
[2024-03-24T02:58:17.731+0000] {processor.py:830} INFO - Processing file /home/airflow/.local/lib/python3.8/site-packages/airflow/example_dags/example_dag_decorator.py for tasks to queue
[2024-03-24T02:58:17.736+0000] {logging_mixin.py:188} INFO - [2024-03-24T02:58:17.735+0000] {dagbag.py:540} INFO - Filling up the DagBag from /home/airflow/.local/lib/python3.8/site-packages/airflow/example_dags/example_dag_decorator.py
[2024-03-24T02:58:17.811+0000] {processor.py:840} INFO - DAG(s) 'example_dag_decorator' retrieved from /home/airflow/.local/lib/python3.8/site-packages/airflow/example_dags/example_dag_decorator.py
[2024-03-24T02:58:17.819+0000] {logging_mixin.py:188} INFO - [2024-03-24T02:58:17.818+0000] {dag.py:3047} INFO - Sync 1 DAGs
[2024-03-24T02:58:17.840+0000] {logging_mixin.py:188} INFO - [2024-03-24T02:58:17.839+0000] {dag.py:3834} INFO - Setting next_dagrun for example_dag_decorator to None, run_after=None
[2024-03-24T02:58:17.855+0000] {processor.py:183} INFO - Processing /home/airflow/.local/lib/python3.8/site-packages/airflow/example_dags/example_dag_decorator.py took 0.129 seconds
[2024-03-24T02:58:48.679+0000] {processor.py:161} INFO - Started process (PID=385) to work on /home/airflow/.local/lib/python3.8/site-packages/airflow/example_dags/example_dag_decorator.py
[2024-03-24T02:58:48.682+0000] {processor.py:830} INFO - Processing file /home/airflow/.local/lib/python3.8/site-packages/airflow/example_dags/example_dag_decorator.py for tasks to queue
[2024-03-24T02:58:48.685+0000] {logging_mixin.py:188} INFO - [2024-03-24T02:58:48.685+0000] {dagbag.py:540} INFO - Filling up the DagBag from /home/airflow/.local/lib/python3.8/site-packages/airflow/example_dags/example_dag_decorator.py
[2024-03-24T02:58:48.751+0000] {processor.py:840} INFO - DAG(s) 'example_dag_decorator' retrieved from /home/airflow/.local/lib/python3.8/site-packages/airflow/example_dags/example_dag_decorator.py
[2024-03-24T02:58:48.801+0000] {logging_mixin.py:188} INFO - [2024-03-24T02:58:48.801+0000] {dag.py:3047} INFO - Sync 1 DAGs
[2024-03-24T02:58:48.807+0000] {logging_mixin.py:188} INFO - [2024-03-24T02:58:48.806+0000] {dag.py:3834} INFO - Setting next_dagrun for example_dag_decorator to None, run_after=None
[2024-03-24T02:58:48.816+0000] {processor.py:183} INFO - Processing /home/airflow/.local/lib/python3.8/site-packages/airflow/example_dags/example_dag_decorator.py took 0.141 seconds
[2024-03-24T02:59:18.919+0000] {processor.py:161} INFO - Started process (PID=440) to work on /home/airflow/.local/lib/python3.8/site-packages/airflow/example_dags/example_dag_decorator.py
[2024-03-24T02:59:18.922+0000] {processor.py:830} INFO - Processing file /home/airflow/.local/lib/python3.8/site-packages/airflow/example_dags/example_dag_decorator.py for tasks to queue
[2024-03-24T02:59:18.925+0000] {logging_mixin.py:188} INFO - [2024-03-24T02:59:18.924+0000] {dagbag.py:540} INFO - Filling up the DagBag from /home/airflow/.local/lib/python3.8/site-packages/airflow/example_dags/example_dag_decorator.py
[2024-03-24T02:59:18.999+0000] {processor.py:840} INFO - DAG(s) 'example_dag_decorator' retrieved from /home/airflow/.local/lib/python3.8/site-packages/airflow/example_dags/example_dag_decorator.py
[2024-03-24T02:59:19.074+0000] {logging_mixin.py:188} INFO - [2024-03-24T02:59:19.074+0000] {dag.py:3047} INFO - Sync 1 DAGs
[2024-03-24T02:59:19.080+0000] {logging_mixin.py:188} INFO - [2024-03-24T02:59:19.080+0000] {dag.py:3834} INFO - Setting next_dagrun for example_dag_decorator to None, run_after=None
[2024-03-24T02:59:19.092+0000] {processor.py:183} INFO - Processing /home/airflow/.local/lib/python3.8/site-packages/airflow/example_dags/example_dag_decorator.py took 0.179 seconds
[2024-03-24T02:59:49.121+0000] {processor.py:161} INFO - Started process (PID=495) to work on /home/airflow/.local/lib/python3.8/site-packages/airflow/example_dags/example_dag_decorator.py
[2024-03-24T02:59:49.123+0000] {processor.py:830} INFO - Processing file /home/airflow/.local/lib/python3.8/site-packages/airflow/example_dags/example_dag_decorator.py for tasks to queue
[2024-03-24T02:59:49.126+0000] {logging_mixin.py:188} INFO - [2024-03-24T02:59:49.125+0000] {dagbag.py:540} INFO - Filling up the DagBag from /home/airflow/.local/lib/python3.8/site-packages/airflow/example_dags/example_dag_decorator.py
[2024-03-24T02:59:49.189+0000] {processor.py:840} INFO - DAG(s) 'example_dag_decorator' retrieved from /home/airflow/.local/lib/python3.8/site-packages/airflow/example_dags/example_dag_decorator.py
[2024-03-24T02:59:49.263+0000] {logging_mixin.py:188} INFO - [2024-03-24T02:59:49.262+0000] {dag.py:3047} INFO - Sync 1 DAGs
[2024-03-24T02:59:49.269+0000] {logging_mixin.py:188} INFO - [2024-03-24T02:59:49.268+0000] {dag.py:3834} INFO - Setting next_dagrun for example_dag_decorator to None, run_after=None
[2024-03-24T02:59:49.279+0000] {processor.py:183} INFO - Processing /home/airflow/.local/lib/python3.8/site-packages/airflow/example_dags/example_dag_decorator.py took 0.164 seconds
[2024-03-24T03:00:19.317+0000] {processor.py:161} INFO - Started process (PID=551) to work on /home/airflow/.local/lib/python3.8/site-packages/airflow/example_dags/example_dag_decorator.py
[2024-03-24T03:00:19.318+0000] {processor.py:830} INFO - Processing file /home/airflow/.local/lib/python3.8/site-packages/airflow/example_dags/example_dag_decorator.py for tasks to queue
[2024-03-24T03:00:19.319+0000] {logging_mixin.py:188} INFO - [2024-03-24T03:00:19.318+0000] {dagbag.py:540} INFO - Filling up the DagBag from /home/airflow/.local/lib/python3.8/site-packages/airflow/example_dags/example_dag_decorator.py
[2024-03-24T03:00:19.389+0000] {processor.py:840} INFO - DAG(s) 'example_dag_decorator' retrieved from /home/airflow/.local/lib/python3.8/site-packages/airflow/example_dags/example_dag_decorator.py
[2024-03-24T03:00:19.467+0000] {logging_mixin.py:188} INFO - [2024-03-24T03:00:19.466+0000] {dag.py:3047} INFO - Sync 1 DAGs
[2024-03-24T03:00:19.472+0000] {logging_mixin.py:188} INFO - [2024-03-24T03:00:19.472+0000] {dag.py:3834} INFO - Setting next_dagrun for example_dag_decorator to None, run_after=None
[2024-03-24T03:00:19.483+0000] {processor.py:183} INFO - Processing /home/airflow/.local/lib/python3.8/site-packages/airflow/example_dags/example_dag_decorator.py took 0.169 seconds
[2024-03-24T03:00:49.591+0000] {processor.py:161} INFO - Started process (PID=605) to work on /home/airflow/.local/lib/python3.8/site-packages/airflow/example_dags/example_dag_decorator.py
[2024-03-24T03:00:49.594+0000] {processor.py:830} INFO - Processing file /home/airflow/.local/lib/python3.8/site-packages/airflow/example_dags/example_dag_decorator.py for tasks to queue
[2024-03-24T03:00:49.598+0000] {logging_mixin.py:188} INFO - [2024-03-24T03:00:49.598+0000] {dagbag.py:540} INFO - Filling up the DagBag from /home/airflow/.local/lib/python3.8/site-packages/airflow/example_dags/example_dag_decorator.py
[2024-03-24T03:00:49.663+0000] {processor.py:840} INFO - DAG(s) 'example_dag_decorator' retrieved from /home/airflow/.local/lib/python3.8/site-packages/airflow/example_dags/example_dag_decorator.py
[2024-03-24T03:00:49.730+0000] {logging_mixin.py:188} INFO - [2024-03-24T03:00:49.729+0000] {dag.py:3047} INFO - Sync 1 DAGs
[2024-03-24T03:00:49.735+0000] {logging_mixin.py:188} INFO - [2024-03-24T03:00:49.735+0000] {dag.py:3834} INFO - Setting next_dagrun for example_dag_decorator to None, run_after=None
[2024-03-24T03:00:49.747+0000] {processor.py:183} INFO - Processing /home/airflow/.local/lib/python3.8/site-packages/airflow/example_dags/example_dag_decorator.py took 0.165 seconds
[2024-03-24T03:01:19.878+0000] {processor.py:161} INFO - Started process (PID=662) to work on /home/airflow/.local/lib/python3.8/site-packages/airflow/example_dags/example_dag_decorator.py
[2024-03-24T03:01:19.883+0000] {processor.py:830} INFO - Processing file /home/airflow/.local/lib/python3.8/site-packages/airflow/example_dags/example_dag_decorator.py for tasks to queue
[2024-03-24T03:01:19.893+0000] {logging_mixin.py:188} INFO - [2024-03-24T03:01:19.893+0000] {dagbag.py:540} INFO - Filling up the DagBag from /home/airflow/.local/lib/python3.8/site-packages/airflow/example_dags/example_dag_decorator.py
[2024-03-24T03:01:19.987+0000] {processor.py:840} INFO - DAG(s) 'example_dag_decorator' retrieved from /home/airflow/.local/lib/python3.8/site-packages/airflow/example_dags/example_dag_decorator.py
[2024-03-24T03:01:20.103+0000] {logging_mixin.py:188} INFO - [2024-03-24T03:01:20.103+0000] {dag.py:3047} INFO - Sync 1 DAGs
[2024-03-24T03:01:20.114+0000] {logging_mixin.py:188} INFO - [2024-03-24T03:01:20.114+0000] {dag.py:3834} INFO - Setting next_dagrun for example_dag_decorator to None, run_after=None
[2024-03-24T03:01:20.127+0000] {processor.py:183} INFO - Processing /home/airflow/.local/lib/python3.8/site-packages/airflow/example_dags/example_dag_decorator.py took 0.255 seconds
[2024-03-24T03:01:50.604+0000] {processor.py:161} INFO - Started process (PID=718) to work on /home/airflow/.local/lib/python3.8/site-packages/airflow/example_dags/example_dag_decorator.py
[2024-03-24T03:01:50.605+0000] {processor.py:830} INFO - Processing file /home/airflow/.local/lib/python3.8/site-packages/airflow/example_dags/example_dag_decorator.py for tasks to queue
[2024-03-24T03:01:50.605+0000] {logging_mixin.py:188} INFO - [2024-03-24T03:01:50.605+0000] {dagbag.py:540} INFO - Filling up the DagBag from /home/airflow/.local/lib/python3.8/site-packages/airflow/example_dags/example_dag_decorator.py
[2024-03-24T03:01:50.664+0000] {processor.py:840} INFO - DAG(s) 'example_dag_decorator' retrieved from /home/airflow/.local/lib/python3.8/site-packages/airflow/example_dags/example_dag_decorator.py
[2024-03-24T03:01:50.722+0000] {logging_mixin.py:188} INFO - [2024-03-24T03:01:50.722+0000] {dag.py:3047} INFO - Sync 1 DAGs
[2024-03-24T03:01:50.728+0000] {logging_mixin.py:188} INFO - [2024-03-24T03:01:50.728+0000] {dag.py:3834} INFO - Setting next_dagrun for example_dag_decorator to None, run_after=None
[2024-03-24T03:01:50.740+0000] {processor.py:183} INFO - Processing /home/airflow/.local/lib/python3.8/site-packages/airflow/example_dags/example_dag_decorator.py took 0.138 seconds
[2024-03-24T03:02:21.033+0000] {processor.py:161} INFO - Started process (PID=773) to work on /home/airflow/.local/lib/python3.8/site-packages/airflow/example_dags/example_dag_decorator.py
[2024-03-24T03:02:21.033+0000] {processor.py:830} INFO - Processing file /home/airflow/.local/lib/python3.8/site-packages/airflow/example_dags/example_dag_decorator.py for tasks to queue
[2024-03-24T03:02:21.034+0000] {logging_mixin.py:188} INFO - [2024-03-24T03:02:21.034+0000] {dagbag.py:540} INFO - Filling up the DagBag from /home/airflow/.local/lib/python3.8/site-packages/airflow/example_dags/example_dag_decorator.py
[2024-03-24T03:02:21.084+0000] {processor.py:840} INFO - DAG(s) 'example_dag_decorator' retrieved from /home/airflow/.local/lib/python3.8/site-packages/airflow/example_dags/example_dag_decorator.py
[2024-03-24T03:02:21.139+0000] {logging_mixin.py:188} INFO - [2024-03-24T03:02:21.139+0000] {dag.py:3047} INFO - Sync 1 DAGs
[2024-03-24T03:02:21.144+0000] {logging_mixin.py:188} INFO - [2024-03-24T03:02:21.144+0000] {dag.py:3834} INFO - Setting next_dagrun for example_dag_decorator to None, run_after=None
[2024-03-24T03:02:21.154+0000] {processor.py:183} INFO - Processing /home/airflow/.local/lib/python3.8/site-packages/airflow/example_dags/example_dag_decorator.py took 0.123 seconds
[2024-03-24T03:02:51.238+0000] {processor.py:161} INFO - Started process (PID=827) to work on /home/airflow/.local/lib/python3.8/site-packages/airflow/example_dags/example_dag_decorator.py
[2024-03-24T03:02:51.238+0000] {processor.py:830} INFO - Processing file /home/airflow/.local/lib/python3.8/site-packages/airflow/example_dags/example_dag_decorator.py for tasks to queue
[2024-03-24T03:02:51.239+0000] {logging_mixin.py:188} INFO - [2024-03-24T03:02:51.239+0000] {dagbag.py:540} INFO - Filling up the DagBag from /home/airflow/.local/lib/python3.8/site-packages/airflow/example_dags/example_dag_decorator.py
[2024-03-24T03:02:51.294+0000] {processor.py:840} INFO - DAG(s) 'example_dag_decorator' retrieved from /home/airflow/.local/lib/python3.8/site-packages/airflow/example_dags/example_dag_decorator.py
[2024-03-24T03:02:51.350+0000] {logging_mixin.py:188} INFO - [2024-03-24T03:02:51.350+0000] {dag.py:3047} INFO - Sync 1 DAGs
[2024-03-24T03:02:51.355+0000] {logging_mixin.py:188} INFO - [2024-03-24T03:02:51.355+0000] {dag.py:3834} INFO - Setting next_dagrun for example_dag_decorator to None, run_after=None
[2024-03-24T03:02:51.364+0000] {processor.py:183} INFO - Processing /home/airflow/.local/lib/python3.8/site-packages/airflow/example_dags/example_dag_decorator.py took 0.129 seconds
[2024-03-24T03:03:22.022+0000] {processor.py:161} INFO - Started process (PID=880) to work on /home/airflow/.local/lib/python3.8/site-packages/airflow/example_dags/example_dag_decorator.py
[2024-03-24T03:03:22.024+0000] {processor.py:830} INFO - Processing file /home/airflow/.local/lib/python3.8/site-packages/airflow/example_dags/example_dag_decorator.py for tasks to queue
[2024-03-24T03:03:22.027+0000] {logging_mixin.py:188} INFO - [2024-03-24T03:03:22.027+0000] {dagbag.py:540} INFO - Filling up the DagBag from /home/airflow/.local/lib/python3.8/site-packages/airflow/example_dags/example_dag_decorator.py
[2024-03-24T03:03:22.081+0000] {processor.py:840} INFO - DAG(s) 'example_dag_decorator' retrieved from /home/airflow/.local/lib/python3.8/site-packages/airflow/example_dags/example_dag_decorator.py
[2024-03-24T03:03:22.154+0000] {logging_mixin.py:188} INFO - [2024-03-24T03:03:22.154+0000] {dag.py:3047} INFO - Sync 1 DAGs
[2024-03-24T03:03:22.160+0000] {logging_mixin.py:188} INFO - [2024-03-24T03:03:22.160+0000] {dag.py:3834} INFO - Setting next_dagrun for example_dag_decorator to None, run_after=None
[2024-03-24T03:03:22.170+0000] {processor.py:183} INFO - Processing /home/airflow/.local/lib/python3.8/site-packages/airflow/example_dags/example_dag_decorator.py took 0.149 seconds
[2024-03-24T03:03:52.284+0000] {processor.py:161} INFO - Started process (PID=935) to work on /home/airflow/.local/lib/python3.8/site-packages/airflow/example_dags/example_dag_decorator.py
[2024-03-24T03:03:52.285+0000] {processor.py:830} INFO - Processing file /home/airflow/.local/lib/python3.8/site-packages/airflow/example_dags/example_dag_decorator.py for tasks to queue
[2024-03-24T03:03:52.286+0000] {logging_mixin.py:188} INFO - [2024-03-24T03:03:52.286+0000] {dagbag.py:540} INFO - Filling up the DagBag from /home/airflow/.local/lib/python3.8/site-packages/airflow/example_dags/example_dag_decorator.py
[2024-03-24T03:03:52.338+0000] {processor.py:840} INFO - DAG(s) 'example_dag_decorator' retrieved from /home/airflow/.local/lib/python3.8/site-packages/airflow/example_dags/example_dag_decorator.py
[2024-03-24T03:03:52.394+0000] {logging_mixin.py:188} INFO - [2024-03-24T03:03:52.394+0000] {dag.py:3047} INFO - Sync 1 DAGs
[2024-03-24T03:03:52.400+0000] {logging_mixin.py:188} INFO - [2024-03-24T03:03:52.399+0000] {dag.py:3834} INFO - Setting next_dagrun for example_dag_decorator to None, run_after=None
[2024-03-24T03:03:52.413+0000] {processor.py:183} INFO - Processing /home/airflow/.local/lib/python3.8/site-packages/airflow/example_dags/example_dag_decorator.py took 0.131 seconds
[2024-03-24T03:04:23.128+0000] {processor.py:161} INFO - Started process (PID=989) to work on /home/airflow/.local/lib/python3.8/site-packages/airflow/example_dags/example_dag_decorator.py
[2024-03-24T03:04:23.129+0000] {processor.py:830} INFO - Processing file /home/airflow/.local/lib/python3.8/site-packages/airflow/example_dags/example_dag_decorator.py for tasks to queue
[2024-03-24T03:04:23.130+0000] {logging_mixin.py:188} INFO - [2024-03-24T03:04:23.130+0000] {dagbag.py:540} INFO - Filling up the DagBag from /home/airflow/.local/lib/python3.8/site-packages/airflow/example_dags/example_dag_decorator.py
[2024-03-24T03:04:23.181+0000] {processor.py:840} INFO - DAG(s) 'example_dag_decorator' retrieved from /home/airflow/.local/lib/python3.8/site-packages/airflow/example_dags/example_dag_decorator.py
[2024-03-24T03:04:23.248+0000] {logging_mixin.py:188} INFO - [2024-03-24T03:04:23.248+0000] {dag.py:3047} INFO - Sync 1 DAGs
[2024-03-24T03:04:23.253+0000] {logging_mixin.py:188} INFO - [2024-03-24T03:04:23.253+0000] {dag.py:3834} INFO - Setting next_dagrun for example_dag_decorator to None, run_after=None
[2024-03-24T03:04:23.262+0000] {processor.py:183} INFO - Processing /home/airflow/.local/lib/python3.8/site-packages/airflow/example_dags/example_dag_decorator.py took 0.136 seconds
[2024-03-24T03:04:53.403+0000] {processor.py:161} INFO - Started process (PID=1043) to work on /home/airflow/.local/lib/python3.8/site-packages/airflow/example_dags/example_dag_decorator.py
[2024-03-24T03:04:53.404+0000] {processor.py:830} INFO - Processing file /home/airflow/.local/lib/python3.8/site-packages/airflow/example_dags/example_dag_decorator.py for tasks to queue
[2024-03-24T03:04:53.406+0000] {logging_mixin.py:188} INFO - [2024-03-24T03:04:53.406+0000] {dagbag.py:540} INFO - Filling up the DagBag from /home/airflow/.local/lib/python3.8/site-packages/airflow/example_dags/example_dag_decorator.py
[2024-03-24T03:04:53.457+0000] {processor.py:840} INFO - DAG(s) 'example_dag_decorator' retrieved from /home/airflow/.local/lib/python3.8/site-packages/airflow/example_dags/example_dag_decorator.py
[2024-03-24T03:04:53.519+0000] {logging_mixin.py:188} INFO - [2024-03-24T03:04:53.519+0000] {dag.py:3047} INFO - Sync 1 DAGs
[2024-03-24T03:04:53.525+0000] {logging_mixin.py:188} INFO - [2024-03-24T03:04:53.525+0000] {dag.py:3834} INFO - Setting next_dagrun for example_dag_decorator to None, run_after=None
[2024-03-24T03:04:53.533+0000] {processor.py:183} INFO - Processing /home/airflow/.local/lib/python3.8/site-packages/airflow/example_dags/example_dag_decorator.py took 0.131 seconds
[2024-03-24T03:05:23.946+0000] {processor.py:161} INFO - Started process (PID=1100) to work on /home/airflow/.local/lib/python3.8/site-packages/airflow/example_dags/example_dag_decorator.py
[2024-03-24T03:05:23.947+0000] {processor.py:830} INFO - Processing file /home/airflow/.local/lib/python3.8/site-packages/airflow/example_dags/example_dag_decorator.py for tasks to queue
[2024-03-24T03:05:23.949+0000] {logging_mixin.py:188} INFO - [2024-03-24T03:05:23.948+0000] {dagbag.py:540} INFO - Filling up the DagBag from /home/airflow/.local/lib/python3.8/site-packages/airflow/example_dags/example_dag_decorator.py
[2024-03-24T03:05:24.015+0000] {processor.py:840} INFO - DAG(s) 'example_dag_decorator' retrieved from /home/airflow/.local/lib/python3.8/site-packages/airflow/example_dags/example_dag_decorator.py
[2024-03-24T03:05:24.167+0000] {logging_mixin.py:188} INFO - [2024-03-24T03:05:24.167+0000] {dag.py:3047} INFO - Sync 1 DAGs
[2024-03-24T03:05:24.179+0000] {logging_mixin.py:188} INFO - [2024-03-24T03:05:24.178+0000] {dag.py:3834} INFO - Setting next_dagrun for example_dag_decorator to None, run_after=None
[2024-03-24T03:05:24.197+0000] {processor.py:183} INFO - Processing /home/airflow/.local/lib/python3.8/site-packages/airflow/example_dags/example_dag_decorator.py took 0.254 seconds
[2024-03-24T03:05:54.550+0000] {processor.py:161} INFO - Started process (PID=1155) to work on /home/airflow/.local/lib/python3.8/site-packages/airflow/example_dags/example_dag_decorator.py
[2024-03-24T03:05:54.551+0000] {processor.py:830} INFO - Processing file /home/airflow/.local/lib/python3.8/site-packages/airflow/example_dags/example_dag_decorator.py for tasks to queue
[2024-03-24T03:05:54.552+0000] {logging_mixin.py:188} INFO - [2024-03-24T03:05:54.552+0000] {dagbag.py:540} INFO - Filling up the DagBag from /home/airflow/.local/lib/python3.8/site-packages/airflow/example_dags/example_dag_decorator.py
[2024-03-24T03:05:54.609+0000] {processor.py:840} INFO - DAG(s) 'example_dag_decorator' retrieved from /home/airflow/.local/lib/python3.8/site-packages/airflow/example_dags/example_dag_decorator.py
[2024-03-24T03:05:54.671+0000] {logging_mixin.py:188} INFO - [2024-03-24T03:05:54.671+0000] {dag.py:3047} INFO - Sync 1 DAGs
[2024-03-24T03:05:54.678+0000] {logging_mixin.py:188} INFO - [2024-03-24T03:05:54.677+0000] {dag.py:3834} INFO - Setting next_dagrun for example_dag_decorator to None, run_after=None
[2024-03-24T03:05:54.688+0000] {processor.py:183} INFO - Processing /home/airflow/.local/lib/python3.8/site-packages/airflow/example_dags/example_dag_decorator.py took 0.139 seconds
