[2024-03-24T02:55:45.119+0000] {processor.py:161} INFO - Started process (PID=65) to work on /home/airflow/.local/lib/python3.8/site-packages/airflow/example_dags/example_sensors.py
[2024-03-24T02:55:45.121+0000] {processor.py:830} INFO - Processing file /home/airflow/.local/lib/python3.8/site-packages/airflow/example_dags/example_sensors.py for tasks to queue
[2024-03-24T02:55:45.128+0000] {logging_mixin.py:188} INFO - [2024-03-24T02:55:45.127+0000] {dagbag.py:540} INFO - Filling up the DagBag from /home/airflow/.local/lib/python3.8/site-packages/airflow/example_dags/example_sensors.py
[2024-03-24T02:55:45.148+0000] {processor.py:840} INFO - DAG(s) 'example_sensors' retrieved from /home/airflow/.local/lib/python3.8/site-packages/airflow/example_dags/example_sensors.py
[2024-03-24T02:55:45.202+0000] {logging_mixin.py:188} INFO - [2024-03-24T02:55:45.202+0000] {dag.py:3047} INFO - Sync 1 DAGs
[2024-03-24T02:55:45.219+0000] {logging_mixin.py:188} INFO - [2024-03-24T02:55:45.219+0000] {dag.py:3834} INFO - Setting next_dagrun for example_sensors to None, run_after=None
[2024-03-24T02:55:45.237+0000] {processor.py:183} INFO - Processing /home/airflow/.local/lib/python3.8/site-packages/airflow/example_dags/example_sensors.py took 0.123 seconds
[2024-03-24T02:56:15.765+0000] {processor.py:161} INFO - Started process (PID=119) to work on /home/airflow/.local/lib/python3.8/site-packages/airflow/example_dags/example_sensors.py
[2024-03-24T02:56:15.766+0000] {processor.py:830} INFO - Processing file /home/airflow/.local/lib/python3.8/site-packages/airflow/example_dags/example_sensors.py for tasks to queue
[2024-03-24T02:56:15.767+0000] {logging_mixin.py:188} INFO - [2024-03-24T02:56:15.767+0000] {dagbag.py:540} INFO - Filling up the DagBag from /home/airflow/.local/lib/python3.8/site-packages/airflow/example_dags/example_sensors.py
[2024-03-24T02:56:15.772+0000] {processor.py:840} INFO - DAG(s) 'example_sensors' retrieved from /home/airflow/.local/lib/python3.8/site-packages/airflow/example_dags/example_sensors.py
[2024-03-24T02:56:15.820+0000] {logging_mixin.py:188} INFO - [2024-03-24T02:56:15.820+0000] {dag.py:3047} INFO - Sync 1 DAGs
[2024-03-24T02:56:15.825+0000] {logging_mixin.py:188} INFO - [2024-03-24T02:56:15.825+0000] {dag.py:3834} INFO - Setting next_dagrun for example_sensors to None, run_after=None
[2024-03-24T02:56:15.834+0000] {processor.py:183} INFO - Processing /home/airflow/.local/lib/python3.8/site-packages/airflow/example_dags/example_sensors.py took 0.071 seconds
[2024-03-24T02:56:46.878+0000] {processor.py:161} INFO - Started process (PID=174) to work on /home/airflow/.local/lib/python3.8/site-packages/airflow/example_dags/example_sensors.py
[2024-03-24T02:56:46.879+0000] {processor.py:830} INFO - Processing file /home/airflow/.local/lib/python3.8/site-packages/airflow/example_dags/example_sensors.py for tasks to queue
[2024-03-24T02:56:46.880+0000] {logging_mixin.py:188} INFO - [2024-03-24T02:56:46.880+0000] {dagbag.py:540} INFO - Filling up the DagBag from /home/airflow/.local/lib/python3.8/site-packages/airflow/example_dags/example_sensors.py
[2024-03-24T02:56:46.885+0000] {processor.py:840} INFO - DAG(s) 'example_sensors' retrieved from /home/airflow/.local/lib/python3.8/site-packages/airflow/example_dags/example_sensors.py
[2024-03-24T02:56:46.897+0000] {logging_mixin.py:188} INFO - [2024-03-24T02:56:46.897+0000] {dag.py:3047} INFO - Sync 1 DAGs
[2024-03-24T02:56:46.903+0000] {logging_mixin.py:188} INFO - [2024-03-24T02:56:46.903+0000] {dag.py:3834} INFO - Setting next_dagrun for example_sensors to None, run_after=None
[2024-03-24T02:56:46.912+0000] {processor.py:183} INFO - Processing /home/airflow/.local/lib/python3.8/site-packages/airflow/example_dags/example_sensors.py took 0.035 seconds
[2024-03-24T02:57:17.684+0000] {processor.py:161} INFO - Started process (PID=229) to work on /home/airflow/.local/lib/python3.8/site-packages/airflow/example_dags/example_sensors.py
[2024-03-24T02:57:17.684+0000] {processor.py:830} INFO - Processing file /home/airflow/.local/lib/python3.8/site-packages/airflow/example_dags/example_sensors.py for tasks to queue
[2024-03-24T02:57:17.688+0000] {logging_mixin.py:188} INFO - [2024-03-24T02:57:17.688+0000] {dagbag.py:540} INFO - Filling up the DagBag from /home/airflow/.local/lib/python3.8/site-packages/airflow/example_dags/example_sensors.py
[2024-03-24T02:57:17.693+0000] {processor.py:840} INFO - DAG(s) 'example_sensors' retrieved from /home/airflow/.local/lib/python3.8/site-packages/airflow/example_dags/example_sensors.py
[2024-03-24T02:57:17.706+0000] {logging_mixin.py:188} INFO - [2024-03-24T02:57:17.706+0000] {dag.py:3047} INFO - Sync 1 DAGs
[2024-03-24T02:57:17.712+0000] {logging_mixin.py:188} INFO - [2024-03-24T02:57:17.712+0000] {dag.py:3834} INFO - Setting next_dagrun for example_sensors to None, run_after=None
[2024-03-24T02:57:17.721+0000] {processor.py:183} INFO - Processing /home/airflow/.local/lib/python3.8/site-packages/airflow/example_dags/example_sensors.py took 0.039 seconds
[2024-03-24T02:57:48.450+0000] {processor.py:161} INFO - Started process (PID=284) to work on /home/airflow/.local/lib/python3.8/site-packages/airflow/example_dags/example_sensors.py
[2024-03-24T02:57:48.451+0000] {processor.py:830} INFO - Processing file /home/airflow/.local/lib/python3.8/site-packages/airflow/example_dags/example_sensors.py for tasks to queue
[2024-03-24T02:57:48.452+0000] {logging_mixin.py:188} INFO - [2024-03-24T02:57:48.452+0000] {dagbag.py:540} INFO - Filling up the DagBag from /home/airflow/.local/lib/python3.8/site-packages/airflow/example_dags/example_sensors.py
[2024-03-24T02:57:48.457+0000] {processor.py:840} INFO - DAG(s) 'example_sensors' retrieved from /home/airflow/.local/lib/python3.8/site-packages/airflow/example_dags/example_sensors.py
[2024-03-24T02:57:48.469+0000] {logging_mixin.py:188} INFO - [2024-03-24T02:57:48.469+0000] {dag.py:3047} INFO - Sync 1 DAGs
[2024-03-24T02:57:48.475+0000] {logging_mixin.py:188} INFO - [2024-03-24T02:57:48.475+0000] {dag.py:3834} INFO - Setting next_dagrun for example_sensors to None, run_after=None
[2024-03-24T02:57:48.485+0000] {processor.py:183} INFO - Processing /home/airflow/.local/lib/python3.8/site-packages/airflow/example_dags/example_sensors.py took 0.037 seconds
[2024-03-24T02:58:19.005+0000] {processor.py:161} INFO - Started process (PID=339) to work on /home/airflow/.local/lib/python3.8/site-packages/airflow/example_dags/example_sensors.py
[2024-03-24T02:58:19.005+0000] {processor.py:830} INFO - Processing file /home/airflow/.local/lib/python3.8/site-packages/airflow/example_dags/example_sensors.py for tasks to queue
[2024-03-24T02:58:19.006+0000] {logging_mixin.py:188} INFO - [2024-03-24T02:58:19.006+0000] {dagbag.py:540} INFO - Filling up the DagBag from /home/airflow/.local/lib/python3.8/site-packages/airflow/example_dags/example_sensors.py
[2024-03-24T02:58:19.012+0000] {processor.py:840} INFO - DAG(s) 'example_sensors' retrieved from /home/airflow/.local/lib/python3.8/site-packages/airflow/example_dags/example_sensors.py
[2024-03-24T02:58:19.019+0000] {logging_mixin.py:188} INFO - [2024-03-24T02:58:19.019+0000] {dag.py:3047} INFO - Sync 1 DAGs
[2024-03-24T02:58:19.027+0000] {logging_mixin.py:188} INFO - [2024-03-24T02:58:19.027+0000] {dag.py:3834} INFO - Setting next_dagrun for example_sensors to None, run_after=None
[2024-03-24T02:58:19.038+0000] {processor.py:183} INFO - Processing /home/airflow/.local/lib/python3.8/site-packages/airflow/example_dags/example_sensors.py took 0.035 seconds
[2024-03-24T02:58:49.237+0000] {processor.py:161} INFO - Started process (PID=394) to work on /home/airflow/.local/lib/python3.8/site-packages/airflow/example_dags/example_sensors.py
[2024-03-24T02:58:49.238+0000] {processor.py:830} INFO - Processing file /home/airflow/.local/lib/python3.8/site-packages/airflow/example_dags/example_sensors.py for tasks to queue
[2024-03-24T02:58:49.239+0000] {logging_mixin.py:188} INFO - [2024-03-24T02:58:49.239+0000] {dagbag.py:540} INFO - Filling up the DagBag from /home/airflow/.local/lib/python3.8/site-packages/airflow/example_dags/example_sensors.py
[2024-03-24T02:58:49.244+0000] {processor.py:840} INFO - DAG(s) 'example_sensors' retrieved from /home/airflow/.local/lib/python3.8/site-packages/airflow/example_dags/example_sensors.py
[2024-03-24T02:58:49.294+0000] {logging_mixin.py:188} INFO - [2024-03-24T02:58:49.294+0000] {dag.py:3047} INFO - Sync 1 DAGs
[2024-03-24T02:58:49.300+0000] {logging_mixin.py:188} INFO - [2024-03-24T02:58:49.300+0000] {dag.py:3834} INFO - Setting next_dagrun for example_sensors to None, run_after=None
[2024-03-24T02:58:49.314+0000] {processor.py:183} INFO - Processing /home/airflow/.local/lib/python3.8/site-packages/airflow/example_dags/example_sensors.py took 0.078 seconds
[2024-03-24T02:59:20.273+0000] {processor.py:161} INFO - Started process (PID=449) to work on /home/airflow/.local/lib/python3.8/site-packages/airflow/example_dags/example_sensors.py
[2024-03-24T02:59:20.279+0000] {processor.py:830} INFO - Processing file /home/airflow/.local/lib/python3.8/site-packages/airflow/example_dags/example_sensors.py for tasks to queue
[2024-03-24T02:59:20.281+0000] {logging_mixin.py:188} INFO - [2024-03-24T02:59:20.281+0000] {dagbag.py:540} INFO - Filling up the DagBag from /home/airflow/.local/lib/python3.8/site-packages/airflow/example_dags/example_sensors.py
[2024-03-24T02:59:20.291+0000] {processor.py:840} INFO - DAG(s) 'example_sensors' retrieved from /home/airflow/.local/lib/python3.8/site-packages/airflow/example_dags/example_sensors.py
[2024-03-24T02:59:20.312+0000] {logging_mixin.py:188} INFO - [2024-03-24T02:59:20.312+0000] {dag.py:3047} INFO - Sync 1 DAGs
[2024-03-24T02:59:20.320+0000] {logging_mixin.py:188} INFO - [2024-03-24T02:59:20.320+0000] {dag.py:3834} INFO - Setting next_dagrun for example_sensors to None, run_after=None
[2024-03-24T02:59:20.331+0000] {processor.py:183} INFO - Processing /home/airflow/.local/lib/python3.8/site-packages/airflow/example_dags/example_sensors.py took 0.064 seconds
[2024-03-24T02:59:50.468+0000] {processor.py:161} INFO - Started process (PID=504) to work on /home/airflow/.local/lib/python3.8/site-packages/airflow/example_dags/example_sensors.py
[2024-03-24T02:59:50.471+0000] {processor.py:830} INFO - Processing file /home/airflow/.local/lib/python3.8/site-packages/airflow/example_dags/example_sensors.py for tasks to queue
[2024-03-24T02:59:50.474+0000] {logging_mixin.py:188} INFO - [2024-03-24T02:59:50.474+0000] {dagbag.py:540} INFO - Filling up the DagBag from /home/airflow/.local/lib/python3.8/site-packages/airflow/example_dags/example_sensors.py
[2024-03-24T02:59:50.485+0000] {processor.py:840} INFO - DAG(s) 'example_sensors' retrieved from /home/airflow/.local/lib/python3.8/site-packages/airflow/example_dags/example_sensors.py
[2024-03-24T02:59:50.509+0000] {logging_mixin.py:188} INFO - [2024-03-24T02:59:50.509+0000] {dag.py:3047} INFO - Sync 1 DAGs
[2024-03-24T02:59:50.518+0000] {logging_mixin.py:188} INFO - [2024-03-24T02:59:50.518+0000] {dag.py:3834} INFO - Setting next_dagrun for example_sensors to None, run_after=None
[2024-03-24T02:59:50.528+0000] {processor.py:183} INFO - Processing /home/airflow/.local/lib/python3.8/site-packages/airflow/example_dags/example_sensors.py took 0.066 seconds
[2024-03-24T03:00:20.624+0000] {processor.py:161} INFO - Started process (PID=559) to work on /home/airflow/.local/lib/python3.8/site-packages/airflow/example_dags/example_sensors.py
[2024-03-24T03:00:20.627+0000] {processor.py:830} INFO - Processing file /home/airflow/.local/lib/python3.8/site-packages/airflow/example_dags/example_sensors.py for tasks to queue
[2024-03-24T03:00:20.629+0000] {logging_mixin.py:188} INFO - [2024-03-24T03:00:20.629+0000] {dagbag.py:540} INFO - Filling up the DagBag from /home/airflow/.local/lib/python3.8/site-packages/airflow/example_dags/example_sensors.py
[2024-03-24T03:00:20.640+0000] {processor.py:840} INFO - DAG(s) 'example_sensors' retrieved from /home/airflow/.local/lib/python3.8/site-packages/airflow/example_dags/example_sensors.py
[2024-03-24T03:00:20.661+0000] {logging_mixin.py:188} INFO - [2024-03-24T03:00:20.661+0000] {dag.py:3047} INFO - Sync 1 DAGs
[2024-03-24T03:00:20.670+0000] {logging_mixin.py:188} INFO - [2024-03-24T03:00:20.669+0000] {dag.py:3834} INFO - Setting next_dagrun for example_sensors to None, run_after=None
[2024-03-24T03:00:20.680+0000] {processor.py:183} INFO - Processing /home/airflow/.local/lib/python3.8/site-packages/airflow/example_dags/example_sensors.py took 0.062 seconds
[2024-03-24T03:00:50.930+0000] {processor.py:161} INFO - Started process (PID=614) to work on /home/airflow/.local/lib/python3.8/site-packages/airflow/example_dags/example_sensors.py
[2024-03-24T03:00:50.932+0000] {processor.py:830} INFO - Processing file /home/airflow/.local/lib/python3.8/site-packages/airflow/example_dags/example_sensors.py for tasks to queue
[2024-03-24T03:00:50.934+0000] {logging_mixin.py:188} INFO - [2024-03-24T03:00:50.934+0000] {dagbag.py:540} INFO - Filling up the DagBag from /home/airflow/.local/lib/python3.8/site-packages/airflow/example_dags/example_sensors.py
[2024-03-24T03:00:50.944+0000] {processor.py:840} INFO - DAG(s) 'example_sensors' retrieved from /home/airflow/.local/lib/python3.8/site-packages/airflow/example_dags/example_sensors.py
[2024-03-24T03:00:50.965+0000] {logging_mixin.py:188} INFO - [2024-03-24T03:00:50.964+0000] {dag.py:3047} INFO - Sync 1 DAGs
[2024-03-24T03:00:50.972+0000] {logging_mixin.py:188} INFO - [2024-03-24T03:00:50.972+0000] {dag.py:3834} INFO - Setting next_dagrun for example_sensors to None, run_after=None
[2024-03-24T03:00:50.982+0000] {processor.py:183} INFO - Processing /home/airflow/.local/lib/python3.8/site-packages/airflow/example_dags/example_sensors.py took 0.057 seconds
[2024-03-24T03:01:21.348+0000] {processor.py:161} INFO - Started process (PID=669) to work on /home/airflow/.local/lib/python3.8/site-packages/airflow/example_dags/example_sensors.py
[2024-03-24T03:01:21.351+0000] {processor.py:830} INFO - Processing file /home/airflow/.local/lib/python3.8/site-packages/airflow/example_dags/example_sensors.py for tasks to queue
[2024-03-24T03:01:21.354+0000] {logging_mixin.py:188} INFO - [2024-03-24T03:01:21.354+0000] {dagbag.py:540} INFO - Filling up the DagBag from /home/airflow/.local/lib/python3.8/site-packages/airflow/example_dags/example_sensors.py
[2024-03-24T03:01:21.369+0000] {processor.py:840} INFO - DAG(s) 'example_sensors' retrieved from /home/airflow/.local/lib/python3.8/site-packages/airflow/example_dags/example_sensors.py
[2024-03-24T03:01:21.404+0000] {logging_mixin.py:188} INFO - [2024-03-24T03:01:21.404+0000] {dag.py:3047} INFO - Sync 1 DAGs
[2024-03-24T03:01:21.413+0000] {logging_mixin.py:188} INFO - [2024-03-24T03:01:21.413+0000] {dag.py:3834} INFO - Setting next_dagrun for example_sensors to None, run_after=None
[2024-03-24T03:01:21.425+0000] {processor.py:183} INFO - Processing /home/airflow/.local/lib/python3.8/site-packages/airflow/example_dags/example_sensors.py took 0.094 seconds
[2024-03-24T03:01:51.827+0000] {processor.py:161} INFO - Started process (PID=724) to work on /home/airflow/.local/lib/python3.8/site-packages/airflow/example_dags/example_sensors.py
[2024-03-24T03:01:51.829+0000] {processor.py:830} INFO - Processing file /home/airflow/.local/lib/python3.8/site-packages/airflow/example_dags/example_sensors.py for tasks to queue
[2024-03-24T03:01:51.831+0000] {logging_mixin.py:188} INFO - [2024-03-24T03:01:51.830+0000] {dagbag.py:540} INFO - Filling up the DagBag from /home/airflow/.local/lib/python3.8/site-packages/airflow/example_dags/example_sensors.py
[2024-03-24T03:01:51.843+0000] {processor.py:840} INFO - DAG(s) 'example_sensors' retrieved from /home/airflow/.local/lib/python3.8/site-packages/airflow/example_dags/example_sensors.py
[2024-03-24T03:01:51.883+0000] {logging_mixin.py:188} INFO - [2024-03-24T03:01:51.883+0000] {dag.py:3047} INFO - Sync 1 DAGs
[2024-03-24T03:01:51.905+0000] {logging_mixin.py:188} INFO - [2024-03-24T03:01:51.905+0000] {dag.py:3834} INFO - Setting next_dagrun for example_sensors to None, run_after=None
[2024-03-24T03:01:51.921+0000] {processor.py:183} INFO - Processing /home/airflow/.local/lib/python3.8/site-packages/airflow/example_dags/example_sensors.py took 0.098 seconds
[2024-03-24T03:02:22.236+0000] {processor.py:161} INFO - Started process (PID=779) to work on /home/airflow/.local/lib/python3.8/site-packages/airflow/example_dags/example_sensors.py
[2024-03-24T03:02:22.238+0000] {processor.py:830} INFO - Processing file /home/airflow/.local/lib/python3.8/site-packages/airflow/example_dags/example_sensors.py for tasks to queue
[2024-03-24T03:02:22.242+0000] {logging_mixin.py:188} INFO - [2024-03-24T03:02:22.241+0000] {dagbag.py:540} INFO - Filling up the DagBag from /home/airflow/.local/lib/python3.8/site-packages/airflow/example_dags/example_sensors.py
[2024-03-24T03:02:22.253+0000] {processor.py:840} INFO - DAG(s) 'example_sensors' retrieved from /home/airflow/.local/lib/python3.8/site-packages/airflow/example_dags/example_sensors.py
[2024-03-24T03:02:22.277+0000] {logging_mixin.py:188} INFO - [2024-03-24T03:02:22.277+0000] {dag.py:3047} INFO - Sync 1 DAGs
[2024-03-24T03:02:22.286+0000] {logging_mixin.py:188} INFO - [2024-03-24T03:02:22.286+0000] {dag.py:3834} INFO - Setting next_dagrun for example_sensors to None, run_after=None
[2024-03-24T03:02:22.297+0000] {processor.py:183} INFO - Processing /home/airflow/.local/lib/python3.8/site-packages/airflow/example_dags/example_sensors.py took 0.066 seconds
[2024-03-24T03:02:52.498+0000] {processor.py:161} INFO - Started process (PID=834) to work on /home/airflow/.local/lib/python3.8/site-packages/airflow/example_dags/example_sensors.py
[2024-03-24T03:02:52.500+0000] {processor.py:830} INFO - Processing file /home/airflow/.local/lib/python3.8/site-packages/airflow/example_dags/example_sensors.py for tasks to queue
[2024-03-24T03:02:52.504+0000] {logging_mixin.py:188} INFO - [2024-03-24T03:02:52.503+0000] {dagbag.py:540} INFO - Filling up the DagBag from /home/airflow/.local/lib/python3.8/site-packages/airflow/example_dags/example_sensors.py
[2024-03-24T03:02:52.515+0000] {processor.py:840} INFO - DAG(s) 'example_sensors' retrieved from /home/airflow/.local/lib/python3.8/site-packages/airflow/example_dags/example_sensors.py
[2024-03-24T03:02:52.542+0000] {logging_mixin.py:188} INFO - [2024-03-24T03:02:52.542+0000] {dag.py:3047} INFO - Sync 1 DAGs
[2024-03-24T03:02:52.550+0000] {logging_mixin.py:188} INFO - [2024-03-24T03:02:52.550+0000] {dag.py:3834} INFO - Setting next_dagrun for example_sensors to None, run_after=None
[2024-03-24T03:02:52.560+0000] {processor.py:183} INFO - Processing /home/airflow/.local/lib/python3.8/site-packages/airflow/example_dags/example_sensors.py took 0.067 seconds
[2024-03-24T03:03:23.392+0000] {processor.py:161} INFO - Started process (PID=889) to work on /home/airflow/.local/lib/python3.8/site-packages/airflow/example_dags/example_sensors.py
[2024-03-24T03:03:23.395+0000] {processor.py:830} INFO - Processing file /home/airflow/.local/lib/python3.8/site-packages/airflow/example_dags/example_sensors.py for tasks to queue
[2024-03-24T03:03:23.398+0000] {logging_mixin.py:188} INFO - [2024-03-24T03:03:23.397+0000] {dagbag.py:540} INFO - Filling up the DagBag from /home/airflow/.local/lib/python3.8/site-packages/airflow/example_dags/example_sensors.py
[2024-03-24T03:03:23.409+0000] {processor.py:840} INFO - DAG(s) 'example_sensors' retrieved from /home/airflow/.local/lib/python3.8/site-packages/airflow/example_dags/example_sensors.py
[2024-03-24T03:03:23.429+0000] {logging_mixin.py:188} INFO - [2024-03-24T03:03:23.429+0000] {dag.py:3047} INFO - Sync 1 DAGs
[2024-03-24T03:03:23.436+0000] {logging_mixin.py:188} INFO - [2024-03-24T03:03:23.436+0000] {dag.py:3834} INFO - Setting next_dagrun for example_sensors to None, run_after=None
[2024-03-24T03:03:23.445+0000] {processor.py:183} INFO - Processing /home/airflow/.local/lib/python3.8/site-packages/airflow/example_dags/example_sensors.py took 0.062 seconds
[2024-03-24T03:03:53.590+0000] {processor.py:161} INFO - Started process (PID=944) to work on /home/airflow/.local/lib/python3.8/site-packages/airflow/example_dags/example_sensors.py
[2024-03-24T03:03:53.595+0000] {processor.py:830} INFO - Processing file /home/airflow/.local/lib/python3.8/site-packages/airflow/example_dags/example_sensors.py for tasks to queue
[2024-03-24T03:03:53.598+0000] {logging_mixin.py:188} INFO - [2024-03-24T03:03:53.598+0000] {dagbag.py:540} INFO - Filling up the DagBag from /home/airflow/.local/lib/python3.8/site-packages/airflow/example_dags/example_sensors.py
[2024-03-24T03:03:53.608+0000] {processor.py:840} INFO - DAG(s) 'example_sensors' retrieved from /home/airflow/.local/lib/python3.8/site-packages/airflow/example_dags/example_sensors.py
[2024-03-24T03:03:53.629+0000] {logging_mixin.py:188} INFO - [2024-03-24T03:03:53.629+0000] {dag.py:3047} INFO - Sync 1 DAGs
[2024-03-24T03:03:53.637+0000] {logging_mixin.py:188} INFO - [2024-03-24T03:03:53.637+0000] {dag.py:3834} INFO - Setting next_dagrun for example_sensors to None, run_after=None
[2024-03-24T03:03:53.647+0000] {processor.py:183} INFO - Processing /home/airflow/.local/lib/python3.8/site-packages/airflow/example_dags/example_sensors.py took 0.062 seconds
[2024-03-24T03:04:24.422+0000] {processor.py:161} INFO - Started process (PID=998) to work on /home/airflow/.local/lib/python3.8/site-packages/airflow/example_dags/example_sensors.py
[2024-03-24T03:04:24.426+0000] {processor.py:830} INFO - Processing file /home/airflow/.local/lib/python3.8/site-packages/airflow/example_dags/example_sensors.py for tasks to queue
[2024-03-24T03:04:24.429+0000] {logging_mixin.py:188} INFO - [2024-03-24T03:04:24.428+0000] {dagbag.py:540} INFO - Filling up the DagBag from /home/airflow/.local/lib/python3.8/site-packages/airflow/example_dags/example_sensors.py
[2024-03-24T03:04:24.440+0000] {processor.py:840} INFO - DAG(s) 'example_sensors' retrieved from /home/airflow/.local/lib/python3.8/site-packages/airflow/example_dags/example_sensors.py
[2024-03-24T03:04:24.462+0000] {logging_mixin.py:188} INFO - [2024-03-24T03:04:24.461+0000] {dag.py:3047} INFO - Sync 1 DAGs
[2024-03-24T03:04:24.471+0000] {logging_mixin.py:188} INFO - [2024-03-24T03:04:24.470+0000] {dag.py:3834} INFO - Setting next_dagrun for example_sensors to None, run_after=None
[2024-03-24T03:04:24.480+0000] {processor.py:183} INFO - Processing /home/airflow/.local/lib/python3.8/site-packages/airflow/example_dags/example_sensors.py took 0.066 seconds
[2024-03-24T03:04:55.080+0000] {processor.py:161} INFO - Started process (PID=1052) to work on /home/airflow/.local/lib/python3.8/site-packages/airflow/example_dags/example_sensors.py
[2024-03-24T03:04:55.086+0000] {processor.py:830} INFO - Processing file /home/airflow/.local/lib/python3.8/site-packages/airflow/example_dags/example_sensors.py for tasks to queue
[2024-03-24T03:04:55.094+0000] {logging_mixin.py:188} INFO - [2024-03-24T03:04:55.093+0000] {dagbag.py:540} INFO - Filling up the DagBag from /home/airflow/.local/lib/python3.8/site-packages/airflow/example_dags/example_sensors.py
[2024-03-24T03:04:55.131+0000] {processor.py:840} INFO - DAG(s) 'example_sensors' retrieved from /home/airflow/.local/lib/python3.8/site-packages/airflow/example_dags/example_sensors.py
[2024-03-24T03:04:55.191+0000] {logging_mixin.py:188} INFO - [2024-03-24T03:04:55.190+0000] {dag.py:3047} INFO - Sync 1 DAGs
[2024-03-24T03:04:55.207+0000] {logging_mixin.py:188} INFO - [2024-03-24T03:04:55.207+0000] {dag.py:3834} INFO - Setting next_dagrun for example_sensors to None, run_after=None
[2024-03-24T03:04:55.221+0000] {processor.py:183} INFO - Processing /home/airflow/.local/lib/python3.8/site-packages/airflow/example_dags/example_sensors.py took 0.163 seconds
[2024-03-24T03:05:25.699+0000] {processor.py:161} INFO - Started process (PID=1108) to work on /home/airflow/.local/lib/python3.8/site-packages/airflow/example_dags/example_sensors.py
[2024-03-24T03:05:25.703+0000] {processor.py:830} INFO - Processing file /home/airflow/.local/lib/python3.8/site-packages/airflow/example_dags/example_sensors.py for tasks to queue
[2024-03-24T03:05:25.707+0000] {logging_mixin.py:188} INFO - [2024-03-24T03:05:25.706+0000] {dagbag.py:540} INFO - Filling up the DagBag from /home/airflow/.local/lib/python3.8/site-packages/airflow/example_dags/example_sensors.py
[2024-03-24T03:05:25.720+0000] {processor.py:840} INFO - DAG(s) 'example_sensors' retrieved from /home/airflow/.local/lib/python3.8/site-packages/airflow/example_dags/example_sensors.py
[2024-03-24T03:05:25.753+0000] {logging_mixin.py:188} INFO - [2024-03-24T03:05:25.753+0000] {dag.py:3047} INFO - Sync 1 DAGs
[2024-03-24T03:05:25.763+0000] {logging_mixin.py:188} INFO - [2024-03-24T03:05:25.763+0000] {dag.py:3834} INFO - Setting next_dagrun for example_sensors to None, run_after=None
[2024-03-24T03:05:25.776+0000] {processor.py:183} INFO - Processing /home/airflow/.local/lib/python3.8/site-packages/airflow/example_dags/example_sensors.py took 0.084 seconds
[2024-03-24T03:05:55.853+0000] {processor.py:161} INFO - Started process (PID=1162) to work on /home/airflow/.local/lib/python3.8/site-packages/airflow/example_dags/example_sensors.py
[2024-03-24T03:05:55.856+0000] {processor.py:830} INFO - Processing file /home/airflow/.local/lib/python3.8/site-packages/airflow/example_dags/example_sensors.py for tasks to queue
[2024-03-24T03:05:55.862+0000] {logging_mixin.py:188} INFO - [2024-03-24T03:05:55.861+0000] {dagbag.py:540} INFO - Filling up the DagBag from /home/airflow/.local/lib/python3.8/site-packages/airflow/example_dags/example_sensors.py
[2024-03-24T03:05:55.897+0000] {processor.py:840} INFO - DAG(s) 'example_sensors' retrieved from /home/airflow/.local/lib/python3.8/site-packages/airflow/example_dags/example_sensors.py
[2024-03-24T03:05:55.990+0000] {logging_mixin.py:188} INFO - [2024-03-24T03:05:55.989+0000] {dag.py:3047} INFO - Sync 1 DAGs
[2024-03-24T03:05:56.020+0000] {logging_mixin.py:188} INFO - [2024-03-24T03:05:56.020+0000] {dag.py:3834} INFO - Setting next_dagrun for example_sensors to None, run_after=None
[2024-03-24T03:05:56.087+0000] {processor.py:183} INFO - Processing /home/airflow/.local/lib/python3.8/site-packages/airflow/example_dags/example_sensors.py took 0.246 seconds
