[2024-03-24T02:55:42.636+0000] {processor.py:161} INFO - Started process (PID=37) to work on /home/airflow/.local/lib/python3.8/site-packages/airflow/example_dags/example_short_circuit_operator.py
[2024-03-24T02:55:42.637+0000] {processor.py:830} INFO - Processing file /home/airflow/.local/lib/python3.8/site-packages/airflow/example_dags/example_short_circuit_operator.py for tasks to queue
[2024-03-24T02:55:42.638+0000] {logging_mixin.py:188} INFO - [2024-03-24T02:55:42.638+0000] {dagbag.py:540} INFO - Filling up the DagBag from /home/airflow/.local/lib/python3.8/site-packages/airflow/example_dags/example_short_circuit_operator.py
[2024-03-24T02:55:42.646+0000] {processor.py:840} INFO - DAG(s) 'example_short_circuit_operator' retrieved from /home/airflow/.local/lib/python3.8/site-packages/airflow/example_dags/example_short_circuit_operator.py
[2024-03-24T02:55:42.653+0000] {logging_mixin.py:188} INFO - [2024-03-24T02:55:42.653+0000] {dag.py:3047} INFO - Sync 1 DAGs
[2024-03-24T02:55:42.672+0000] {logging_mixin.py:188} INFO - [2024-03-24T02:55:42.671+0000] {dag.py:3834} INFO - Setting next_dagrun for example_short_circuit_operator to 2024-03-23 00:00:00+00:00, run_after=2024-03-24 00:00:00+00:00
[2024-03-24T02:55:42.699+0000] {processor.py:183} INFO - Processing /home/airflow/.local/lib/python3.8/site-packages/airflow/example_dags/example_short_circuit_operator.py took 0.065 seconds
[2024-03-24T02:56:13.447+0000] {processor.py:161} INFO - Started process (PID=91) to work on /home/airflow/.local/lib/python3.8/site-packages/airflow/example_dags/example_short_circuit_operator.py
[2024-03-24T02:56:13.448+0000] {processor.py:830} INFO - Processing file /home/airflow/.local/lib/python3.8/site-packages/airflow/example_dags/example_short_circuit_operator.py for tasks to queue
[2024-03-24T02:56:13.448+0000] {logging_mixin.py:188} INFO - [2024-03-24T02:56:13.448+0000] {dagbag.py:540} INFO - Filling up the DagBag from /home/airflow/.local/lib/python3.8/site-packages/airflow/example_dags/example_short_circuit_operator.py
[2024-03-24T02:56:13.453+0000] {processor.py:840} INFO - DAG(s) 'example_short_circuit_operator' retrieved from /home/airflow/.local/lib/python3.8/site-packages/airflow/example_dags/example_short_circuit_operator.py
[2024-03-24T02:56:13.505+0000] {logging_mixin.py:188} INFO - [2024-03-24T02:56:13.505+0000] {dag.py:3047} INFO - Sync 1 DAGs
[2024-03-24T02:56:13.514+0000] {logging_mixin.py:188} INFO - [2024-03-24T02:56:13.513+0000] {dag.py:3834} INFO - Setting next_dagrun for example_short_circuit_operator to 2024-03-23 00:00:00+00:00, run_after=2024-03-24 00:00:00+00:00
[2024-03-24T02:56:13.521+0000] {processor.py:183} INFO - Processing /home/airflow/.local/lib/python3.8/site-packages/airflow/example_dags/example_short_circuit_operator.py took 0.076 seconds
[2024-03-24T02:56:43.994+0000] {processor.py:161} INFO - Started process (PID=146) to work on /home/airflow/.local/lib/python3.8/site-packages/airflow/example_dags/example_short_circuit_operator.py
[2024-03-24T02:56:43.997+0000] {processor.py:830} INFO - Processing file /home/airflow/.local/lib/python3.8/site-packages/airflow/example_dags/example_short_circuit_operator.py for tasks to queue
[2024-03-24T02:56:43.998+0000] {logging_mixin.py:188} INFO - [2024-03-24T02:56:43.998+0000] {dagbag.py:540} INFO - Filling up the DagBag from /home/airflow/.local/lib/python3.8/site-packages/airflow/example_dags/example_short_circuit_operator.py
[2024-03-24T02:56:44.002+0000] {processor.py:840} INFO - DAG(s) 'example_short_circuit_operator' retrieved from /home/airflow/.local/lib/python3.8/site-packages/airflow/example_dags/example_short_circuit_operator.py
[2024-03-24T02:56:44.014+0000] {logging_mixin.py:188} INFO - [2024-03-24T02:56:44.014+0000] {dag.py:3047} INFO - Sync 1 DAGs
[2024-03-24T02:56:44.023+0000] {logging_mixin.py:188} INFO - [2024-03-24T02:56:44.023+0000] {dag.py:3834} INFO - Setting next_dagrun for example_short_circuit_operator to 2024-03-23 00:00:00+00:00, run_after=2024-03-24 00:00:00+00:00
[2024-03-24T02:56:44.032+0000] {processor.py:183} INFO - Processing /home/airflow/.local/lib/python3.8/site-packages/airflow/example_dags/example_short_circuit_operator.py took 0.040 seconds
[2024-03-24T02:57:14.699+0000] {processor.py:161} INFO - Started process (PID=201) to work on /home/airflow/.local/lib/python3.8/site-packages/airflow/example_dags/example_short_circuit_operator.py
[2024-03-24T02:57:14.700+0000] {processor.py:830} INFO - Processing file /home/airflow/.local/lib/python3.8/site-packages/airflow/example_dags/example_short_circuit_operator.py for tasks to queue
[2024-03-24T02:57:14.701+0000] {logging_mixin.py:188} INFO - [2024-03-24T02:57:14.701+0000] {dagbag.py:540} INFO - Filling up the DagBag from /home/airflow/.local/lib/python3.8/site-packages/airflow/example_dags/example_short_circuit_operator.py
[2024-03-24T02:57:14.705+0000] {processor.py:840} INFO - DAG(s) 'example_short_circuit_operator' retrieved from /home/airflow/.local/lib/python3.8/site-packages/airflow/example_dags/example_short_circuit_operator.py
[2024-03-24T02:57:14.717+0000] {logging_mixin.py:188} INFO - [2024-03-24T02:57:14.717+0000] {dag.py:3047} INFO - Sync 1 DAGs
[2024-03-24T02:57:14.729+0000] {logging_mixin.py:188} INFO - [2024-03-24T02:57:14.729+0000] {dag.py:3834} INFO - Setting next_dagrun for example_short_circuit_operator to 2024-03-23 00:00:00+00:00, run_after=2024-03-24 00:00:00+00:00
[2024-03-24T02:57:14.738+0000] {processor.py:183} INFO - Processing /home/airflow/.local/lib/python3.8/site-packages/airflow/example_dags/example_short_circuit_operator.py took 0.040 seconds
[2024-03-24T02:57:45.580+0000] {processor.py:161} INFO - Started process (PID=256) to work on /home/airflow/.local/lib/python3.8/site-packages/airflow/example_dags/example_short_circuit_operator.py
[2024-03-24T02:57:45.581+0000] {processor.py:830} INFO - Processing file /home/airflow/.local/lib/python3.8/site-packages/airflow/example_dags/example_short_circuit_operator.py for tasks to queue
[2024-03-24T02:57:45.581+0000] {logging_mixin.py:188} INFO - [2024-03-24T02:57:45.581+0000] {dagbag.py:540} INFO - Filling up the DagBag from /home/airflow/.local/lib/python3.8/site-packages/airflow/example_dags/example_short_circuit_operator.py
[2024-03-24T02:57:45.586+0000] {processor.py:840} INFO - DAG(s) 'example_short_circuit_operator' retrieved from /home/airflow/.local/lib/python3.8/site-packages/airflow/example_dags/example_short_circuit_operator.py
[2024-03-24T02:57:45.597+0000] {logging_mixin.py:188} INFO - [2024-03-24T02:57:45.597+0000] {dag.py:3047} INFO - Sync 1 DAGs
[2024-03-24T02:57:45.607+0000] {logging_mixin.py:188} INFO - [2024-03-24T02:57:45.607+0000] {dag.py:3834} INFO - Setting next_dagrun for example_short_circuit_operator to 2024-03-23 00:00:00+00:00, run_after=2024-03-24 00:00:00+00:00
[2024-03-24T02:57:45.616+0000] {processor.py:183} INFO - Processing /home/airflow/.local/lib/python3.8/site-packages/airflow/example_dags/example_short_circuit_operator.py took 0.038 seconds
[2024-03-24T02:58:16.110+0000] {processor.py:161} INFO - Started process (PID=311) to work on /home/airflow/.local/lib/python3.8/site-packages/airflow/example_dags/example_short_circuit_operator.py
[2024-03-24T02:58:16.111+0000] {processor.py:830} INFO - Processing file /home/airflow/.local/lib/python3.8/site-packages/airflow/example_dags/example_short_circuit_operator.py for tasks to queue
[2024-03-24T02:58:16.113+0000] {logging_mixin.py:188} INFO - [2024-03-24T02:58:16.113+0000] {dagbag.py:540} INFO - Filling up the DagBag from /home/airflow/.local/lib/python3.8/site-packages/airflow/example_dags/example_short_circuit_operator.py
[2024-03-24T02:58:16.119+0000] {processor.py:840} INFO - DAG(s) 'example_short_circuit_operator' retrieved from /home/airflow/.local/lib/python3.8/site-packages/airflow/example_dags/example_short_circuit_operator.py
[2024-03-24T02:58:16.128+0000] {logging_mixin.py:188} INFO - [2024-03-24T02:58:16.128+0000] {dag.py:3047} INFO - Sync 1 DAGs
[2024-03-24T02:58:16.141+0000] {logging_mixin.py:188} INFO - [2024-03-24T02:58:16.140+0000] {dag.py:3834} INFO - Setting next_dagrun for example_short_circuit_operator to 2024-03-23 00:00:00+00:00, run_after=2024-03-24 00:00:00+00:00
[2024-03-24T02:58:16.150+0000] {processor.py:183} INFO - Processing /home/airflow/.local/lib/python3.8/site-packages/airflow/example_dags/example_short_circuit_operator.py took 0.044 seconds
[2024-03-24T02:58:46.644+0000] {processor.py:161} INFO - Started process (PID=366) to work on /home/airflow/.local/lib/python3.8/site-packages/airflow/example_dags/example_short_circuit_operator.py
[2024-03-24T02:58:46.646+0000] {processor.py:830} INFO - Processing file /home/airflow/.local/lib/python3.8/site-packages/airflow/example_dags/example_short_circuit_operator.py for tasks to queue
[2024-03-24T02:58:46.647+0000] {logging_mixin.py:188} INFO - [2024-03-24T02:58:46.647+0000] {dagbag.py:540} INFO - Filling up the DagBag from /home/airflow/.local/lib/python3.8/site-packages/airflow/example_dags/example_short_circuit_operator.py
[2024-03-24T02:58:46.651+0000] {processor.py:840} INFO - DAG(s) 'example_short_circuit_operator' retrieved from /home/airflow/.local/lib/python3.8/site-packages/airflow/example_dags/example_short_circuit_operator.py
[2024-03-24T02:58:46.699+0000] {logging_mixin.py:188} INFO - [2024-03-24T02:58:46.699+0000] {dag.py:3047} INFO - Sync 1 DAGs
[2024-03-24T02:58:46.708+0000] {logging_mixin.py:188} INFO - [2024-03-24T02:58:46.708+0000] {dag.py:3834} INFO - Setting next_dagrun for example_short_circuit_operator to 2024-03-23 00:00:00+00:00, run_after=2024-03-24 00:00:00+00:00
[2024-03-24T02:58:46.719+0000] {processor.py:183} INFO - Processing /home/airflow/.local/lib/python3.8/site-packages/airflow/example_dags/example_short_circuit_operator.py took 0.076 seconds
[2024-03-24T02:59:17.375+0000] {processor.py:161} INFO - Started process (PID=421) to work on /home/airflow/.local/lib/python3.8/site-packages/airflow/example_dags/example_short_circuit_operator.py
[2024-03-24T02:59:17.378+0000] {processor.py:830} INFO - Processing file /home/airflow/.local/lib/python3.8/site-packages/airflow/example_dags/example_short_circuit_operator.py for tasks to queue
[2024-03-24T02:59:17.379+0000] {logging_mixin.py:188} INFO - [2024-03-24T02:59:17.379+0000] {dagbag.py:540} INFO - Filling up the DagBag from /home/airflow/.local/lib/python3.8/site-packages/airflow/example_dags/example_short_circuit_operator.py
[2024-03-24T02:59:17.384+0000] {processor.py:840} INFO - DAG(s) 'example_short_circuit_operator' retrieved from /home/airflow/.local/lib/python3.8/site-packages/airflow/example_dags/example_short_circuit_operator.py
[2024-03-24T02:59:17.397+0000] {logging_mixin.py:188} INFO - [2024-03-24T02:59:17.397+0000] {dag.py:3047} INFO - Sync 1 DAGs
[2024-03-24T02:59:17.409+0000] {logging_mixin.py:188} INFO - [2024-03-24T02:59:17.409+0000] {dag.py:3834} INFO - Setting next_dagrun for example_short_circuit_operator to 2024-03-23 00:00:00+00:00, run_after=2024-03-24 00:00:00+00:00
[2024-03-24T02:59:17.421+0000] {processor.py:183} INFO - Processing /home/airflow/.local/lib/python3.8/site-packages/airflow/example_dags/example_short_circuit_operator.py took 0.049 seconds
[2024-03-24T02:59:47.526+0000] {processor.py:161} INFO - Started process (PID=476) to work on /home/airflow/.local/lib/python3.8/site-packages/airflow/example_dags/example_short_circuit_operator.py
[2024-03-24T02:59:47.528+0000] {processor.py:830} INFO - Processing file /home/airflow/.local/lib/python3.8/site-packages/airflow/example_dags/example_short_circuit_operator.py for tasks to queue
[2024-03-24T02:59:47.529+0000] {logging_mixin.py:188} INFO - [2024-03-24T02:59:47.529+0000] {dagbag.py:540} INFO - Filling up the DagBag from /home/airflow/.local/lib/python3.8/site-packages/airflow/example_dags/example_short_circuit_operator.py
[2024-03-24T02:59:47.533+0000] {processor.py:840} INFO - DAG(s) 'example_short_circuit_operator' retrieved from /home/airflow/.local/lib/python3.8/site-packages/airflow/example_dags/example_short_circuit_operator.py
[2024-03-24T02:59:47.545+0000] {logging_mixin.py:188} INFO - [2024-03-24T02:59:47.545+0000] {dag.py:3047} INFO - Sync 1 DAGs
[2024-03-24T02:59:47.555+0000] {logging_mixin.py:188} INFO - [2024-03-24T02:59:47.555+0000] {dag.py:3834} INFO - Setting next_dagrun for example_short_circuit_operator to 2024-03-23 00:00:00+00:00, run_after=2024-03-24 00:00:00+00:00
[2024-03-24T02:59:47.564+0000] {processor.py:183} INFO - Processing /home/airflow/.local/lib/python3.8/site-packages/airflow/example_dags/example_short_circuit_operator.py took 0.040 seconds
[2024-03-24T03:00:17.613+0000] {processor.py:161} INFO - Started process (PID=531) to work on /home/airflow/.local/lib/python3.8/site-packages/airflow/example_dags/example_short_circuit_operator.py
[2024-03-24T03:00:17.614+0000] {processor.py:830} INFO - Processing file /home/airflow/.local/lib/python3.8/site-packages/airflow/example_dags/example_short_circuit_operator.py for tasks to queue
[2024-03-24T03:00:17.615+0000] {logging_mixin.py:188} INFO - [2024-03-24T03:00:17.615+0000] {dagbag.py:540} INFO - Filling up the DagBag from /home/airflow/.local/lib/python3.8/site-packages/airflow/example_dags/example_short_circuit_operator.py
[2024-03-24T03:00:17.619+0000] {processor.py:840} INFO - DAG(s) 'example_short_circuit_operator' retrieved from /home/airflow/.local/lib/python3.8/site-packages/airflow/example_dags/example_short_circuit_operator.py
[2024-03-24T03:00:17.631+0000] {logging_mixin.py:188} INFO - [2024-03-24T03:00:17.630+0000] {dag.py:3047} INFO - Sync 1 DAGs
[2024-03-24T03:00:17.641+0000] {logging_mixin.py:188} INFO - [2024-03-24T03:00:17.641+0000] {dag.py:3834} INFO - Setting next_dagrun for example_short_circuit_operator to 2024-03-23 00:00:00+00:00, run_after=2024-03-24 00:00:00+00:00
[2024-03-24T03:00:17.649+0000] {processor.py:183} INFO - Processing /home/airflow/.local/lib/python3.8/site-packages/airflow/example_dags/example_short_circuit_operator.py took 0.038 seconds
[2024-03-24T03:00:47.853+0000] {processor.py:161} INFO - Started process (PID=586) to work on /home/airflow/.local/lib/python3.8/site-packages/airflow/example_dags/example_short_circuit_operator.py
[2024-03-24T03:00:47.855+0000] {processor.py:830} INFO - Processing file /home/airflow/.local/lib/python3.8/site-packages/airflow/example_dags/example_short_circuit_operator.py for tasks to queue
[2024-03-24T03:00:47.858+0000] {logging_mixin.py:188} INFO - [2024-03-24T03:00:47.858+0000] {dagbag.py:540} INFO - Filling up the DagBag from /home/airflow/.local/lib/python3.8/site-packages/airflow/example_dags/example_short_circuit_operator.py
[2024-03-24T03:00:47.863+0000] {processor.py:840} INFO - DAG(s) 'example_short_circuit_operator' retrieved from /home/airflow/.local/lib/python3.8/site-packages/airflow/example_dags/example_short_circuit_operator.py
[2024-03-24T03:00:47.877+0000] {logging_mixin.py:188} INFO - [2024-03-24T03:00:47.877+0000] {dag.py:3047} INFO - Sync 1 DAGs
[2024-03-24T03:00:47.895+0000] {logging_mixin.py:188} INFO - [2024-03-24T03:00:47.895+0000] {dag.py:3834} INFO - Setting next_dagrun for example_short_circuit_operator to 2024-03-23 00:00:00+00:00, run_after=2024-03-24 00:00:00+00:00
[2024-03-24T03:00:47.905+0000] {processor.py:183} INFO - Processing /home/airflow/.local/lib/python3.8/site-packages/airflow/example_dags/example_short_circuit_operator.py took 0.054 seconds
[2024-03-24T03:01:18.463+0000] {processor.py:161} INFO - Started process (PID=641) to work on /home/airflow/.local/lib/python3.8/site-packages/airflow/example_dags/example_short_circuit_operator.py
[2024-03-24T03:01:18.464+0000] {processor.py:830} INFO - Processing file /home/airflow/.local/lib/python3.8/site-packages/airflow/example_dags/example_short_circuit_operator.py for tasks to queue
[2024-03-24T03:01:18.466+0000] {logging_mixin.py:188} INFO - [2024-03-24T03:01:18.466+0000] {dagbag.py:540} INFO - Filling up the DagBag from /home/airflow/.local/lib/python3.8/site-packages/airflow/example_dags/example_short_circuit_operator.py
[2024-03-24T03:01:18.471+0000] {processor.py:840} INFO - DAG(s) 'example_short_circuit_operator' retrieved from /home/airflow/.local/lib/python3.8/site-packages/airflow/example_dags/example_short_circuit_operator.py
[2024-03-24T03:01:18.485+0000] {logging_mixin.py:188} INFO - [2024-03-24T03:01:18.485+0000] {dag.py:3047} INFO - Sync 1 DAGs
[2024-03-24T03:01:18.513+0000] {logging_mixin.py:188} INFO - [2024-03-24T03:01:18.513+0000] {dag.py:3834} INFO - Setting next_dagrun for example_short_circuit_operator to 2024-03-23 00:00:00+00:00, run_after=2024-03-24 00:00:00+00:00
[2024-03-24T03:01:18.530+0000] {processor.py:183} INFO - Processing /home/airflow/.local/lib/python3.8/site-packages/airflow/example_dags/example_short_circuit_operator.py took 0.069 seconds
[2024-03-24T03:01:48.828+0000] {processor.py:161} INFO - Started process (PID=696) to work on /home/airflow/.local/lib/python3.8/site-packages/airflow/example_dags/example_short_circuit_operator.py
[2024-03-24T03:01:48.829+0000] {processor.py:830} INFO - Processing file /home/airflow/.local/lib/python3.8/site-packages/airflow/example_dags/example_short_circuit_operator.py for tasks to queue
[2024-03-24T03:01:48.830+0000] {logging_mixin.py:188} INFO - [2024-03-24T03:01:48.830+0000] {dagbag.py:540} INFO - Filling up the DagBag from /home/airflow/.local/lib/python3.8/site-packages/airflow/example_dags/example_short_circuit_operator.py
[2024-03-24T03:01:48.834+0000] {processor.py:840} INFO - DAG(s) 'example_short_circuit_operator' retrieved from /home/airflow/.local/lib/python3.8/site-packages/airflow/example_dags/example_short_circuit_operator.py
[2024-03-24T03:01:48.846+0000] {logging_mixin.py:188} INFO - [2024-03-24T03:01:48.846+0000] {dag.py:3047} INFO - Sync 1 DAGs
[2024-03-24T03:01:48.856+0000] {logging_mixin.py:188} INFO - [2024-03-24T03:01:48.856+0000] {dag.py:3834} INFO - Setting next_dagrun for example_short_circuit_operator to 2024-03-23 00:00:00+00:00, run_after=2024-03-24 00:00:00+00:00
[2024-03-24T03:01:48.866+0000] {processor.py:183} INFO - Processing /home/airflow/.local/lib/python3.8/site-packages/airflow/example_dags/example_short_circuit_operator.py took 0.040 seconds
[2024-03-24T03:02:19.379+0000] {processor.py:161} INFO - Started process (PID=751) to work on /home/airflow/.local/lib/python3.8/site-packages/airflow/example_dags/example_short_circuit_operator.py
[2024-03-24T03:02:19.379+0000] {processor.py:830} INFO - Processing file /home/airflow/.local/lib/python3.8/site-packages/airflow/example_dags/example_short_circuit_operator.py for tasks to queue
[2024-03-24T03:02:19.381+0000] {logging_mixin.py:188} INFO - [2024-03-24T03:02:19.380+0000] {dagbag.py:540} INFO - Filling up the DagBag from /home/airflow/.local/lib/python3.8/site-packages/airflow/example_dags/example_short_circuit_operator.py
[2024-03-24T03:02:19.385+0000] {processor.py:840} INFO - DAG(s) 'example_short_circuit_operator' retrieved from /home/airflow/.local/lib/python3.8/site-packages/airflow/example_dags/example_short_circuit_operator.py
[2024-03-24T03:02:19.396+0000] {logging_mixin.py:188} INFO - [2024-03-24T03:02:19.396+0000] {dag.py:3047} INFO - Sync 1 DAGs
[2024-03-24T03:02:19.407+0000] {logging_mixin.py:188} INFO - [2024-03-24T03:02:19.407+0000] {dag.py:3834} INFO - Setting next_dagrun for example_short_circuit_operator to 2024-03-23 00:00:00+00:00, run_after=2024-03-24 00:00:00+00:00
[2024-03-24T03:02:19.416+0000] {processor.py:183} INFO - Processing /home/airflow/.local/lib/python3.8/site-packages/airflow/example_dags/example_short_circuit_operator.py took 0.039 seconds
[2024-03-24T03:02:49.642+0000] {processor.py:161} INFO - Started process (PID=806) to work on /home/airflow/.local/lib/python3.8/site-packages/airflow/example_dags/example_short_circuit_operator.py
[2024-03-24T03:02:49.643+0000] {processor.py:830} INFO - Processing file /home/airflow/.local/lib/python3.8/site-packages/airflow/example_dags/example_short_circuit_operator.py for tasks to queue
[2024-03-24T03:02:49.644+0000] {logging_mixin.py:188} INFO - [2024-03-24T03:02:49.644+0000] {dagbag.py:540} INFO - Filling up the DagBag from /home/airflow/.local/lib/python3.8/site-packages/airflow/example_dags/example_short_circuit_operator.py
[2024-03-24T03:02:49.648+0000] {processor.py:840} INFO - DAG(s) 'example_short_circuit_operator' retrieved from /home/airflow/.local/lib/python3.8/site-packages/airflow/example_dags/example_short_circuit_operator.py
[2024-03-24T03:02:49.660+0000] {logging_mixin.py:188} INFO - [2024-03-24T03:02:49.660+0000] {dag.py:3047} INFO - Sync 1 DAGs
[2024-03-24T03:02:49.671+0000] {logging_mixin.py:188} INFO - [2024-03-24T03:02:49.671+0000] {dag.py:3834} INFO - Setting next_dagrun for example_short_circuit_operator to 2024-03-23 00:00:00+00:00, run_after=2024-03-24 00:00:00+00:00
[2024-03-24T03:02:49.682+0000] {processor.py:183} INFO - Processing /home/airflow/.local/lib/python3.8/site-packages/airflow/example_dags/example_short_circuit_operator.py took 0.042 seconds
[2024-03-24T03:03:20.436+0000] {processor.py:161} INFO - Started process (PID=861) to work on /home/airflow/.local/lib/python3.8/site-packages/airflow/example_dags/example_short_circuit_operator.py
[2024-03-24T03:03:20.437+0000] {processor.py:830} INFO - Processing file /home/airflow/.local/lib/python3.8/site-packages/airflow/example_dags/example_short_circuit_operator.py for tasks to queue
[2024-03-24T03:03:20.438+0000] {logging_mixin.py:188} INFO - [2024-03-24T03:03:20.438+0000] {dagbag.py:540} INFO - Filling up the DagBag from /home/airflow/.local/lib/python3.8/site-packages/airflow/example_dags/example_short_circuit_operator.py
[2024-03-24T03:03:20.442+0000] {processor.py:840} INFO - DAG(s) 'example_short_circuit_operator' retrieved from /home/airflow/.local/lib/python3.8/site-packages/airflow/example_dags/example_short_circuit_operator.py
[2024-03-24T03:03:20.454+0000] {logging_mixin.py:188} INFO - [2024-03-24T03:03:20.454+0000] {dag.py:3047} INFO - Sync 1 DAGs
[2024-03-24T03:03:20.464+0000] {logging_mixin.py:188} INFO - [2024-03-24T03:03:20.464+0000] {dag.py:3834} INFO - Setting next_dagrun for example_short_circuit_operator to 2024-03-23 00:00:00+00:00, run_after=2024-03-24 00:00:00+00:00
[2024-03-24T03:03:20.473+0000] {processor.py:183} INFO - Processing /home/airflow/.local/lib/python3.8/site-packages/airflow/example_dags/example_short_circuit_operator.py took 0.039 seconds
[2024-03-24T03:03:50.695+0000] {processor.py:161} INFO - Started process (PID=916) to work on /home/airflow/.local/lib/python3.8/site-packages/airflow/example_dags/example_short_circuit_operator.py
[2024-03-24T03:03:50.696+0000] {processor.py:830} INFO - Processing file /home/airflow/.local/lib/python3.8/site-packages/airflow/example_dags/example_short_circuit_operator.py for tasks to queue
[2024-03-24T03:03:50.697+0000] {logging_mixin.py:188} INFO - [2024-03-24T03:03:50.697+0000] {dagbag.py:540} INFO - Filling up the DagBag from /home/airflow/.local/lib/python3.8/site-packages/airflow/example_dags/example_short_circuit_operator.py
[2024-03-24T03:03:50.701+0000] {processor.py:840} INFO - DAG(s) 'example_short_circuit_operator' retrieved from /home/airflow/.local/lib/python3.8/site-packages/airflow/example_dags/example_short_circuit_operator.py
[2024-03-24T03:03:50.712+0000] {logging_mixin.py:188} INFO - [2024-03-24T03:03:50.711+0000] {dag.py:3047} INFO - Sync 1 DAGs
[2024-03-24T03:03:50.722+0000] {logging_mixin.py:188} INFO - [2024-03-24T03:03:50.721+0000] {dag.py:3834} INFO - Setting next_dagrun for example_short_circuit_operator to 2024-03-23 00:00:00+00:00, run_after=2024-03-24 00:00:00+00:00
[2024-03-24T03:03:50.733+0000] {processor.py:183} INFO - Processing /home/airflow/.local/lib/python3.8/site-packages/airflow/example_dags/example_short_circuit_operator.py took 0.039 seconds
[2024-03-24T03:04:21.555+0000] {processor.py:161} INFO - Started process (PID=970) to work on /home/airflow/.local/lib/python3.8/site-packages/airflow/example_dags/example_short_circuit_operator.py
[2024-03-24T03:04:21.556+0000] {processor.py:830} INFO - Processing file /home/airflow/.local/lib/python3.8/site-packages/airflow/example_dags/example_short_circuit_operator.py for tasks to queue
[2024-03-24T03:04:21.556+0000] {logging_mixin.py:188} INFO - [2024-03-24T03:04:21.556+0000] {dagbag.py:540} INFO - Filling up the DagBag from /home/airflow/.local/lib/python3.8/site-packages/airflow/example_dags/example_short_circuit_operator.py
[2024-03-24T03:04:21.561+0000] {processor.py:840} INFO - DAG(s) 'example_short_circuit_operator' retrieved from /home/airflow/.local/lib/python3.8/site-packages/airflow/example_dags/example_short_circuit_operator.py
[2024-03-24T03:04:21.572+0000] {logging_mixin.py:188} INFO - [2024-03-24T03:04:21.572+0000] {dag.py:3047} INFO - Sync 1 DAGs
[2024-03-24T03:04:21.583+0000] {logging_mixin.py:188} INFO - [2024-03-24T03:04:21.583+0000] {dag.py:3834} INFO - Setting next_dagrun for example_short_circuit_operator to 2024-03-23 00:00:00+00:00, run_after=2024-03-24 00:00:00+00:00
[2024-03-24T03:04:21.593+0000] {processor.py:183} INFO - Processing /home/airflow/.local/lib/python3.8/site-packages/airflow/example_dags/example_short_circuit_operator.py took 0.040 seconds
[2024-03-24T03:04:51.833+0000] {processor.py:161} INFO - Started process (PID=1024) to work on /home/airflow/.local/lib/python3.8/site-packages/airflow/example_dags/example_short_circuit_operator.py
[2024-03-24T03:04:51.835+0000] {processor.py:830} INFO - Processing file /home/airflow/.local/lib/python3.8/site-packages/airflow/example_dags/example_short_circuit_operator.py for tasks to queue
[2024-03-24T03:04:51.836+0000] {logging_mixin.py:188} INFO - [2024-03-24T03:04:51.836+0000] {dagbag.py:540} INFO - Filling up the DagBag from /home/airflow/.local/lib/python3.8/site-packages/airflow/example_dags/example_short_circuit_operator.py
[2024-03-24T03:04:51.840+0000] {processor.py:840} INFO - DAG(s) 'example_short_circuit_operator' retrieved from /home/airflow/.local/lib/python3.8/site-packages/airflow/example_dags/example_short_circuit_operator.py
[2024-03-24T03:04:51.854+0000] {logging_mixin.py:188} INFO - [2024-03-24T03:04:51.854+0000] {dag.py:3047} INFO - Sync 1 DAGs
[2024-03-24T03:04:51.867+0000] {logging_mixin.py:188} INFO - [2024-03-24T03:04:51.867+0000] {dag.py:3834} INFO - Setting next_dagrun for example_short_circuit_operator to 2024-03-23 00:00:00+00:00, run_after=2024-03-24 00:00:00+00:00
[2024-03-24T03:04:51.876+0000] {processor.py:183} INFO - Processing /home/airflow/.local/lib/python3.8/site-packages/airflow/example_dags/example_short_circuit_operator.py took 0.045 seconds
[2024-03-24T03:05:22.204+0000] {processor.py:161} INFO - Started process (PID=1080) to work on /home/airflow/.local/lib/python3.8/site-packages/airflow/example_dags/example_short_circuit_operator.py
[2024-03-24T03:05:22.205+0000] {processor.py:830} INFO - Processing file /home/airflow/.local/lib/python3.8/site-packages/airflow/example_dags/example_short_circuit_operator.py for tasks to queue
[2024-03-24T03:05:22.206+0000] {logging_mixin.py:188} INFO - [2024-03-24T03:05:22.206+0000] {dagbag.py:540} INFO - Filling up the DagBag from /home/airflow/.local/lib/python3.8/site-packages/airflow/example_dags/example_short_circuit_operator.py
[2024-03-24T03:05:22.211+0000] {processor.py:840} INFO - DAG(s) 'example_short_circuit_operator' retrieved from /home/airflow/.local/lib/python3.8/site-packages/airflow/example_dags/example_short_circuit_operator.py
[2024-03-24T03:05:22.223+0000] {logging_mixin.py:188} INFO - [2024-03-24T03:05:22.223+0000] {dag.py:3047} INFO - Sync 1 DAGs
[2024-03-24T03:05:22.232+0000] {logging_mixin.py:188} INFO - [2024-03-24T03:05:22.232+0000] {dag.py:3834} INFO - Setting next_dagrun for example_short_circuit_operator to 2024-03-23 00:00:00+00:00, run_after=2024-03-24 00:00:00+00:00
[2024-03-24T03:05:22.242+0000] {processor.py:183} INFO - Processing /home/airflow/.local/lib/python3.8/site-packages/airflow/example_dags/example_short_circuit_operator.py took 0.042 seconds
[2024-03-24T03:05:52.918+0000] {processor.py:161} INFO - Started process (PID=1134) to work on /home/airflow/.local/lib/python3.8/site-packages/airflow/example_dags/example_short_circuit_operator.py
[2024-03-24T03:05:52.919+0000] {processor.py:830} INFO - Processing file /home/airflow/.local/lib/python3.8/site-packages/airflow/example_dags/example_short_circuit_operator.py for tasks to queue
[2024-03-24T03:05:52.920+0000] {logging_mixin.py:188} INFO - [2024-03-24T03:05:52.920+0000] {dagbag.py:540} INFO - Filling up the DagBag from /home/airflow/.local/lib/python3.8/site-packages/airflow/example_dags/example_short_circuit_operator.py
[2024-03-24T03:05:52.925+0000] {processor.py:840} INFO - DAG(s) 'example_short_circuit_operator' retrieved from /home/airflow/.local/lib/python3.8/site-packages/airflow/example_dags/example_short_circuit_operator.py
[2024-03-24T03:05:52.937+0000] {logging_mixin.py:188} INFO - [2024-03-24T03:05:52.937+0000] {dag.py:3047} INFO - Sync 1 DAGs
[2024-03-24T03:05:52.948+0000] {logging_mixin.py:188} INFO - [2024-03-24T03:05:52.948+0000] {dag.py:3834} INFO - Setting next_dagrun for example_short_circuit_operator to 2024-03-23 00:00:00+00:00, run_after=2024-03-24 00:00:00+00:00
[2024-03-24T03:05:52.958+0000] {processor.py:183} INFO - Processing /home/airflow/.local/lib/python3.8/site-packages/airflow/example_dags/example_short_circuit_operator.py took 0.042 seconds
