[2024-03-24T02:55:42.719+0000] {processor.py:161} INFO - Started process (PID=39) to work on /home/airflow/.local/lib/python3.8/site-packages/airflow/example_dags/example_branch_python_dop_operator_3.py
[2024-03-24T02:55:42.720+0000] {processor.py:830} INFO - Processing file /home/airflow/.local/lib/python3.8/site-packages/airflow/example_dags/example_branch_python_dop_operator_3.py for tasks to queue
[2024-03-24T02:55:42.722+0000] {logging_mixin.py:188} INFO - [2024-03-24T02:55:42.722+0000] {dagbag.py:540} INFO - Filling up the DagBag from /home/airflow/.local/lib/python3.8/site-packages/airflow/example_dags/example_branch_python_dop_operator_3.py
[2024-03-24T02:55:42.733+0000] {processor.py:840} INFO - DAG(s) 'example_branch_dop_operator_v3' retrieved from /home/airflow/.local/lib/python3.8/site-packages/airflow/example_dags/example_branch_python_dop_operator_3.py
[2024-03-24T02:55:42.744+0000] {logging_mixin.py:188} INFO - [2024-03-24T02:55:42.743+0000] {dag.py:3047} INFO - Sync 1 DAGs
[2024-03-24T02:55:42.799+0000] {logging_mixin.py:188} INFO - [2024-03-24T02:55:42.799+0000] {dag.py:3834} INFO - Setting next_dagrun for example_branch_dop_operator_v3 to 2024-03-24 02:54:00+00:00, run_after=2024-03-24 02:55:00+00:00
[2024-03-24T02:55:42.814+0000] {processor.py:183} INFO - Processing /home/airflow/.local/lib/python3.8/site-packages/airflow/example_dags/example_branch_python_dop_operator_3.py took 0.099 seconds
[2024-03-24T02:56:13.534+0000] {processor.py:161} INFO - Started process (PID=93) to work on /home/airflow/.local/lib/python3.8/site-packages/airflow/example_dags/example_branch_python_dop_operator_3.py
[2024-03-24T02:56:13.534+0000] {processor.py:830} INFO - Processing file /home/airflow/.local/lib/python3.8/site-packages/airflow/example_dags/example_branch_python_dop_operator_3.py for tasks to queue
[2024-03-24T02:56:13.535+0000] {logging_mixin.py:188} INFO - [2024-03-24T02:56:13.535+0000] {dagbag.py:540} INFO - Filling up the DagBag from /home/airflow/.local/lib/python3.8/site-packages/airflow/example_dags/example_branch_python_dop_operator_3.py
[2024-03-24T02:56:13.540+0000] {processor.py:840} INFO - DAG(s) 'example_branch_dop_operator_v3' retrieved from /home/airflow/.local/lib/python3.8/site-packages/airflow/example_dags/example_branch_python_dop_operator_3.py
[2024-03-24T02:56:13.583+0000] {logging_mixin.py:188} INFO - [2024-03-24T02:56:13.583+0000] {dag.py:3047} INFO - Sync 1 DAGs
[2024-03-24T02:56:13.595+0000] {logging_mixin.py:188} INFO - [2024-03-24T02:56:13.594+0000] {dag.py:3834} INFO - Setting next_dagrun for example_branch_dop_operator_v3 to 2024-03-24 02:55:00+00:00, run_after=2024-03-24 02:56:00+00:00
[2024-03-24T02:56:13.604+0000] {processor.py:183} INFO - Processing /home/airflow/.local/lib/python3.8/site-packages/airflow/example_dags/example_branch_python_dop_operator_3.py took 0.072 seconds
[2024-03-24T02:56:44.043+0000] {processor.py:161} INFO - Started process (PID=148) to work on /home/airflow/.local/lib/python3.8/site-packages/airflow/example_dags/example_branch_python_dop_operator_3.py
[2024-03-24T02:56:44.044+0000] {processor.py:830} INFO - Processing file /home/airflow/.local/lib/python3.8/site-packages/airflow/example_dags/example_branch_python_dop_operator_3.py for tasks to queue
[2024-03-24T02:56:44.045+0000] {logging_mixin.py:188} INFO - [2024-03-24T02:56:44.045+0000] {dagbag.py:540} INFO - Filling up the DagBag from /home/airflow/.local/lib/python3.8/site-packages/airflow/example_dags/example_branch_python_dop_operator_3.py
[2024-03-24T02:56:44.050+0000] {processor.py:840} INFO - DAG(s) 'example_branch_dop_operator_v3' retrieved from /home/airflow/.local/lib/python3.8/site-packages/airflow/example_dags/example_branch_python_dop_operator_3.py
[2024-03-24T02:56:44.061+0000] {logging_mixin.py:188} INFO - [2024-03-24T02:56:44.061+0000] {dag.py:3047} INFO - Sync 1 DAGs
[2024-03-24T02:56:44.076+0000] {logging_mixin.py:188} INFO - [2024-03-24T02:56:44.076+0000] {dag.py:3834} INFO - Setting next_dagrun for example_branch_dop_operator_v3 to 2024-03-24 02:55:00+00:00, run_after=2024-03-24 02:56:00+00:00
[2024-03-24T02:56:44.085+0000] {processor.py:183} INFO - Processing /home/airflow/.local/lib/python3.8/site-packages/airflow/example_dags/example_branch_python_dop_operator_3.py took 0.043 seconds
[2024-03-24T02:57:14.749+0000] {processor.py:161} INFO - Started process (PID=203) to work on /home/airflow/.local/lib/python3.8/site-packages/airflow/example_dags/example_branch_python_dop_operator_3.py
[2024-03-24T02:57:14.750+0000] {processor.py:830} INFO - Processing file /home/airflow/.local/lib/python3.8/site-packages/airflow/example_dags/example_branch_python_dop_operator_3.py for tasks to queue
[2024-03-24T02:57:14.751+0000] {logging_mixin.py:188} INFO - [2024-03-24T02:57:14.751+0000] {dagbag.py:540} INFO - Filling up the DagBag from /home/airflow/.local/lib/python3.8/site-packages/airflow/example_dags/example_branch_python_dop_operator_3.py
[2024-03-24T02:57:14.756+0000] {processor.py:840} INFO - DAG(s) 'example_branch_dop_operator_v3' retrieved from /home/airflow/.local/lib/python3.8/site-packages/airflow/example_dags/example_branch_python_dop_operator_3.py
[2024-03-24T02:57:14.768+0000] {logging_mixin.py:188} INFO - [2024-03-24T02:57:14.768+0000] {dag.py:3047} INFO - Sync 1 DAGs
[2024-03-24T02:57:14.787+0000] {logging_mixin.py:188} INFO - [2024-03-24T02:57:14.787+0000] {dag.py:3834} INFO - Setting next_dagrun for example_branch_dop_operator_v3 to 2024-03-24 02:56:00+00:00, run_after=2024-03-24 02:57:00+00:00
[2024-03-24T02:57:14.802+0000] {processor.py:183} INFO - Processing /home/airflow/.local/lib/python3.8/site-packages/airflow/example_dags/example_branch_python_dop_operator_3.py took 0.054 seconds
[2024-03-24T02:57:45.635+0000] {processor.py:161} INFO - Started process (PID=258) to work on /home/airflow/.local/lib/python3.8/site-packages/airflow/example_dags/example_branch_python_dop_operator_3.py
[2024-03-24T02:57:45.635+0000] {processor.py:830} INFO - Processing file /home/airflow/.local/lib/python3.8/site-packages/airflow/example_dags/example_branch_python_dop_operator_3.py for tasks to queue
[2024-03-24T02:57:45.639+0000] {logging_mixin.py:188} INFO - [2024-03-24T02:57:45.638+0000] {dagbag.py:540} INFO - Filling up the DagBag from /home/airflow/.local/lib/python3.8/site-packages/airflow/example_dags/example_branch_python_dop_operator_3.py
[2024-03-24T02:57:45.645+0000] {processor.py:840} INFO - DAG(s) 'example_branch_dop_operator_v3' retrieved from /home/airflow/.local/lib/python3.8/site-packages/airflow/example_dags/example_branch_python_dop_operator_3.py
[2024-03-24T02:57:45.657+0000] {logging_mixin.py:188} INFO - [2024-03-24T02:57:45.656+0000] {dag.py:3047} INFO - Sync 1 DAGs
[2024-03-24T02:57:45.677+0000] {logging_mixin.py:188} INFO - [2024-03-24T02:57:45.677+0000] {dag.py:3834} INFO - Setting next_dagrun for example_branch_dop_operator_v3 to 2024-03-24 02:56:00+00:00, run_after=2024-03-24 02:57:00+00:00
[2024-03-24T02:57:45.687+0000] {processor.py:183} INFO - Processing /home/airflow/.local/lib/python3.8/site-packages/airflow/example_dags/example_branch_python_dop_operator_3.py took 0.055 seconds
[2024-03-24T02:58:16.198+0000] {processor.py:161} INFO - Started process (PID=313) to work on /home/airflow/.local/lib/python3.8/site-packages/airflow/example_dags/example_branch_python_dop_operator_3.py
[2024-03-24T02:58:16.199+0000] {processor.py:830} INFO - Processing file /home/airflow/.local/lib/python3.8/site-packages/airflow/example_dags/example_branch_python_dop_operator_3.py for tasks to queue
[2024-03-24T02:58:16.200+0000] {logging_mixin.py:188} INFO - [2024-03-24T02:58:16.200+0000] {dagbag.py:540} INFO - Filling up the DagBag from /home/airflow/.local/lib/python3.8/site-packages/airflow/example_dags/example_branch_python_dop_operator_3.py
[2024-03-24T02:58:16.206+0000] {processor.py:840} INFO - DAG(s) 'example_branch_dop_operator_v3' retrieved from /home/airflow/.local/lib/python3.8/site-packages/airflow/example_dags/example_branch_python_dop_operator_3.py
[2024-03-24T02:58:16.213+0000] {logging_mixin.py:188} INFO - [2024-03-24T02:58:16.212+0000] {dag.py:3047} INFO - Sync 1 DAGs
[2024-03-24T02:58:16.225+0000] {logging_mixin.py:188} INFO - [2024-03-24T02:58:16.225+0000] {dag.py:3834} INFO - Setting next_dagrun for example_branch_dop_operator_v3 to 2024-03-24 02:57:00+00:00, run_after=2024-03-24 02:58:00+00:00
[2024-03-24T02:58:16.234+0000] {processor.py:183} INFO - Processing /home/airflow/.local/lib/python3.8/site-packages/airflow/example_dags/example_branch_python_dop_operator_3.py took 0.039 seconds
[2024-03-24T02:58:46.731+0000] {processor.py:161} INFO - Started process (PID=368) to work on /home/airflow/.local/lib/python3.8/site-packages/airflow/example_dags/example_branch_python_dop_operator_3.py
[2024-03-24T02:58:46.732+0000] {processor.py:830} INFO - Processing file /home/airflow/.local/lib/python3.8/site-packages/airflow/example_dags/example_branch_python_dop_operator_3.py for tasks to queue
[2024-03-24T02:58:46.733+0000] {logging_mixin.py:188} INFO - [2024-03-24T02:58:46.733+0000] {dagbag.py:540} INFO - Filling up the DagBag from /home/airflow/.local/lib/python3.8/site-packages/airflow/example_dags/example_branch_python_dop_operator_3.py
[2024-03-24T02:58:46.738+0000] {processor.py:840} INFO - DAG(s) 'example_branch_dop_operator_v3' retrieved from /home/airflow/.local/lib/python3.8/site-packages/airflow/example_dags/example_branch_python_dop_operator_3.py
[2024-03-24T02:58:46.784+0000] {logging_mixin.py:188} INFO - [2024-03-24T02:58:46.784+0000] {dag.py:3047} INFO - Sync 1 DAGs
[2024-03-24T02:58:46.795+0000] {logging_mixin.py:188} INFO - [2024-03-24T02:58:46.795+0000] {dag.py:3834} INFO - Setting next_dagrun for example_branch_dop_operator_v3 to 2024-03-24 02:57:00+00:00, run_after=2024-03-24 02:58:00+00:00
[2024-03-24T02:58:46.808+0000] {processor.py:183} INFO - Processing /home/airflow/.local/lib/python3.8/site-packages/airflow/example_dags/example_branch_python_dop_operator_3.py took 0.079 seconds
[2024-03-24T02:59:17.434+0000] {processor.py:161} INFO - Started process (PID=423) to work on /home/airflow/.local/lib/python3.8/site-packages/airflow/example_dags/example_branch_python_dop_operator_3.py
[2024-03-24T02:59:17.435+0000] {processor.py:830} INFO - Processing file /home/airflow/.local/lib/python3.8/site-packages/airflow/example_dags/example_branch_python_dop_operator_3.py for tasks to queue
[2024-03-24T02:59:17.437+0000] {logging_mixin.py:188} INFO - [2024-03-24T02:59:17.437+0000] {dagbag.py:540} INFO - Filling up the DagBag from /home/airflow/.local/lib/python3.8/site-packages/airflow/example_dags/example_branch_python_dop_operator_3.py
[2024-03-24T02:59:17.443+0000] {processor.py:840} INFO - DAG(s) 'example_branch_dop_operator_v3' retrieved from /home/airflow/.local/lib/python3.8/site-packages/airflow/example_dags/example_branch_python_dop_operator_3.py
[2024-03-24T02:59:17.454+0000] {logging_mixin.py:188} INFO - [2024-03-24T02:59:17.454+0000] {dag.py:3047} INFO - Sync 1 DAGs
[2024-03-24T02:59:17.468+0000] {logging_mixin.py:188} INFO - [2024-03-24T02:59:17.468+0000] {dag.py:3834} INFO - Setting next_dagrun for example_branch_dop_operator_v3 to 2024-03-24 02:58:00+00:00, run_after=2024-03-24 02:59:00+00:00
[2024-03-24T02:59:17.477+0000] {processor.py:183} INFO - Processing /home/airflow/.local/lib/python3.8/site-packages/airflow/example_dags/example_branch_python_dop_operator_3.py took 0.045 seconds
[2024-03-24T02:59:47.576+0000] {processor.py:161} INFO - Started process (PID=478) to work on /home/airflow/.local/lib/python3.8/site-packages/airflow/example_dags/example_branch_python_dop_operator_3.py
[2024-03-24T02:59:47.577+0000] {processor.py:830} INFO - Processing file /home/airflow/.local/lib/python3.8/site-packages/airflow/example_dags/example_branch_python_dop_operator_3.py for tasks to queue
[2024-03-24T02:59:47.578+0000] {logging_mixin.py:188} INFO - [2024-03-24T02:59:47.578+0000] {dagbag.py:540} INFO - Filling up the DagBag from /home/airflow/.local/lib/python3.8/site-packages/airflow/example_dags/example_branch_python_dop_operator_3.py
[2024-03-24T02:59:47.583+0000] {processor.py:840} INFO - DAG(s) 'example_branch_dop_operator_v3' retrieved from /home/airflow/.local/lib/python3.8/site-packages/airflow/example_dags/example_branch_python_dop_operator_3.py
[2024-03-24T02:59:47.594+0000] {logging_mixin.py:188} INFO - [2024-03-24T02:59:47.594+0000] {dag.py:3047} INFO - Sync 1 DAGs
[2024-03-24T02:59:47.607+0000] {logging_mixin.py:188} INFO - [2024-03-24T02:59:47.607+0000] {dag.py:3834} INFO - Setting next_dagrun for example_branch_dop_operator_v3 to 2024-03-24 02:58:00+00:00, run_after=2024-03-24 02:59:00+00:00
[2024-03-24T02:59:47.616+0000] {processor.py:183} INFO - Processing /home/airflow/.local/lib/python3.8/site-packages/airflow/example_dags/example_branch_python_dop_operator_3.py took 0.043 seconds
[2024-03-24T03:00:17.662+0000] {processor.py:161} INFO - Started process (PID=533) to work on /home/airflow/.local/lib/python3.8/site-packages/airflow/example_dags/example_branch_python_dop_operator_3.py
[2024-03-24T03:00:17.662+0000] {processor.py:830} INFO - Processing file /home/airflow/.local/lib/python3.8/site-packages/airflow/example_dags/example_branch_python_dop_operator_3.py for tasks to queue
[2024-03-24T03:00:17.663+0000] {logging_mixin.py:188} INFO - [2024-03-24T03:00:17.663+0000] {dagbag.py:540} INFO - Filling up the DagBag from /home/airflow/.local/lib/python3.8/site-packages/airflow/example_dags/example_branch_python_dop_operator_3.py
[2024-03-24T03:00:17.668+0000] {processor.py:840} INFO - DAG(s) 'example_branch_dop_operator_v3' retrieved from /home/airflow/.local/lib/python3.8/site-packages/airflow/example_dags/example_branch_python_dop_operator_3.py
[2024-03-24T03:00:17.678+0000] {logging_mixin.py:188} INFO - [2024-03-24T03:00:17.678+0000] {dag.py:3047} INFO - Sync 1 DAGs
[2024-03-24T03:00:17.691+0000] {logging_mixin.py:188} INFO - [2024-03-24T03:00:17.691+0000] {dag.py:3834} INFO - Setting next_dagrun for example_branch_dop_operator_v3 to 2024-03-24 02:59:00+00:00, run_after=2024-03-24 03:00:00+00:00
[2024-03-24T03:00:17.700+0000] {processor.py:183} INFO - Processing /home/airflow/.local/lib/python3.8/site-packages/airflow/example_dags/example_branch_python_dop_operator_3.py took 0.041 seconds
[2024-03-24T03:00:47.922+0000] {processor.py:161} INFO - Started process (PID=588) to work on /home/airflow/.local/lib/python3.8/site-packages/airflow/example_dags/example_branch_python_dop_operator_3.py
[2024-03-24T03:00:47.923+0000] {processor.py:830} INFO - Processing file /home/airflow/.local/lib/python3.8/site-packages/airflow/example_dags/example_branch_python_dop_operator_3.py for tasks to queue
[2024-03-24T03:00:47.924+0000] {logging_mixin.py:188} INFO - [2024-03-24T03:00:47.924+0000] {dagbag.py:540} INFO - Filling up the DagBag from /home/airflow/.local/lib/python3.8/site-packages/airflow/example_dags/example_branch_python_dop_operator_3.py
[2024-03-24T03:00:47.935+0000] {processor.py:840} INFO - DAG(s) 'example_branch_dop_operator_v3' retrieved from /home/airflow/.local/lib/python3.8/site-packages/airflow/example_dags/example_branch_python_dop_operator_3.py
[2024-03-24T03:00:47.951+0000] {logging_mixin.py:188} INFO - [2024-03-24T03:00:47.951+0000] {dag.py:3047} INFO - Sync 1 DAGs
[2024-03-24T03:00:47.977+0000] {logging_mixin.py:188} INFO - [2024-03-24T03:00:47.976+0000] {dag.py:3834} INFO - Setting next_dagrun for example_branch_dop_operator_v3 to 2024-03-24 02:59:00+00:00, run_after=2024-03-24 03:00:00+00:00
[2024-03-24T03:00:47.987+0000] {processor.py:183} INFO - Processing /home/airflow/.local/lib/python3.8/site-packages/airflow/example_dags/example_branch_python_dop_operator_3.py took 0.067 seconds
[2024-03-24T03:01:18.562+0000] {processor.py:161} INFO - Started process (PID=643) to work on /home/airflow/.local/lib/python3.8/site-packages/airflow/example_dags/example_branch_python_dop_operator_3.py
[2024-03-24T03:01:18.563+0000] {processor.py:830} INFO - Processing file /home/airflow/.local/lib/python3.8/site-packages/airflow/example_dags/example_branch_python_dop_operator_3.py for tasks to queue
[2024-03-24T03:01:18.566+0000] {logging_mixin.py:188} INFO - [2024-03-24T03:01:18.566+0000] {dagbag.py:540} INFO - Filling up the DagBag from /home/airflow/.local/lib/python3.8/site-packages/airflow/example_dags/example_branch_python_dop_operator_3.py
[2024-03-24T03:01:18.575+0000] {processor.py:840} INFO - DAG(s) 'example_branch_dop_operator_v3' retrieved from /home/airflow/.local/lib/python3.8/site-packages/airflow/example_dags/example_branch_python_dop_operator_3.py
[2024-03-24T03:01:18.592+0000] {logging_mixin.py:188} INFO - [2024-03-24T03:01:18.592+0000] {dag.py:3047} INFO - Sync 1 DAGs
[2024-03-24T03:01:18.629+0000] {logging_mixin.py:188} INFO - [2024-03-24T03:01:18.628+0000] {dag.py:3834} INFO - Setting next_dagrun for example_branch_dop_operator_v3 to 2024-03-24 03:00:00+00:00, run_after=2024-03-24 03:01:00+00:00
[2024-03-24T03:01:18.645+0000] {processor.py:183} INFO - Processing /home/airflow/.local/lib/python3.8/site-packages/airflow/example_dags/example_branch_python_dop_operator_3.py took 0.089 seconds
[2024-03-24T03:01:48.877+0000] {processor.py:161} INFO - Started process (PID=698) to work on /home/airflow/.local/lib/python3.8/site-packages/airflow/example_dags/example_branch_python_dop_operator_3.py
[2024-03-24T03:01:48.878+0000] {processor.py:830} INFO - Processing file /home/airflow/.local/lib/python3.8/site-packages/airflow/example_dags/example_branch_python_dop_operator_3.py for tasks to queue
[2024-03-24T03:01:48.879+0000] {logging_mixin.py:188} INFO - [2024-03-24T03:01:48.879+0000] {dagbag.py:540} INFO - Filling up the DagBag from /home/airflow/.local/lib/python3.8/site-packages/airflow/example_dags/example_branch_python_dop_operator_3.py
[2024-03-24T03:01:48.884+0000] {processor.py:840} INFO - DAG(s) 'example_branch_dop_operator_v3' retrieved from /home/airflow/.local/lib/python3.8/site-packages/airflow/example_dags/example_branch_python_dop_operator_3.py
[2024-03-24T03:01:48.897+0000] {logging_mixin.py:188} INFO - [2024-03-24T03:01:48.897+0000] {dag.py:3047} INFO - Sync 1 DAGs
[2024-03-24T03:01:48.910+0000] {logging_mixin.py:188} INFO - [2024-03-24T03:01:48.909+0000] {dag.py:3834} INFO - Setting next_dagrun for example_branch_dop_operator_v3 to 2024-03-24 03:00:00+00:00, run_after=2024-03-24 03:01:00+00:00
[2024-03-24T03:01:48.919+0000] {processor.py:183} INFO - Processing /home/airflow/.local/lib/python3.8/site-packages/airflow/example_dags/example_branch_python_dop_operator_3.py took 0.044 seconds
[2024-03-24T03:02:19.428+0000] {processor.py:161} INFO - Started process (PID=753) to work on /home/airflow/.local/lib/python3.8/site-packages/airflow/example_dags/example_branch_python_dop_operator_3.py
[2024-03-24T03:02:19.429+0000] {processor.py:830} INFO - Processing file /home/airflow/.local/lib/python3.8/site-packages/airflow/example_dags/example_branch_python_dop_operator_3.py for tasks to queue
[2024-03-24T03:02:19.430+0000] {logging_mixin.py:188} INFO - [2024-03-24T03:02:19.430+0000] {dagbag.py:540} INFO - Filling up the DagBag from /home/airflow/.local/lib/python3.8/site-packages/airflow/example_dags/example_branch_python_dop_operator_3.py
[2024-03-24T03:02:19.435+0000] {processor.py:840} INFO - DAG(s) 'example_branch_dop_operator_v3' retrieved from /home/airflow/.local/lib/python3.8/site-packages/airflow/example_dags/example_branch_python_dop_operator_3.py
[2024-03-24T03:02:19.445+0000] {logging_mixin.py:188} INFO - [2024-03-24T03:02:19.445+0000] {dag.py:3047} INFO - Sync 1 DAGs
[2024-03-24T03:02:19.458+0000] {logging_mixin.py:188} INFO - [2024-03-24T03:02:19.458+0000] {dag.py:3834} INFO - Setting next_dagrun for example_branch_dop_operator_v3 to 2024-03-24 03:01:00+00:00, run_after=2024-03-24 03:02:00+00:00
[2024-03-24T03:02:19.468+0000] {processor.py:183} INFO - Processing /home/airflow/.local/lib/python3.8/site-packages/airflow/example_dags/example_branch_python_dop_operator_3.py took 0.041 seconds
[2024-03-24T03:02:49.694+0000] {processor.py:161} INFO - Started process (PID=808) to work on /home/airflow/.local/lib/python3.8/site-packages/airflow/example_dags/example_branch_python_dop_operator_3.py
[2024-03-24T03:02:49.695+0000] {processor.py:830} INFO - Processing file /home/airflow/.local/lib/python3.8/site-packages/airflow/example_dags/example_branch_python_dop_operator_3.py for tasks to queue
[2024-03-24T03:02:49.696+0000] {logging_mixin.py:188} INFO - [2024-03-24T03:02:49.696+0000] {dagbag.py:540} INFO - Filling up the DagBag from /home/airflow/.local/lib/python3.8/site-packages/airflow/example_dags/example_branch_python_dop_operator_3.py
[2024-03-24T03:02:49.702+0000] {processor.py:840} INFO - DAG(s) 'example_branch_dop_operator_v3' retrieved from /home/airflow/.local/lib/python3.8/site-packages/airflow/example_dags/example_branch_python_dop_operator_3.py
[2024-03-24T03:02:49.712+0000] {logging_mixin.py:188} INFO - [2024-03-24T03:02:49.712+0000] {dag.py:3047} INFO - Sync 1 DAGs
[2024-03-24T03:02:49.725+0000] {logging_mixin.py:188} INFO - [2024-03-24T03:02:49.725+0000] {dag.py:3834} INFO - Setting next_dagrun for example_branch_dop_operator_v3 to 2024-03-24 03:01:00+00:00, run_after=2024-03-24 03:02:00+00:00
[2024-03-24T03:02:49.734+0000] {processor.py:183} INFO - Processing /home/airflow/.local/lib/python3.8/site-packages/airflow/example_dags/example_branch_python_dop_operator_3.py took 0.042 seconds
[2024-03-24T03:03:20.485+0000] {processor.py:161} INFO - Started process (PID=863) to work on /home/airflow/.local/lib/python3.8/site-packages/airflow/example_dags/example_branch_python_dop_operator_3.py
[2024-03-24T03:03:20.486+0000] {processor.py:830} INFO - Processing file /home/airflow/.local/lib/python3.8/site-packages/airflow/example_dags/example_branch_python_dop_operator_3.py for tasks to queue
[2024-03-24T03:03:20.487+0000] {logging_mixin.py:188} INFO - [2024-03-24T03:03:20.487+0000] {dagbag.py:540} INFO - Filling up the DagBag from /home/airflow/.local/lib/python3.8/site-packages/airflow/example_dags/example_branch_python_dop_operator_3.py
[2024-03-24T03:03:20.492+0000] {processor.py:840} INFO - DAG(s) 'example_branch_dop_operator_v3' retrieved from /home/airflow/.local/lib/python3.8/site-packages/airflow/example_dags/example_branch_python_dop_operator_3.py
[2024-03-24T03:03:20.504+0000] {logging_mixin.py:188} INFO - [2024-03-24T03:03:20.504+0000] {dag.py:3047} INFO - Sync 1 DAGs
[2024-03-24T03:03:20.517+0000] {logging_mixin.py:188} INFO - [2024-03-24T03:03:20.517+0000] {dag.py:3834} INFO - Setting next_dagrun for example_branch_dop_operator_v3 to 2024-03-24 03:02:00+00:00, run_after=2024-03-24 03:03:00+00:00
[2024-03-24T03:03:20.527+0000] {processor.py:183} INFO - Processing /home/airflow/.local/lib/python3.8/site-packages/airflow/example_dags/example_branch_python_dop_operator_3.py took 0.044 seconds
[2024-03-24T03:03:50.783+0000] {processor.py:161} INFO - Started process (PID=918) to work on /home/airflow/.local/lib/python3.8/site-packages/airflow/example_dags/example_branch_python_dop_operator_3.py
[2024-03-24T03:03:50.784+0000] {processor.py:830} INFO - Processing file /home/airflow/.local/lib/python3.8/site-packages/airflow/example_dags/example_branch_python_dop_operator_3.py for tasks to queue
[2024-03-24T03:03:50.785+0000] {logging_mixin.py:188} INFO - [2024-03-24T03:03:50.785+0000] {dagbag.py:540} INFO - Filling up the DagBag from /home/airflow/.local/lib/python3.8/site-packages/airflow/example_dags/example_branch_python_dop_operator_3.py
[2024-03-24T03:03:50.790+0000] {processor.py:840} INFO - DAG(s) 'example_branch_dop_operator_v3' retrieved from /home/airflow/.local/lib/python3.8/site-packages/airflow/example_dags/example_branch_python_dop_operator_3.py
[2024-03-24T03:03:50.800+0000] {logging_mixin.py:188} INFO - [2024-03-24T03:03:50.800+0000] {dag.py:3047} INFO - Sync 1 DAGs
[2024-03-24T03:03:50.812+0000] {logging_mixin.py:188} INFO - [2024-03-24T03:03:50.812+0000] {dag.py:3834} INFO - Setting next_dagrun for example_branch_dop_operator_v3 to 2024-03-24 03:02:00+00:00, run_after=2024-03-24 03:03:00+00:00
[2024-03-24T03:03:50.820+0000] {processor.py:183} INFO - Processing /home/airflow/.local/lib/python3.8/site-packages/airflow/example_dags/example_branch_python_dop_operator_3.py took 0.039 seconds
[2024-03-24T03:04:21.604+0000] {processor.py:161} INFO - Started process (PID=972) to work on /home/airflow/.local/lib/python3.8/site-packages/airflow/example_dags/example_branch_python_dop_operator_3.py
[2024-03-24T03:04:21.605+0000] {processor.py:830} INFO - Processing file /home/airflow/.local/lib/python3.8/site-packages/airflow/example_dags/example_branch_python_dop_operator_3.py for tasks to queue
[2024-03-24T03:04:21.606+0000] {logging_mixin.py:188} INFO - [2024-03-24T03:04:21.606+0000] {dagbag.py:540} INFO - Filling up the DagBag from /home/airflow/.local/lib/python3.8/site-packages/airflow/example_dags/example_branch_python_dop_operator_3.py
[2024-03-24T03:04:21.611+0000] {processor.py:840} INFO - DAG(s) 'example_branch_dop_operator_v3' retrieved from /home/airflow/.local/lib/python3.8/site-packages/airflow/example_dags/example_branch_python_dop_operator_3.py
[2024-03-24T03:04:21.621+0000] {logging_mixin.py:188} INFO - [2024-03-24T03:04:21.621+0000] {dag.py:3047} INFO - Sync 1 DAGs
[2024-03-24T03:04:21.634+0000] {logging_mixin.py:188} INFO - [2024-03-24T03:04:21.634+0000] {dag.py:3834} INFO - Setting next_dagrun for example_branch_dop_operator_v3 to 2024-03-24 03:03:00+00:00, run_after=2024-03-24 03:04:00+00:00
[2024-03-24T03:04:21.643+0000] {processor.py:183} INFO - Processing /home/airflow/.local/lib/python3.8/site-packages/airflow/example_dags/example_branch_python_dop_operator_3.py took 0.041 seconds
[2024-03-24T03:04:51.924+0000] {processor.py:161} INFO - Started process (PID=1026) to work on /home/airflow/.local/lib/python3.8/site-packages/airflow/example_dags/example_branch_python_dop_operator_3.py
[2024-03-24T03:04:51.925+0000] {processor.py:830} INFO - Processing file /home/airflow/.local/lib/python3.8/site-packages/airflow/example_dags/example_branch_python_dop_operator_3.py for tasks to queue
[2024-03-24T03:04:51.926+0000] {logging_mixin.py:188} INFO - [2024-03-24T03:04:51.926+0000] {dagbag.py:540} INFO - Filling up the DagBag from /home/airflow/.local/lib/python3.8/site-packages/airflow/example_dags/example_branch_python_dop_operator_3.py
[2024-03-24T03:04:51.931+0000] {processor.py:840} INFO - DAG(s) 'example_branch_dop_operator_v3' retrieved from /home/airflow/.local/lib/python3.8/site-packages/airflow/example_dags/example_branch_python_dop_operator_3.py
[2024-03-24T03:04:51.940+0000] {logging_mixin.py:188} INFO - [2024-03-24T03:04:51.940+0000] {dag.py:3047} INFO - Sync 1 DAGs
[2024-03-24T03:04:51.952+0000] {logging_mixin.py:188} INFO - [2024-03-24T03:04:51.952+0000] {dag.py:3834} INFO - Setting next_dagrun for example_branch_dop_operator_v3 to 2024-03-24 03:03:00+00:00, run_after=2024-03-24 03:04:00+00:00
[2024-03-24T03:04:51.961+0000] {processor.py:183} INFO - Processing /home/airflow/.local/lib/python3.8/site-packages/airflow/example_dags/example_branch_python_dop_operator_3.py took 0.039 seconds
[2024-03-24T03:05:22.292+0000] {processor.py:161} INFO - Started process (PID=1082) to work on /home/airflow/.local/lib/python3.8/site-packages/airflow/example_dags/example_branch_python_dop_operator_3.py
[2024-03-24T03:05:22.292+0000] {processor.py:830} INFO - Processing file /home/airflow/.local/lib/python3.8/site-packages/airflow/example_dags/example_branch_python_dop_operator_3.py for tasks to queue
[2024-03-24T03:05:22.293+0000] {logging_mixin.py:188} INFO - [2024-03-24T03:05:22.293+0000] {dagbag.py:540} INFO - Filling up the DagBag from /home/airflow/.local/lib/python3.8/site-packages/airflow/example_dags/example_branch_python_dop_operator_3.py
[2024-03-24T03:05:22.298+0000] {processor.py:840} INFO - DAG(s) 'example_branch_dop_operator_v3' retrieved from /home/airflow/.local/lib/python3.8/site-packages/airflow/example_dags/example_branch_python_dop_operator_3.py
[2024-03-24T03:05:22.309+0000] {logging_mixin.py:188} INFO - [2024-03-24T03:05:22.309+0000] {dag.py:3047} INFO - Sync 1 DAGs
[2024-03-24T03:05:22.330+0000] {logging_mixin.py:188} INFO - [2024-03-24T03:05:22.330+0000] {dag.py:3834} INFO - Setting next_dagrun for example_branch_dop_operator_v3 to 2024-03-24 03:04:00+00:00, run_after=2024-03-24 03:05:00+00:00
[2024-03-24T03:05:22.346+0000] {processor.py:183} INFO - Processing /home/airflow/.local/lib/python3.8/site-packages/airflow/example_dags/example_branch_python_dop_operator_3.py took 0.056 seconds
[2024-03-24T03:05:52.980+0000] {processor.py:161} INFO - Started process (PID=1136) to work on /home/airflow/.local/lib/python3.8/site-packages/airflow/example_dags/example_branch_python_dop_operator_3.py
[2024-03-24T03:05:52.981+0000] {processor.py:830} INFO - Processing file /home/airflow/.local/lib/python3.8/site-packages/airflow/example_dags/example_branch_python_dop_operator_3.py for tasks to queue
[2024-03-24T03:05:52.982+0000] {logging_mixin.py:188} INFO - [2024-03-24T03:05:52.982+0000] {dagbag.py:540} INFO - Filling up the DagBag from /home/airflow/.local/lib/python3.8/site-packages/airflow/example_dags/example_branch_python_dop_operator_3.py
[2024-03-24T03:05:52.989+0000] {processor.py:840} INFO - DAG(s) 'example_branch_dop_operator_v3' retrieved from /home/airflow/.local/lib/python3.8/site-packages/airflow/example_dags/example_branch_python_dop_operator_3.py
[2024-03-24T03:05:53.001+0000] {logging_mixin.py:188} INFO - [2024-03-24T03:05:53.001+0000] {dag.py:3047} INFO - Sync 1 DAGs
[2024-03-24T03:05:53.016+0000] {logging_mixin.py:188} INFO - [2024-03-24T03:05:53.016+0000] {dag.py:3834} INFO - Setting next_dagrun for example_branch_dop_operator_v3 to 2024-03-24 03:04:00+00:00, run_after=2024-03-24 03:05:00+00:00
[2024-03-24T03:05:53.025+0000] {processor.py:183} INFO - Processing /home/airflow/.local/lib/python3.8/site-packages/airflow/example_dags/example_branch_python_dop_operator_3.py took 0.047 seconds
