[2024-03-24T02:55:44.813+0000] {processor.py:161} INFO - Started process (PID=63) to work on /home/airflow/.local/lib/python3.8/site-packages/airflow/example_dags/example_python_decorator.py
[2024-03-24T02:55:44.817+0000] {processor.py:830} INFO - Processing file /home/airflow/.local/lib/python3.8/site-packages/airflow/example_dags/example_python_decorator.py for tasks to queue
[2024-03-24T02:55:44.823+0000] {logging_mixin.py:188} INFO - [2024-03-24T02:55:44.823+0000] {dagbag.py:540} INFO - Filling up the DagBag from /home/airflow/.local/lib/python3.8/site-packages/airflow/example_dags/example_python_decorator.py
[2024-03-24T02:55:44.843+0000] {processor.py:840} INFO - DAG(s) 'example_python_decorator' retrieved from /home/airflow/.local/lib/python3.8/site-packages/airflow/example_dags/example_python_decorator.py
[2024-03-24T02:55:44.869+0000] {logging_mixin.py:188} INFO - [2024-03-24T02:55:44.869+0000] {dag.py:3047} INFO - Sync 1 DAGs
[2024-03-24T02:55:44.887+0000] {logging_mixin.py:188} INFO - [2024-03-24T02:55:44.886+0000] {dag.py:3834} INFO - Setting next_dagrun for example_python_decorator to None, run_after=None
[2024-03-24T02:55:44.923+0000] {processor.py:183} INFO - Processing /home/airflow/.local/lib/python3.8/site-packages/airflow/example_dags/example_python_decorator.py took 0.120 seconds
[2024-03-24T02:56:15.681+0000] {processor.py:161} INFO - Started process (PID=117) to work on /home/airflow/.local/lib/python3.8/site-packages/airflow/example_dags/example_python_decorator.py
[2024-03-24T02:56:15.685+0000] {processor.py:830} INFO - Processing file /home/airflow/.local/lib/python3.8/site-packages/airflow/example_dags/example_python_decorator.py for tasks to queue
[2024-03-24T02:56:15.686+0000] {logging_mixin.py:188} INFO - [2024-03-24T02:56:15.685+0000] {dagbag.py:540} INFO - Filling up the DagBag from /home/airflow/.local/lib/python3.8/site-packages/airflow/example_dags/example_python_decorator.py
[2024-03-24T02:56:15.693+0000] {processor.py:840} INFO - DAG(s) 'example_python_decorator' retrieved from /home/airflow/.local/lib/python3.8/site-packages/airflow/example_dags/example_python_decorator.py
[2024-03-24T02:56:15.738+0000] {logging_mixin.py:188} INFO - [2024-03-24T02:56:15.738+0000] {dag.py:3047} INFO - Sync 1 DAGs
[2024-03-24T02:56:15.743+0000] {logging_mixin.py:188} INFO - [2024-03-24T02:56:15.742+0000] {dag.py:3834} INFO - Setting next_dagrun for example_python_decorator to None, run_after=None
[2024-03-24T02:56:15.752+0000] {processor.py:183} INFO - Processing /home/airflow/.local/lib/python3.8/site-packages/airflow/example_dags/example_python_decorator.py took 0.073 seconds
[2024-03-24T02:56:46.765+0000] {processor.py:161} INFO - Started process (PID=172) to work on /home/airflow/.local/lib/python3.8/site-packages/airflow/example_dags/example_python_decorator.py
[2024-03-24T02:56:46.767+0000] {processor.py:830} INFO - Processing file /home/airflow/.local/lib/python3.8/site-packages/airflow/example_dags/example_python_decorator.py for tasks to queue
[2024-03-24T02:56:46.769+0000] {logging_mixin.py:188} INFO - [2024-03-24T02:56:46.768+0000] {dagbag.py:540} INFO - Filling up the DagBag from /home/airflow/.local/lib/python3.8/site-packages/airflow/example_dags/example_python_decorator.py
[2024-03-24T02:56:46.780+0000] {processor.py:840} INFO - DAG(s) 'example_python_decorator' retrieved from /home/airflow/.local/lib/python3.8/site-packages/airflow/example_dags/example_python_decorator.py
[2024-03-24T02:56:46.795+0000] {logging_mixin.py:188} INFO - [2024-03-24T02:56:46.795+0000] {dag.py:3047} INFO - Sync 1 DAGs
[2024-03-24T02:56:46.802+0000] {logging_mixin.py:188} INFO - [2024-03-24T02:56:46.802+0000] {dag.py:3834} INFO - Setting next_dagrun for example_python_decorator to None, run_after=None
[2024-03-24T02:56:46.814+0000] {processor.py:183} INFO - Processing /home/airflow/.local/lib/python3.8/site-packages/airflow/example_dags/example_python_decorator.py took 0.052 seconds
[2024-03-24T02:57:17.550+0000] {processor.py:161} INFO - Started process (PID=227) to work on /home/airflow/.local/lib/python3.8/site-packages/airflow/example_dags/example_python_decorator.py
[2024-03-24T02:57:17.552+0000] {processor.py:830} INFO - Processing file /home/airflow/.local/lib/python3.8/site-packages/airflow/example_dags/example_python_decorator.py for tasks to queue
[2024-03-24T02:57:17.554+0000] {logging_mixin.py:188} INFO - [2024-03-24T02:57:17.553+0000] {dagbag.py:540} INFO - Filling up the DagBag from /home/airflow/.local/lib/python3.8/site-packages/airflow/example_dags/example_python_decorator.py
[2024-03-24T02:57:17.571+0000] {processor.py:840} INFO - DAG(s) 'example_python_decorator' retrieved from /home/airflow/.local/lib/python3.8/site-packages/airflow/example_dags/example_python_decorator.py
[2024-03-24T02:57:17.589+0000] {logging_mixin.py:188} INFO - [2024-03-24T02:57:17.589+0000] {dag.py:3047} INFO - Sync 1 DAGs
[2024-03-24T02:57:17.599+0000] {logging_mixin.py:188} INFO - [2024-03-24T02:57:17.599+0000] {dag.py:3834} INFO - Setting next_dagrun for example_python_decorator to None, run_after=None
[2024-03-24T02:57:17.610+0000] {processor.py:183} INFO - Processing /home/airflow/.local/lib/python3.8/site-packages/airflow/example_dags/example_python_decorator.py took 0.063 seconds
[2024-03-24T02:57:48.381+0000] {processor.py:161} INFO - Started process (PID=282) to work on /home/airflow/.local/lib/python3.8/site-packages/airflow/example_dags/example_python_decorator.py
[2024-03-24T02:57:48.383+0000] {processor.py:830} INFO - Processing file /home/airflow/.local/lib/python3.8/site-packages/airflow/example_dags/example_python_decorator.py for tasks to queue
[2024-03-24T02:57:48.385+0000] {logging_mixin.py:188} INFO - [2024-03-24T02:57:48.385+0000] {dagbag.py:540} INFO - Filling up the DagBag from /home/airflow/.local/lib/python3.8/site-packages/airflow/example_dags/example_python_decorator.py
[2024-03-24T02:57:48.401+0000] {processor.py:840} INFO - DAG(s) 'example_python_decorator' retrieved from /home/airflow/.local/lib/python3.8/site-packages/airflow/example_dags/example_python_decorator.py
[2024-03-24T02:57:48.417+0000] {logging_mixin.py:188} INFO - [2024-03-24T02:57:48.417+0000] {dag.py:3047} INFO - Sync 1 DAGs
[2024-03-24T02:57:48.425+0000] {logging_mixin.py:188} INFO - [2024-03-24T02:57:48.425+0000] {dag.py:3834} INFO - Setting next_dagrun for example_python_decorator to None, run_after=None
[2024-03-24T02:57:48.437+0000] {processor.py:183} INFO - Processing /home/airflow/.local/lib/python3.8/site-packages/airflow/example_dags/example_python_decorator.py took 0.059 seconds
[2024-03-24T02:58:18.942+0000] {processor.py:161} INFO - Started process (PID=337) to work on /home/airflow/.local/lib/python3.8/site-packages/airflow/example_dags/example_python_decorator.py
[2024-03-24T02:58:18.944+0000] {processor.py:830} INFO - Processing file /home/airflow/.local/lib/python3.8/site-packages/airflow/example_dags/example_python_decorator.py for tasks to queue
[2024-03-24T02:58:18.946+0000] {logging_mixin.py:188} INFO - [2024-03-24T02:58:18.945+0000] {dagbag.py:540} INFO - Filling up the DagBag from /home/airflow/.local/lib/python3.8/site-packages/airflow/example_dags/example_python_decorator.py
[2024-03-24T02:58:18.957+0000] {processor.py:840} INFO - DAG(s) 'example_python_decorator' retrieved from /home/airflow/.local/lib/python3.8/site-packages/airflow/example_dags/example_python_decorator.py
[2024-03-24T02:58:18.969+0000] {logging_mixin.py:188} INFO - [2024-03-24T02:58:18.969+0000] {dag.py:3047} INFO - Sync 1 DAGs
[2024-03-24T02:58:18.977+0000] {logging_mixin.py:188} INFO - [2024-03-24T02:58:18.977+0000] {dag.py:3834} INFO - Setting next_dagrun for example_python_decorator to None, run_after=None
[2024-03-24T02:58:18.987+0000] {processor.py:183} INFO - Processing /home/airflow/.local/lib/python3.8/site-packages/airflow/example_dags/example_python_decorator.py took 0.049 seconds
[2024-03-24T02:58:49.049+0000] {processor.py:161} INFO - Started process (PID=392) to work on /home/airflow/.local/lib/python3.8/site-packages/airflow/example_dags/example_python_decorator.py
[2024-03-24T02:58:49.049+0000] {processor.py:830} INFO - Processing file /home/airflow/.local/lib/python3.8/site-packages/airflow/example_dags/example_python_decorator.py for tasks to queue
[2024-03-24T02:58:49.050+0000] {logging_mixin.py:188} INFO - [2024-03-24T02:58:49.050+0000] {dagbag.py:540} INFO - Filling up the DagBag from /home/airflow/.local/lib/python3.8/site-packages/airflow/example_dags/example_python_decorator.py
[2024-03-24T02:58:49.056+0000] {processor.py:840} INFO - DAG(s) 'example_python_decorator' retrieved from /home/airflow/.local/lib/python3.8/site-packages/airflow/example_dags/example_python_decorator.py
[2024-03-24T02:58:49.111+0000] {logging_mixin.py:188} INFO - [2024-03-24T02:58:49.110+0000] {dag.py:3047} INFO - Sync 1 DAGs
[2024-03-24T02:58:49.117+0000] {logging_mixin.py:188} INFO - [2024-03-24T02:58:49.116+0000] {dag.py:3834} INFO - Setting next_dagrun for example_python_decorator to None, run_after=None
[2024-03-24T02:58:49.126+0000] {processor.py:183} INFO - Processing /home/airflow/.local/lib/python3.8/site-packages/airflow/example_dags/example_python_decorator.py took 0.079 seconds
[2024-03-24T02:59:19.190+0000] {processor.py:161} INFO - Started process (PID=447) to work on /home/airflow/.local/lib/python3.8/site-packages/airflow/example_dags/example_python_decorator.py
[2024-03-24T02:59:19.190+0000] {processor.py:830} INFO - Processing file /home/airflow/.local/lib/python3.8/site-packages/airflow/example_dags/example_python_decorator.py for tasks to queue
[2024-03-24T02:59:19.191+0000] {logging_mixin.py:188} INFO - [2024-03-24T02:59:19.191+0000] {dagbag.py:540} INFO - Filling up the DagBag from /home/airflow/.local/lib/python3.8/site-packages/airflow/example_dags/example_python_decorator.py
[2024-03-24T02:59:19.198+0000] {processor.py:840} INFO - DAG(s) 'example_python_decorator' retrieved from /home/airflow/.local/lib/python3.8/site-packages/airflow/example_dags/example_python_decorator.py
[2024-03-24T02:59:19.208+0000] {logging_mixin.py:188} INFO - [2024-03-24T02:59:19.208+0000] {dag.py:3047} INFO - Sync 1 DAGs
[2024-03-24T02:59:19.214+0000] {logging_mixin.py:188} INFO - [2024-03-24T02:59:19.214+0000] {dag.py:3834} INFO - Setting next_dagrun for example_python_decorator to None, run_after=None
[2024-03-24T02:59:19.223+0000] {processor.py:183} INFO - Processing /home/airflow/.local/lib/python3.8/site-packages/airflow/example_dags/example_python_decorator.py took 0.035 seconds
[2024-03-24T02:59:49.389+0000] {processor.py:161} INFO - Started process (PID=502) to work on /home/airflow/.local/lib/python3.8/site-packages/airflow/example_dags/example_python_decorator.py
[2024-03-24T02:59:49.391+0000] {processor.py:830} INFO - Processing file /home/airflow/.local/lib/python3.8/site-packages/airflow/example_dags/example_python_decorator.py for tasks to queue
[2024-03-24T02:59:49.394+0000] {logging_mixin.py:188} INFO - [2024-03-24T02:59:49.394+0000] {dagbag.py:540} INFO - Filling up the DagBag from /home/airflow/.local/lib/python3.8/site-packages/airflow/example_dags/example_python_decorator.py
[2024-03-24T02:59:49.401+0000] {processor.py:840} INFO - DAG(s) 'example_python_decorator' retrieved from /home/airflow/.local/lib/python3.8/site-packages/airflow/example_dags/example_python_decorator.py
[2024-03-24T02:59:49.413+0000] {logging_mixin.py:188} INFO - [2024-03-24T02:59:49.413+0000] {dag.py:3047} INFO - Sync 1 DAGs
[2024-03-24T02:59:49.419+0000] {logging_mixin.py:188} INFO - [2024-03-24T02:59:49.419+0000] {dag.py:3834} INFO - Setting next_dagrun for example_python_decorator to None, run_after=None
[2024-03-24T02:59:49.428+0000] {processor.py:183} INFO - Processing /home/airflow/.local/lib/python3.8/site-packages/airflow/example_dags/example_python_decorator.py took 0.041 seconds
[2024-03-24T03:00:19.539+0000] {processor.py:161} INFO - Started process (PID=557) to work on /home/airflow/.local/lib/python3.8/site-packages/airflow/example_dags/example_python_decorator.py
[2024-03-24T03:00:19.540+0000] {processor.py:830} INFO - Processing file /home/airflow/.local/lib/python3.8/site-packages/airflow/example_dags/example_python_decorator.py for tasks to queue
[2024-03-24T03:00:19.541+0000] {logging_mixin.py:188} INFO - [2024-03-24T03:00:19.541+0000] {dagbag.py:540} INFO - Filling up the DagBag from /home/airflow/.local/lib/python3.8/site-packages/airflow/example_dags/example_python_decorator.py
[2024-03-24T03:00:19.548+0000] {processor.py:840} INFO - DAG(s) 'example_python_decorator' retrieved from /home/airflow/.local/lib/python3.8/site-packages/airflow/example_dags/example_python_decorator.py
[2024-03-24T03:00:19.560+0000] {logging_mixin.py:188} INFO - [2024-03-24T03:00:19.560+0000] {dag.py:3047} INFO - Sync 1 DAGs
[2024-03-24T03:00:19.566+0000] {logging_mixin.py:188} INFO - [2024-03-24T03:00:19.566+0000] {dag.py:3834} INFO - Setting next_dagrun for example_python_decorator to None, run_after=None
[2024-03-24T03:00:19.576+0000] {processor.py:183} INFO - Processing /home/airflow/.local/lib/python3.8/site-packages/airflow/example_dags/example_python_decorator.py took 0.039 seconds
[2024-03-24T03:00:49.849+0000] {processor.py:161} INFO - Started process (PID=612) to work on /home/airflow/.local/lib/python3.8/site-packages/airflow/example_dags/example_python_decorator.py
[2024-03-24T03:00:49.849+0000] {processor.py:830} INFO - Processing file /home/airflow/.local/lib/python3.8/site-packages/airflow/example_dags/example_python_decorator.py for tasks to queue
[2024-03-24T03:00:49.850+0000] {logging_mixin.py:188} INFO - [2024-03-24T03:00:49.850+0000] {dagbag.py:540} INFO - Filling up the DagBag from /home/airflow/.local/lib/python3.8/site-packages/airflow/example_dags/example_python_decorator.py
[2024-03-24T03:00:49.857+0000] {processor.py:840} INFO - DAG(s) 'example_python_decorator' retrieved from /home/airflow/.local/lib/python3.8/site-packages/airflow/example_dags/example_python_decorator.py
[2024-03-24T03:00:49.869+0000] {logging_mixin.py:188} INFO - [2024-03-24T03:00:49.869+0000] {dag.py:3047} INFO - Sync 1 DAGs
[2024-03-24T03:00:49.876+0000] {logging_mixin.py:188} INFO - [2024-03-24T03:00:49.876+0000] {dag.py:3834} INFO - Setting next_dagrun for example_python_decorator to None, run_after=None
[2024-03-24T03:00:49.884+0000] {processor.py:183} INFO - Processing /home/airflow/.local/lib/python3.8/site-packages/airflow/example_dags/example_python_decorator.py took 0.038 seconds
[2024-03-24T03:01:20.214+0000] {processor.py:161} INFO - Started process (PID=667) to work on /home/airflow/.local/lib/python3.8/site-packages/airflow/example_dags/example_python_decorator.py
[2024-03-24T03:01:20.215+0000] {processor.py:830} INFO - Processing file /home/airflow/.local/lib/python3.8/site-packages/airflow/example_dags/example_python_decorator.py for tasks to queue
[2024-03-24T03:01:20.216+0000] {logging_mixin.py:188} INFO - [2024-03-24T03:01:20.216+0000] {dagbag.py:540} INFO - Filling up the DagBag from /home/airflow/.local/lib/python3.8/site-packages/airflow/example_dags/example_python_decorator.py
[2024-03-24T03:01:20.227+0000] {processor.py:840} INFO - DAG(s) 'example_python_decorator' retrieved from /home/airflow/.local/lib/python3.8/site-packages/airflow/example_dags/example_python_decorator.py
[2024-03-24T03:01:20.244+0000] {logging_mixin.py:188} INFO - [2024-03-24T03:01:20.244+0000] {dag.py:3047} INFO - Sync 1 DAGs
[2024-03-24T03:01:20.251+0000] {logging_mixin.py:188} INFO - [2024-03-24T03:01:20.251+0000] {dag.py:3834} INFO - Setting next_dagrun for example_python_decorator to None, run_after=None
[2024-03-24T03:01:20.260+0000] {processor.py:183} INFO - Processing /home/airflow/.local/lib/python3.8/site-packages/airflow/example_dags/example_python_decorator.py took 0.049 seconds
[2024-03-24T03:01:50.761+0000] {processor.py:161} INFO - Started process (PID=722) to work on /home/airflow/.local/lib/python3.8/site-packages/airflow/example_dags/example_python_decorator.py
[2024-03-24T03:01:50.762+0000] {processor.py:830} INFO - Processing file /home/airflow/.local/lib/python3.8/site-packages/airflow/example_dags/example_python_decorator.py for tasks to queue
[2024-03-24T03:01:50.764+0000] {logging_mixin.py:188} INFO - [2024-03-24T03:01:50.764+0000] {dagbag.py:540} INFO - Filling up the DagBag from /home/airflow/.local/lib/python3.8/site-packages/airflow/example_dags/example_python_decorator.py
[2024-03-24T03:01:50.773+0000] {processor.py:840} INFO - DAG(s) 'example_python_decorator' retrieved from /home/airflow/.local/lib/python3.8/site-packages/airflow/example_dags/example_python_decorator.py
[2024-03-24T03:01:50.789+0000] {logging_mixin.py:188} INFO - [2024-03-24T03:01:50.789+0000] {dag.py:3047} INFO - Sync 1 DAGs
[2024-03-24T03:01:50.796+0000] {logging_mixin.py:188} INFO - [2024-03-24T03:01:50.796+0000] {dag.py:3834} INFO - Setting next_dagrun for example_python_decorator to None, run_after=None
[2024-03-24T03:01:50.805+0000] {processor.py:183} INFO - Processing /home/airflow/.local/lib/python3.8/site-packages/airflow/example_dags/example_python_decorator.py took 0.047 seconds
[2024-03-24T03:02:21.167+0000] {processor.py:161} INFO - Started process (PID=777) to work on /home/airflow/.local/lib/python3.8/site-packages/airflow/example_dags/example_python_decorator.py
[2024-03-24T03:02:21.168+0000] {processor.py:830} INFO - Processing file /home/airflow/.local/lib/python3.8/site-packages/airflow/example_dags/example_python_decorator.py for tasks to queue
[2024-03-24T03:02:21.169+0000] {logging_mixin.py:188} INFO - [2024-03-24T03:02:21.169+0000] {dagbag.py:540} INFO - Filling up the DagBag from /home/airflow/.local/lib/python3.8/site-packages/airflow/example_dags/example_python_decorator.py
[2024-03-24T03:02:21.175+0000] {processor.py:840} INFO - DAG(s) 'example_python_decorator' retrieved from /home/airflow/.local/lib/python3.8/site-packages/airflow/example_dags/example_python_decorator.py
[2024-03-24T03:02:21.185+0000] {logging_mixin.py:188} INFO - [2024-03-24T03:02:21.185+0000] {dag.py:3047} INFO - Sync 1 DAGs
[2024-03-24T03:02:21.191+0000] {logging_mixin.py:188} INFO - [2024-03-24T03:02:21.191+0000] {dag.py:3834} INFO - Setting next_dagrun for example_python_decorator to None, run_after=None
[2024-03-24T03:02:21.200+0000] {processor.py:183} INFO - Processing /home/airflow/.local/lib/python3.8/site-packages/airflow/example_dags/example_python_decorator.py took 0.034 seconds
[2024-03-24T03:02:51.414+0000] {processor.py:161} INFO - Started process (PID=832) to work on /home/airflow/.local/lib/python3.8/site-packages/airflow/example_dags/example_python_decorator.py
[2024-03-24T03:02:51.415+0000] {processor.py:830} INFO - Processing file /home/airflow/.local/lib/python3.8/site-packages/airflow/example_dags/example_python_decorator.py for tasks to queue
[2024-03-24T03:02:51.416+0000] {logging_mixin.py:188} INFO - [2024-03-24T03:02:51.416+0000] {dagbag.py:540} INFO - Filling up the DagBag from /home/airflow/.local/lib/python3.8/site-packages/airflow/example_dags/example_python_decorator.py
[2024-03-24T03:02:51.423+0000] {processor.py:840} INFO - DAG(s) 'example_python_decorator' retrieved from /home/airflow/.local/lib/python3.8/site-packages/airflow/example_dags/example_python_decorator.py
[2024-03-24T03:02:51.434+0000] {logging_mixin.py:188} INFO - [2024-03-24T03:02:51.434+0000] {dag.py:3047} INFO - Sync 1 DAGs
[2024-03-24T03:02:51.440+0000] {logging_mixin.py:188} INFO - [2024-03-24T03:02:51.440+0000] {dag.py:3834} INFO - Setting next_dagrun for example_python_decorator to None, run_after=None
[2024-03-24T03:02:51.453+0000] {processor.py:183} INFO - Processing /home/airflow/.local/lib/python3.8/site-packages/airflow/example_dags/example_python_decorator.py took 0.040 seconds
[2024-03-24T03:03:22.269+0000] {processor.py:161} INFO - Started process (PID=887) to work on /home/airflow/.local/lib/python3.8/site-packages/airflow/example_dags/example_python_decorator.py
[2024-03-24T03:03:22.270+0000] {processor.py:830} INFO - Processing file /home/airflow/.local/lib/python3.8/site-packages/airflow/example_dags/example_python_decorator.py for tasks to queue
[2024-03-24T03:03:22.271+0000] {logging_mixin.py:188} INFO - [2024-03-24T03:03:22.271+0000] {dagbag.py:540} INFO - Filling up the DagBag from /home/airflow/.local/lib/python3.8/site-packages/airflow/example_dags/example_python_decorator.py
[2024-03-24T03:03:22.279+0000] {processor.py:840} INFO - DAG(s) 'example_python_decorator' retrieved from /home/airflow/.local/lib/python3.8/site-packages/airflow/example_dags/example_python_decorator.py
[2024-03-24T03:03:22.290+0000] {logging_mixin.py:188} INFO - [2024-03-24T03:03:22.290+0000] {dag.py:3047} INFO - Sync 1 DAGs
[2024-03-24T03:03:22.296+0000] {logging_mixin.py:188} INFO - [2024-03-24T03:03:22.296+0000] {dag.py:3834} INFO - Setting next_dagrun for example_python_decorator to None, run_after=None
[2024-03-24T03:03:22.305+0000] {processor.py:183} INFO - Processing /home/airflow/.local/lib/python3.8/site-packages/airflow/example_dags/example_python_decorator.py took 0.037 seconds
[2024-03-24T03:03:52.517+0000] {processor.py:161} INFO - Started process (PID=942) to work on /home/airflow/.local/lib/python3.8/site-packages/airflow/example_dags/example_python_decorator.py
[2024-03-24T03:03:52.518+0000] {processor.py:830} INFO - Processing file /home/airflow/.local/lib/python3.8/site-packages/airflow/example_dags/example_python_decorator.py for tasks to queue
[2024-03-24T03:03:52.519+0000] {logging_mixin.py:188} INFO - [2024-03-24T03:03:52.519+0000] {dagbag.py:540} INFO - Filling up the DagBag from /home/airflow/.local/lib/python3.8/site-packages/airflow/example_dags/example_python_decorator.py
[2024-03-24T03:03:52.527+0000] {processor.py:840} INFO - DAG(s) 'example_python_decorator' retrieved from /home/airflow/.local/lib/python3.8/site-packages/airflow/example_dags/example_python_decorator.py
[2024-03-24T03:03:52.538+0000] {logging_mixin.py:188} INFO - [2024-03-24T03:03:52.538+0000] {dag.py:3047} INFO - Sync 1 DAGs
[2024-03-24T03:03:52.544+0000] {logging_mixin.py:188} INFO - [2024-03-24T03:03:52.544+0000] {dag.py:3834} INFO - Setting next_dagrun for example_python_decorator to None, run_after=None
[2024-03-24T03:03:52.553+0000] {processor.py:183} INFO - Processing /home/airflow/.local/lib/python3.8/site-packages/airflow/example_dags/example_python_decorator.py took 0.037 seconds
[2024-03-24T03:04:23.342+0000] {processor.py:161} INFO - Started process (PID=996) to work on /home/airflow/.local/lib/python3.8/site-packages/airflow/example_dags/example_python_decorator.py
[2024-03-24T03:04:23.343+0000] {processor.py:830} INFO - Processing file /home/airflow/.local/lib/python3.8/site-packages/airflow/example_dags/example_python_decorator.py for tasks to queue
[2024-03-24T03:04:23.344+0000] {logging_mixin.py:188} INFO - [2024-03-24T03:04:23.344+0000] {dagbag.py:540} INFO - Filling up the DagBag from /home/airflow/.local/lib/python3.8/site-packages/airflow/example_dags/example_python_decorator.py
[2024-03-24T03:04:23.351+0000] {processor.py:840} INFO - DAG(s) 'example_python_decorator' retrieved from /home/airflow/.local/lib/python3.8/site-packages/airflow/example_dags/example_python_decorator.py
[2024-03-24T03:04:23.361+0000] {logging_mixin.py:188} INFO - [2024-03-24T03:04:23.361+0000] {dag.py:3047} INFO - Sync 1 DAGs
[2024-03-24T03:04:23.367+0000] {logging_mixin.py:188} INFO - [2024-03-24T03:04:23.367+0000] {dag.py:3834} INFO - Setting next_dagrun for example_python_decorator to None, run_after=None
[2024-03-24T03:04:23.376+0000] {processor.py:183} INFO - Processing /home/airflow/.local/lib/python3.8/site-packages/airflow/example_dags/example_python_decorator.py took 0.036 seconds
[2024-03-24T03:04:53.682+0000] {processor.py:161} INFO - Started process (PID=1050) to work on /home/airflow/.local/lib/python3.8/site-packages/airflow/example_dags/example_python_decorator.py
[2024-03-24T03:04:53.683+0000] {processor.py:830} INFO - Processing file /home/airflow/.local/lib/python3.8/site-packages/airflow/example_dags/example_python_decorator.py for tasks to queue
[2024-03-24T03:04:53.684+0000] {logging_mixin.py:188} INFO - [2024-03-24T03:04:53.684+0000] {dagbag.py:540} INFO - Filling up the DagBag from /home/airflow/.local/lib/python3.8/site-packages/airflow/example_dags/example_python_decorator.py
[2024-03-24T03:04:53.691+0000] {processor.py:840} INFO - DAG(s) 'example_python_decorator' retrieved from /home/airflow/.local/lib/python3.8/site-packages/airflow/example_dags/example_python_decorator.py
[2024-03-24T03:04:53.703+0000] {logging_mixin.py:188} INFO - [2024-03-24T03:04:53.703+0000] {dag.py:3047} INFO - Sync 1 DAGs
[2024-03-24T03:04:53.709+0000] {logging_mixin.py:188} INFO - [2024-03-24T03:04:53.709+0000] {dag.py:3834} INFO - Setting next_dagrun for example_python_decorator to None, run_after=None
[2024-03-24T03:04:53.717+0000] {processor.py:183} INFO - Processing /home/airflow/.local/lib/python3.8/site-packages/airflow/example_dags/example_python_decorator.py took 0.037 seconds
[2024-03-24T03:05:24.516+0000] {processor.py:161} INFO - Started process (PID=1106) to work on /home/airflow/.local/lib/python3.8/site-packages/airflow/example_dags/example_python_decorator.py
[2024-03-24T03:05:24.518+0000] {processor.py:830} INFO - Processing file /home/airflow/.local/lib/python3.8/site-packages/airflow/example_dags/example_python_decorator.py for tasks to queue
[2024-03-24T03:05:24.521+0000] {logging_mixin.py:188} INFO - [2024-03-24T03:05:24.521+0000] {dagbag.py:540} INFO - Filling up the DagBag from /home/airflow/.local/lib/python3.8/site-packages/airflow/example_dags/example_python_decorator.py
[2024-03-24T03:05:24.539+0000] {processor.py:840} INFO - DAG(s) 'example_python_decorator' retrieved from /home/airflow/.local/lib/python3.8/site-packages/airflow/example_dags/example_python_decorator.py
[2024-03-24T03:05:24.571+0000] {logging_mixin.py:188} INFO - [2024-03-24T03:05:24.570+0000] {dag.py:3047} INFO - Sync 1 DAGs
[2024-03-24T03:05:24.598+0000] {logging_mixin.py:188} INFO - [2024-03-24T03:05:24.597+0000] {dag.py:3834} INFO - Setting next_dagrun for example_python_decorator to None, run_after=None
[2024-03-24T03:05:24.642+0000] {processor.py:183} INFO - Processing /home/airflow/.local/lib/python3.8/site-packages/airflow/example_dags/example_python_decorator.py took 0.130 seconds
[2024-03-24T03:05:54.727+0000] {processor.py:161} INFO - Started process (PID=1160) to work on /home/airflow/.local/lib/python3.8/site-packages/airflow/example_dags/example_python_decorator.py
[2024-03-24T03:05:54.728+0000] {processor.py:830} INFO - Processing file /home/airflow/.local/lib/python3.8/site-packages/airflow/example_dags/example_python_decorator.py for tasks to queue
[2024-03-24T03:05:54.729+0000] {logging_mixin.py:188} INFO - [2024-03-24T03:05:54.729+0000] {dagbag.py:540} INFO - Filling up the DagBag from /home/airflow/.local/lib/python3.8/site-packages/airflow/example_dags/example_python_decorator.py
[2024-03-24T03:05:54.736+0000] {processor.py:840} INFO - DAG(s) 'example_python_decorator' retrieved from /home/airflow/.local/lib/python3.8/site-packages/airflow/example_dags/example_python_decorator.py
[2024-03-24T03:05:54.747+0000] {logging_mixin.py:188} INFO - [2024-03-24T03:05:54.747+0000] {dag.py:3047} INFO - Sync 1 DAGs
[2024-03-24T03:05:54.753+0000] {logging_mixin.py:188} INFO - [2024-03-24T03:05:54.753+0000] {dag.py:3834} INFO - Setting next_dagrun for example_python_decorator to None, run_after=None
[2024-03-24T03:05:54.762+0000] {processor.py:183} INFO - Processing /home/airflow/.local/lib/python3.8/site-packages/airflow/example_dags/example_python_decorator.py took 0.037 seconds
