[2024-03-24T02:55:43.415+0000] {processor.py:161} INFO - Started process (PID=46) to work on /home/airflow/.local/lib/python3.8/site-packages/airflow/example_dags/example_external_task_marker_dag.py
[2024-03-24T02:55:43.419+0000] {processor.py:830} INFO - Processing file /home/airflow/.local/lib/python3.8/site-packages/airflow/example_dags/example_external_task_marker_dag.py for tasks to queue
[2024-03-24T02:55:43.422+0000] {logging_mixin.py:188} INFO - [2024-03-24T02:55:43.422+0000] {dagbag.py:540} INFO - Filling up the DagBag from /home/airflow/.local/lib/python3.8/site-packages/airflow/example_dags/example_external_task_marker_dag.py
[2024-03-24T02:55:43.435+0000] {processor.py:840} INFO - DAG(s) 'example_external_task_marker_parent', 'example_external_task_marker_child' retrieved from /home/airflow/.local/lib/python3.8/site-packages/airflow/example_dags/example_external_task_marker_dag.py
[2024-03-24T02:55:43.456+0000] {logging_mixin.py:188} INFO - [2024-03-24T02:55:43.455+0000] {dag.py:3047} INFO - Sync 2 DAGs
[2024-03-24T02:55:43.470+0000] {logging_mixin.py:188} INFO - [2024-03-24T02:55:43.470+0000] {dag.py:3834} INFO - Setting next_dagrun for example_external_task_marker_child to None, run_after=None
[2024-03-24T02:55:43.473+0000] {logging_mixin.py:188} INFO - [2024-03-24T02:55:43.473+0000] {dag.py:3834} INFO - Setting next_dagrun for example_external_task_marker_parent to None, run_after=None
[2024-03-24T02:55:43.492+0000] {processor.py:183} INFO - Processing /home/airflow/.local/lib/python3.8/site-packages/airflow/example_dags/example_external_task_marker_dag.py took 0.090 seconds
[2024-03-24T02:56:13.876+0000] {processor.py:161} INFO - Started process (PID=100) to work on /home/airflow/.local/lib/python3.8/site-packages/airflow/example_dags/example_external_task_marker_dag.py
[2024-03-24T02:56:13.877+0000] {processor.py:830} INFO - Processing file /home/airflow/.local/lib/python3.8/site-packages/airflow/example_dags/example_external_task_marker_dag.py for tasks to queue
[2024-03-24T02:56:13.878+0000] {logging_mixin.py:188} INFO - [2024-03-24T02:56:13.878+0000] {dagbag.py:540} INFO - Filling up the DagBag from /home/airflow/.local/lib/python3.8/site-packages/airflow/example_dags/example_external_task_marker_dag.py
[2024-03-24T02:56:13.883+0000] {processor.py:840} INFO - DAG(s) 'example_external_task_marker_parent', 'example_external_task_marker_child' retrieved from /home/airflow/.local/lib/python3.8/site-packages/airflow/example_dags/example_external_task_marker_dag.py
[2024-03-24T02:56:13.935+0000] {logging_mixin.py:188} INFO - [2024-03-24T02:56:13.934+0000] {dag.py:3047} INFO - Sync 2 DAGs
[2024-03-24T02:56:13.939+0000] {logging_mixin.py:188} INFO - [2024-03-24T02:56:13.939+0000] {dag.py:3834} INFO - Setting next_dagrun for example_external_task_marker_child to None, run_after=None
[2024-03-24T02:56:13.941+0000] {logging_mixin.py:188} INFO - [2024-03-24T02:56:13.941+0000] {dag.py:3834} INFO - Setting next_dagrun for example_external_task_marker_parent to None, run_after=None
[2024-03-24T02:56:13.948+0000] {processor.py:183} INFO - Processing /home/airflow/.local/lib/python3.8/site-packages/airflow/example_dags/example_external_task_marker_dag.py took 0.074 seconds
[2024-03-24T02:56:44.238+0000] {processor.py:161} INFO - Started process (PID=155) to work on /home/airflow/.local/lib/python3.8/site-packages/airflow/example_dags/example_external_task_marker_dag.py
[2024-03-24T02:56:44.238+0000] {processor.py:830} INFO - Processing file /home/airflow/.local/lib/python3.8/site-packages/airflow/example_dags/example_external_task_marker_dag.py for tasks to queue
[2024-03-24T02:56:44.239+0000] {logging_mixin.py:188} INFO - [2024-03-24T02:56:44.239+0000] {dagbag.py:540} INFO - Filling up the DagBag from /home/airflow/.local/lib/python3.8/site-packages/airflow/example_dags/example_external_task_marker_dag.py
[2024-03-24T02:56:44.243+0000] {processor.py:840} INFO - DAG(s) 'example_external_task_marker_child', 'example_external_task_marker_parent' retrieved from /home/airflow/.local/lib/python3.8/site-packages/airflow/example_dags/example_external_task_marker_dag.py
[2024-03-24T02:56:44.256+0000] {logging_mixin.py:188} INFO - [2024-03-24T02:56:44.256+0000] {dag.py:3047} INFO - Sync 2 DAGs
[2024-03-24T02:56:44.266+0000] {logging_mixin.py:188} INFO - [2024-03-24T02:56:44.266+0000] {dag.py:3834} INFO - Setting next_dagrun for example_external_task_marker_child to None, run_after=None
[2024-03-24T02:56:44.269+0000] {logging_mixin.py:188} INFO - [2024-03-24T02:56:44.269+0000] {dag.py:3834} INFO - Setting next_dagrun for example_external_task_marker_parent to None, run_after=None
[2024-03-24T02:56:44.277+0000] {processor.py:183} INFO - Processing /home/airflow/.local/lib/python3.8/site-packages/airflow/example_dags/example_external_task_marker_dag.py took 0.041 seconds
[2024-03-24T02:57:14.962+0000] {processor.py:161} INFO - Started process (PID=210) to work on /home/airflow/.local/lib/python3.8/site-packages/airflow/example_dags/example_external_task_marker_dag.py
[2024-03-24T02:57:14.964+0000] {processor.py:830} INFO - Processing file /home/airflow/.local/lib/python3.8/site-packages/airflow/example_dags/example_external_task_marker_dag.py for tasks to queue
[2024-03-24T02:57:14.965+0000] {logging_mixin.py:188} INFO - [2024-03-24T02:57:14.964+0000] {dagbag.py:540} INFO - Filling up the DagBag from /home/airflow/.local/lib/python3.8/site-packages/airflow/example_dags/example_external_task_marker_dag.py
[2024-03-24T02:57:14.968+0000] {processor.py:840} INFO - DAG(s) 'example_external_task_marker_parent', 'example_external_task_marker_child' retrieved from /home/airflow/.local/lib/python3.8/site-packages/airflow/example_dags/example_external_task_marker_dag.py
[2024-03-24T02:57:14.981+0000] {logging_mixin.py:188} INFO - [2024-03-24T02:57:14.981+0000] {dag.py:3047} INFO - Sync 2 DAGs
[2024-03-24T02:57:14.987+0000] {logging_mixin.py:188} INFO - [2024-03-24T02:57:14.987+0000] {dag.py:3834} INFO - Setting next_dagrun for example_external_task_marker_child to None, run_after=None
[2024-03-24T02:57:14.989+0000] {logging_mixin.py:188} INFO - [2024-03-24T02:57:14.989+0000] {dag.py:3834} INFO - Setting next_dagrun for example_external_task_marker_parent to None, run_after=None
[2024-03-24T02:57:14.996+0000] {processor.py:183} INFO - Processing /home/airflow/.local/lib/python3.8/site-packages/airflow/example_dags/example_external_task_marker_dag.py took 0.036 seconds
[2024-03-24T02:57:45.853+0000] {processor.py:161} INFO - Started process (PID=265) to work on /home/airflow/.local/lib/python3.8/site-packages/airflow/example_dags/example_external_task_marker_dag.py
[2024-03-24T02:57:45.853+0000] {processor.py:830} INFO - Processing file /home/airflow/.local/lib/python3.8/site-packages/airflow/example_dags/example_external_task_marker_dag.py for tasks to queue
[2024-03-24T02:57:45.854+0000] {logging_mixin.py:188} INFO - [2024-03-24T02:57:45.854+0000] {dagbag.py:540} INFO - Filling up the DagBag from /home/airflow/.local/lib/python3.8/site-packages/airflow/example_dags/example_external_task_marker_dag.py
[2024-03-24T02:57:45.858+0000] {processor.py:840} INFO - DAG(s) 'example_external_task_marker_child', 'example_external_task_marker_parent' retrieved from /home/airflow/.local/lib/python3.8/site-packages/airflow/example_dags/example_external_task_marker_dag.py
[2024-03-24T02:57:45.870+0000] {logging_mixin.py:188} INFO - [2024-03-24T02:57:45.869+0000] {dag.py:3047} INFO - Sync 2 DAGs
[2024-03-24T02:57:45.876+0000] {logging_mixin.py:188} INFO - [2024-03-24T02:57:45.875+0000] {dag.py:3834} INFO - Setting next_dagrun for example_external_task_marker_child to None, run_after=None
[2024-03-24T02:57:45.878+0000] {logging_mixin.py:188} INFO - [2024-03-24T02:57:45.878+0000] {dag.py:3834} INFO - Setting next_dagrun for example_external_task_marker_parent to None, run_after=None
[2024-03-24T02:57:45.886+0000] {processor.py:183} INFO - Processing /home/airflow/.local/lib/python3.8/site-packages/airflow/example_dags/example_external_task_marker_dag.py took 0.036 seconds
[2024-03-24T02:58:16.442+0000] {processor.py:161} INFO - Started process (PID=320) to work on /home/airflow/.local/lib/python3.8/site-packages/airflow/example_dags/example_external_task_marker_dag.py
[2024-03-24T02:58:16.443+0000] {processor.py:830} INFO - Processing file /home/airflow/.local/lib/python3.8/site-packages/airflow/example_dags/example_external_task_marker_dag.py for tasks to queue
[2024-03-24T02:58:16.445+0000] {logging_mixin.py:188} INFO - [2024-03-24T02:58:16.445+0000] {dagbag.py:540} INFO - Filling up the DagBag from /home/airflow/.local/lib/python3.8/site-packages/airflow/example_dags/example_external_task_marker_dag.py
[2024-03-24T02:58:16.449+0000] {processor.py:840} INFO - DAG(s) 'example_external_task_marker_parent', 'example_external_task_marker_child' retrieved from /home/airflow/.local/lib/python3.8/site-packages/airflow/example_dags/example_external_task_marker_dag.py
[2024-03-24T02:58:16.456+0000] {logging_mixin.py:188} INFO - [2024-03-24T02:58:16.456+0000] {dag.py:3047} INFO - Sync 2 DAGs
[2024-03-24T02:58:16.467+0000] {logging_mixin.py:188} INFO - [2024-03-24T02:58:16.467+0000] {dag.py:3834} INFO - Setting next_dagrun for example_external_task_marker_child to None, run_after=None
[2024-03-24T02:58:16.469+0000] {logging_mixin.py:188} INFO - [2024-03-24T02:58:16.469+0000] {dag.py:3834} INFO - Setting next_dagrun for example_external_task_marker_parent to None, run_after=None
[2024-03-24T02:58:16.481+0000] {processor.py:183} INFO - Processing /home/airflow/.local/lib/python3.8/site-packages/airflow/example_dags/example_external_task_marker_dag.py took 0.041 seconds
[2024-03-24T02:58:47.095+0000] {processor.py:161} INFO - Started process (PID=375) to work on /home/airflow/.local/lib/python3.8/site-packages/airflow/example_dags/example_external_task_marker_dag.py
[2024-03-24T02:58:47.096+0000] {processor.py:830} INFO - Processing file /home/airflow/.local/lib/python3.8/site-packages/airflow/example_dags/example_external_task_marker_dag.py for tasks to queue
[2024-03-24T02:58:47.097+0000] {logging_mixin.py:188} INFO - [2024-03-24T02:58:47.097+0000] {dagbag.py:540} INFO - Filling up the DagBag from /home/airflow/.local/lib/python3.8/site-packages/airflow/example_dags/example_external_task_marker_dag.py
[2024-03-24T02:58:47.100+0000] {processor.py:840} INFO - DAG(s) 'example_external_task_marker_parent', 'example_external_task_marker_child' retrieved from /home/airflow/.local/lib/python3.8/site-packages/airflow/example_dags/example_external_task_marker_dag.py
[2024-03-24T02:58:47.154+0000] {logging_mixin.py:188} INFO - [2024-03-24T02:58:47.154+0000] {dag.py:3047} INFO - Sync 2 DAGs
[2024-03-24T02:58:47.160+0000] {logging_mixin.py:188} INFO - [2024-03-24T02:58:47.160+0000] {dag.py:3834} INFO - Setting next_dagrun for example_external_task_marker_child to None, run_after=None
[2024-03-24T02:58:47.162+0000] {logging_mixin.py:188} INFO - [2024-03-24T02:58:47.162+0000] {dag.py:3834} INFO - Setting next_dagrun for example_external_task_marker_parent to None, run_after=None
[2024-03-24T02:58:47.171+0000] {processor.py:183} INFO - Processing /home/airflow/.local/lib/python3.8/site-packages/airflow/example_dags/example_external_task_marker_dag.py took 0.077 seconds
[2024-03-24T02:59:17.631+0000] {processor.py:161} INFO - Started process (PID=430) to work on /home/airflow/.local/lib/python3.8/site-packages/airflow/example_dags/example_external_task_marker_dag.py
[2024-03-24T02:59:17.632+0000] {processor.py:830} INFO - Processing file /home/airflow/.local/lib/python3.8/site-packages/airflow/example_dags/example_external_task_marker_dag.py for tasks to queue
[2024-03-24T02:59:17.633+0000] {logging_mixin.py:188} INFO - [2024-03-24T02:59:17.633+0000] {dagbag.py:540} INFO - Filling up the DagBag from /home/airflow/.local/lib/python3.8/site-packages/airflow/example_dags/example_external_task_marker_dag.py
[2024-03-24T02:59:17.636+0000] {processor.py:840} INFO - DAG(s) 'example_external_task_marker_parent', 'example_external_task_marker_child' retrieved from /home/airflow/.local/lib/python3.8/site-packages/airflow/example_dags/example_external_task_marker_dag.py
[2024-03-24T02:59:17.649+0000] {logging_mixin.py:188} INFO - [2024-03-24T02:59:17.649+0000] {dag.py:3047} INFO - Sync 2 DAGs
[2024-03-24T02:59:17.655+0000] {logging_mixin.py:188} INFO - [2024-03-24T02:59:17.655+0000] {dag.py:3834} INFO - Setting next_dagrun for example_external_task_marker_child to None, run_after=None
[2024-03-24T02:59:17.657+0000] {logging_mixin.py:188} INFO - [2024-03-24T02:59:17.657+0000] {dag.py:3834} INFO - Setting next_dagrun for example_external_task_marker_parent to None, run_after=None
[2024-03-24T02:59:17.666+0000] {processor.py:183} INFO - Processing /home/airflow/.local/lib/python3.8/site-packages/airflow/example_dags/example_external_task_marker_dag.py took 0.037 seconds
[2024-03-24T02:59:47.786+0000] {processor.py:161} INFO - Started process (PID=485) to work on /home/airflow/.local/lib/python3.8/site-packages/airflow/example_dags/example_external_task_marker_dag.py
[2024-03-24T02:59:47.787+0000] {processor.py:830} INFO - Processing file /home/airflow/.local/lib/python3.8/site-packages/airflow/example_dags/example_external_task_marker_dag.py for tasks to queue
[2024-03-24T02:59:47.789+0000] {logging_mixin.py:188} INFO - [2024-03-24T02:59:47.789+0000] {dagbag.py:540} INFO - Filling up the DagBag from /home/airflow/.local/lib/python3.8/site-packages/airflow/example_dags/example_external_task_marker_dag.py
[2024-03-24T02:59:47.793+0000] {processor.py:840} INFO - DAG(s) 'example_external_task_marker_parent', 'example_external_task_marker_child' retrieved from /home/airflow/.local/lib/python3.8/site-packages/airflow/example_dags/example_external_task_marker_dag.py
[2024-03-24T02:59:47.806+0000] {logging_mixin.py:188} INFO - [2024-03-24T02:59:47.806+0000] {dag.py:3047} INFO - Sync 2 DAGs
[2024-03-24T02:59:47.813+0000] {logging_mixin.py:188} INFO - [2024-03-24T02:59:47.813+0000] {dag.py:3834} INFO - Setting next_dagrun for example_external_task_marker_child to None, run_after=None
[2024-03-24T02:59:47.816+0000] {logging_mixin.py:188} INFO - [2024-03-24T02:59:47.815+0000] {dag.py:3834} INFO - Setting next_dagrun for example_external_task_marker_parent to None, run_after=None
[2024-03-24T02:59:47.823+0000] {processor.py:183} INFO - Processing /home/airflow/.local/lib/python3.8/site-packages/airflow/example_dags/example_external_task_marker_dag.py took 0.039 seconds
[2024-03-24T03:00:17.857+0000] {processor.py:161} INFO - Started process (PID=540) to work on /home/airflow/.local/lib/python3.8/site-packages/airflow/example_dags/example_external_task_marker_dag.py
[2024-03-24T03:00:17.858+0000] {processor.py:830} INFO - Processing file /home/airflow/.local/lib/python3.8/site-packages/airflow/example_dags/example_external_task_marker_dag.py for tasks to queue
[2024-03-24T03:00:17.859+0000] {logging_mixin.py:188} INFO - [2024-03-24T03:00:17.859+0000] {dagbag.py:540} INFO - Filling up the DagBag from /home/airflow/.local/lib/python3.8/site-packages/airflow/example_dags/example_external_task_marker_dag.py
[2024-03-24T03:00:17.863+0000] {processor.py:840} INFO - DAG(s) 'example_external_task_marker_child', 'example_external_task_marker_parent' retrieved from /home/airflow/.local/lib/python3.8/site-packages/airflow/example_dags/example_external_task_marker_dag.py
[2024-03-24T03:00:17.875+0000] {logging_mixin.py:188} INFO - [2024-03-24T03:00:17.875+0000] {dag.py:3047} INFO - Sync 2 DAGs
[2024-03-24T03:00:17.881+0000] {logging_mixin.py:188} INFO - [2024-03-24T03:00:17.881+0000] {dag.py:3834} INFO - Setting next_dagrun for example_external_task_marker_child to None, run_after=None
[2024-03-24T03:00:17.883+0000] {logging_mixin.py:188} INFO - [2024-03-24T03:00:17.883+0000] {dag.py:3834} INFO - Setting next_dagrun for example_external_task_marker_parent to None, run_after=None
[2024-03-24T03:00:17.891+0000] {processor.py:183} INFO - Processing /home/airflow/.local/lib/python3.8/site-packages/airflow/example_dags/example_external_task_marker_dag.py took 0.036 seconds
[2024-03-24T03:00:48.190+0000] {processor.py:161} INFO - Started process (PID=595) to work on /home/airflow/.local/lib/python3.8/site-packages/airflow/example_dags/example_external_task_marker_dag.py
[2024-03-24T03:00:48.191+0000] {processor.py:830} INFO - Processing file /home/airflow/.local/lib/python3.8/site-packages/airflow/example_dags/example_external_task_marker_dag.py for tasks to queue
[2024-03-24T03:00:48.193+0000] {logging_mixin.py:188} INFO - [2024-03-24T03:00:48.192+0000] {dagbag.py:540} INFO - Filling up the DagBag from /home/airflow/.local/lib/python3.8/site-packages/airflow/example_dags/example_external_task_marker_dag.py
[2024-03-24T03:00:48.197+0000] {processor.py:840} INFO - DAG(s) 'example_external_task_marker_child', 'example_external_task_marker_parent' retrieved from /home/airflow/.local/lib/python3.8/site-packages/airflow/example_dags/example_external_task_marker_dag.py
[2024-03-24T03:00:48.211+0000] {logging_mixin.py:188} INFO - [2024-03-24T03:00:48.211+0000] {dag.py:3047} INFO - Sync 2 DAGs
[2024-03-24T03:00:48.219+0000] {logging_mixin.py:188} INFO - [2024-03-24T03:00:48.218+0000] {dag.py:3834} INFO - Setting next_dagrun for example_external_task_marker_child to None, run_after=None
[2024-03-24T03:00:48.221+0000] {logging_mixin.py:188} INFO - [2024-03-24T03:00:48.221+0000] {dag.py:3834} INFO - Setting next_dagrun for example_external_task_marker_parent to None, run_after=None
[2024-03-24T03:00:48.235+0000] {processor.py:183} INFO - Processing /home/airflow/.local/lib/python3.8/site-packages/airflow/example_dags/example_external_task_marker_dag.py took 0.047 seconds
[2024-03-24T03:01:19.068+0000] {processor.py:161} INFO - Started process (PID=650) to work on /home/airflow/.local/lib/python3.8/site-packages/airflow/example_dags/example_external_task_marker_dag.py
[2024-03-24T03:01:19.070+0000] {processor.py:830} INFO - Processing file /home/airflow/.local/lib/python3.8/site-packages/airflow/example_dags/example_external_task_marker_dag.py for tasks to queue
[2024-03-24T03:01:19.072+0000] {logging_mixin.py:188} INFO - [2024-03-24T03:01:19.072+0000] {dagbag.py:540} INFO - Filling up the DagBag from /home/airflow/.local/lib/python3.8/site-packages/airflow/example_dags/example_external_task_marker_dag.py
[2024-03-24T03:01:19.078+0000] {processor.py:840} INFO - DAG(s) 'example_external_task_marker_child', 'example_external_task_marker_parent' retrieved from /home/airflow/.local/lib/python3.8/site-packages/airflow/example_dags/example_external_task_marker_dag.py
[2024-03-24T03:01:19.100+0000] {logging_mixin.py:188} INFO - [2024-03-24T03:01:19.100+0000] {dag.py:3047} INFO - Sync 2 DAGs
[2024-03-24T03:01:19.133+0000] {logging_mixin.py:188} INFO - [2024-03-24T03:01:19.132+0000] {dag.py:3834} INFO - Setting next_dagrun for example_external_task_marker_child to None, run_after=None
[2024-03-24T03:01:19.140+0000] {logging_mixin.py:188} INFO - [2024-03-24T03:01:19.139+0000] {dag.py:3834} INFO - Setting next_dagrun for example_external_task_marker_parent to None, run_after=None
[2024-03-24T03:01:19.179+0000] {processor.py:183} INFO - Processing /home/airflow/.local/lib/python3.8/site-packages/airflow/example_dags/example_external_task_marker_dag.py took 0.117 seconds
[2024-03-24T03:01:50.134+0000] {processor.py:161} INFO - Started process (PID=705) to work on /home/airflow/.local/lib/python3.8/site-packages/airflow/example_dags/example_external_task_marker_dag.py
[2024-03-24T03:01:50.141+0000] {processor.py:830} INFO - Processing file /home/airflow/.local/lib/python3.8/site-packages/airflow/example_dags/example_external_task_marker_dag.py for tasks to queue
[2024-03-24T03:01:50.144+0000] {logging_mixin.py:188} INFO - [2024-03-24T03:01:50.143+0000] {dagbag.py:540} INFO - Filling up the DagBag from /home/airflow/.local/lib/python3.8/site-packages/airflow/example_dags/example_external_task_marker_dag.py
[2024-03-24T03:01:50.155+0000] {processor.py:840} INFO - DAG(s) 'example_external_task_marker_child', 'example_external_task_marker_parent' retrieved from /home/airflow/.local/lib/python3.8/site-packages/airflow/example_dags/example_external_task_marker_dag.py
[2024-03-24T03:01:50.180+0000] {logging_mixin.py:188} INFO - [2024-03-24T03:01:50.180+0000] {dag.py:3047} INFO - Sync 2 DAGs
[2024-03-24T03:01:50.192+0000] {logging_mixin.py:188} INFO - [2024-03-24T03:01:50.192+0000] {dag.py:3834} INFO - Setting next_dagrun for example_external_task_marker_child to None, run_after=None
[2024-03-24T03:01:50.194+0000] {logging_mixin.py:188} INFO - [2024-03-24T03:01:50.194+0000] {dag.py:3834} INFO - Setting next_dagrun for example_external_task_marker_parent to None, run_after=None
[2024-03-24T03:01:50.204+0000] {processor.py:183} INFO - Processing /home/airflow/.local/lib/python3.8/site-packages/airflow/example_dags/example_external_task_marker_dag.py took 0.075 seconds
[2024-03-24T03:02:20.662+0000] {processor.py:161} INFO - Started process (PID=760) to work on /home/airflow/.local/lib/python3.8/site-packages/airflow/example_dags/example_external_task_marker_dag.py
[2024-03-24T03:02:20.665+0000] {processor.py:830} INFO - Processing file /home/airflow/.local/lib/python3.8/site-packages/airflow/example_dags/example_external_task_marker_dag.py for tasks to queue
[2024-03-24T03:02:20.668+0000] {logging_mixin.py:188} INFO - [2024-03-24T03:02:20.667+0000] {dagbag.py:540} INFO - Filling up the DagBag from /home/airflow/.local/lib/python3.8/site-packages/airflow/example_dags/example_external_task_marker_dag.py
[2024-03-24T03:02:20.676+0000] {processor.py:840} INFO - DAG(s) 'example_external_task_marker_parent', 'example_external_task_marker_child' retrieved from /home/airflow/.local/lib/python3.8/site-packages/airflow/example_dags/example_external_task_marker_dag.py
[2024-03-24T03:02:20.697+0000] {logging_mixin.py:188} INFO - [2024-03-24T03:02:20.697+0000] {dag.py:3047} INFO - Sync 2 DAGs
[2024-03-24T03:02:20.706+0000] {logging_mixin.py:188} INFO - [2024-03-24T03:02:20.706+0000] {dag.py:3834} INFO - Setting next_dagrun for example_external_task_marker_child to None, run_after=None
[2024-03-24T03:02:20.709+0000] {logging_mixin.py:188} INFO - [2024-03-24T03:02:20.709+0000] {dag.py:3834} INFO - Setting next_dagrun for example_external_task_marker_parent to None, run_after=None
[2024-03-24T03:02:20.717+0000] {processor.py:183} INFO - Processing /home/airflow/.local/lib/python3.8/site-packages/airflow/example_dags/example_external_task_marker_dag.py took 0.062 seconds
[2024-03-24T03:02:50.902+0000] {processor.py:161} INFO - Started process (PID=815) to work on /home/airflow/.local/lib/python3.8/site-packages/airflow/example_dags/example_external_task_marker_dag.py
[2024-03-24T03:02:50.905+0000] {processor.py:830} INFO - Processing file /home/airflow/.local/lib/python3.8/site-packages/airflow/example_dags/example_external_task_marker_dag.py for tasks to queue
[2024-03-24T03:02:50.907+0000] {logging_mixin.py:188} INFO - [2024-03-24T03:02:50.907+0000] {dagbag.py:540} INFO - Filling up the DagBag from /home/airflow/.local/lib/python3.8/site-packages/airflow/example_dags/example_external_task_marker_dag.py
[2024-03-24T03:02:50.914+0000] {processor.py:840} INFO - DAG(s) 'example_external_task_marker_parent', 'example_external_task_marker_child' retrieved from /home/airflow/.local/lib/python3.8/site-packages/airflow/example_dags/example_external_task_marker_dag.py
[2024-03-24T03:02:50.932+0000] {logging_mixin.py:188} INFO - [2024-03-24T03:02:50.931+0000] {dag.py:3047} INFO - Sync 2 DAGs
[2024-03-24T03:02:50.939+0000] {logging_mixin.py:188} INFO - [2024-03-24T03:02:50.939+0000] {dag.py:3834} INFO - Setting next_dagrun for example_external_task_marker_child to None, run_after=None
[2024-03-24T03:02:50.942+0000] {logging_mixin.py:188} INFO - [2024-03-24T03:02:50.942+0000] {dag.py:3834} INFO - Setting next_dagrun for example_external_task_marker_parent to None, run_after=None
[2024-03-24T03:02:50.951+0000] {processor.py:183} INFO - Processing /home/airflow/.local/lib/python3.8/site-packages/airflow/example_dags/example_external_task_marker_dag.py took 0.053 seconds
[2024-03-24T03:03:21.718+0000] {processor.py:161} INFO - Started process (PID=870) to work on /home/airflow/.local/lib/python3.8/site-packages/airflow/example_dags/example_external_task_marker_dag.py
[2024-03-24T03:03:21.721+0000] {processor.py:830} INFO - Processing file /home/airflow/.local/lib/python3.8/site-packages/airflow/example_dags/example_external_task_marker_dag.py for tasks to queue
[2024-03-24T03:03:21.724+0000] {logging_mixin.py:188} INFO - [2024-03-24T03:03:21.724+0000] {dagbag.py:540} INFO - Filling up the DagBag from /home/airflow/.local/lib/python3.8/site-packages/airflow/example_dags/example_external_task_marker_dag.py
[2024-03-24T03:03:21.734+0000] {processor.py:840} INFO - DAG(s) 'example_external_task_marker_child', 'example_external_task_marker_parent' retrieved from /home/airflow/.local/lib/python3.8/site-packages/airflow/example_dags/example_external_task_marker_dag.py
[2024-03-24T03:03:21.759+0000] {logging_mixin.py:188} INFO - [2024-03-24T03:03:21.758+0000] {dag.py:3047} INFO - Sync 2 DAGs
[2024-03-24T03:03:21.767+0000] {logging_mixin.py:188} INFO - [2024-03-24T03:03:21.767+0000] {dag.py:3834} INFO - Setting next_dagrun for example_external_task_marker_child to None, run_after=None
[2024-03-24T03:03:21.770+0000] {logging_mixin.py:188} INFO - [2024-03-24T03:03:21.770+0000] {dag.py:3834} INFO - Setting next_dagrun for example_external_task_marker_parent to None, run_after=None
[2024-03-24T03:03:21.779+0000] {processor.py:183} INFO - Processing /home/airflow/.local/lib/python3.8/site-packages/airflow/example_dags/example_external_task_marker_dag.py took 0.069 seconds
[2024-03-24T03:03:52.001+0000] {processor.py:161} INFO - Started process (PID=925) to work on /home/airflow/.local/lib/python3.8/site-packages/airflow/example_dags/example_external_task_marker_dag.py
[2024-03-24T03:03:52.004+0000] {processor.py:830} INFO - Processing file /home/airflow/.local/lib/python3.8/site-packages/airflow/example_dags/example_external_task_marker_dag.py for tasks to queue
[2024-03-24T03:03:52.006+0000] {logging_mixin.py:188} INFO - [2024-03-24T03:03:52.006+0000] {dagbag.py:540} INFO - Filling up the DagBag from /home/airflow/.local/lib/python3.8/site-packages/airflow/example_dags/example_external_task_marker_dag.py
[2024-03-24T03:03:52.014+0000] {processor.py:840} INFO - DAG(s) 'example_external_task_marker_child', 'example_external_task_marker_parent' retrieved from /home/airflow/.local/lib/python3.8/site-packages/airflow/example_dags/example_external_task_marker_dag.py
[2024-03-24T03:03:52.036+0000] {logging_mixin.py:188} INFO - [2024-03-24T03:03:52.036+0000] {dag.py:3047} INFO - Sync 2 DAGs
[2024-03-24T03:03:52.045+0000] {logging_mixin.py:188} INFO - [2024-03-24T03:03:52.045+0000] {dag.py:3834} INFO - Setting next_dagrun for example_external_task_marker_child to None, run_after=None
[2024-03-24T03:03:52.047+0000] {logging_mixin.py:188} INFO - [2024-03-24T03:03:52.047+0000] {dag.py:3834} INFO - Setting next_dagrun for example_external_task_marker_parent to None, run_after=None
[2024-03-24T03:03:52.057+0000] {processor.py:183} INFO - Processing /home/airflow/.local/lib/python3.8/site-packages/airflow/example_dags/example_external_task_marker_dag.py took 0.064 seconds
[2024-03-24T03:04:22.812+0000] {processor.py:161} INFO - Started process (PID=979) to work on /home/airflow/.local/lib/python3.8/site-packages/airflow/example_dags/example_external_task_marker_dag.py
[2024-03-24T03:04:22.814+0000] {processor.py:830} INFO - Processing file /home/airflow/.local/lib/python3.8/site-packages/airflow/example_dags/example_external_task_marker_dag.py for tasks to queue
[2024-03-24T03:04:22.817+0000] {logging_mixin.py:188} INFO - [2024-03-24T03:04:22.817+0000] {dagbag.py:540} INFO - Filling up the DagBag from /home/airflow/.local/lib/python3.8/site-packages/airflow/example_dags/example_external_task_marker_dag.py
[2024-03-24T03:04:22.824+0000] {processor.py:840} INFO - DAG(s) 'example_external_task_marker_child', 'example_external_task_marker_parent' retrieved from /home/airflow/.local/lib/python3.8/site-packages/airflow/example_dags/example_external_task_marker_dag.py
[2024-03-24T03:04:22.846+0000] {logging_mixin.py:188} INFO - [2024-03-24T03:04:22.845+0000] {dag.py:3047} INFO - Sync 2 DAGs
[2024-03-24T03:04:22.855+0000] {logging_mixin.py:188} INFO - [2024-03-24T03:04:22.855+0000] {dag.py:3834} INFO - Setting next_dagrun for example_external_task_marker_child to None, run_after=None
[2024-03-24T03:04:22.858+0000] {logging_mixin.py:188} INFO - [2024-03-24T03:04:22.858+0000] {dag.py:3834} INFO - Setting next_dagrun for example_external_task_marker_parent to None, run_after=None
[2024-03-24T03:04:22.870+0000] {processor.py:183} INFO - Processing /home/airflow/.local/lib/python3.8/site-packages/airflow/example_dags/example_external_task_marker_dag.py took 0.062 seconds
[2024-03-24T03:04:53.127+0000] {processor.py:161} INFO - Started process (PID=1033) to work on /home/airflow/.local/lib/python3.8/site-packages/airflow/example_dags/example_external_task_marker_dag.py
[2024-03-24T03:04:53.131+0000] {processor.py:830} INFO - Processing file /home/airflow/.local/lib/python3.8/site-packages/airflow/example_dags/example_external_task_marker_dag.py for tasks to queue
[2024-03-24T03:04:53.133+0000] {logging_mixin.py:188} INFO - [2024-03-24T03:04:53.133+0000] {dagbag.py:540} INFO - Filling up the DagBag from /home/airflow/.local/lib/python3.8/site-packages/airflow/example_dags/example_external_task_marker_dag.py
[2024-03-24T03:04:53.141+0000] {processor.py:840} INFO - DAG(s) 'example_external_task_marker_parent', 'example_external_task_marker_child' retrieved from /home/airflow/.local/lib/python3.8/site-packages/airflow/example_dags/example_external_task_marker_dag.py
[2024-03-24T03:04:53.163+0000] {logging_mixin.py:188} INFO - [2024-03-24T03:04:53.163+0000] {dag.py:3047} INFO - Sync 2 DAGs
[2024-03-24T03:04:53.171+0000] {logging_mixin.py:188} INFO - [2024-03-24T03:04:53.171+0000] {dag.py:3834} INFO - Setting next_dagrun for example_external_task_marker_child to None, run_after=None
[2024-03-24T03:04:53.174+0000] {logging_mixin.py:188} INFO - [2024-03-24T03:04:53.174+0000] {dag.py:3834} INFO - Setting next_dagrun for example_external_task_marker_parent to None, run_after=None
[2024-03-24T03:04:53.183+0000] {processor.py:183} INFO - Processing /home/airflow/.local/lib/python3.8/site-packages/airflow/example_dags/example_external_task_marker_dag.py took 0.062 seconds
[2024-03-24T03:05:23.537+0000] {processor.py:161} INFO - Started process (PID=1089) to work on /home/airflow/.local/lib/python3.8/site-packages/airflow/example_dags/example_external_task_marker_dag.py
[2024-03-24T03:05:23.540+0000] {processor.py:830} INFO - Processing file /home/airflow/.local/lib/python3.8/site-packages/airflow/example_dags/example_external_task_marker_dag.py for tasks to queue
[2024-03-24T03:05:23.543+0000] {logging_mixin.py:188} INFO - [2024-03-24T03:05:23.542+0000] {dagbag.py:540} INFO - Filling up the DagBag from /home/airflow/.local/lib/python3.8/site-packages/airflow/example_dags/example_external_task_marker_dag.py
[2024-03-24T03:05:23.551+0000] {processor.py:840} INFO - DAG(s) 'example_external_task_marker_child', 'example_external_task_marker_parent' retrieved from /home/airflow/.local/lib/python3.8/site-packages/airflow/example_dags/example_external_task_marker_dag.py
[2024-03-24T03:05:23.574+0000] {logging_mixin.py:188} INFO - [2024-03-24T03:05:23.573+0000] {dag.py:3047} INFO - Sync 2 DAGs
[2024-03-24T03:05:23.580+0000] {logging_mixin.py:188} INFO - [2024-03-24T03:05:23.580+0000] {dag.py:3834} INFO - Setting next_dagrun for example_external_task_marker_child to None, run_after=None
[2024-03-24T03:05:23.583+0000] {logging_mixin.py:188} INFO - [2024-03-24T03:05:23.583+0000] {dag.py:3834} INFO - Setting next_dagrun for example_external_task_marker_parent to None, run_after=None
[2024-03-24T03:05:23.595+0000] {processor.py:183} INFO - Processing /home/airflow/.local/lib/python3.8/site-packages/airflow/example_dags/example_external_task_marker_dag.py took 0.064 seconds
[2024-03-24T03:05:54.199+0000] {processor.py:161} INFO - Started process (PID=1143) to work on /home/airflow/.local/lib/python3.8/site-packages/airflow/example_dags/example_external_task_marker_dag.py
[2024-03-24T03:05:54.201+0000] {processor.py:830} INFO - Processing file /home/airflow/.local/lib/python3.8/site-packages/airflow/example_dags/example_external_task_marker_dag.py for tasks to queue
[2024-03-24T03:05:54.205+0000] {logging_mixin.py:188} INFO - [2024-03-24T03:05:54.204+0000] {dagbag.py:540} INFO - Filling up the DagBag from /home/airflow/.local/lib/python3.8/site-packages/airflow/example_dags/example_external_task_marker_dag.py
[2024-03-24T03:05:54.213+0000] {processor.py:840} INFO - DAG(s) 'example_external_task_marker_parent', 'example_external_task_marker_child' retrieved from /home/airflow/.local/lib/python3.8/site-packages/airflow/example_dags/example_external_task_marker_dag.py
[2024-03-24T03:05:54.233+0000] {logging_mixin.py:188} INFO - [2024-03-24T03:05:54.233+0000] {dag.py:3047} INFO - Sync 2 DAGs
[2024-03-24T03:05:54.242+0000] {logging_mixin.py:188} INFO - [2024-03-24T03:05:54.242+0000] {dag.py:3834} INFO - Setting next_dagrun for example_external_task_marker_child to None, run_after=None
[2024-03-24T03:05:54.244+0000] {logging_mixin.py:188} INFO - [2024-03-24T03:05:54.244+0000] {dag.py:3834} INFO - Setting next_dagrun for example_external_task_marker_parent to None, run_after=None
[2024-03-24T03:05:54.253+0000] {processor.py:183} INFO - Processing /home/airflow/.local/lib/python3.8/site-packages/airflow/example_dags/example_external_task_marker_dag.py took 0.061 seconds
