[2024-03-24T02:55:43.557+0000] {processor.py:161} INFO - Started process (PID=48) to work on /home/airflow/.local/lib/python3.8/site-packages/airflow/example_dags/example_bash_operator.py
[2024-03-24T02:55:43.561+0000] {processor.py:830} INFO - Processing file /home/airflow/.local/lib/python3.8/site-packages/airflow/example_dags/example_bash_operator.py for tasks to queue
[2024-03-24T02:55:43.571+0000] {logging_mixin.py:188} INFO - [2024-03-24T02:55:43.570+0000] {dagbag.py:540} INFO - Filling up the DagBag from /home/airflow/.local/lib/python3.8/site-packages/airflow/example_dags/example_bash_operator.py
[2024-03-24T02:55:43.591+0000] {processor.py:840} INFO - DAG(s) 'example_bash_operator' retrieved from /home/airflow/.local/lib/python3.8/site-packages/airflow/example_dags/example_bash_operator.py
[2024-03-24T02:55:43.603+0000] {logging_mixin.py:188} INFO - [2024-03-24T02:55:43.603+0000] {dag.py:3047} INFO - Sync 1 DAGs
[2024-03-24T02:55:43.632+0000] {logging_mixin.py:188} INFO - [2024-03-24T02:55:43.632+0000] {dag.py:3834} INFO - Setting next_dagrun for example_bash_operator to 2024-03-23 00:00:00+00:00, run_after=2024-03-24 00:00:00+00:00
[2024-03-24T02:55:43.647+0000] {processor.py:183} INFO - Processing /home/airflow/.local/lib/python3.8/site-packages/airflow/example_dags/example_bash_operator.py took 0.095 seconds
[2024-03-24T02:56:13.960+0000] {processor.py:161} INFO - Started process (PID=102) to work on /home/airflow/.local/lib/python3.8/site-packages/airflow/example_dags/example_bash_operator.py
[2024-03-24T02:56:13.961+0000] {processor.py:830} INFO - Processing file /home/airflow/.local/lib/python3.8/site-packages/airflow/example_dags/example_bash_operator.py for tasks to queue
[2024-03-24T02:56:13.962+0000] {logging_mixin.py:188} INFO - [2024-03-24T02:56:13.962+0000] {dagbag.py:540} INFO - Filling up the DagBag from /home/airflow/.local/lib/python3.8/site-packages/airflow/example_dags/example_bash_operator.py
[2024-03-24T02:56:13.969+0000] {processor.py:840} INFO - DAG(s) 'example_bash_operator' retrieved from /home/airflow/.local/lib/python3.8/site-packages/airflow/example_dags/example_bash_operator.py
[2024-03-24T02:56:14.018+0000] {logging_mixin.py:188} INFO - [2024-03-24T02:56:14.018+0000] {dag.py:3047} INFO - Sync 1 DAGs
[2024-03-24T02:56:14.028+0000] {logging_mixin.py:188} INFO - [2024-03-24T02:56:14.027+0000] {dag.py:3834} INFO - Setting next_dagrun for example_bash_operator to 2024-03-23 00:00:00+00:00, run_after=2024-03-24 00:00:00+00:00
[2024-03-24T02:56:14.036+0000] {processor.py:183} INFO - Processing /home/airflow/.local/lib/python3.8/site-packages/airflow/example_dags/example_bash_operator.py took 0.078 seconds
[2024-03-24T02:56:44.293+0000] {processor.py:161} INFO - Started process (PID=157) to work on /home/airflow/.local/lib/python3.8/site-packages/airflow/example_dags/example_bash_operator.py
[2024-03-24T02:56:44.293+0000] {processor.py:830} INFO - Processing file /home/airflow/.local/lib/python3.8/site-packages/airflow/example_dags/example_bash_operator.py for tasks to queue
[2024-03-24T02:56:44.294+0000] {logging_mixin.py:188} INFO - [2024-03-24T02:56:44.294+0000] {dagbag.py:540} INFO - Filling up the DagBag from /home/airflow/.local/lib/python3.8/site-packages/airflow/example_dags/example_bash_operator.py
[2024-03-24T02:56:44.301+0000] {processor.py:840} INFO - DAG(s) 'example_bash_operator' retrieved from /home/airflow/.local/lib/python3.8/site-packages/airflow/example_dags/example_bash_operator.py
[2024-03-24T02:56:44.315+0000] {logging_mixin.py:188} INFO - [2024-03-24T02:56:44.315+0000] {dag.py:3047} INFO - Sync 1 DAGs
[2024-03-24T02:56:44.326+0000] {logging_mixin.py:188} INFO - [2024-03-24T02:56:44.326+0000] {dag.py:3834} INFO - Setting next_dagrun for example_bash_operator to 2024-03-23 00:00:00+00:00, run_after=2024-03-24 00:00:00+00:00
[2024-03-24T02:56:44.335+0000] {processor.py:183} INFO - Processing /home/airflow/.local/lib/python3.8/site-packages/airflow/example_dags/example_bash_operator.py took 0.044 seconds
[2024-03-24T02:57:15.007+0000] {processor.py:161} INFO - Started process (PID=212) to work on /home/airflow/.local/lib/python3.8/site-packages/airflow/example_dags/example_bash_operator.py
[2024-03-24T02:57:15.008+0000] {processor.py:830} INFO - Processing file /home/airflow/.local/lib/python3.8/site-packages/airflow/example_dags/example_bash_operator.py for tasks to queue
[2024-03-24T02:57:15.009+0000] {logging_mixin.py:188} INFO - [2024-03-24T02:57:15.009+0000] {dagbag.py:540} INFO - Filling up the DagBag from /home/airflow/.local/lib/python3.8/site-packages/airflow/example_dags/example_bash_operator.py
[2024-03-24T02:57:15.016+0000] {processor.py:840} INFO - DAG(s) 'example_bash_operator' retrieved from /home/airflow/.local/lib/python3.8/site-packages/airflow/example_dags/example_bash_operator.py
[2024-03-24T02:57:15.033+0000] {logging_mixin.py:188} INFO - [2024-03-24T02:57:15.033+0000] {dag.py:3047} INFO - Sync 1 DAGs
[2024-03-24T02:57:15.049+0000] {logging_mixin.py:188} INFO - [2024-03-24T02:57:15.048+0000] {dag.py:3834} INFO - Setting next_dagrun for example_bash_operator to 2024-03-23 00:00:00+00:00, run_after=2024-03-24 00:00:00+00:00
[2024-03-24T02:57:15.058+0000] {processor.py:183} INFO - Processing /home/airflow/.local/lib/python3.8/site-packages/airflow/example_dags/example_bash_operator.py took 0.053 seconds
[2024-03-24T02:57:45.898+0000] {processor.py:161} INFO - Started process (PID=267) to work on /home/airflow/.local/lib/python3.8/site-packages/airflow/example_dags/example_bash_operator.py
[2024-03-24T02:57:45.899+0000] {processor.py:830} INFO - Processing file /home/airflow/.local/lib/python3.8/site-packages/airflow/example_dags/example_bash_operator.py for tasks to queue
[2024-03-24T02:57:45.900+0000] {logging_mixin.py:188} INFO - [2024-03-24T02:57:45.900+0000] {dagbag.py:540} INFO - Filling up the DagBag from /home/airflow/.local/lib/python3.8/site-packages/airflow/example_dags/example_bash_operator.py
[2024-03-24T02:57:45.906+0000] {processor.py:840} INFO - DAG(s) 'example_bash_operator' retrieved from /home/airflow/.local/lib/python3.8/site-packages/airflow/example_dags/example_bash_operator.py
[2024-03-24T02:57:45.920+0000] {logging_mixin.py:188} INFO - [2024-03-24T02:57:45.920+0000] {dag.py:3047} INFO - Sync 1 DAGs
[2024-03-24T02:57:45.932+0000] {logging_mixin.py:188} INFO - [2024-03-24T02:57:45.931+0000] {dag.py:3834} INFO - Setting next_dagrun for example_bash_operator to 2024-03-23 00:00:00+00:00, run_after=2024-03-24 00:00:00+00:00
[2024-03-24T02:57:45.940+0000] {processor.py:183} INFO - Processing /home/airflow/.local/lib/python3.8/site-packages/airflow/example_dags/example_bash_operator.py took 0.044 seconds
[2024-03-24T02:58:16.494+0000] {processor.py:161} INFO - Started process (PID=322) to work on /home/airflow/.local/lib/python3.8/site-packages/airflow/example_dags/example_bash_operator.py
[2024-03-24T02:58:16.495+0000] {processor.py:830} INFO - Processing file /home/airflow/.local/lib/python3.8/site-packages/airflow/example_dags/example_bash_operator.py for tasks to queue
[2024-03-24T02:58:16.497+0000] {logging_mixin.py:188} INFO - [2024-03-24T02:58:16.497+0000] {dagbag.py:540} INFO - Filling up the DagBag from /home/airflow/.local/lib/python3.8/site-packages/airflow/example_dags/example_bash_operator.py
[2024-03-24T02:58:16.504+0000] {processor.py:840} INFO - DAG(s) 'example_bash_operator' retrieved from /home/airflow/.local/lib/python3.8/site-packages/airflow/example_dags/example_bash_operator.py
[2024-03-24T02:58:16.513+0000] {logging_mixin.py:188} INFO - [2024-03-24T02:58:16.513+0000] {dag.py:3047} INFO - Sync 1 DAGs
[2024-03-24T02:58:16.529+0000] {logging_mixin.py:188} INFO - [2024-03-24T02:58:16.529+0000] {dag.py:3834} INFO - Setting next_dagrun for example_bash_operator to 2024-03-23 00:00:00+00:00, run_after=2024-03-24 00:00:00+00:00
[2024-03-24T02:58:16.539+0000] {processor.py:183} INFO - Processing /home/airflow/.local/lib/python3.8/site-packages/airflow/example_dags/example_bash_operator.py took 0.049 seconds
[2024-03-24T02:58:47.185+0000] {processor.py:161} INFO - Started process (PID=377) to work on /home/airflow/.local/lib/python3.8/site-packages/airflow/example_dags/example_bash_operator.py
[2024-03-24T02:58:47.186+0000] {processor.py:830} INFO - Processing file /home/airflow/.local/lib/python3.8/site-packages/airflow/example_dags/example_bash_operator.py for tasks to queue
[2024-03-24T02:58:47.189+0000] {logging_mixin.py:188} INFO - [2024-03-24T02:58:47.188+0000] {dagbag.py:540} INFO - Filling up the DagBag from /home/airflow/.local/lib/python3.8/site-packages/airflow/example_dags/example_bash_operator.py
[2024-03-24T02:58:47.195+0000] {processor.py:840} INFO - DAG(s) 'example_bash_operator' retrieved from /home/airflow/.local/lib/python3.8/site-packages/airflow/example_dags/example_bash_operator.py
[2024-03-24T02:58:47.244+0000] {logging_mixin.py:188} INFO - [2024-03-24T02:58:47.244+0000] {dag.py:3047} INFO - Sync 1 DAGs
[2024-03-24T02:58:47.255+0000] {logging_mixin.py:188} INFO - [2024-03-24T02:58:47.255+0000] {dag.py:3834} INFO - Setting next_dagrun for example_bash_operator to 2024-03-23 00:00:00+00:00, run_after=2024-03-24 00:00:00+00:00
[2024-03-24T02:58:47.268+0000] {processor.py:183} INFO - Processing /home/airflow/.local/lib/python3.8/site-packages/airflow/example_dags/example_bash_operator.py took 0.085 seconds
[2024-03-24T02:59:17.681+0000] {processor.py:161} INFO - Started process (PID=432) to work on /home/airflow/.local/lib/python3.8/site-packages/airflow/example_dags/example_bash_operator.py
[2024-03-24T02:59:17.681+0000] {processor.py:830} INFO - Processing file /home/airflow/.local/lib/python3.8/site-packages/airflow/example_dags/example_bash_operator.py for tasks to queue
[2024-03-24T02:59:17.683+0000] {logging_mixin.py:188} INFO - [2024-03-24T02:59:17.683+0000] {dagbag.py:540} INFO - Filling up the DagBag from /home/airflow/.local/lib/python3.8/site-packages/airflow/example_dags/example_bash_operator.py
[2024-03-24T02:59:17.690+0000] {processor.py:840} INFO - DAG(s) 'example_bash_operator' retrieved from /home/airflow/.local/lib/python3.8/site-packages/airflow/example_dags/example_bash_operator.py
[2024-03-24T02:59:17.705+0000] {logging_mixin.py:188} INFO - [2024-03-24T02:59:17.705+0000] {dag.py:3047} INFO - Sync 1 DAGs
[2024-03-24T02:59:17.718+0000] {logging_mixin.py:188} INFO - [2024-03-24T02:59:17.718+0000] {dag.py:3834} INFO - Setting next_dagrun for example_bash_operator to 2024-03-23 00:00:00+00:00, run_after=2024-03-24 00:00:00+00:00
[2024-03-24T02:59:17.732+0000] {processor.py:183} INFO - Processing /home/airflow/.local/lib/python3.8/site-packages/airflow/example_dags/example_bash_operator.py took 0.053 seconds
[2024-03-24T02:59:47.836+0000] {processor.py:161} INFO - Started process (PID=487) to work on /home/airflow/.local/lib/python3.8/site-packages/airflow/example_dags/example_bash_operator.py
[2024-03-24T02:59:47.837+0000] {processor.py:830} INFO - Processing file /home/airflow/.local/lib/python3.8/site-packages/airflow/example_dags/example_bash_operator.py for tasks to queue
[2024-03-24T02:59:47.838+0000] {logging_mixin.py:188} INFO - [2024-03-24T02:59:47.838+0000] {dagbag.py:540} INFO - Filling up the DagBag from /home/airflow/.local/lib/python3.8/site-packages/airflow/example_dags/example_bash_operator.py
[2024-03-24T02:59:47.844+0000] {processor.py:840} INFO - DAG(s) 'example_bash_operator' retrieved from /home/airflow/.local/lib/python3.8/site-packages/airflow/example_dags/example_bash_operator.py
[2024-03-24T02:59:47.859+0000] {logging_mixin.py:188} INFO - [2024-03-24T02:59:47.859+0000] {dag.py:3047} INFO - Sync 1 DAGs
[2024-03-24T02:59:47.870+0000] {logging_mixin.py:188} INFO - [2024-03-24T02:59:47.870+0000] {dag.py:3834} INFO - Setting next_dagrun for example_bash_operator to 2024-03-23 00:00:00+00:00, run_after=2024-03-24 00:00:00+00:00
[2024-03-24T02:59:47.878+0000] {processor.py:183} INFO - Processing /home/airflow/.local/lib/python3.8/site-packages/airflow/example_dags/example_bash_operator.py took 0.044 seconds
[2024-03-24T03:00:17.903+0000] {processor.py:161} INFO - Started process (PID=542) to work on /home/airflow/.local/lib/python3.8/site-packages/airflow/example_dags/example_bash_operator.py
[2024-03-24T03:00:17.904+0000] {processor.py:830} INFO - Processing file /home/airflow/.local/lib/python3.8/site-packages/airflow/example_dags/example_bash_operator.py for tasks to queue
[2024-03-24T03:00:17.908+0000] {logging_mixin.py:188} INFO - [2024-03-24T03:00:17.907+0000] {dagbag.py:540} INFO - Filling up the DagBag from /home/airflow/.local/lib/python3.8/site-packages/airflow/example_dags/example_bash_operator.py
[2024-03-24T03:00:17.915+0000] {processor.py:840} INFO - DAG(s) 'example_bash_operator' retrieved from /home/airflow/.local/lib/python3.8/site-packages/airflow/example_dags/example_bash_operator.py
[2024-03-24T03:00:17.929+0000] {logging_mixin.py:188} INFO - [2024-03-24T03:00:17.929+0000] {dag.py:3047} INFO - Sync 1 DAGs
[2024-03-24T03:00:17.942+0000] {logging_mixin.py:188} INFO - [2024-03-24T03:00:17.942+0000] {dag.py:3834} INFO - Setting next_dagrun for example_bash_operator to 2024-03-23 00:00:00+00:00, run_after=2024-03-24 00:00:00+00:00
[2024-03-24T03:00:17.955+0000] {processor.py:183} INFO - Processing /home/airflow/.local/lib/python3.8/site-packages/airflow/example_dags/example_bash_operator.py took 0.053 seconds
[2024-03-24T03:00:48.255+0000] {processor.py:161} INFO - Started process (PID=597) to work on /home/airflow/.local/lib/python3.8/site-packages/airflow/example_dags/example_bash_operator.py
[2024-03-24T03:00:48.256+0000] {processor.py:830} INFO - Processing file /home/airflow/.local/lib/python3.8/site-packages/airflow/example_dags/example_bash_operator.py for tasks to queue
[2024-03-24T03:00:48.257+0000] {logging_mixin.py:188} INFO - [2024-03-24T03:00:48.257+0000] {dagbag.py:540} INFO - Filling up the DagBag from /home/airflow/.local/lib/python3.8/site-packages/airflow/example_dags/example_bash_operator.py
[2024-03-24T03:00:48.264+0000] {processor.py:840} INFO - DAG(s) 'example_bash_operator' retrieved from /home/airflow/.local/lib/python3.8/site-packages/airflow/example_dags/example_bash_operator.py
[2024-03-24T03:00:48.281+0000] {logging_mixin.py:188} INFO - [2024-03-24T03:00:48.280+0000] {dag.py:3047} INFO - Sync 1 DAGs
[2024-03-24T03:00:48.296+0000] {logging_mixin.py:188} INFO - [2024-03-24T03:00:48.296+0000] {dag.py:3834} INFO - Setting next_dagrun for example_bash_operator to 2024-03-23 00:00:00+00:00, run_after=2024-03-24 00:00:00+00:00
[2024-03-24T03:00:48.308+0000] {processor.py:183} INFO - Processing /home/airflow/.local/lib/python3.8/site-packages/airflow/example_dags/example_bash_operator.py took 0.056 seconds
[2024-03-24T03:01:19.239+0000] {processor.py:161} INFO - Started process (PID=652) to work on /home/airflow/.local/lib/python3.8/site-packages/airflow/example_dags/example_bash_operator.py
[2024-03-24T03:01:19.240+0000] {processor.py:830} INFO - Processing file /home/airflow/.local/lib/python3.8/site-packages/airflow/example_dags/example_bash_operator.py for tasks to queue
[2024-03-24T03:01:19.243+0000] {logging_mixin.py:188} INFO - [2024-03-24T03:01:19.243+0000] {dagbag.py:540} INFO - Filling up the DagBag from /home/airflow/.local/lib/python3.8/site-packages/airflow/example_dags/example_bash_operator.py
[2024-03-24T03:01:19.257+0000] {processor.py:840} INFO - DAG(s) 'example_bash_operator' retrieved from /home/airflow/.local/lib/python3.8/site-packages/airflow/example_dags/example_bash_operator.py
[2024-03-24T03:01:19.288+0000] {logging_mixin.py:188} INFO - [2024-03-24T03:01:19.288+0000] {dag.py:3047} INFO - Sync 1 DAGs
[2024-03-24T03:01:19.308+0000] {logging_mixin.py:188} INFO - [2024-03-24T03:01:19.308+0000] {dag.py:3834} INFO - Setting next_dagrun for example_bash_operator to 2024-03-23 00:00:00+00:00, run_after=2024-03-24 00:00:00+00:00
[2024-03-24T03:01:19.333+0000] {processor.py:183} INFO - Processing /home/airflow/.local/lib/python3.8/site-packages/airflow/example_dags/example_bash_operator.py took 0.099 seconds
[2024-03-24T03:01:50.211+0000] {processor.py:161} INFO - Started process (PID=707) to work on /home/airflow/.local/lib/python3.8/site-packages/airflow/example_dags/example_bash_operator.py
[2024-03-24T03:01:50.212+0000] {processor.py:830} INFO - Processing file /home/airflow/.local/lib/python3.8/site-packages/airflow/example_dags/example_bash_operator.py for tasks to queue
[2024-03-24T03:01:50.213+0000] {logging_mixin.py:188} INFO - [2024-03-24T03:01:50.212+0000] {dagbag.py:540} INFO - Filling up the DagBag from /home/airflow/.local/lib/python3.8/site-packages/airflow/example_dags/example_bash_operator.py
[2024-03-24T03:01:50.219+0000] {processor.py:840} INFO - DAG(s) 'example_bash_operator' retrieved from /home/airflow/.local/lib/python3.8/site-packages/airflow/example_dags/example_bash_operator.py
[2024-03-24T03:01:50.233+0000] {logging_mixin.py:188} INFO - [2024-03-24T03:01:50.233+0000] {dag.py:3047} INFO - Sync 1 DAGs
[2024-03-24T03:01:50.245+0000] {logging_mixin.py:188} INFO - [2024-03-24T03:01:50.245+0000] {dag.py:3834} INFO - Setting next_dagrun for example_bash_operator to 2024-03-23 00:00:00+00:00, run_after=2024-03-24 00:00:00+00:00
[2024-03-24T03:01:50.253+0000] {processor.py:183} INFO - Processing /home/airflow/.local/lib/python3.8/site-packages/airflow/example_dags/example_bash_operator.py took 0.044 seconds
[2024-03-24T03:02:20.727+0000] {processor.py:161} INFO - Started process (PID=762) to work on /home/airflow/.local/lib/python3.8/site-packages/airflow/example_dags/example_bash_operator.py
[2024-03-24T03:02:20.727+0000] {processor.py:830} INFO - Processing file /home/airflow/.local/lib/python3.8/site-packages/airflow/example_dags/example_bash_operator.py for tasks to queue
[2024-03-24T03:02:20.728+0000] {logging_mixin.py:188} INFO - [2024-03-24T03:02:20.728+0000] {dagbag.py:540} INFO - Filling up the DagBag from /home/airflow/.local/lib/python3.8/site-packages/airflow/example_dags/example_bash_operator.py
[2024-03-24T03:02:20.734+0000] {processor.py:840} INFO - DAG(s) 'example_bash_operator' retrieved from /home/airflow/.local/lib/python3.8/site-packages/airflow/example_dags/example_bash_operator.py
[2024-03-24T03:02:20.748+0000] {logging_mixin.py:188} INFO - [2024-03-24T03:02:20.748+0000] {dag.py:3047} INFO - Sync 1 DAGs
[2024-03-24T03:02:20.760+0000] {logging_mixin.py:188} INFO - [2024-03-24T03:02:20.760+0000] {dag.py:3834} INFO - Setting next_dagrun for example_bash_operator to 2024-03-23 00:00:00+00:00, run_after=2024-03-24 00:00:00+00:00
[2024-03-24T03:02:20.768+0000] {processor.py:183} INFO - Processing /home/airflow/.local/lib/python3.8/site-packages/airflow/example_dags/example_bash_operator.py took 0.043 seconds
[2024-03-24T03:02:50.958+0000] {processor.py:161} INFO - Started process (PID=817) to work on /home/airflow/.local/lib/python3.8/site-packages/airflow/example_dags/example_bash_operator.py
[2024-03-24T03:02:50.958+0000] {processor.py:830} INFO - Processing file /home/airflow/.local/lib/python3.8/site-packages/airflow/example_dags/example_bash_operator.py for tasks to queue
[2024-03-24T03:02:50.959+0000] {logging_mixin.py:188} INFO - [2024-03-24T03:02:50.959+0000] {dagbag.py:540} INFO - Filling up the DagBag from /home/airflow/.local/lib/python3.8/site-packages/airflow/example_dags/example_bash_operator.py
[2024-03-24T03:02:50.965+0000] {processor.py:840} INFO - DAG(s) 'example_bash_operator' retrieved from /home/airflow/.local/lib/python3.8/site-packages/airflow/example_dags/example_bash_operator.py
[2024-03-24T03:02:50.978+0000] {logging_mixin.py:188} INFO - [2024-03-24T03:02:50.978+0000] {dag.py:3047} INFO - Sync 1 DAGs
[2024-03-24T03:02:50.988+0000] {logging_mixin.py:188} INFO - [2024-03-24T03:02:50.988+0000] {dag.py:3834} INFO - Setting next_dagrun for example_bash_operator to 2024-03-23 00:00:00+00:00, run_after=2024-03-24 00:00:00+00:00
[2024-03-24T03:02:50.996+0000] {processor.py:183} INFO - Processing /home/airflow/.local/lib/python3.8/site-packages/airflow/example_dags/example_bash_operator.py took 0.040 seconds
[2024-03-24T03:03:21.789+0000] {processor.py:161} INFO - Started process (PID=872) to work on /home/airflow/.local/lib/python3.8/site-packages/airflow/example_dags/example_bash_operator.py
[2024-03-24T03:03:21.790+0000] {processor.py:830} INFO - Processing file /home/airflow/.local/lib/python3.8/site-packages/airflow/example_dags/example_bash_operator.py for tasks to queue
[2024-03-24T03:03:21.792+0000] {logging_mixin.py:188} INFO - [2024-03-24T03:03:21.791+0000] {dagbag.py:540} INFO - Filling up the DagBag from /home/airflow/.local/lib/python3.8/site-packages/airflow/example_dags/example_bash_operator.py
[2024-03-24T03:03:21.799+0000] {processor.py:840} INFO - DAG(s) 'example_bash_operator' retrieved from /home/airflow/.local/lib/python3.8/site-packages/airflow/example_dags/example_bash_operator.py
[2024-03-24T03:03:21.820+0000] {logging_mixin.py:188} INFO - [2024-03-24T03:03:21.819+0000] {dag.py:3047} INFO - Sync 1 DAGs
[2024-03-24T03:03:21.834+0000] {logging_mixin.py:188} INFO - [2024-03-24T03:03:21.834+0000] {dag.py:3834} INFO - Setting next_dagrun for example_bash_operator to 2024-03-23 00:00:00+00:00, run_after=2024-03-24 00:00:00+00:00
[2024-03-24T03:03:21.847+0000] {processor.py:183} INFO - Processing /home/airflow/.local/lib/python3.8/site-packages/airflow/example_dags/example_bash_operator.py took 0.059 seconds
[2024-03-24T03:03:52.065+0000] {processor.py:161} INFO - Started process (PID=927) to work on /home/airflow/.local/lib/python3.8/site-packages/airflow/example_dags/example_bash_operator.py
[2024-03-24T03:03:52.066+0000] {processor.py:830} INFO - Processing file /home/airflow/.local/lib/python3.8/site-packages/airflow/example_dags/example_bash_operator.py for tasks to queue
[2024-03-24T03:03:52.067+0000] {logging_mixin.py:188} INFO - [2024-03-24T03:03:52.067+0000] {dagbag.py:540} INFO - Filling up the DagBag from /home/airflow/.local/lib/python3.8/site-packages/airflow/example_dags/example_bash_operator.py
[2024-03-24T03:03:52.074+0000] {processor.py:840} INFO - DAG(s) 'example_bash_operator' retrieved from /home/airflow/.local/lib/python3.8/site-packages/airflow/example_dags/example_bash_operator.py
[2024-03-24T03:03:52.088+0000] {logging_mixin.py:188} INFO - [2024-03-24T03:03:52.088+0000] {dag.py:3047} INFO - Sync 1 DAGs
[2024-03-24T03:03:52.100+0000] {logging_mixin.py:188} INFO - [2024-03-24T03:03:52.100+0000] {dag.py:3834} INFO - Setting next_dagrun for example_bash_operator to 2024-03-23 00:00:00+00:00, run_after=2024-03-24 00:00:00+00:00
[2024-03-24T03:03:52.110+0000] {processor.py:183} INFO - Processing /home/airflow/.local/lib/python3.8/site-packages/airflow/example_dags/example_bash_operator.py took 0.047 seconds
[2024-03-24T03:04:22.881+0000] {processor.py:161} INFO - Started process (PID=981) to work on /home/airflow/.local/lib/python3.8/site-packages/airflow/example_dags/example_bash_operator.py
[2024-03-24T03:04:22.882+0000] {processor.py:830} INFO - Processing file /home/airflow/.local/lib/python3.8/site-packages/airflow/example_dags/example_bash_operator.py for tasks to queue
[2024-03-24T03:04:22.886+0000] {logging_mixin.py:188} INFO - [2024-03-24T03:04:22.885+0000] {dagbag.py:540} INFO - Filling up the DagBag from /home/airflow/.local/lib/python3.8/site-packages/airflow/example_dags/example_bash_operator.py
[2024-03-24T03:04:22.893+0000] {processor.py:840} INFO - DAG(s) 'example_bash_operator' retrieved from /home/airflow/.local/lib/python3.8/site-packages/airflow/example_dags/example_bash_operator.py
[2024-03-24T03:04:22.907+0000] {logging_mixin.py:188} INFO - [2024-03-24T03:04:22.907+0000] {dag.py:3047} INFO - Sync 1 DAGs
[2024-03-24T03:04:22.918+0000] {logging_mixin.py:188} INFO - [2024-03-24T03:04:22.918+0000] {dag.py:3834} INFO - Setting next_dagrun for example_bash_operator to 2024-03-23 00:00:00+00:00, run_after=2024-03-24 00:00:00+00:00
[2024-03-24T03:04:22.934+0000] {processor.py:183} INFO - Processing /home/airflow/.local/lib/python3.8/site-packages/airflow/example_dags/example_bash_operator.py took 0.055 seconds
[2024-03-24T03:04:53.193+0000] {processor.py:161} INFO - Started process (PID=1035) to work on /home/airflow/.local/lib/python3.8/site-packages/airflow/example_dags/example_bash_operator.py
[2024-03-24T03:04:53.193+0000] {processor.py:830} INFO - Processing file /home/airflow/.local/lib/python3.8/site-packages/airflow/example_dags/example_bash_operator.py for tasks to queue
[2024-03-24T03:04:53.194+0000] {logging_mixin.py:188} INFO - [2024-03-24T03:04:53.194+0000] {dagbag.py:540} INFO - Filling up the DagBag from /home/airflow/.local/lib/python3.8/site-packages/airflow/example_dags/example_bash_operator.py
[2024-03-24T03:04:53.201+0000] {processor.py:840} INFO - DAG(s) 'example_bash_operator' retrieved from /home/airflow/.local/lib/python3.8/site-packages/airflow/example_dags/example_bash_operator.py
[2024-03-24T03:04:53.216+0000] {logging_mixin.py:188} INFO - [2024-03-24T03:04:53.215+0000] {dag.py:3047} INFO - Sync 1 DAGs
[2024-03-24T03:04:53.227+0000] {logging_mixin.py:188} INFO - [2024-03-24T03:04:53.227+0000] {dag.py:3834} INFO - Setting next_dagrun for example_bash_operator to 2024-03-23 00:00:00+00:00, run_after=2024-03-24 00:00:00+00:00
[2024-03-24T03:04:53.235+0000] {processor.py:183} INFO - Processing /home/airflow/.local/lib/python3.8/site-packages/airflow/example_dags/example_bash_operator.py took 0.044 seconds
[2024-03-24T03:05:23.601+0000] {processor.py:161} INFO - Started process (PID=1091) to work on /home/airflow/.local/lib/python3.8/site-packages/airflow/example_dags/example_bash_operator.py
[2024-03-24T03:05:23.602+0000] {processor.py:830} INFO - Processing file /home/airflow/.local/lib/python3.8/site-packages/airflow/example_dags/example_bash_operator.py for tasks to queue
[2024-03-24T03:05:23.603+0000] {logging_mixin.py:188} INFO - [2024-03-24T03:05:23.602+0000] {dagbag.py:540} INFO - Filling up the DagBag from /home/airflow/.local/lib/python3.8/site-packages/airflow/example_dags/example_bash_operator.py
[2024-03-24T03:05:23.609+0000] {processor.py:840} INFO - DAG(s) 'example_bash_operator' retrieved from /home/airflow/.local/lib/python3.8/site-packages/airflow/example_dags/example_bash_operator.py
[2024-03-24T03:05:23.623+0000] {logging_mixin.py:188} INFO - [2024-03-24T03:05:23.623+0000] {dag.py:3047} INFO - Sync 1 DAGs
[2024-03-24T03:05:23.636+0000] {logging_mixin.py:188} INFO - [2024-03-24T03:05:23.636+0000] {dag.py:3834} INFO - Setting next_dagrun for example_bash_operator to 2024-03-23 00:00:00+00:00, run_after=2024-03-24 00:00:00+00:00
[2024-03-24T03:05:23.645+0000] {processor.py:183} INFO - Processing /home/airflow/.local/lib/python3.8/site-packages/airflow/example_dags/example_bash_operator.py took 0.046 seconds
[2024-03-24T03:05:54.268+0000] {processor.py:161} INFO - Started process (PID=1145) to work on /home/airflow/.local/lib/python3.8/site-packages/airflow/example_dags/example_bash_operator.py
[2024-03-24T03:05:54.269+0000] {processor.py:830} INFO - Processing file /home/airflow/.local/lib/python3.8/site-packages/airflow/example_dags/example_bash_operator.py for tasks to queue
[2024-03-24T03:05:54.271+0000] {logging_mixin.py:188} INFO - [2024-03-24T03:05:54.271+0000] {dagbag.py:540} INFO - Filling up the DagBag from /home/airflow/.local/lib/python3.8/site-packages/airflow/example_dags/example_bash_operator.py
[2024-03-24T03:05:54.279+0000] {processor.py:840} INFO - DAG(s) 'example_bash_operator' retrieved from /home/airflow/.local/lib/python3.8/site-packages/airflow/example_dags/example_bash_operator.py
[2024-03-24T03:05:54.306+0000] {logging_mixin.py:188} INFO - [2024-03-24T03:05:54.306+0000] {dag.py:3047} INFO - Sync 1 DAGs
[2024-03-24T03:05:54.317+0000] {logging_mixin.py:188} INFO - [2024-03-24T03:05:54.317+0000] {dag.py:3834} INFO - Setting next_dagrun for example_bash_operator to 2024-03-23 00:00:00+00:00, run_after=2024-03-24 00:00:00+00:00
[2024-03-24T03:05:54.326+0000] {processor.py:183} INFO - Processing /home/airflow/.local/lib/python3.8/site-packages/airflow/example_dags/example_bash_operator.py took 0.060 seconds
