[2024-03-24T02:55:45.772+0000] {processor.py:161} INFO - Started process (PID=74) to work on /home/airflow/.local/lib/python3.8/site-packages/airflow/example_dags/example_latest_only_with_trigger.py
[2024-03-24T02:55:45.775+0000] {processor.py:830} INFO - Processing file /home/airflow/.local/lib/python3.8/site-packages/airflow/example_dags/example_latest_only_with_trigger.py for tasks to queue
[2024-03-24T02:55:45.779+0000] {logging_mixin.py:188} INFO - [2024-03-24T02:55:45.778+0000] {dagbag.py:540} INFO - Filling up the DagBag from /home/airflow/.local/lib/python3.8/site-packages/airflow/example_dags/example_latest_only_with_trigger.py
[2024-03-24T02:55:45.793+0000] {processor.py:840} INFO - DAG(s) 'latest_only_with_trigger' retrieved from /home/airflow/.local/lib/python3.8/site-packages/airflow/example_dags/example_latest_only_with_trigger.py
[2024-03-24T02:55:45.805+0000] {logging_mixin.py:188} INFO - [2024-03-24T02:55:45.804+0000] {dag.py:3047} INFO - Sync 1 DAGs
[2024-03-24T02:55:45.825+0000] {logging_mixin.py:188} INFO - [2024-03-24T02:55:45.825+0000] {dag.py:3834} INFO - Setting next_dagrun for latest_only_with_trigger to 2024-03-23 20:00:00+00:00, run_after=2024-03-24 00:00:00+00:00
[2024-03-24T02:55:45.856+0000] {processor.py:183} INFO - Processing /home/airflow/.local/lib/python3.8/site-packages/airflow/example_dags/example_latest_only_with_trigger.py took 0.101 seconds
[2024-03-24T02:56:16.215+0000] {processor.py:161} INFO - Started process (PID=129) to work on /home/airflow/.local/lib/python3.8/site-packages/airflow/example_dags/example_latest_only_with_trigger.py
[2024-03-24T02:56:16.216+0000] {processor.py:830} INFO - Processing file /home/airflow/.local/lib/python3.8/site-packages/airflow/example_dags/example_latest_only_with_trigger.py for tasks to queue
[2024-03-24T02:56:16.217+0000] {logging_mixin.py:188} INFO - [2024-03-24T02:56:16.217+0000] {dagbag.py:540} INFO - Filling up the DagBag from /home/airflow/.local/lib/python3.8/site-packages/airflow/example_dags/example_latest_only_with_trigger.py
[2024-03-24T02:56:16.220+0000] {processor.py:840} INFO - DAG(s) 'latest_only_with_trigger' retrieved from /home/airflow/.local/lib/python3.8/site-packages/airflow/example_dags/example_latest_only_with_trigger.py
[2024-03-24T02:56:16.266+0000] {logging_mixin.py:188} INFO - [2024-03-24T02:56:16.265+0000] {dag.py:3047} INFO - Sync 1 DAGs
[2024-03-24T02:56:16.275+0000] {logging_mixin.py:188} INFO - [2024-03-24T02:56:16.275+0000] {dag.py:3834} INFO - Setting next_dagrun for latest_only_with_trigger to 2024-03-23 20:00:00+00:00, run_after=2024-03-24 00:00:00+00:00
[2024-03-24T02:56:16.284+0000] {processor.py:183} INFO - Processing /home/airflow/.local/lib/python3.8/site-packages/airflow/example_dags/example_latest_only_with_trigger.py took 0.071 seconds
[2024-03-24T02:56:47.092+0000] {processor.py:161} INFO - Started process (PID=183) to work on /home/airflow/.local/lib/python3.8/site-packages/airflow/example_dags/example_latest_only_with_trigger.py
[2024-03-24T02:56:47.092+0000] {processor.py:830} INFO - Processing file /home/airflow/.local/lib/python3.8/site-packages/airflow/example_dags/example_latest_only_with_trigger.py for tasks to queue
[2024-03-24T02:56:47.093+0000] {logging_mixin.py:188} INFO - [2024-03-24T02:56:47.093+0000] {dagbag.py:540} INFO - Filling up the DagBag from /home/airflow/.local/lib/python3.8/site-packages/airflow/example_dags/example_latest_only_with_trigger.py
[2024-03-24T02:56:47.097+0000] {processor.py:840} INFO - DAG(s) 'latest_only_with_trigger' retrieved from /home/airflow/.local/lib/python3.8/site-packages/airflow/example_dags/example_latest_only_with_trigger.py
[2024-03-24T02:56:47.107+0000] {logging_mixin.py:188} INFO - [2024-03-24T02:56:47.107+0000] {dag.py:3047} INFO - Sync 1 DAGs
[2024-03-24T02:56:47.118+0000] {logging_mixin.py:188} INFO - [2024-03-24T02:56:47.118+0000] {dag.py:3834} INFO - Setting next_dagrun for latest_only_with_trigger to 2024-03-23 20:00:00+00:00, run_after=2024-03-24 00:00:00+00:00
[2024-03-24T02:56:47.128+0000] {processor.py:183} INFO - Processing /home/airflow/.local/lib/python3.8/site-packages/airflow/example_dags/example_latest_only_with_trigger.py took 0.038 seconds
[2024-03-24T02:57:17.909+0000] {processor.py:161} INFO - Started process (PID=238) to work on /home/airflow/.local/lib/python3.8/site-packages/airflow/example_dags/example_latest_only_with_trigger.py
[2024-03-24T02:57:17.910+0000] {processor.py:830} INFO - Processing file /home/airflow/.local/lib/python3.8/site-packages/airflow/example_dags/example_latest_only_with_trigger.py for tasks to queue
[2024-03-24T02:57:17.911+0000] {logging_mixin.py:188} INFO - [2024-03-24T02:57:17.911+0000] {dagbag.py:540} INFO - Filling up the DagBag from /home/airflow/.local/lib/python3.8/site-packages/airflow/example_dags/example_latest_only_with_trigger.py
[2024-03-24T02:57:17.914+0000] {processor.py:840} INFO - DAG(s) 'latest_only_with_trigger' retrieved from /home/airflow/.local/lib/python3.8/site-packages/airflow/example_dags/example_latest_only_with_trigger.py
[2024-03-24T02:57:17.926+0000] {logging_mixin.py:188} INFO - [2024-03-24T02:57:17.925+0000] {dag.py:3047} INFO - Sync 1 DAGs
[2024-03-24T02:57:17.935+0000] {logging_mixin.py:188} INFO - [2024-03-24T02:57:17.935+0000] {dag.py:3834} INFO - Setting next_dagrun for latest_only_with_trigger to 2024-03-23 20:00:00+00:00, run_after=2024-03-24 00:00:00+00:00
[2024-03-24T02:57:17.944+0000] {processor.py:183} INFO - Processing /home/airflow/.local/lib/python3.8/site-packages/airflow/example_dags/example_latest_only_with_trigger.py took 0.036 seconds
[2024-03-24T02:57:48.785+0000] {processor.py:161} INFO - Started process (PID=293) to work on /home/airflow/.local/lib/python3.8/site-packages/airflow/example_dags/example_latest_only_with_trigger.py
[2024-03-24T02:57:48.785+0000] {processor.py:830} INFO - Processing file /home/airflow/.local/lib/python3.8/site-packages/airflow/example_dags/example_latest_only_with_trigger.py for tasks to queue
[2024-03-24T02:57:48.786+0000] {logging_mixin.py:188} INFO - [2024-03-24T02:57:48.786+0000] {dagbag.py:540} INFO - Filling up the DagBag from /home/airflow/.local/lib/python3.8/site-packages/airflow/example_dags/example_latest_only_with_trigger.py
[2024-03-24T02:57:48.790+0000] {processor.py:840} INFO - DAG(s) 'latest_only_with_trigger' retrieved from /home/airflow/.local/lib/python3.8/site-packages/airflow/example_dags/example_latest_only_with_trigger.py
[2024-03-24T02:57:48.802+0000] {logging_mixin.py:188} INFO - [2024-03-24T02:57:48.802+0000] {dag.py:3047} INFO - Sync 1 DAGs
[2024-03-24T02:57:48.815+0000] {logging_mixin.py:188} INFO - [2024-03-24T02:57:48.814+0000] {dag.py:3834} INFO - Setting next_dagrun for latest_only_with_trigger to 2024-03-23 20:00:00+00:00, run_after=2024-03-24 00:00:00+00:00
[2024-03-24T02:57:48.826+0000] {processor.py:183} INFO - Processing /home/airflow/.local/lib/python3.8/site-packages/airflow/example_dags/example_latest_only_with_trigger.py took 0.043 seconds
[2024-03-24T02:58:19.226+0000] {processor.py:161} INFO - Started process (PID=348) to work on /home/airflow/.local/lib/python3.8/site-packages/airflow/example_dags/example_latest_only_with_trigger.py
[2024-03-24T02:58:19.227+0000] {processor.py:830} INFO - Processing file /home/airflow/.local/lib/python3.8/site-packages/airflow/example_dags/example_latest_only_with_trigger.py for tasks to queue
[2024-03-24T02:58:19.228+0000] {logging_mixin.py:188} INFO - [2024-03-24T02:58:19.228+0000] {dagbag.py:540} INFO - Filling up the DagBag from /home/airflow/.local/lib/python3.8/site-packages/airflow/example_dags/example_latest_only_with_trigger.py
[2024-03-24T02:58:19.231+0000] {processor.py:840} INFO - DAG(s) 'latest_only_with_trigger' retrieved from /home/airflow/.local/lib/python3.8/site-packages/airflow/example_dags/example_latest_only_with_trigger.py
[2024-03-24T02:58:19.238+0000] {logging_mixin.py:188} INFO - [2024-03-24T02:58:19.238+0000] {dag.py:3047} INFO - Sync 1 DAGs
[2024-03-24T02:58:19.249+0000] {logging_mixin.py:188} INFO - [2024-03-24T02:58:19.249+0000] {dag.py:3834} INFO - Setting next_dagrun for latest_only_with_trigger to 2024-03-23 20:00:00+00:00, run_after=2024-03-24 00:00:00+00:00
[2024-03-24T02:58:19.259+0000] {processor.py:183} INFO - Processing /home/airflow/.local/lib/python3.8/site-packages/airflow/example_dags/example_latest_only_with_trigger.py took 0.035 seconds
[2024-03-24T02:58:49.651+0000] {processor.py:161} INFO - Started process (PID=403) to work on /home/airflow/.local/lib/python3.8/site-packages/airflow/example_dags/example_latest_only_with_trigger.py
[2024-03-24T02:58:49.652+0000] {processor.py:830} INFO - Processing file /home/airflow/.local/lib/python3.8/site-packages/airflow/example_dags/example_latest_only_with_trigger.py for tasks to queue
[2024-03-24T02:58:49.653+0000] {logging_mixin.py:188} INFO - [2024-03-24T02:58:49.653+0000] {dagbag.py:540} INFO - Filling up the DagBag from /home/airflow/.local/lib/python3.8/site-packages/airflow/example_dags/example_latest_only_with_trigger.py
[2024-03-24T02:58:49.657+0000] {processor.py:840} INFO - DAG(s) 'latest_only_with_trigger' retrieved from /home/airflow/.local/lib/python3.8/site-packages/airflow/example_dags/example_latest_only_with_trigger.py
[2024-03-24T02:58:49.715+0000] {logging_mixin.py:188} INFO - [2024-03-24T02:58:49.715+0000] {dag.py:3047} INFO - Sync 1 DAGs
[2024-03-24T02:58:49.724+0000] {logging_mixin.py:188} INFO - [2024-03-24T02:58:49.724+0000] {dag.py:3834} INFO - Setting next_dagrun for latest_only_with_trigger to 2024-03-23 20:00:00+00:00, run_after=2024-03-24 00:00:00+00:00
[2024-03-24T02:58:49.734+0000] {processor.py:183} INFO - Processing /home/airflow/.local/lib/python3.8/site-packages/airflow/example_dags/example_latest_only_with_trigger.py took 0.085 seconds
[2024-03-24T02:59:20.551+0000] {processor.py:161} INFO - Started process (PID=458) to work on /home/airflow/.local/lib/python3.8/site-packages/airflow/example_dags/example_latest_only_with_trigger.py
[2024-03-24T02:59:20.552+0000] {processor.py:830} INFO - Processing file /home/airflow/.local/lib/python3.8/site-packages/airflow/example_dags/example_latest_only_with_trigger.py for tasks to queue
[2024-03-24T02:59:20.553+0000] {logging_mixin.py:188} INFO - [2024-03-24T02:59:20.553+0000] {dagbag.py:540} INFO - Filling up the DagBag from /home/airflow/.local/lib/python3.8/site-packages/airflow/example_dags/example_latest_only_with_trigger.py
[2024-03-24T02:59:20.556+0000] {processor.py:840} INFO - DAG(s) 'latest_only_with_trigger' retrieved from /home/airflow/.local/lib/python3.8/site-packages/airflow/example_dags/example_latest_only_with_trigger.py
[2024-03-24T02:59:20.567+0000] {logging_mixin.py:188} INFO - [2024-03-24T02:59:20.567+0000] {dag.py:3047} INFO - Sync 1 DAGs
[2024-03-24T02:59:20.578+0000] {logging_mixin.py:188} INFO - [2024-03-24T02:59:20.578+0000] {dag.py:3834} INFO - Setting next_dagrun for latest_only_with_trigger to 2024-03-23 20:00:00+00:00, run_after=2024-03-24 00:00:00+00:00
[2024-03-24T02:59:20.586+0000] {processor.py:183} INFO - Processing /home/airflow/.local/lib/python3.8/site-packages/airflow/example_dags/example_latest_only_with_trigger.py took 0.037 seconds
[2024-03-24T02:59:50.720+0000] {processor.py:161} INFO - Started process (PID=513) to work on /home/airflow/.local/lib/python3.8/site-packages/airflow/example_dags/example_latest_only_with_trigger.py
[2024-03-24T02:59:50.720+0000] {processor.py:830} INFO - Processing file /home/airflow/.local/lib/python3.8/site-packages/airflow/example_dags/example_latest_only_with_trigger.py for tasks to queue
[2024-03-24T02:59:50.721+0000] {logging_mixin.py:188} INFO - [2024-03-24T02:59:50.721+0000] {dagbag.py:540} INFO - Filling up the DagBag from /home/airflow/.local/lib/python3.8/site-packages/airflow/example_dags/example_latest_only_with_trigger.py
[2024-03-24T02:59:50.725+0000] {processor.py:840} INFO - DAG(s) 'latest_only_with_trigger' retrieved from /home/airflow/.local/lib/python3.8/site-packages/airflow/example_dags/example_latest_only_with_trigger.py
[2024-03-24T02:59:50.736+0000] {logging_mixin.py:188} INFO - [2024-03-24T02:59:50.735+0000] {dag.py:3047} INFO - Sync 1 DAGs
[2024-03-24T02:59:50.747+0000] {logging_mixin.py:188} INFO - [2024-03-24T02:59:50.747+0000] {dag.py:3834} INFO - Setting next_dagrun for latest_only_with_trigger to 2024-03-23 20:00:00+00:00, run_after=2024-03-24 00:00:00+00:00
[2024-03-24T02:59:50.756+0000] {processor.py:183} INFO - Processing /home/airflow/.local/lib/python3.8/site-packages/airflow/example_dags/example_latest_only_with_trigger.py took 0.038 seconds
[2024-03-24T03:00:20.907+0000] {processor.py:161} INFO - Started process (PID=568) to work on /home/airflow/.local/lib/python3.8/site-packages/airflow/example_dags/example_latest_only_with_trigger.py
[2024-03-24T03:00:20.908+0000] {processor.py:830} INFO - Processing file /home/airflow/.local/lib/python3.8/site-packages/airflow/example_dags/example_latest_only_with_trigger.py for tasks to queue
[2024-03-24T03:00:20.909+0000] {logging_mixin.py:188} INFO - [2024-03-24T03:00:20.909+0000] {dagbag.py:540} INFO - Filling up the DagBag from /home/airflow/.local/lib/python3.8/site-packages/airflow/example_dags/example_latest_only_with_trigger.py
[2024-03-24T03:00:20.912+0000] {processor.py:840} INFO - DAG(s) 'latest_only_with_trigger' retrieved from /home/airflow/.local/lib/python3.8/site-packages/airflow/example_dags/example_latest_only_with_trigger.py
[2024-03-24T03:00:20.923+0000] {logging_mixin.py:188} INFO - [2024-03-24T03:00:20.923+0000] {dag.py:3047} INFO - Sync 1 DAGs
[2024-03-24T03:00:20.934+0000] {logging_mixin.py:188} INFO - [2024-03-24T03:00:20.934+0000] {dag.py:3834} INFO - Setting next_dagrun for latest_only_with_trigger to 2024-03-23 20:00:00+00:00, run_after=2024-03-24 00:00:00+00:00
[2024-03-24T03:00:20.943+0000] {processor.py:183} INFO - Processing /home/airflow/.local/lib/python3.8/site-packages/airflow/example_dags/example_latest_only_with_trigger.py took 0.038 seconds
[2024-03-24T03:00:51.171+0000] {processor.py:161} INFO - Started process (PID=623) to work on /home/airflow/.local/lib/python3.8/site-packages/airflow/example_dags/example_latest_only_with_trigger.py
[2024-03-24T03:00:51.172+0000] {processor.py:830} INFO - Processing file /home/airflow/.local/lib/python3.8/site-packages/airflow/example_dags/example_latest_only_with_trigger.py for tasks to queue
[2024-03-24T03:00:51.173+0000] {logging_mixin.py:188} INFO - [2024-03-24T03:00:51.173+0000] {dagbag.py:540} INFO - Filling up the DagBag from /home/airflow/.local/lib/python3.8/site-packages/airflow/example_dags/example_latest_only_with_trigger.py
[2024-03-24T03:00:51.176+0000] {processor.py:840} INFO - DAG(s) 'latest_only_with_trigger' retrieved from /home/airflow/.local/lib/python3.8/site-packages/airflow/example_dags/example_latest_only_with_trigger.py
[2024-03-24T03:00:51.187+0000] {logging_mixin.py:188} INFO - [2024-03-24T03:00:51.186+0000] {dag.py:3047} INFO - Sync 1 DAGs
[2024-03-24T03:00:51.198+0000] {logging_mixin.py:188} INFO - [2024-03-24T03:00:51.197+0000] {dag.py:3834} INFO - Setting next_dagrun for latest_only_with_trigger to 2024-03-23 20:00:00+00:00, run_after=2024-03-24 00:00:00+00:00
[2024-03-24T03:00:51.207+0000] {processor.py:183} INFO - Processing /home/airflow/.local/lib/python3.8/site-packages/airflow/example_dags/example_latest_only_with_trigger.py took 0.038 seconds
[2024-03-24T03:01:21.678+0000] {processor.py:161} INFO - Started process (PID=678) to work on /home/airflow/.local/lib/python3.8/site-packages/airflow/example_dags/example_latest_only_with_trigger.py
[2024-03-24T03:01:21.679+0000] {processor.py:830} INFO - Processing file /home/airflow/.local/lib/python3.8/site-packages/airflow/example_dags/example_latest_only_with_trigger.py for tasks to queue
[2024-03-24T03:01:21.680+0000] {logging_mixin.py:188} INFO - [2024-03-24T03:01:21.680+0000] {dagbag.py:540} INFO - Filling up the DagBag from /home/airflow/.local/lib/python3.8/site-packages/airflow/example_dags/example_latest_only_with_trigger.py
[2024-03-24T03:01:21.683+0000] {processor.py:840} INFO - DAG(s) 'latest_only_with_trigger' retrieved from /home/airflow/.local/lib/python3.8/site-packages/airflow/example_dags/example_latest_only_with_trigger.py
[2024-03-24T03:01:21.694+0000] {logging_mixin.py:188} INFO - [2024-03-24T03:01:21.694+0000] {dag.py:3047} INFO - Sync 1 DAGs
[2024-03-24T03:01:21.708+0000] {logging_mixin.py:188} INFO - [2024-03-24T03:01:21.708+0000] {dag.py:3834} INFO - Setting next_dagrun for latest_only_with_trigger to 2024-03-23 20:00:00+00:00, run_after=2024-03-24 00:00:00+00:00
[2024-03-24T03:01:21.717+0000] {processor.py:183} INFO - Processing /home/airflow/.local/lib/python3.8/site-packages/airflow/example_dags/example_latest_only_with_trigger.py took 0.041 seconds
[2024-03-24T03:01:52.400+0000] {processor.py:161} INFO - Started process (PID=733) to work on /home/airflow/.local/lib/python3.8/site-packages/airflow/example_dags/example_latest_only_with_trigger.py
[2024-03-24T03:01:52.403+0000] {processor.py:830} INFO - Processing file /home/airflow/.local/lib/python3.8/site-packages/airflow/example_dags/example_latest_only_with_trigger.py for tasks to queue
[2024-03-24T03:01:52.410+0000] {logging_mixin.py:188} INFO - [2024-03-24T03:01:52.407+0000] {dagbag.py:540} INFO - Filling up the DagBag from /home/airflow/.local/lib/python3.8/site-packages/airflow/example_dags/example_latest_only_with_trigger.py
[2024-03-24T03:01:52.417+0000] {processor.py:840} INFO - DAG(s) 'latest_only_with_trigger' retrieved from /home/airflow/.local/lib/python3.8/site-packages/airflow/example_dags/example_latest_only_with_trigger.py
[2024-03-24T03:01:52.434+0000] {logging_mixin.py:188} INFO - [2024-03-24T03:01:52.434+0000] {dag.py:3047} INFO - Sync 1 DAGs
[2024-03-24T03:01:52.459+0000] {logging_mixin.py:188} INFO - [2024-03-24T03:01:52.459+0000] {dag.py:3834} INFO - Setting next_dagrun for latest_only_with_trigger to 2024-03-23 20:00:00+00:00, run_after=2024-03-24 00:00:00+00:00
[2024-03-24T03:01:52.474+0000] {processor.py:183} INFO - Processing /home/airflow/.local/lib/python3.8/site-packages/airflow/example_dags/example_latest_only_with_trigger.py took 0.080 seconds
[2024-03-24T03:02:22.508+0000] {processor.py:161} INFO - Started process (PID=788) to work on /home/airflow/.local/lib/python3.8/site-packages/airflow/example_dags/example_latest_only_with_trigger.py
[2024-03-24T03:02:22.509+0000] {processor.py:830} INFO - Processing file /home/airflow/.local/lib/python3.8/site-packages/airflow/example_dags/example_latest_only_with_trigger.py for tasks to queue
[2024-03-24T03:02:22.510+0000] {logging_mixin.py:188} INFO - [2024-03-24T03:02:22.510+0000] {dagbag.py:540} INFO - Filling up the DagBag from /home/airflow/.local/lib/python3.8/site-packages/airflow/example_dags/example_latest_only_with_trigger.py
[2024-03-24T03:02:22.514+0000] {processor.py:840} INFO - DAG(s) 'latest_only_with_trigger' retrieved from /home/airflow/.local/lib/python3.8/site-packages/airflow/example_dags/example_latest_only_with_trigger.py
[2024-03-24T03:02:22.528+0000] {logging_mixin.py:188} INFO - [2024-03-24T03:02:22.528+0000] {dag.py:3047} INFO - Sync 1 DAGs
[2024-03-24T03:02:22.542+0000] {logging_mixin.py:188} INFO - [2024-03-24T03:02:22.541+0000] {dag.py:3834} INFO - Setting next_dagrun for latest_only_with_trigger to 2024-03-23 20:00:00+00:00, run_after=2024-03-24 00:00:00+00:00
[2024-03-24T03:02:22.563+0000] {processor.py:183} INFO - Processing /home/airflow/.local/lib/python3.8/site-packages/airflow/example_dags/example_latest_only_with_trigger.py took 0.057 seconds
[2024-03-24T03:02:52.753+0000] {processor.py:161} INFO - Started process (PID=843) to work on /home/airflow/.local/lib/python3.8/site-packages/airflow/example_dags/example_latest_only_with_trigger.py
[2024-03-24T03:02:52.753+0000] {processor.py:830} INFO - Processing file /home/airflow/.local/lib/python3.8/site-packages/airflow/example_dags/example_latest_only_with_trigger.py for tasks to queue
[2024-03-24T03:02:52.754+0000] {logging_mixin.py:188} INFO - [2024-03-24T03:02:52.754+0000] {dagbag.py:540} INFO - Filling up the DagBag from /home/airflow/.local/lib/python3.8/site-packages/airflow/example_dags/example_latest_only_with_trigger.py
[2024-03-24T03:02:52.758+0000] {processor.py:840} INFO - DAG(s) 'latest_only_with_trigger' retrieved from /home/airflow/.local/lib/python3.8/site-packages/airflow/example_dags/example_latest_only_with_trigger.py
[2024-03-24T03:02:52.768+0000] {logging_mixin.py:188} INFO - [2024-03-24T03:02:52.768+0000] {dag.py:3047} INFO - Sync 1 DAGs
[2024-03-24T03:02:52.778+0000] {logging_mixin.py:188} INFO - [2024-03-24T03:02:52.778+0000] {dag.py:3834} INFO - Setting next_dagrun for latest_only_with_trigger to 2024-03-23 20:00:00+00:00, run_after=2024-03-24 00:00:00+00:00
[2024-03-24T03:02:52.787+0000] {processor.py:183} INFO - Processing /home/airflow/.local/lib/python3.8/site-packages/airflow/example_dags/example_latest_only_with_trigger.py took 0.036 seconds
[2024-03-24T03:03:23.658+0000] {processor.py:161} INFO - Started process (PID=898) to work on /home/airflow/.local/lib/python3.8/site-packages/airflow/example_dags/example_latest_only_with_trigger.py
[2024-03-24T03:03:23.659+0000] {processor.py:830} INFO - Processing file /home/airflow/.local/lib/python3.8/site-packages/airflow/example_dags/example_latest_only_with_trigger.py for tasks to queue
[2024-03-24T03:03:23.660+0000] {logging_mixin.py:188} INFO - [2024-03-24T03:03:23.659+0000] {dagbag.py:540} INFO - Filling up the DagBag from /home/airflow/.local/lib/python3.8/site-packages/airflow/example_dags/example_latest_only_with_trigger.py
[2024-03-24T03:03:23.663+0000] {processor.py:840} INFO - DAG(s) 'latest_only_with_trigger' retrieved from /home/airflow/.local/lib/python3.8/site-packages/airflow/example_dags/example_latest_only_with_trigger.py
[2024-03-24T03:03:23.673+0000] {logging_mixin.py:188} INFO - [2024-03-24T03:03:23.673+0000] {dag.py:3047} INFO - Sync 1 DAGs
[2024-03-24T03:03:23.685+0000] {logging_mixin.py:188} INFO - [2024-03-24T03:03:23.685+0000] {dag.py:3834} INFO - Setting next_dagrun for latest_only_with_trigger to 2024-03-23 20:00:00+00:00, run_after=2024-03-24 00:00:00+00:00
[2024-03-24T03:03:23.695+0000] {processor.py:183} INFO - Processing /home/airflow/.local/lib/python3.8/site-packages/airflow/example_dags/example_latest_only_with_trigger.py took 0.039 seconds
[2024-03-24T03:03:53.836+0000] {processor.py:161} INFO - Started process (PID=953) to work on /home/airflow/.local/lib/python3.8/site-packages/airflow/example_dags/example_latest_only_with_trigger.py
[2024-03-24T03:03:53.836+0000] {processor.py:830} INFO - Processing file /home/airflow/.local/lib/python3.8/site-packages/airflow/example_dags/example_latest_only_with_trigger.py for tasks to queue
[2024-03-24T03:03:53.837+0000] {logging_mixin.py:188} INFO - [2024-03-24T03:03:53.837+0000] {dagbag.py:540} INFO - Filling up the DagBag from /home/airflow/.local/lib/python3.8/site-packages/airflow/example_dags/example_latest_only_with_trigger.py
[2024-03-24T03:03:53.840+0000] {processor.py:840} INFO - DAG(s) 'latest_only_with_trigger' retrieved from /home/airflow/.local/lib/python3.8/site-packages/airflow/example_dags/example_latest_only_with_trigger.py
[2024-03-24T03:03:53.851+0000] {logging_mixin.py:188} INFO - [2024-03-24T03:03:53.851+0000] {dag.py:3047} INFO - Sync 1 DAGs
[2024-03-24T03:03:53.862+0000] {logging_mixin.py:188} INFO - [2024-03-24T03:03:53.862+0000] {dag.py:3834} INFO - Setting next_dagrun for latest_only_with_trigger to 2024-03-23 20:00:00+00:00, run_after=2024-03-24 00:00:00+00:00
[2024-03-24T03:03:53.871+0000] {processor.py:183} INFO - Processing /home/airflow/.local/lib/python3.8/site-packages/airflow/example_dags/example_latest_only_with_trigger.py took 0.037 seconds
[2024-03-24T03:04:24.693+0000] {processor.py:161} INFO - Started process (PID=1007) to work on /home/airflow/.local/lib/python3.8/site-packages/airflow/example_dags/example_latest_only_with_trigger.py
[2024-03-24T03:04:24.694+0000] {processor.py:830} INFO - Processing file /home/airflow/.local/lib/python3.8/site-packages/airflow/example_dags/example_latest_only_with_trigger.py for tasks to queue
[2024-03-24T03:04:24.696+0000] {logging_mixin.py:188} INFO - [2024-03-24T03:04:24.695+0000] {dagbag.py:540} INFO - Filling up the DagBag from /home/airflow/.local/lib/python3.8/site-packages/airflow/example_dags/example_latest_only_with_trigger.py
[2024-03-24T03:04:24.701+0000] {processor.py:840} INFO - DAG(s) 'latest_only_with_trigger' retrieved from /home/airflow/.local/lib/python3.8/site-packages/airflow/example_dags/example_latest_only_with_trigger.py
[2024-03-24T03:04:24.711+0000] {logging_mixin.py:188} INFO - [2024-03-24T03:04:24.711+0000] {dag.py:3047} INFO - Sync 1 DAGs
[2024-03-24T03:04:24.723+0000] {logging_mixin.py:188} INFO - [2024-03-24T03:04:24.723+0000] {dag.py:3834} INFO - Setting next_dagrun for latest_only_with_trigger to 2024-03-23 20:00:00+00:00, run_after=2024-03-24 00:00:00+00:00
[2024-03-24T03:04:24.732+0000] {processor.py:183} INFO - Processing /home/airflow/.local/lib/python3.8/site-packages/airflow/example_dags/example_latest_only_with_trigger.py took 0.042 seconds
[2024-03-24T03:04:55.494+0000] {processor.py:161} INFO - Started process (PID=1061) to work on /home/airflow/.local/lib/python3.8/site-packages/airflow/example_dags/example_latest_only_with_trigger.py
[2024-03-24T03:04:55.495+0000] {processor.py:830} INFO - Processing file /home/airflow/.local/lib/python3.8/site-packages/airflow/example_dags/example_latest_only_with_trigger.py for tasks to queue
[2024-03-24T03:04:55.496+0000] {logging_mixin.py:188} INFO - [2024-03-24T03:04:55.496+0000] {dagbag.py:540} INFO - Filling up the DagBag from /home/airflow/.local/lib/python3.8/site-packages/airflow/example_dags/example_latest_only_with_trigger.py
[2024-03-24T03:04:55.499+0000] {processor.py:840} INFO - DAG(s) 'latest_only_with_trigger' retrieved from /home/airflow/.local/lib/python3.8/site-packages/airflow/example_dags/example_latest_only_with_trigger.py
[2024-03-24T03:04:55.514+0000] {logging_mixin.py:188} INFO - [2024-03-24T03:04:55.514+0000] {dag.py:3047} INFO - Sync 1 DAGs
[2024-03-24T03:04:55.526+0000] {logging_mixin.py:188} INFO - [2024-03-24T03:04:55.526+0000] {dag.py:3834} INFO - Setting next_dagrun for latest_only_with_trigger to 2024-03-23 20:00:00+00:00, run_after=2024-03-24 00:00:00+00:00
[2024-03-24T03:04:55.537+0000] {processor.py:183} INFO - Processing /home/airflow/.local/lib/python3.8/site-packages/airflow/example_dags/example_latest_only_with_trigger.py took 0.045 seconds
[2024-03-24T03:05:25.955+0000] {processor.py:161} INFO - Started process (PID=1117) to work on /home/airflow/.local/lib/python3.8/site-packages/airflow/example_dags/example_latest_only_with_trigger.py
[2024-03-24T03:05:25.955+0000] {processor.py:830} INFO - Processing file /home/airflow/.local/lib/python3.8/site-packages/airflow/example_dags/example_latest_only_with_trigger.py for tasks to queue
[2024-03-24T03:05:25.957+0000] {logging_mixin.py:188} INFO - [2024-03-24T03:05:25.956+0000] {dagbag.py:540} INFO - Filling up the DagBag from /home/airflow/.local/lib/python3.8/site-packages/airflow/example_dags/example_latest_only_with_trigger.py
[2024-03-24T03:05:25.960+0000] {processor.py:840} INFO - DAG(s) 'latest_only_with_trigger' retrieved from /home/airflow/.local/lib/python3.8/site-packages/airflow/example_dags/example_latest_only_with_trigger.py
[2024-03-24T03:05:25.971+0000] {logging_mixin.py:188} INFO - [2024-03-24T03:05:25.970+0000] {dag.py:3047} INFO - Sync 1 DAGs
[2024-03-24T03:05:25.981+0000] {logging_mixin.py:188} INFO - [2024-03-24T03:05:25.981+0000] {dag.py:3834} INFO - Setting next_dagrun for latest_only_with_trigger to 2024-03-23 20:00:00+00:00, run_after=2024-03-24 00:00:00+00:00
[2024-03-24T03:05:25.991+0000] {processor.py:183} INFO - Processing /home/airflow/.local/lib/python3.8/site-packages/airflow/example_dags/example_latest_only_with_trigger.py took 0.038 seconds
