[2024-03-24T02:55:43.340+0000] {processor.py:161} INFO - Started process (PID=45) to work on /home/airflow/.local/lib/python3.8/site-packages/airflow/example_dags/example_nested_branch_dag.py
[2024-03-24T02:55:43.341+0000] {processor.py:830} INFO - Processing file /home/airflow/.local/lib/python3.8/site-packages/airflow/example_dags/example_nested_branch_dag.py for tasks to queue
[2024-03-24T02:55:43.345+0000] {logging_mixin.py:188} INFO - [2024-03-24T02:55:43.344+0000] {dagbag.py:540} INFO - Filling up the DagBag from /home/airflow/.local/lib/python3.8/site-packages/airflow/example_dags/example_nested_branch_dag.py
[2024-03-24T02:55:43.371+0000] {processor.py:840} INFO - DAG(s) 'example_nested_branch_dag' retrieved from /home/airflow/.local/lib/python3.8/site-packages/airflow/example_dags/example_nested_branch_dag.py
[2024-03-24T02:55:43.407+0000] {logging_mixin.py:188} INFO - [2024-03-24T02:55:43.407+0000] {dag.py:3047} INFO - Sync 1 DAGs
[2024-03-24T02:55:43.436+0000] {logging_mixin.py:188} INFO - [2024-03-24T02:55:43.436+0000] {dag.py:3834} INFO - Setting next_dagrun for example_nested_branch_dag to 2024-03-23 00:00:00+00:00, run_after=2024-03-24 00:00:00+00:00
[2024-03-24T02:55:43.458+0000] {processor.py:183} INFO - Processing /home/airflow/.local/lib/python3.8/site-packages/airflow/example_dags/example_nested_branch_dag.py took 0.127 seconds
[2024-03-24T02:56:13.794+0000] {processor.py:161} INFO - Started process (PID=99) to work on /home/airflow/.local/lib/python3.8/site-packages/airflow/example_dags/example_nested_branch_dag.py
[2024-03-24T02:56:13.794+0000] {processor.py:830} INFO - Processing file /home/airflow/.local/lib/python3.8/site-packages/airflow/example_dags/example_nested_branch_dag.py for tasks to queue
[2024-03-24T02:56:13.795+0000] {logging_mixin.py:188} INFO - [2024-03-24T02:56:13.795+0000] {dagbag.py:540} INFO - Filling up the DagBag from /home/airflow/.local/lib/python3.8/site-packages/airflow/example_dags/example_nested_branch_dag.py
[2024-03-24T02:56:13.801+0000] {processor.py:840} INFO - DAG(s) 'example_nested_branch_dag' retrieved from /home/airflow/.local/lib/python3.8/site-packages/airflow/example_dags/example_nested_branch_dag.py
[2024-03-24T02:56:13.846+0000] {logging_mixin.py:188} INFO - [2024-03-24T02:56:13.846+0000] {dag.py:3047} INFO - Sync 1 DAGs
[2024-03-24T02:56:13.855+0000] {logging_mixin.py:188} INFO - [2024-03-24T02:56:13.855+0000] {dag.py:3834} INFO - Setting next_dagrun for example_nested_branch_dag to 2024-03-23 00:00:00+00:00, run_after=2024-03-24 00:00:00+00:00
[2024-03-24T02:56:13.864+0000] {processor.py:183} INFO - Processing /home/airflow/.local/lib/python3.8/site-packages/airflow/example_dags/example_nested_branch_dag.py took 0.073 seconds
[2024-03-24T02:56:44.202+0000] {processor.py:161} INFO - Started process (PID=154) to work on /home/airflow/.local/lib/python3.8/site-packages/airflow/example_dags/example_nested_branch_dag.py
[2024-03-24T02:56:44.202+0000] {processor.py:830} INFO - Processing file /home/airflow/.local/lib/python3.8/site-packages/airflow/example_dags/example_nested_branch_dag.py for tasks to queue
[2024-03-24T02:56:44.204+0000] {logging_mixin.py:188} INFO - [2024-03-24T02:56:44.203+0000] {dagbag.py:540} INFO - Filling up the DagBag from /home/airflow/.local/lib/python3.8/site-packages/airflow/example_dags/example_nested_branch_dag.py
[2024-03-24T02:56:44.209+0000] {processor.py:840} INFO - DAG(s) 'example_nested_branch_dag' retrieved from /home/airflow/.local/lib/python3.8/site-packages/airflow/example_dags/example_nested_branch_dag.py
[2024-03-24T02:56:44.219+0000] {logging_mixin.py:188} INFO - [2024-03-24T02:56:44.219+0000] {dag.py:3047} INFO - Sync 1 DAGs
[2024-03-24T02:56:44.231+0000] {logging_mixin.py:188} INFO - [2024-03-24T02:56:44.231+0000] {dag.py:3834} INFO - Setting next_dagrun for example_nested_branch_dag to 2024-03-23 00:00:00+00:00, run_after=2024-03-24 00:00:00+00:00
[2024-03-24T02:56:44.240+0000] {processor.py:183} INFO - Processing /home/airflow/.local/lib/python3.8/site-packages/airflow/example_dags/example_nested_branch_dag.py took 0.040 seconds
[2024-03-24T02:57:14.924+0000] {processor.py:161} INFO - Started process (PID=209) to work on /home/airflow/.local/lib/python3.8/site-packages/airflow/example_dags/example_nested_branch_dag.py
[2024-03-24T02:57:14.925+0000] {processor.py:830} INFO - Processing file /home/airflow/.local/lib/python3.8/site-packages/airflow/example_dags/example_nested_branch_dag.py for tasks to queue
[2024-03-24T02:57:14.926+0000] {logging_mixin.py:188} INFO - [2024-03-24T02:57:14.926+0000] {dagbag.py:540} INFO - Filling up the DagBag from /home/airflow/.local/lib/python3.8/site-packages/airflow/example_dags/example_nested_branch_dag.py
[2024-03-24T02:57:14.931+0000] {processor.py:840} INFO - DAG(s) 'example_nested_branch_dag' retrieved from /home/airflow/.local/lib/python3.8/site-packages/airflow/example_dags/example_nested_branch_dag.py
[2024-03-24T02:57:14.943+0000] {logging_mixin.py:188} INFO - [2024-03-24T02:57:14.943+0000] {dag.py:3047} INFO - Sync 1 DAGs
[2024-03-24T02:57:14.953+0000] {logging_mixin.py:188} INFO - [2024-03-24T02:57:14.953+0000] {dag.py:3834} INFO - Setting next_dagrun for example_nested_branch_dag to 2024-03-23 00:00:00+00:00, run_after=2024-03-24 00:00:00+00:00
[2024-03-24T02:57:14.962+0000] {processor.py:183} INFO - Processing /home/airflow/.local/lib/python3.8/site-packages/airflow/example_dags/example_nested_branch_dag.py took 0.040 seconds
[2024-03-24T02:57:45.839+0000] {processor.py:161} INFO - Started process (PID=264) to work on /home/airflow/.local/lib/python3.8/site-packages/airflow/example_dags/example_nested_branch_dag.py
[2024-03-24T02:57:45.839+0000] {processor.py:830} INFO - Processing file /home/airflow/.local/lib/python3.8/site-packages/airflow/example_dags/example_nested_branch_dag.py for tasks to queue
[2024-03-24T02:57:45.840+0000] {logging_mixin.py:188} INFO - [2024-03-24T02:57:45.840+0000] {dagbag.py:540} INFO - Filling up the DagBag from /home/airflow/.local/lib/python3.8/site-packages/airflow/example_dags/example_nested_branch_dag.py
[2024-03-24T02:57:45.846+0000] {processor.py:840} INFO - DAG(s) 'example_nested_branch_dag' retrieved from /home/airflow/.local/lib/python3.8/site-packages/airflow/example_dags/example_nested_branch_dag.py
[2024-03-24T02:57:45.860+0000] {logging_mixin.py:188} INFO - [2024-03-24T02:57:45.860+0000] {dag.py:3047} INFO - Sync 1 DAGs
[2024-03-24T02:57:45.871+0000] {logging_mixin.py:188} INFO - [2024-03-24T02:57:45.871+0000] {dag.py:3834} INFO - Setting next_dagrun for example_nested_branch_dag to 2024-03-23 00:00:00+00:00, run_after=2024-03-24 00:00:00+00:00
[2024-03-24T02:57:45.879+0000] {processor.py:183} INFO - Processing /home/airflow/.local/lib/python3.8/site-packages/airflow/example_dags/example_nested_branch_dag.py took 0.043 seconds
[2024-03-24T02:58:16.415+0000] {processor.py:161} INFO - Started process (PID=319) to work on /home/airflow/.local/lib/python3.8/site-packages/airflow/example_dags/example_nested_branch_dag.py
[2024-03-24T02:58:16.416+0000] {processor.py:830} INFO - Processing file /home/airflow/.local/lib/python3.8/site-packages/airflow/example_dags/example_nested_branch_dag.py for tasks to queue
[2024-03-24T02:58:16.417+0000] {logging_mixin.py:188} INFO - [2024-03-24T02:58:16.417+0000] {dagbag.py:540} INFO - Filling up the DagBag from /home/airflow/.local/lib/python3.8/site-packages/airflow/example_dags/example_nested_branch_dag.py
[2024-03-24T02:58:16.423+0000] {processor.py:840} INFO - DAG(s) 'example_nested_branch_dag' retrieved from /home/airflow/.local/lib/python3.8/site-packages/airflow/example_dags/example_nested_branch_dag.py
[2024-03-24T02:58:16.431+0000] {logging_mixin.py:188} INFO - [2024-03-24T02:58:16.431+0000] {dag.py:3047} INFO - Sync 1 DAGs
[2024-03-24T02:58:16.445+0000] {logging_mixin.py:188} INFO - [2024-03-24T02:58:16.445+0000] {dag.py:3834} INFO - Setting next_dagrun for example_nested_branch_dag to 2024-03-23 00:00:00+00:00, run_after=2024-03-24 00:00:00+00:00
[2024-03-24T02:58:16.455+0000] {processor.py:183} INFO - Processing /home/airflow/.local/lib/python3.8/site-packages/airflow/example_dags/example_nested_branch_dag.py took 0.043 seconds
[2024-03-24T02:58:47.015+0000] {processor.py:161} INFO - Started process (PID=374) to work on /home/airflow/.local/lib/python3.8/site-packages/airflow/example_dags/example_nested_branch_dag.py
[2024-03-24T02:58:47.016+0000] {processor.py:830} INFO - Processing file /home/airflow/.local/lib/python3.8/site-packages/airflow/example_dags/example_nested_branch_dag.py for tasks to queue
[2024-03-24T02:58:47.017+0000] {logging_mixin.py:188} INFO - [2024-03-24T02:58:47.017+0000] {dagbag.py:540} INFO - Filling up the DagBag from /home/airflow/.local/lib/python3.8/site-packages/airflow/example_dags/example_nested_branch_dag.py
[2024-03-24T02:58:47.022+0000] {processor.py:840} INFO - DAG(s) 'example_nested_branch_dag' retrieved from /home/airflow/.local/lib/python3.8/site-packages/airflow/example_dags/example_nested_branch_dag.py
[2024-03-24T02:58:47.069+0000] {logging_mixin.py:188} INFO - [2024-03-24T02:58:47.069+0000] {dag.py:3047} INFO - Sync 1 DAGs
[2024-03-24T02:58:47.079+0000] {logging_mixin.py:188} INFO - [2024-03-24T02:58:47.079+0000] {dag.py:3834} INFO - Setting next_dagrun for example_nested_branch_dag to 2024-03-23 00:00:00+00:00, run_after=2024-03-24 00:00:00+00:00
[2024-03-24T02:58:47.087+0000] {processor.py:183} INFO - Processing /home/airflow/.local/lib/python3.8/site-packages/airflow/example_dags/example_nested_branch_dag.py took 0.074 seconds
[2024-03-24T02:59:17.600+0000] {processor.py:161} INFO - Started process (PID=429) to work on /home/airflow/.local/lib/python3.8/site-packages/airflow/example_dags/example_nested_branch_dag.py
[2024-03-24T02:59:17.601+0000] {processor.py:830} INFO - Processing file /home/airflow/.local/lib/python3.8/site-packages/airflow/example_dags/example_nested_branch_dag.py for tasks to queue
[2024-03-24T02:59:17.602+0000] {logging_mixin.py:188} INFO - [2024-03-24T02:59:17.601+0000] {dagbag.py:540} INFO - Filling up the DagBag from /home/airflow/.local/lib/python3.8/site-packages/airflow/example_dags/example_nested_branch_dag.py
[2024-03-24T02:59:17.609+0000] {processor.py:840} INFO - DAG(s) 'example_nested_branch_dag' retrieved from /home/airflow/.local/lib/python3.8/site-packages/airflow/example_dags/example_nested_branch_dag.py
[2024-03-24T02:59:17.620+0000] {logging_mixin.py:188} INFO - [2024-03-24T02:59:17.620+0000] {dag.py:3047} INFO - Sync 1 DAGs
[2024-03-24T02:59:17.631+0000] {logging_mixin.py:188} INFO - [2024-03-24T02:59:17.631+0000] {dag.py:3834} INFO - Setting next_dagrun for example_nested_branch_dag to 2024-03-23 00:00:00+00:00, run_after=2024-03-24 00:00:00+00:00
[2024-03-24T02:59:17.641+0000] {processor.py:183} INFO - Processing /home/airflow/.local/lib/python3.8/site-packages/airflow/example_dags/example_nested_branch_dag.py took 0.043 seconds
[2024-03-24T02:59:47.733+0000] {processor.py:161} INFO - Started process (PID=484) to work on /home/airflow/.local/lib/python3.8/site-packages/airflow/example_dags/example_nested_branch_dag.py
[2024-03-24T02:59:47.734+0000] {processor.py:830} INFO - Processing file /home/airflow/.local/lib/python3.8/site-packages/airflow/example_dags/example_nested_branch_dag.py for tasks to queue
[2024-03-24T02:59:47.735+0000] {logging_mixin.py:188} INFO - [2024-03-24T02:59:47.735+0000] {dagbag.py:540} INFO - Filling up the DagBag from /home/airflow/.local/lib/python3.8/site-packages/airflow/example_dags/example_nested_branch_dag.py
[2024-03-24T02:59:47.742+0000] {processor.py:840} INFO - DAG(s) 'example_nested_branch_dag' retrieved from /home/airflow/.local/lib/python3.8/site-packages/airflow/example_dags/example_nested_branch_dag.py
[2024-03-24T02:59:47.755+0000] {logging_mixin.py:188} INFO - [2024-03-24T02:59:47.755+0000] {dag.py:3047} INFO - Sync 1 DAGs
[2024-03-24T02:59:47.766+0000] {logging_mixin.py:188} INFO - [2024-03-24T02:59:47.766+0000] {dag.py:3834} INFO - Setting next_dagrun for example_nested_branch_dag to 2024-03-23 00:00:00+00:00, run_after=2024-03-24 00:00:00+00:00
[2024-03-24T02:59:47.775+0000] {processor.py:183} INFO - Processing /home/airflow/.local/lib/python3.8/site-packages/airflow/example_dags/example_nested_branch_dag.py took 0.045 seconds
[2024-03-24T03:00:17.817+0000] {processor.py:161} INFO - Started process (PID=539) to work on /home/airflow/.local/lib/python3.8/site-packages/airflow/example_dags/example_nested_branch_dag.py
[2024-03-24T03:00:17.818+0000] {processor.py:830} INFO - Processing file /home/airflow/.local/lib/python3.8/site-packages/airflow/example_dags/example_nested_branch_dag.py for tasks to queue
[2024-03-24T03:00:17.819+0000] {logging_mixin.py:188} INFO - [2024-03-24T03:00:17.819+0000] {dagbag.py:540} INFO - Filling up the DagBag from /home/airflow/.local/lib/python3.8/site-packages/airflow/example_dags/example_nested_branch_dag.py
[2024-03-24T03:00:17.824+0000] {processor.py:840} INFO - DAG(s) 'example_nested_branch_dag' retrieved from /home/airflow/.local/lib/python3.8/site-packages/airflow/example_dags/example_nested_branch_dag.py
[2024-03-24T03:00:17.836+0000] {logging_mixin.py:188} INFO - [2024-03-24T03:00:17.836+0000] {dag.py:3047} INFO - Sync 1 DAGs
[2024-03-24T03:00:17.847+0000] {logging_mixin.py:188} INFO - [2024-03-24T03:00:17.847+0000] {dag.py:3834} INFO - Setting next_dagrun for example_nested_branch_dag to 2024-03-23 00:00:00+00:00, run_after=2024-03-24 00:00:00+00:00
[2024-03-24T03:00:17.856+0000] {processor.py:183} INFO - Processing /home/airflow/.local/lib/python3.8/site-packages/airflow/example_dags/example_nested_branch_dag.py took 0.041 seconds
[2024-03-24T03:00:48.134+0000] {processor.py:161} INFO - Started process (PID=594) to work on /home/airflow/.local/lib/python3.8/site-packages/airflow/example_dags/example_nested_branch_dag.py
[2024-03-24T03:00:48.135+0000] {processor.py:830} INFO - Processing file /home/airflow/.local/lib/python3.8/site-packages/airflow/example_dags/example_nested_branch_dag.py for tasks to queue
[2024-03-24T03:00:48.137+0000] {logging_mixin.py:188} INFO - [2024-03-24T03:00:48.136+0000] {dagbag.py:540} INFO - Filling up the DagBag from /home/airflow/.local/lib/python3.8/site-packages/airflow/example_dags/example_nested_branch_dag.py
[2024-03-24T03:00:48.143+0000] {processor.py:840} INFO - DAG(s) 'example_nested_branch_dag' retrieved from /home/airflow/.local/lib/python3.8/site-packages/airflow/example_dags/example_nested_branch_dag.py
[2024-03-24T03:00:48.173+0000] {logging_mixin.py:188} INFO - [2024-03-24T03:00:48.173+0000] {dag.py:3047} INFO - Sync 1 DAGs
[2024-03-24T03:00:48.190+0000] {logging_mixin.py:188} INFO - [2024-03-24T03:00:48.190+0000] {dag.py:3834} INFO - Setting next_dagrun for example_nested_branch_dag to 2024-03-23 00:00:00+00:00, run_after=2024-03-24 00:00:00+00:00
[2024-03-24T03:00:48.202+0000] {processor.py:183} INFO - Processing /home/airflow/.local/lib/python3.8/site-packages/airflow/example_dags/example_nested_branch_dag.py took 0.070 seconds
[2024-03-24T03:01:18.923+0000] {processor.py:161} INFO - Started process (PID=649) to work on /home/airflow/.local/lib/python3.8/site-packages/airflow/example_dags/example_nested_branch_dag.py
[2024-03-24T03:01:18.931+0000] {processor.py:830} INFO - Processing file /home/airflow/.local/lib/python3.8/site-packages/airflow/example_dags/example_nested_branch_dag.py for tasks to queue
[2024-03-24T03:01:18.939+0000] {logging_mixin.py:188} INFO - [2024-03-24T03:01:18.936+0000] {dagbag.py:540} INFO - Filling up the DagBag from /home/airflow/.local/lib/python3.8/site-packages/airflow/example_dags/example_nested_branch_dag.py
[2024-03-24T03:01:18.964+0000] {processor.py:840} INFO - DAG(s) 'example_nested_branch_dag' retrieved from /home/airflow/.local/lib/python3.8/site-packages/airflow/example_dags/example_nested_branch_dag.py
[2024-03-24T03:01:18.984+0000] {logging_mixin.py:188} INFO - [2024-03-24T03:01:18.984+0000] {dag.py:3047} INFO - Sync 1 DAGs
[2024-03-24T03:01:19.017+0000] {logging_mixin.py:188} INFO - [2024-03-24T03:01:19.017+0000] {dag.py:3834} INFO - Setting next_dagrun for example_nested_branch_dag to 2024-03-23 00:00:00+00:00, run_after=2024-03-24 00:00:00+00:00
[2024-03-24T03:01:19.045+0000] {processor.py:183} INFO - Processing /home/airflow/.local/lib/python3.8/site-packages/airflow/example_dags/example_nested_branch_dag.py took 0.136 seconds
[2024-03-24T03:01:49.103+0000] {processor.py:161} INFO - Started process (PID=704) to work on /home/airflow/.local/lib/python3.8/site-packages/airflow/example_dags/example_nested_branch_dag.py
[2024-03-24T03:01:49.104+0000] {processor.py:830} INFO - Processing file /home/airflow/.local/lib/python3.8/site-packages/airflow/example_dags/example_nested_branch_dag.py for tasks to queue
[2024-03-24T03:01:49.105+0000] {logging_mixin.py:188} INFO - [2024-03-24T03:01:49.105+0000] {dagbag.py:540} INFO - Filling up the DagBag from /home/airflow/.local/lib/python3.8/site-packages/airflow/example_dags/example_nested_branch_dag.py
[2024-03-24T03:01:49.111+0000] {processor.py:840} INFO - DAG(s) 'example_nested_branch_dag' retrieved from /home/airflow/.local/lib/python3.8/site-packages/airflow/example_dags/example_nested_branch_dag.py
[2024-03-24T03:01:49.122+0000] {logging_mixin.py:188} INFO - [2024-03-24T03:01:49.122+0000] {dag.py:3047} INFO - Sync 1 DAGs
[2024-03-24T03:01:49.132+0000] {logging_mixin.py:188} INFO - [2024-03-24T03:01:49.132+0000] {dag.py:3834} INFO - Setting next_dagrun for example_nested_branch_dag to 2024-03-23 00:00:00+00:00, run_after=2024-03-24 00:00:00+00:00
[2024-03-24T03:01:49.140+0000] {processor.py:183} INFO - Processing /home/airflow/.local/lib/python3.8/site-packages/airflow/example_dags/example_nested_branch_dag.py took 0.040 seconds
[2024-03-24T03:02:19.585+0000] {processor.py:161} INFO - Started process (PID=759) to work on /home/airflow/.local/lib/python3.8/site-packages/airflow/example_dags/example_nested_branch_dag.py
[2024-03-24T03:02:19.585+0000] {processor.py:830} INFO - Processing file /home/airflow/.local/lib/python3.8/site-packages/airflow/example_dags/example_nested_branch_dag.py for tasks to queue
[2024-03-24T03:02:19.586+0000] {logging_mixin.py:188} INFO - [2024-03-24T03:02:19.586+0000] {dagbag.py:540} INFO - Filling up the DagBag from /home/airflow/.local/lib/python3.8/site-packages/airflow/example_dags/example_nested_branch_dag.py
[2024-03-24T03:02:19.592+0000] {processor.py:840} INFO - DAG(s) 'example_nested_branch_dag' retrieved from /home/airflow/.local/lib/python3.8/site-packages/airflow/example_dags/example_nested_branch_dag.py
[2024-03-24T03:02:19.602+0000] {logging_mixin.py:188} INFO - [2024-03-24T03:02:19.602+0000] {dag.py:3047} INFO - Sync 1 DAGs
[2024-03-24T03:02:19.613+0000] {logging_mixin.py:188} INFO - [2024-03-24T03:02:19.613+0000] {dag.py:3834} INFO - Setting next_dagrun for example_nested_branch_dag to 2024-03-23 00:00:00+00:00, run_after=2024-03-24 00:00:00+00:00
[2024-03-24T03:02:19.621+0000] {processor.py:183} INFO - Processing /home/airflow/.local/lib/python3.8/site-packages/airflow/example_dags/example_nested_branch_dag.py took 0.039 seconds
[2024-03-24T03:02:49.856+0000] {processor.py:161} INFO - Started process (PID=814) to work on /home/airflow/.local/lib/python3.8/site-packages/airflow/example_dags/example_nested_branch_dag.py
[2024-03-24T03:02:49.857+0000] {processor.py:830} INFO - Processing file /home/airflow/.local/lib/python3.8/site-packages/airflow/example_dags/example_nested_branch_dag.py for tasks to queue
[2024-03-24T03:02:49.858+0000] {logging_mixin.py:188} INFO - [2024-03-24T03:02:49.858+0000] {dagbag.py:540} INFO - Filling up the DagBag from /home/airflow/.local/lib/python3.8/site-packages/airflow/example_dags/example_nested_branch_dag.py
[2024-03-24T03:02:49.863+0000] {processor.py:840} INFO - DAG(s) 'example_nested_branch_dag' retrieved from /home/airflow/.local/lib/python3.8/site-packages/airflow/example_dags/example_nested_branch_dag.py
[2024-03-24T03:02:49.875+0000] {logging_mixin.py:188} INFO - [2024-03-24T03:02:49.875+0000] {dag.py:3047} INFO - Sync 1 DAGs
[2024-03-24T03:02:49.888+0000] {logging_mixin.py:188} INFO - [2024-03-24T03:02:49.888+0000] {dag.py:3834} INFO - Setting next_dagrun for example_nested_branch_dag to 2024-03-23 00:00:00+00:00, run_after=2024-03-24 00:00:00+00:00
[2024-03-24T03:02:49.897+0000] {processor.py:183} INFO - Processing /home/airflow/.local/lib/python3.8/site-packages/airflow/example_dags/example_nested_branch_dag.py took 0.042 seconds
[2024-03-24T03:03:20.639+0000] {processor.py:161} INFO - Started process (PID=869) to work on /home/airflow/.local/lib/python3.8/site-packages/airflow/example_dags/example_nested_branch_dag.py
[2024-03-24T03:03:20.640+0000] {processor.py:830} INFO - Processing file /home/airflow/.local/lib/python3.8/site-packages/airflow/example_dags/example_nested_branch_dag.py for tasks to queue
[2024-03-24T03:03:20.641+0000] {logging_mixin.py:188} INFO - [2024-03-24T03:03:20.641+0000] {dagbag.py:540} INFO - Filling up the DagBag from /home/airflow/.local/lib/python3.8/site-packages/airflow/example_dags/example_nested_branch_dag.py
[2024-03-24T03:03:20.647+0000] {processor.py:840} INFO - DAG(s) 'example_nested_branch_dag' retrieved from /home/airflow/.local/lib/python3.8/site-packages/airflow/example_dags/example_nested_branch_dag.py
[2024-03-24T03:03:20.658+0000] {logging_mixin.py:188} INFO - [2024-03-24T03:03:20.658+0000] {dag.py:3047} INFO - Sync 1 DAGs
[2024-03-24T03:03:20.668+0000] {logging_mixin.py:188} INFO - [2024-03-24T03:03:20.668+0000] {dag.py:3834} INFO - Setting next_dagrun for example_nested_branch_dag to 2024-03-23 00:00:00+00:00, run_after=2024-03-24 00:00:00+00:00
[2024-03-24T03:03:20.678+0000] {processor.py:183} INFO - Processing /home/airflow/.local/lib/python3.8/site-packages/airflow/example_dags/example_nested_branch_dag.py took 0.041 seconds
[2024-03-24T03:03:50.945+0000] {processor.py:161} INFO - Started process (PID=924) to work on /home/airflow/.local/lib/python3.8/site-packages/airflow/example_dags/example_nested_branch_dag.py
[2024-03-24T03:03:50.945+0000] {processor.py:830} INFO - Processing file /home/airflow/.local/lib/python3.8/site-packages/airflow/example_dags/example_nested_branch_dag.py for tasks to queue
[2024-03-24T03:03:50.946+0000] {logging_mixin.py:188} INFO - [2024-03-24T03:03:50.946+0000] {dagbag.py:540} INFO - Filling up the DagBag from /home/airflow/.local/lib/python3.8/site-packages/airflow/example_dags/example_nested_branch_dag.py
[2024-03-24T03:03:50.952+0000] {processor.py:840} INFO - DAG(s) 'example_nested_branch_dag' retrieved from /home/airflow/.local/lib/python3.8/site-packages/airflow/example_dags/example_nested_branch_dag.py
[2024-03-24T03:03:50.963+0000] {logging_mixin.py:188} INFO - [2024-03-24T03:03:50.963+0000] {dag.py:3047} INFO - Sync 1 DAGs
[2024-03-24T03:03:50.973+0000] {logging_mixin.py:188} INFO - [2024-03-24T03:03:50.973+0000] {dag.py:3834} INFO - Setting next_dagrun for example_nested_branch_dag to 2024-03-23 00:00:00+00:00, run_after=2024-03-24 00:00:00+00:00
[2024-03-24T03:03:50.981+0000] {processor.py:183} INFO - Processing /home/airflow/.local/lib/python3.8/site-packages/airflow/example_dags/example_nested_branch_dag.py took 0.038 seconds
[2024-03-24T03:04:21.749+0000] {processor.py:161} INFO - Started process (PID=978) to work on /home/airflow/.local/lib/python3.8/site-packages/airflow/example_dags/example_nested_branch_dag.py
[2024-03-24T03:04:21.750+0000] {processor.py:830} INFO - Processing file /home/airflow/.local/lib/python3.8/site-packages/airflow/example_dags/example_nested_branch_dag.py for tasks to queue
[2024-03-24T03:04:21.751+0000] {logging_mixin.py:188} INFO - [2024-03-24T03:04:21.751+0000] {dagbag.py:540} INFO - Filling up the DagBag from /home/airflow/.local/lib/python3.8/site-packages/airflow/example_dags/example_nested_branch_dag.py
[2024-03-24T03:04:21.756+0000] {processor.py:840} INFO - DAG(s) 'example_nested_branch_dag' retrieved from /home/airflow/.local/lib/python3.8/site-packages/airflow/example_dags/example_nested_branch_dag.py
[2024-03-24T03:04:21.767+0000] {logging_mixin.py:188} INFO - [2024-03-24T03:04:21.767+0000] {dag.py:3047} INFO - Sync 1 DAGs
[2024-03-24T03:04:21.777+0000] {logging_mixin.py:188} INFO - [2024-03-24T03:04:21.777+0000] {dag.py:3834} INFO - Setting next_dagrun for example_nested_branch_dag to 2024-03-23 00:00:00+00:00, run_after=2024-03-24 00:00:00+00:00
[2024-03-24T03:04:21.786+0000] {processor.py:183} INFO - Processing /home/airflow/.local/lib/python3.8/site-packages/airflow/example_dags/example_nested_branch_dag.py took 0.039 seconds
[2024-03-24T03:04:52.075+0000] {processor.py:161} INFO - Started process (PID=1032) to work on /home/airflow/.local/lib/python3.8/site-packages/airflow/example_dags/example_nested_branch_dag.py
[2024-03-24T03:04:52.076+0000] {processor.py:830} INFO - Processing file /home/airflow/.local/lib/python3.8/site-packages/airflow/example_dags/example_nested_branch_dag.py for tasks to queue
[2024-03-24T03:04:52.077+0000] {logging_mixin.py:188} INFO - [2024-03-24T03:04:52.077+0000] {dagbag.py:540} INFO - Filling up the DagBag from /home/airflow/.local/lib/python3.8/site-packages/airflow/example_dags/example_nested_branch_dag.py
[2024-03-24T03:04:52.083+0000] {processor.py:840} INFO - DAG(s) 'example_nested_branch_dag' retrieved from /home/airflow/.local/lib/python3.8/site-packages/airflow/example_dags/example_nested_branch_dag.py
[2024-03-24T03:04:52.094+0000] {logging_mixin.py:188} INFO - [2024-03-24T03:04:52.094+0000] {dag.py:3047} INFO - Sync 1 DAGs
[2024-03-24T03:04:52.104+0000] {logging_mixin.py:188} INFO - [2024-03-24T03:04:52.104+0000] {dag.py:3834} INFO - Setting next_dagrun for example_nested_branch_dag to 2024-03-23 00:00:00+00:00, run_after=2024-03-24 00:00:00+00:00
[2024-03-24T03:04:52.112+0000] {processor.py:183} INFO - Processing /home/airflow/.local/lib/python3.8/site-packages/airflow/example_dags/example_nested_branch_dag.py took 0.039 seconds
[2024-03-24T03:05:22.478+0000] {processor.py:161} INFO - Started process (PID=1088) to work on /home/airflow/.local/lib/python3.8/site-packages/airflow/example_dags/example_nested_branch_dag.py
[2024-03-24T03:05:22.479+0000] {processor.py:830} INFO - Processing file /home/airflow/.local/lib/python3.8/site-packages/airflow/example_dags/example_nested_branch_dag.py for tasks to queue
[2024-03-24T03:05:22.481+0000] {logging_mixin.py:188} INFO - [2024-03-24T03:05:22.480+0000] {dagbag.py:540} INFO - Filling up the DagBag from /home/airflow/.local/lib/python3.8/site-packages/airflow/example_dags/example_nested_branch_dag.py
[2024-03-24T03:05:22.489+0000] {processor.py:840} INFO - DAG(s) 'example_nested_branch_dag' retrieved from /home/airflow/.local/lib/python3.8/site-packages/airflow/example_dags/example_nested_branch_dag.py
[2024-03-24T03:05:22.501+0000] {logging_mixin.py:188} INFO - [2024-03-24T03:05:22.501+0000] {dag.py:3047} INFO - Sync 1 DAGs
[2024-03-24T03:05:22.514+0000] {logging_mixin.py:188} INFO - [2024-03-24T03:05:22.514+0000] {dag.py:3834} INFO - Setting next_dagrun for example_nested_branch_dag to 2024-03-23 00:00:00+00:00, run_after=2024-03-24 00:00:00+00:00
[2024-03-24T03:05:22.524+0000] {processor.py:183} INFO - Processing /home/airflow/.local/lib/python3.8/site-packages/airflow/example_dags/example_nested_branch_dag.py took 0.048 seconds
[2024-03-24T03:05:53.137+0000] {processor.py:161} INFO - Started process (PID=1142) to work on /home/airflow/.local/lib/python3.8/site-packages/airflow/example_dags/example_nested_branch_dag.py
[2024-03-24T03:05:53.138+0000] {processor.py:830} INFO - Processing file /home/airflow/.local/lib/python3.8/site-packages/airflow/example_dags/example_nested_branch_dag.py for tasks to queue
[2024-03-24T03:05:53.139+0000] {logging_mixin.py:188} INFO - [2024-03-24T03:05:53.139+0000] {dagbag.py:540} INFO - Filling up the DagBag from /home/airflow/.local/lib/python3.8/site-packages/airflow/example_dags/example_nested_branch_dag.py
[2024-03-24T03:05:53.144+0000] {processor.py:840} INFO - DAG(s) 'example_nested_branch_dag' retrieved from /home/airflow/.local/lib/python3.8/site-packages/airflow/example_dags/example_nested_branch_dag.py
[2024-03-24T03:05:53.154+0000] {logging_mixin.py:188} INFO - [2024-03-24T03:05:53.154+0000] {dag.py:3047} INFO - Sync 1 DAGs
[2024-03-24T03:05:53.166+0000] {logging_mixin.py:188} INFO - [2024-03-24T03:05:53.165+0000] {dag.py:3834} INFO - Setting next_dagrun for example_nested_branch_dag to 2024-03-23 00:00:00+00:00, run_after=2024-03-24 00:00:00+00:00
[2024-03-24T03:05:53.173+0000] {processor.py:183} INFO - Processing /home/airflow/.local/lib/python3.8/site-packages/airflow/example_dags/example_nested_branch_dag.py took 0.038 seconds
