[2024-03-24T02:55:42.845+0000] {processor.py:161} INFO - Started process (PID=40) to work on /home/airflow/.local/lib/python3.8/site-packages/airflow/example_dags/example_subdag_operator.py
[2024-03-24T02:55:42.846+0000] {processor.py:830} INFO - Processing file /home/airflow/.local/lib/python3.8/site-packages/airflow/example_dags/example_subdag_operator.py for tasks to queue
[2024-03-24T02:55:42.849+0000] {logging_mixin.py:188} INFO - [2024-03-24T02:55:42.848+0000] {dagbag.py:540} INFO - Filling up the DagBag from /home/airflow/.local/lib/python3.8/site-packages/airflow/example_dags/example_subdag_operator.py
[2024-03-24T02:55:42.899+0000] {processor.py:840} INFO - DAG(s) 'example_subdag_operator.section-1', 'example_subdag_operator.section-2', 'example_subdag_operator' retrieved from /home/airflow/.local/lib/python3.8/site-packages/airflow/example_dags/example_subdag_operator.py
[2024-03-24T02:55:42.904+0000] {logging_mixin.py:188} INFO - [2024-03-24T02:55:42.904+0000] {dag.py:3047} INFO - Sync 3 DAGs
[2024-03-24T02:55:42.999+0000] {logging_mixin.py:188} INFO - [2024-03-24T02:55:42.999+0000] {dag.py:3834} INFO - Setting next_dagrun for example_subdag_operator to 2022-01-01 00:00:00+00:00, run_after=2022-01-01 00:00:00+00:00
[2024-03-24T02:55:43.009+0000] {logging_mixin.py:188} INFO - [2024-03-24T02:55:43.009+0000] {dag.py:3834} INFO - Setting next_dagrun for example_subdag_operator.section-1 to None, run_after=None
[2024-03-24T02:55:43.014+0000] {logging_mixin.py:188} INFO - [2024-03-24T02:55:43.014+0000] {dag.py:3834} INFO - Setting next_dagrun for example_subdag_operator.section-2 to None, run_after=None
[2024-03-24T02:55:43.032+0000] {logging_mixin.py:188} INFO - [2024-03-24T02:55:43.032+0000] {dag.py:3047} INFO - Sync 2 DAGs
[2024-03-24T02:55:43.037+0000] {logging_mixin.py:188} INFO - [2024-03-24T02:55:43.037+0000] {dag.py:3834} INFO - Setting next_dagrun for example_subdag_operator.section-1 to None, run_after=None
[2024-03-24T02:55:43.038+0000] {logging_mixin.py:188} INFO - [2024-03-24T02:55:43.038+0000] {dag.py:3834} INFO - Setting next_dagrun for example_subdag_operator.section-2 to None, run_after=None
[2024-03-24T02:55:43.061+0000] {processor.py:183} INFO - Processing /home/airflow/.local/lib/python3.8/site-packages/airflow/example_dags/example_subdag_operator.py took 0.221 seconds
[2024-03-24T02:56:13.608+0000] {processor.py:161} INFO - Started process (PID=94) to work on /home/airflow/.local/lib/python3.8/site-packages/airflow/example_dags/example_subdag_operator.py
[2024-03-24T02:56:13.609+0000] {processor.py:830} INFO - Processing file /home/airflow/.local/lib/python3.8/site-packages/airflow/example_dags/example_subdag_operator.py for tasks to queue
[2024-03-24T02:56:13.613+0000] {logging_mixin.py:188} INFO - [2024-03-24T02:56:13.612+0000] {dagbag.py:540} INFO - Filling up the DagBag from /home/airflow/.local/lib/python3.8/site-packages/airflow/example_dags/example_subdag_operator.py
[2024-03-24T02:56:13.626+0000] {processor.py:840} INFO - DAG(s) 'example_subdag_operator.section-1', 'example_subdag_operator.section-2', 'example_subdag_operator' retrieved from /home/airflow/.local/lib/python3.8/site-packages/airflow/example_dags/example_subdag_operator.py
[2024-03-24T02:56:13.669+0000] {logging_mixin.py:188} INFO - [2024-03-24T02:56:13.669+0000] {dag.py:3047} INFO - Sync 3 DAGs
[2024-03-24T02:56:13.679+0000] {logging_mixin.py:188} INFO - [2024-03-24T02:56:13.679+0000] {dag.py:3834} INFO - Setting next_dagrun for example_subdag_operator to 2022-01-01 00:00:00+00:00, run_after=2022-01-01 00:00:00+00:00
[2024-03-24T02:56:13.681+0000] {logging_mixin.py:188} INFO - [2024-03-24T02:56:13.681+0000] {dag.py:3834} INFO - Setting next_dagrun for example_subdag_operator.section-1 to None, run_after=None
[2024-03-24T02:56:13.682+0000] {logging_mixin.py:188} INFO - [2024-03-24T02:56:13.682+0000] {dag.py:3834} INFO - Setting next_dagrun for example_subdag_operator.section-2 to None, run_after=None
[2024-03-24T02:56:13.686+0000] {logging_mixin.py:188} INFO - [2024-03-24T02:56:13.686+0000] {dag.py:3047} INFO - Sync 2 DAGs
[2024-03-24T02:56:13.689+0000] {logging_mixin.py:188} INFO - [2024-03-24T02:56:13.689+0000] {dag.py:3834} INFO - Setting next_dagrun for example_subdag_operator.section-1 to None, run_after=None
[2024-03-24T02:56:13.690+0000] {logging_mixin.py:188} INFO - [2024-03-24T02:56:13.690+0000] {dag.py:3834} INFO - Setting next_dagrun for example_subdag_operator.section-2 to None, run_after=None
[2024-03-24T02:56:13.695+0000] {processor.py:183} INFO - Processing /home/airflow/.local/lib/python3.8/site-packages/airflow/example_dags/example_subdag_operator.py took 0.089 seconds
[2024-03-24T02:56:44.079+0000] {processor.py:161} INFO - Started process (PID=149) to work on /home/airflow/.local/lib/python3.8/site-packages/airflow/example_dags/example_subdag_operator.py
[2024-03-24T02:56:44.079+0000] {processor.py:830} INFO - Processing file /home/airflow/.local/lib/python3.8/site-packages/airflow/example_dags/example_subdag_operator.py for tasks to queue
[2024-03-24T02:56:44.080+0000] {logging_mixin.py:188} INFO - [2024-03-24T02:56:44.080+0000] {dagbag.py:540} INFO - Filling up the DagBag from /home/airflow/.local/lib/python3.8/site-packages/airflow/example_dags/example_subdag_operator.py
[2024-03-24T02:56:44.093+0000] {processor.py:840} INFO - DAG(s) 'example_subdag_operator.section-1', 'example_subdag_operator.section-2', 'example_subdag_operator' retrieved from /home/airflow/.local/lib/python3.8/site-packages/airflow/example_dags/example_subdag_operator.py
[2024-03-24T02:56:44.101+0000] {logging_mixin.py:188} INFO - [2024-03-24T02:56:44.101+0000] {dag.py:3047} INFO - Sync 3 DAGs
[2024-03-24T02:56:44.111+0000] {logging_mixin.py:188} INFO - [2024-03-24T02:56:44.111+0000] {dag.py:3834} INFO - Setting next_dagrun for example_subdag_operator to 2022-01-01 00:00:00+00:00, run_after=2022-01-01 00:00:00+00:00
[2024-03-24T02:56:44.113+0000] {logging_mixin.py:188} INFO - [2024-03-24T02:56:44.113+0000] {dag.py:3834} INFO - Setting next_dagrun for example_subdag_operator.section-1 to None, run_after=None
[2024-03-24T02:56:44.113+0000] {logging_mixin.py:188} INFO - [2024-03-24T02:56:44.113+0000] {dag.py:3834} INFO - Setting next_dagrun for example_subdag_operator.section-2 to None, run_after=None
[2024-03-24T02:56:44.117+0000] {logging_mixin.py:188} INFO - [2024-03-24T02:56:44.117+0000] {dag.py:3047} INFO - Sync 2 DAGs
[2024-03-24T02:56:44.119+0000] {logging_mixin.py:188} INFO - [2024-03-24T02:56:44.119+0000] {dag.py:3834} INFO - Setting next_dagrun for example_subdag_operator.section-1 to None, run_after=None
[2024-03-24T02:56:44.119+0000] {logging_mixin.py:188} INFO - [2024-03-24T02:56:44.119+0000] {dag.py:3834} INFO - Setting next_dagrun for example_subdag_operator.section-2 to None, run_after=None
[2024-03-24T02:56:44.124+0000] {processor.py:183} INFO - Processing /home/airflow/.local/lib/python3.8/site-packages/airflow/example_dags/example_subdag_operator.py took 0.047 seconds
[2024-03-24T02:57:14.780+0000] {processor.py:161} INFO - Started process (PID=204) to work on /home/airflow/.local/lib/python3.8/site-packages/airflow/example_dags/example_subdag_operator.py
[2024-03-24T02:57:14.782+0000] {processor.py:830} INFO - Processing file /home/airflow/.local/lib/python3.8/site-packages/airflow/example_dags/example_subdag_operator.py for tasks to queue
[2024-03-24T02:57:14.785+0000] {logging_mixin.py:188} INFO - [2024-03-24T02:57:14.785+0000] {dagbag.py:540} INFO - Filling up the DagBag from /home/airflow/.local/lib/python3.8/site-packages/airflow/example_dags/example_subdag_operator.py
[2024-03-24T02:57:14.803+0000] {processor.py:840} INFO - DAG(s) 'example_subdag_operator.section-1', 'example_subdag_operator.section-2', 'example_subdag_operator' retrieved from /home/airflow/.local/lib/python3.8/site-packages/airflow/example_dags/example_subdag_operator.py
[2024-03-24T02:57:14.813+0000] {logging_mixin.py:188} INFO - [2024-03-24T02:57:14.812+0000] {dag.py:3047} INFO - Sync 3 DAGs
[2024-03-24T02:57:14.824+0000] {logging_mixin.py:188} INFO - [2024-03-24T02:57:14.824+0000] {dag.py:3834} INFO - Setting next_dagrun for example_subdag_operator to 2022-01-01 00:00:00+00:00, run_after=2022-01-01 00:00:00+00:00
[2024-03-24T02:57:14.826+0000] {logging_mixin.py:188} INFO - [2024-03-24T02:57:14.826+0000] {dag.py:3834} INFO - Setting next_dagrun for example_subdag_operator.section-1 to None, run_after=None
[2024-03-24T02:57:14.827+0000] {logging_mixin.py:188} INFO - [2024-03-24T02:57:14.827+0000] {dag.py:3834} INFO - Setting next_dagrun for example_subdag_operator.section-2 to None, run_after=None
[2024-03-24T02:57:14.831+0000] {logging_mixin.py:188} INFO - [2024-03-24T02:57:14.831+0000] {dag.py:3047} INFO - Sync 2 DAGs
[2024-03-24T02:57:14.833+0000] {logging_mixin.py:188} INFO - [2024-03-24T02:57:14.833+0000] {dag.py:3834} INFO - Setting next_dagrun for example_subdag_operator.section-1 to None, run_after=None
[2024-03-24T02:57:14.834+0000] {logging_mixin.py:188} INFO - [2024-03-24T02:57:14.834+0000] {dag.py:3834} INFO - Setting next_dagrun for example_subdag_operator.section-2 to None, run_after=None
[2024-03-24T02:57:14.841+0000] {processor.py:183} INFO - Processing /home/airflow/.local/lib/python3.8/site-packages/airflow/example_dags/example_subdag_operator.py took 0.065 seconds
[2024-03-24T02:57:45.685+0000] {processor.py:161} INFO - Started process (PID=259) to work on /home/airflow/.local/lib/python3.8/site-packages/airflow/example_dags/example_subdag_operator.py
[2024-03-24T02:57:45.686+0000] {processor.py:830} INFO - Processing file /home/airflow/.local/lib/python3.8/site-packages/airflow/example_dags/example_subdag_operator.py for tasks to queue
[2024-03-24T02:57:45.687+0000] {logging_mixin.py:188} INFO - [2024-03-24T02:57:45.687+0000] {dagbag.py:540} INFO - Filling up the DagBag from /home/airflow/.local/lib/python3.8/site-packages/airflow/example_dags/example_subdag_operator.py
[2024-03-24T02:57:45.702+0000] {processor.py:840} INFO - DAG(s) 'example_subdag_operator.section-1', 'example_subdag_operator.section-2', 'example_subdag_operator' retrieved from /home/airflow/.local/lib/python3.8/site-packages/airflow/example_dags/example_subdag_operator.py
[2024-03-24T02:57:45.711+0000] {logging_mixin.py:188} INFO - [2024-03-24T02:57:45.711+0000] {dag.py:3047} INFO - Sync 3 DAGs
[2024-03-24T02:57:45.724+0000] {logging_mixin.py:188} INFO - [2024-03-24T02:57:45.723+0000] {dag.py:3834} INFO - Setting next_dagrun for example_subdag_operator to 2022-01-01 00:00:00+00:00, run_after=2022-01-01 00:00:00+00:00
[2024-03-24T02:57:45.726+0000] {logging_mixin.py:188} INFO - [2024-03-24T02:57:45.726+0000] {dag.py:3834} INFO - Setting next_dagrun for example_subdag_operator.section-1 to None, run_after=None
[2024-03-24T02:57:45.726+0000] {logging_mixin.py:188} INFO - [2024-03-24T02:57:45.726+0000] {dag.py:3834} INFO - Setting next_dagrun for example_subdag_operator.section-2 to None, run_after=None
[2024-03-24T02:57:45.730+0000] {logging_mixin.py:188} INFO - [2024-03-24T02:57:45.730+0000] {dag.py:3047} INFO - Sync 2 DAGs
[2024-03-24T02:57:45.733+0000] {logging_mixin.py:188} INFO - [2024-03-24T02:57:45.733+0000] {dag.py:3834} INFO - Setting next_dagrun for example_subdag_operator.section-1 to None, run_after=None
[2024-03-24T02:57:45.733+0000] {logging_mixin.py:188} INFO - [2024-03-24T02:57:45.733+0000] {dag.py:3834} INFO - Setting next_dagrun for example_subdag_operator.section-2 to None, run_after=None
[2024-03-24T02:57:45.739+0000] {processor.py:183} INFO - Processing /home/airflow/.local/lib/python3.8/site-packages/airflow/example_dags/example_subdag_operator.py took 0.056 seconds
[2024-03-24T02:58:16.201+0000] {processor.py:161} INFO - Started process (PID=314) to work on /home/airflow/.local/lib/python3.8/site-packages/airflow/example_dags/example_subdag_operator.py
[2024-03-24T02:58:16.201+0000] {processor.py:830} INFO - Processing file /home/airflow/.local/lib/python3.8/site-packages/airflow/example_dags/example_subdag_operator.py for tasks to queue
[2024-03-24T02:58:16.203+0000] {logging_mixin.py:188} INFO - [2024-03-24T02:58:16.202+0000] {dagbag.py:540} INFO - Filling up the DagBag from /home/airflow/.local/lib/python3.8/site-packages/airflow/example_dags/example_subdag_operator.py
[2024-03-24T02:58:16.215+0000] {processor.py:840} INFO - DAG(s) 'example_subdag_operator.section-1', 'example_subdag_operator.section-2', 'example_subdag_operator' retrieved from /home/airflow/.local/lib/python3.8/site-packages/airflow/example_dags/example_subdag_operator.py
[2024-03-24T02:58:16.217+0000] {logging_mixin.py:188} INFO - [2024-03-24T02:58:16.217+0000] {dag.py:3047} INFO - Sync 3 DAGs
[2024-03-24T02:58:16.227+0000] {logging_mixin.py:188} INFO - [2024-03-24T02:58:16.227+0000] {dag.py:3834} INFO - Setting next_dagrun for example_subdag_operator to 2022-01-01 00:00:00+00:00, run_after=2022-01-01 00:00:00+00:00
[2024-03-24T02:58:16.229+0000] {logging_mixin.py:188} INFO - [2024-03-24T02:58:16.229+0000] {dag.py:3834} INFO - Setting next_dagrun for example_subdag_operator.section-1 to None, run_after=None
[2024-03-24T02:58:16.229+0000] {logging_mixin.py:188} INFO - [2024-03-24T02:58:16.229+0000] {dag.py:3834} INFO - Setting next_dagrun for example_subdag_operator.section-2 to None, run_after=None
[2024-03-24T02:58:16.233+0000] {logging_mixin.py:188} INFO - [2024-03-24T02:58:16.233+0000] {dag.py:3047} INFO - Sync 2 DAGs
[2024-03-24T02:58:16.236+0000] {logging_mixin.py:188} INFO - [2024-03-24T02:58:16.236+0000] {dag.py:3834} INFO - Setting next_dagrun for example_subdag_operator.section-1 to None, run_after=None
[2024-03-24T02:58:16.236+0000] {logging_mixin.py:188} INFO - [2024-03-24T02:58:16.236+0000] {dag.py:3834} INFO - Setting next_dagrun for example_subdag_operator.section-2 to None, run_after=None
[2024-03-24T02:58:16.242+0000] {processor.py:183} INFO - Processing /home/airflow/.local/lib/python3.8/site-packages/airflow/example_dags/example_subdag_operator.py took 0.044 seconds
[2024-03-24T02:58:46.801+0000] {processor.py:161} INFO - Started process (PID=369) to work on /home/airflow/.local/lib/python3.8/site-packages/airflow/example_dags/example_subdag_operator.py
[2024-03-24T02:58:46.802+0000] {processor.py:830} INFO - Processing file /home/airflow/.local/lib/python3.8/site-packages/airflow/example_dags/example_subdag_operator.py for tasks to queue
[2024-03-24T02:58:46.803+0000] {logging_mixin.py:188} INFO - [2024-03-24T02:58:46.803+0000] {dagbag.py:540} INFO - Filling up the DagBag from /home/airflow/.local/lib/python3.8/site-packages/airflow/example_dags/example_subdag_operator.py
[2024-03-24T02:58:46.816+0000] {processor.py:840} INFO - DAG(s) 'example_subdag_operator.section-1', 'example_subdag_operator.section-2', 'example_subdag_operator' retrieved from /home/airflow/.local/lib/python3.8/site-packages/airflow/example_dags/example_subdag_operator.py
[2024-03-24T02:58:46.864+0000] {logging_mixin.py:188} INFO - [2024-03-24T02:58:46.864+0000] {dag.py:3047} INFO - Sync 3 DAGs
[2024-03-24T02:58:46.875+0000] {logging_mixin.py:188} INFO - [2024-03-24T02:58:46.875+0000] {dag.py:3834} INFO - Setting next_dagrun for example_subdag_operator to 2022-01-01 00:00:00+00:00, run_after=2022-01-01 00:00:00+00:00
[2024-03-24T02:58:46.877+0000] {logging_mixin.py:188} INFO - [2024-03-24T02:58:46.877+0000] {dag.py:3834} INFO - Setting next_dagrun for example_subdag_operator.section-1 to None, run_after=None
[2024-03-24T02:58:46.878+0000] {logging_mixin.py:188} INFO - [2024-03-24T02:58:46.878+0000] {dag.py:3834} INFO - Setting next_dagrun for example_subdag_operator.section-2 to None, run_after=None
[2024-03-24T02:58:46.882+0000] {logging_mixin.py:188} INFO - [2024-03-24T02:58:46.882+0000] {dag.py:3047} INFO - Sync 2 DAGs
[2024-03-24T02:58:46.885+0000] {logging_mixin.py:188} INFO - [2024-03-24T02:58:46.885+0000] {dag.py:3834} INFO - Setting next_dagrun for example_subdag_operator.section-1 to None, run_after=None
[2024-03-24T02:58:46.885+0000] {logging_mixin.py:188} INFO - [2024-03-24T02:58:46.885+0000] {dag.py:3834} INFO - Setting next_dagrun for example_subdag_operator.section-2 to None, run_after=None
[2024-03-24T02:58:46.890+0000] {processor.py:183} INFO - Processing /home/airflow/.local/lib/python3.8/site-packages/airflow/example_dags/example_subdag_operator.py took 0.090 seconds
[2024-03-24T02:59:17.454+0000] {processor.py:161} INFO - Started process (PID=424) to work on /home/airflow/.local/lib/python3.8/site-packages/airflow/example_dags/example_subdag_operator.py
[2024-03-24T02:59:17.455+0000] {processor.py:830} INFO - Processing file /home/airflow/.local/lib/python3.8/site-packages/airflow/example_dags/example_subdag_operator.py for tasks to queue
[2024-03-24T02:59:17.455+0000] {logging_mixin.py:188} INFO - [2024-03-24T02:59:17.455+0000] {dagbag.py:540} INFO - Filling up the DagBag from /home/airflow/.local/lib/python3.8/site-packages/airflow/example_dags/example_subdag_operator.py
[2024-03-24T02:59:17.469+0000] {processor.py:840} INFO - DAG(s) 'example_subdag_operator.section-1', 'example_subdag_operator.section-2', 'example_subdag_operator' retrieved from /home/airflow/.local/lib/python3.8/site-packages/airflow/example_dags/example_subdag_operator.py
[2024-03-24T02:59:17.476+0000] {logging_mixin.py:188} INFO - [2024-03-24T02:59:17.476+0000] {dag.py:3047} INFO - Sync 3 DAGs
[2024-03-24T02:59:17.487+0000] {logging_mixin.py:188} INFO - [2024-03-24T02:59:17.487+0000] {dag.py:3834} INFO - Setting next_dagrun for example_subdag_operator to 2022-01-01 00:00:00+00:00, run_after=2022-01-01 00:00:00+00:00
[2024-03-24T02:59:17.489+0000] {logging_mixin.py:188} INFO - [2024-03-24T02:59:17.489+0000] {dag.py:3834} INFO - Setting next_dagrun for example_subdag_operator.section-1 to None, run_after=None
[2024-03-24T02:59:17.490+0000] {logging_mixin.py:188} INFO - [2024-03-24T02:59:17.490+0000] {dag.py:3834} INFO - Setting next_dagrun for example_subdag_operator.section-2 to None, run_after=None
[2024-03-24T02:59:17.495+0000] {logging_mixin.py:188} INFO - [2024-03-24T02:59:17.495+0000] {dag.py:3047} INFO - Sync 2 DAGs
[2024-03-24T02:59:17.497+0000] {logging_mixin.py:188} INFO - [2024-03-24T02:59:17.497+0000] {dag.py:3834} INFO - Setting next_dagrun for example_subdag_operator.section-1 to None, run_after=None
[2024-03-24T02:59:17.498+0000] {logging_mixin.py:188} INFO - [2024-03-24T02:59:17.498+0000] {dag.py:3834} INFO - Setting next_dagrun for example_subdag_operator.section-2 to None, run_after=None
[2024-03-24T02:59:17.504+0000] {processor.py:183} INFO - Processing /home/airflow/.local/lib/python3.8/site-packages/airflow/example_dags/example_subdag_operator.py took 0.052 seconds
[2024-03-24T02:59:47.609+0000] {processor.py:161} INFO - Started process (PID=479) to work on /home/airflow/.local/lib/python3.8/site-packages/airflow/example_dags/example_subdag_operator.py
[2024-03-24T02:59:47.610+0000] {processor.py:830} INFO - Processing file /home/airflow/.local/lib/python3.8/site-packages/airflow/example_dags/example_subdag_operator.py for tasks to queue
[2024-03-24T02:59:47.611+0000] {logging_mixin.py:188} INFO - [2024-03-24T02:59:47.611+0000] {dagbag.py:540} INFO - Filling up the DagBag from /home/airflow/.local/lib/python3.8/site-packages/airflow/example_dags/example_subdag_operator.py
[2024-03-24T02:59:47.624+0000] {processor.py:840} INFO - DAG(s) 'example_subdag_operator.section-1', 'example_subdag_operator.section-2', 'example_subdag_operator' retrieved from /home/airflow/.local/lib/python3.8/site-packages/airflow/example_dags/example_subdag_operator.py
[2024-03-24T02:59:47.633+0000] {logging_mixin.py:188} INFO - [2024-03-24T02:59:47.633+0000] {dag.py:3047} INFO - Sync 3 DAGs
[2024-03-24T02:59:47.644+0000] {logging_mixin.py:188} INFO - [2024-03-24T02:59:47.644+0000] {dag.py:3834} INFO - Setting next_dagrun for example_subdag_operator to 2022-01-01 00:00:00+00:00, run_after=2022-01-01 00:00:00+00:00
[2024-03-24T02:59:47.648+0000] {logging_mixin.py:188} INFO - [2024-03-24T02:59:47.648+0000] {dag.py:3834} INFO - Setting next_dagrun for example_subdag_operator.section-1 to None, run_after=None
[2024-03-24T02:59:47.649+0000] {logging_mixin.py:188} INFO - [2024-03-24T02:59:47.649+0000] {dag.py:3834} INFO - Setting next_dagrun for example_subdag_operator.section-2 to None, run_after=None
[2024-03-24T02:59:47.653+0000] {logging_mixin.py:188} INFO - [2024-03-24T02:59:47.652+0000] {dag.py:3047} INFO - Sync 2 DAGs
[2024-03-24T02:59:47.657+0000] {logging_mixin.py:188} INFO - [2024-03-24T02:59:47.657+0000] {dag.py:3834} INFO - Setting next_dagrun for example_subdag_operator.section-1 to None, run_after=None
[2024-03-24T02:59:47.658+0000] {logging_mixin.py:188} INFO - [2024-03-24T02:59:47.658+0000] {dag.py:3834} INFO - Setting next_dagrun for example_subdag_operator.section-2 to None, run_after=None
[2024-03-24T02:59:47.664+0000] {processor.py:183} INFO - Processing /home/airflow/.local/lib/python3.8/site-packages/airflow/example_dags/example_subdag_operator.py took 0.056 seconds
[2024-03-24T03:00:17.690+0000] {processor.py:161} INFO - Started process (PID=534) to work on /home/airflow/.local/lib/python3.8/site-packages/airflow/example_dags/example_subdag_operator.py
[2024-03-24T03:00:17.691+0000] {processor.py:830} INFO - Processing file /home/airflow/.local/lib/python3.8/site-packages/airflow/example_dags/example_subdag_operator.py for tasks to queue
[2024-03-24T03:00:17.692+0000] {logging_mixin.py:188} INFO - [2024-03-24T03:00:17.692+0000] {dagbag.py:540} INFO - Filling up the DagBag from /home/airflow/.local/lib/python3.8/site-packages/airflow/example_dags/example_subdag_operator.py
[2024-03-24T03:00:17.704+0000] {processor.py:840} INFO - DAG(s) 'example_subdag_operator.section-1', 'example_subdag_operator.section-2', 'example_subdag_operator' retrieved from /home/airflow/.local/lib/python3.8/site-packages/airflow/example_dags/example_subdag_operator.py
[2024-03-24T03:00:17.712+0000] {logging_mixin.py:188} INFO - [2024-03-24T03:00:17.712+0000] {dag.py:3047} INFO - Sync 3 DAGs
[2024-03-24T03:00:17.722+0000] {logging_mixin.py:188} INFO - [2024-03-24T03:00:17.722+0000] {dag.py:3834} INFO - Setting next_dagrun for example_subdag_operator to 2022-01-01 00:00:00+00:00, run_after=2022-01-01 00:00:00+00:00
[2024-03-24T03:00:17.724+0000] {logging_mixin.py:188} INFO - [2024-03-24T03:00:17.724+0000] {dag.py:3834} INFO - Setting next_dagrun for example_subdag_operator.section-1 to None, run_after=None
[2024-03-24T03:00:17.725+0000] {logging_mixin.py:188} INFO - [2024-03-24T03:00:17.725+0000] {dag.py:3834} INFO - Setting next_dagrun for example_subdag_operator.section-2 to None, run_after=None
[2024-03-24T03:00:17.728+0000] {logging_mixin.py:188} INFO - [2024-03-24T03:00:17.728+0000] {dag.py:3047} INFO - Sync 2 DAGs
[2024-03-24T03:00:17.730+0000] {logging_mixin.py:188} INFO - [2024-03-24T03:00:17.730+0000] {dag.py:3834} INFO - Setting next_dagrun for example_subdag_operator.section-1 to None, run_after=None
[2024-03-24T03:00:17.730+0000] {logging_mixin.py:188} INFO - [2024-03-24T03:00:17.730+0000] {dag.py:3834} INFO - Setting next_dagrun for example_subdag_operator.section-2 to None, run_after=None
[2024-03-24T03:00:17.736+0000] {processor.py:183} INFO - Processing /home/airflow/.local/lib/python3.8/site-packages/airflow/example_dags/example_subdag_operator.py took 0.047 seconds
[2024-03-24T03:00:47.966+0000] {processor.py:161} INFO - Started process (PID=589) to work on /home/airflow/.local/lib/python3.8/site-packages/airflow/example_dags/example_subdag_operator.py
[2024-03-24T03:00:47.968+0000] {processor.py:830} INFO - Processing file /home/airflow/.local/lib/python3.8/site-packages/airflow/example_dags/example_subdag_operator.py for tasks to queue
[2024-03-24T03:00:47.970+0000] {logging_mixin.py:188} INFO - [2024-03-24T03:00:47.970+0000] {dagbag.py:540} INFO - Filling up the DagBag from /home/airflow/.local/lib/python3.8/site-packages/airflow/example_dags/example_subdag_operator.py
[2024-03-24T03:00:47.986+0000] {processor.py:840} INFO - DAG(s) 'example_subdag_operator.section-1', 'example_subdag_operator.section-2', 'example_subdag_operator' retrieved from /home/airflow/.local/lib/python3.8/site-packages/airflow/example_dags/example_subdag_operator.py
[2024-03-24T03:00:47.996+0000] {logging_mixin.py:188} INFO - [2024-03-24T03:00:47.996+0000] {dag.py:3047} INFO - Sync 3 DAGs
[2024-03-24T03:00:48.008+0000] {logging_mixin.py:188} INFO - [2024-03-24T03:00:48.008+0000] {dag.py:3834} INFO - Setting next_dagrun for example_subdag_operator to 2022-01-01 00:00:00+00:00, run_after=2022-01-01 00:00:00+00:00
[2024-03-24T03:00:48.010+0000] {logging_mixin.py:188} INFO - [2024-03-24T03:00:48.010+0000] {dag.py:3834} INFO - Setting next_dagrun for example_subdag_operator.section-1 to None, run_after=None
[2024-03-24T03:00:48.011+0000] {logging_mixin.py:188} INFO - [2024-03-24T03:00:48.011+0000] {dag.py:3834} INFO - Setting next_dagrun for example_subdag_operator.section-2 to None, run_after=None
[2024-03-24T03:00:48.016+0000] {logging_mixin.py:188} INFO - [2024-03-24T03:00:48.015+0000] {dag.py:3047} INFO - Sync 2 DAGs
[2024-03-24T03:00:48.019+0000] {logging_mixin.py:188} INFO - [2024-03-24T03:00:48.018+0000] {dag.py:3834} INFO - Setting next_dagrun for example_subdag_operator.section-1 to None, run_after=None
[2024-03-24T03:00:48.019+0000] {logging_mixin.py:188} INFO - [2024-03-24T03:00:48.019+0000] {dag.py:3834} INFO - Setting next_dagrun for example_subdag_operator.section-2 to None, run_after=None
[2024-03-24T03:00:48.024+0000] {processor.py:183} INFO - Processing /home/airflow/.local/lib/python3.8/site-packages/airflow/example_dags/example_subdag_operator.py took 0.061 seconds
[2024-03-24T03:01:18.618+0000] {processor.py:161} INFO - Started process (PID=644) to work on /home/airflow/.local/lib/python3.8/site-packages/airflow/example_dags/example_subdag_operator.py
[2024-03-24T03:01:18.621+0000] {processor.py:830} INFO - Processing file /home/airflow/.local/lib/python3.8/site-packages/airflow/example_dags/example_subdag_operator.py for tasks to queue
[2024-03-24T03:01:18.626+0000] {logging_mixin.py:188} INFO - [2024-03-24T03:01:18.625+0000] {dagbag.py:540} INFO - Filling up the DagBag from /home/airflow/.local/lib/python3.8/site-packages/airflow/example_dags/example_subdag_operator.py
[2024-03-24T03:01:18.646+0000] {processor.py:840} INFO - DAG(s) 'example_subdag_operator.section-1', 'example_subdag_operator.section-2', 'example_subdag_operator' retrieved from /home/airflow/.local/lib/python3.8/site-packages/airflow/example_dags/example_subdag_operator.py
[2024-03-24T03:01:18.659+0000] {logging_mixin.py:188} INFO - [2024-03-24T03:01:18.659+0000] {dag.py:3047} INFO - Sync 3 DAGs
[2024-03-24T03:01:18.685+0000] {logging_mixin.py:188} INFO - [2024-03-24T03:01:18.684+0000] {dag.py:3834} INFO - Setting next_dagrun for example_subdag_operator to 2022-01-01 00:00:00+00:00, run_after=2022-01-01 00:00:00+00:00
[2024-03-24T03:01:18.687+0000] {logging_mixin.py:188} INFO - [2024-03-24T03:01:18.687+0000] {dag.py:3834} INFO - Setting next_dagrun for example_subdag_operator.section-1 to None, run_after=None
[2024-03-24T03:01:18.688+0000] {logging_mixin.py:188} INFO - [2024-03-24T03:01:18.688+0000] {dag.py:3834} INFO - Setting next_dagrun for example_subdag_operator.section-2 to None, run_after=None
[2024-03-24T03:01:18.695+0000] {logging_mixin.py:188} INFO - [2024-03-24T03:01:18.695+0000] {dag.py:3047} INFO - Sync 2 DAGs
[2024-03-24T03:01:18.698+0000] {logging_mixin.py:188} INFO - [2024-03-24T03:01:18.698+0000] {dag.py:3834} INFO - Setting next_dagrun for example_subdag_operator.section-1 to None, run_after=None
[2024-03-24T03:01:18.699+0000] {logging_mixin.py:188} INFO - [2024-03-24T03:01:18.698+0000] {dag.py:3834} INFO - Setting next_dagrun for example_subdag_operator.section-2 to None, run_after=None
[2024-03-24T03:01:18.704+0000] {processor.py:183} INFO - Processing /home/airflow/.local/lib/python3.8/site-packages/airflow/example_dags/example_subdag_operator.py took 0.092 seconds
[2024-03-24T03:01:48.912+0000] {processor.py:161} INFO - Started process (PID=699) to work on /home/airflow/.local/lib/python3.8/site-packages/airflow/example_dags/example_subdag_operator.py
[2024-03-24T03:01:48.913+0000] {processor.py:830} INFO - Processing file /home/airflow/.local/lib/python3.8/site-packages/airflow/example_dags/example_subdag_operator.py for tasks to queue
[2024-03-24T03:01:48.914+0000] {logging_mixin.py:188} INFO - [2024-03-24T03:01:48.914+0000] {dagbag.py:540} INFO - Filling up the DagBag from /home/airflow/.local/lib/python3.8/site-packages/airflow/example_dags/example_subdag_operator.py
[2024-03-24T03:01:48.931+0000] {processor.py:840} INFO - DAG(s) 'example_subdag_operator.section-1', 'example_subdag_operator.section-2', 'example_subdag_operator' retrieved from /home/airflow/.local/lib/python3.8/site-packages/airflow/example_dags/example_subdag_operator.py
[2024-03-24T03:01:48.944+0000] {logging_mixin.py:188} INFO - [2024-03-24T03:01:48.944+0000] {dag.py:3047} INFO - Sync 3 DAGs
[2024-03-24T03:01:48.962+0000] {logging_mixin.py:188} INFO - [2024-03-24T03:01:48.962+0000] {dag.py:3834} INFO - Setting next_dagrun for example_subdag_operator to 2022-01-01 00:00:00+00:00, run_after=2022-01-01 00:00:00+00:00
[2024-03-24T03:01:48.968+0000] {logging_mixin.py:188} INFO - [2024-03-24T03:01:48.967+0000] {dag.py:3834} INFO - Setting next_dagrun for example_subdag_operator.section-1 to None, run_after=None
[2024-03-24T03:01:48.971+0000] {logging_mixin.py:188} INFO - [2024-03-24T03:01:48.971+0000] {dag.py:3834} INFO - Setting next_dagrun for example_subdag_operator.section-2 to None, run_after=None
[2024-03-24T03:01:48.976+0000] {logging_mixin.py:188} INFO - [2024-03-24T03:01:48.976+0000] {dag.py:3047} INFO - Sync 2 DAGs
[2024-03-24T03:01:48.979+0000] {logging_mixin.py:188} INFO - [2024-03-24T03:01:48.978+0000] {dag.py:3834} INFO - Setting next_dagrun for example_subdag_operator.section-1 to None, run_after=None
[2024-03-24T03:01:48.979+0000] {logging_mixin.py:188} INFO - [2024-03-24T03:01:48.979+0000] {dag.py:3834} INFO - Setting next_dagrun for example_subdag_operator.section-2 to None, run_after=None
[2024-03-24T03:01:48.984+0000] {processor.py:183} INFO - Processing /home/airflow/.local/lib/python3.8/site-packages/airflow/example_dags/example_subdag_operator.py took 0.074 seconds
[2024-03-24T03:02:19.457+0000] {processor.py:161} INFO - Started process (PID=754) to work on /home/airflow/.local/lib/python3.8/site-packages/airflow/example_dags/example_subdag_operator.py
[2024-03-24T03:02:19.458+0000] {processor.py:830} INFO - Processing file /home/airflow/.local/lib/python3.8/site-packages/airflow/example_dags/example_subdag_operator.py for tasks to queue
[2024-03-24T03:02:19.459+0000] {logging_mixin.py:188} INFO - [2024-03-24T03:02:19.459+0000] {dagbag.py:540} INFO - Filling up the DagBag from /home/airflow/.local/lib/python3.8/site-packages/airflow/example_dags/example_subdag_operator.py
[2024-03-24T03:02:19.472+0000] {processor.py:840} INFO - DAG(s) 'example_subdag_operator.section-1', 'example_subdag_operator.section-2', 'example_subdag_operator' retrieved from /home/airflow/.local/lib/python3.8/site-packages/airflow/example_dags/example_subdag_operator.py
[2024-03-24T03:02:19.482+0000] {logging_mixin.py:188} INFO - [2024-03-24T03:02:19.482+0000] {dag.py:3047} INFO - Sync 3 DAGs
[2024-03-24T03:02:19.494+0000] {logging_mixin.py:188} INFO - [2024-03-24T03:02:19.494+0000] {dag.py:3834} INFO - Setting next_dagrun for example_subdag_operator to 2022-01-01 00:00:00+00:00, run_after=2022-01-01 00:00:00+00:00
[2024-03-24T03:02:19.496+0000] {logging_mixin.py:188} INFO - [2024-03-24T03:02:19.496+0000] {dag.py:3834} INFO - Setting next_dagrun for example_subdag_operator.section-1 to None, run_after=None
[2024-03-24T03:02:19.497+0000] {logging_mixin.py:188} INFO - [2024-03-24T03:02:19.497+0000] {dag.py:3834} INFO - Setting next_dagrun for example_subdag_operator.section-2 to None, run_after=None
[2024-03-24T03:02:19.501+0000] {logging_mixin.py:188} INFO - [2024-03-24T03:02:19.501+0000] {dag.py:3047} INFO - Sync 2 DAGs
[2024-03-24T03:02:19.504+0000] {logging_mixin.py:188} INFO - [2024-03-24T03:02:19.503+0000] {dag.py:3834} INFO - Setting next_dagrun for example_subdag_operator.section-1 to None, run_after=None
[2024-03-24T03:02:19.504+0000] {logging_mixin.py:188} INFO - [2024-03-24T03:02:19.504+0000] {dag.py:3834} INFO - Setting next_dagrun for example_subdag_operator.section-2 to None, run_after=None
[2024-03-24T03:02:19.510+0000] {processor.py:183} INFO - Processing /home/airflow/.local/lib/python3.8/site-packages/airflow/example_dags/example_subdag_operator.py took 0.054 seconds
[2024-03-24T03:02:49.719+0000] {processor.py:161} INFO - Started process (PID=809) to work on /home/airflow/.local/lib/python3.8/site-packages/airflow/example_dags/example_subdag_operator.py
[2024-03-24T03:02:49.720+0000] {processor.py:830} INFO - Processing file /home/airflow/.local/lib/python3.8/site-packages/airflow/example_dags/example_subdag_operator.py for tasks to queue
[2024-03-24T03:02:49.721+0000] {logging_mixin.py:188} INFO - [2024-03-24T03:02:49.721+0000] {dagbag.py:540} INFO - Filling up the DagBag from /home/airflow/.local/lib/python3.8/site-packages/airflow/example_dags/example_subdag_operator.py
[2024-03-24T03:02:49.733+0000] {processor.py:840} INFO - DAG(s) 'example_subdag_operator.section-1', 'example_subdag_operator.section-2', 'example_subdag_operator' retrieved from /home/airflow/.local/lib/python3.8/site-packages/airflow/example_dags/example_subdag_operator.py
[2024-03-24T03:02:49.741+0000] {logging_mixin.py:188} INFO - [2024-03-24T03:02:49.741+0000] {dag.py:3047} INFO - Sync 3 DAGs
[2024-03-24T03:02:49.752+0000] {logging_mixin.py:188} INFO - [2024-03-24T03:02:49.752+0000] {dag.py:3834} INFO - Setting next_dagrun for example_subdag_operator to 2022-01-01 00:00:00+00:00, run_after=2022-01-01 00:00:00+00:00
[2024-03-24T03:02:49.754+0000] {logging_mixin.py:188} INFO - [2024-03-24T03:02:49.754+0000] {dag.py:3834} INFO - Setting next_dagrun for example_subdag_operator.section-1 to None, run_after=None
[2024-03-24T03:02:49.754+0000] {logging_mixin.py:188} INFO - [2024-03-24T03:02:49.754+0000] {dag.py:3834} INFO - Setting next_dagrun for example_subdag_operator.section-2 to None, run_after=None
[2024-03-24T03:02:49.758+0000] {logging_mixin.py:188} INFO - [2024-03-24T03:02:49.758+0000] {dag.py:3047} INFO - Sync 2 DAGs
[2024-03-24T03:02:49.762+0000] {logging_mixin.py:188} INFO - [2024-03-24T03:02:49.761+0000] {dag.py:3834} INFO - Setting next_dagrun for example_subdag_operator.section-1 to None, run_after=None
[2024-03-24T03:02:49.762+0000] {logging_mixin.py:188} INFO - [2024-03-24T03:02:49.762+0000] {dag.py:3834} INFO - Setting next_dagrun for example_subdag_operator.section-2 to None, run_after=None
[2024-03-24T03:02:49.768+0000] {processor.py:183} INFO - Processing /home/airflow/.local/lib/python3.8/site-packages/airflow/example_dags/example_subdag_operator.py took 0.051 seconds
[2024-03-24T03:03:20.519+0000] {processor.py:161} INFO - Started process (PID=864) to work on /home/airflow/.local/lib/python3.8/site-packages/airflow/example_dags/example_subdag_operator.py
[2024-03-24T03:03:20.520+0000] {processor.py:830} INFO - Processing file /home/airflow/.local/lib/python3.8/site-packages/airflow/example_dags/example_subdag_operator.py for tasks to queue
[2024-03-24T03:03:20.521+0000] {logging_mixin.py:188} INFO - [2024-03-24T03:03:20.521+0000] {dagbag.py:540} INFO - Filling up the DagBag from /home/airflow/.local/lib/python3.8/site-packages/airflow/example_dags/example_subdag_operator.py
[2024-03-24T03:03:20.535+0000] {processor.py:840} INFO - DAG(s) 'example_subdag_operator.section-1', 'example_subdag_operator.section-2', 'example_subdag_operator' retrieved from /home/airflow/.local/lib/python3.8/site-packages/airflow/example_dags/example_subdag_operator.py
[2024-03-24T03:03:20.543+0000] {logging_mixin.py:188} INFO - [2024-03-24T03:03:20.543+0000] {dag.py:3047} INFO - Sync 3 DAGs
[2024-03-24T03:03:20.554+0000] {logging_mixin.py:188} INFO - [2024-03-24T03:03:20.553+0000] {dag.py:3834} INFO - Setting next_dagrun for example_subdag_operator to 2022-01-01 00:00:00+00:00, run_after=2022-01-01 00:00:00+00:00
[2024-03-24T03:03:20.555+0000] {logging_mixin.py:188} INFO - [2024-03-24T03:03:20.555+0000] {dag.py:3834} INFO - Setting next_dagrun for example_subdag_operator.section-1 to None, run_after=None
[2024-03-24T03:03:20.556+0000] {logging_mixin.py:188} INFO - [2024-03-24T03:03:20.556+0000] {dag.py:3834} INFO - Setting next_dagrun for example_subdag_operator.section-2 to None, run_after=None
[2024-03-24T03:03:20.560+0000] {logging_mixin.py:188} INFO - [2024-03-24T03:03:20.560+0000] {dag.py:3047} INFO - Sync 2 DAGs
[2024-03-24T03:03:20.563+0000] {logging_mixin.py:188} INFO - [2024-03-24T03:03:20.562+0000] {dag.py:3834} INFO - Setting next_dagrun for example_subdag_operator.section-1 to None, run_after=None
[2024-03-24T03:03:20.563+0000] {logging_mixin.py:188} INFO - [2024-03-24T03:03:20.563+0000] {dag.py:3834} INFO - Setting next_dagrun for example_subdag_operator.section-2 to None, run_after=None
[2024-03-24T03:03:20.568+0000] {processor.py:183} INFO - Processing /home/airflow/.local/lib/python3.8/site-packages/airflow/example_dags/example_subdag_operator.py took 0.051 seconds
[2024-03-24T03:03:50.785+0000] {processor.py:161} INFO - Started process (PID=919) to work on /home/airflow/.local/lib/python3.8/site-packages/airflow/example_dags/example_subdag_operator.py
[2024-03-24T03:03:50.786+0000] {processor.py:830} INFO - Processing file /home/airflow/.local/lib/python3.8/site-packages/airflow/example_dags/example_subdag_operator.py for tasks to queue
[2024-03-24T03:03:50.787+0000] {logging_mixin.py:188} INFO - [2024-03-24T03:03:50.787+0000] {dagbag.py:540} INFO - Filling up the DagBag from /home/airflow/.local/lib/python3.8/site-packages/airflow/example_dags/example_subdag_operator.py
[2024-03-24T03:03:50.799+0000] {processor.py:840} INFO - DAG(s) 'example_subdag_operator.section-1', 'example_subdag_operator.section-2', 'example_subdag_operator' retrieved from /home/airflow/.local/lib/python3.8/site-packages/airflow/example_dags/example_subdag_operator.py
[2024-03-24T03:03:50.807+0000] {logging_mixin.py:188} INFO - [2024-03-24T03:03:50.807+0000] {dag.py:3047} INFO - Sync 3 DAGs
[2024-03-24T03:03:50.818+0000] {logging_mixin.py:188} INFO - [2024-03-24T03:03:50.817+0000] {dag.py:3834} INFO - Setting next_dagrun for example_subdag_operator to 2022-01-01 00:00:00+00:00, run_after=2022-01-01 00:00:00+00:00
[2024-03-24T03:03:50.820+0000] {logging_mixin.py:188} INFO - [2024-03-24T03:03:50.820+0000] {dag.py:3834} INFO - Setting next_dagrun for example_subdag_operator.section-1 to None, run_after=None
[2024-03-24T03:03:50.820+0000] {logging_mixin.py:188} INFO - [2024-03-24T03:03:50.820+0000] {dag.py:3834} INFO - Setting next_dagrun for example_subdag_operator.section-2 to None, run_after=None
[2024-03-24T03:03:50.827+0000] {logging_mixin.py:188} INFO - [2024-03-24T03:03:50.826+0000] {dag.py:3047} INFO - Sync 2 DAGs
[2024-03-24T03:03:50.829+0000] {logging_mixin.py:188} INFO - [2024-03-24T03:03:50.829+0000] {dag.py:3834} INFO - Setting next_dagrun for example_subdag_operator.section-1 to None, run_after=None
[2024-03-24T03:03:50.832+0000] {logging_mixin.py:188} INFO - [2024-03-24T03:03:50.831+0000] {dag.py:3834} INFO - Setting next_dagrun for example_subdag_operator.section-2 to None, run_after=None
[2024-03-24T03:03:50.837+0000] {processor.py:183} INFO - Processing /home/airflow/.local/lib/python3.8/site-packages/airflow/example_dags/example_subdag_operator.py took 0.054 seconds
[2024-03-24T03:04:21.627+0000] {processor.py:161} INFO - Started process (PID=973) to work on /home/airflow/.local/lib/python3.8/site-packages/airflow/example_dags/example_subdag_operator.py
[2024-03-24T03:04:21.628+0000] {processor.py:830} INFO - Processing file /home/airflow/.local/lib/python3.8/site-packages/airflow/example_dags/example_subdag_operator.py for tasks to queue
[2024-03-24T03:04:21.629+0000] {logging_mixin.py:188} INFO - [2024-03-24T03:04:21.629+0000] {dagbag.py:540} INFO - Filling up the DagBag from /home/airflow/.local/lib/python3.8/site-packages/airflow/example_dags/example_subdag_operator.py
[2024-03-24T03:04:21.641+0000] {processor.py:840} INFO - DAG(s) 'example_subdag_operator.section-1', 'example_subdag_operator.section-2', 'example_subdag_operator' retrieved from /home/airflow/.local/lib/python3.8/site-packages/airflow/example_dags/example_subdag_operator.py
[2024-03-24T03:04:21.649+0000] {logging_mixin.py:188} INFO - [2024-03-24T03:04:21.649+0000] {dag.py:3047} INFO - Sync 3 DAGs
[2024-03-24T03:04:21.660+0000] {logging_mixin.py:188} INFO - [2024-03-24T03:04:21.660+0000] {dag.py:3834} INFO - Setting next_dagrun for example_subdag_operator to 2022-01-01 00:00:00+00:00, run_after=2022-01-01 00:00:00+00:00
[2024-03-24T03:04:21.662+0000] {logging_mixin.py:188} INFO - [2024-03-24T03:04:21.661+0000] {dag.py:3834} INFO - Setting next_dagrun for example_subdag_operator.section-1 to None, run_after=None
[2024-03-24T03:04:21.662+0000] {logging_mixin.py:188} INFO - [2024-03-24T03:04:21.662+0000] {dag.py:3834} INFO - Setting next_dagrun for example_subdag_operator.section-2 to None, run_after=None
[2024-03-24T03:04:21.666+0000] {logging_mixin.py:188} INFO - [2024-03-24T03:04:21.666+0000] {dag.py:3047} INFO - Sync 2 DAGs
[2024-03-24T03:04:21.668+0000] {logging_mixin.py:188} INFO - [2024-03-24T03:04:21.668+0000] {dag.py:3834} INFO - Setting next_dagrun for example_subdag_operator.section-1 to None, run_after=None
[2024-03-24T03:04:21.669+0000] {logging_mixin.py:188} INFO - [2024-03-24T03:04:21.669+0000] {dag.py:3834} INFO - Setting next_dagrun for example_subdag_operator.section-2 to None, run_after=None
[2024-03-24T03:04:21.673+0000] {processor.py:183} INFO - Processing /home/airflow/.local/lib/python3.8/site-packages/airflow/example_dags/example_subdag_operator.py took 0.048 seconds
[2024-03-24T03:04:51.925+0000] {processor.py:161} INFO - Started process (PID=1027) to work on /home/airflow/.local/lib/python3.8/site-packages/airflow/example_dags/example_subdag_operator.py
[2024-03-24T03:04:51.925+0000] {processor.py:830} INFO - Processing file /home/airflow/.local/lib/python3.8/site-packages/airflow/example_dags/example_subdag_operator.py for tasks to queue
[2024-03-24T03:04:51.926+0000] {logging_mixin.py:188} INFO - [2024-03-24T03:04:51.926+0000] {dagbag.py:540} INFO - Filling up the DagBag from /home/airflow/.local/lib/python3.8/site-packages/airflow/example_dags/example_subdag_operator.py
[2024-03-24T03:04:51.939+0000] {processor.py:840} INFO - DAG(s) 'example_subdag_operator.section-1', 'example_subdag_operator.section-2', 'example_subdag_operator' retrieved from /home/airflow/.local/lib/python3.8/site-packages/airflow/example_dags/example_subdag_operator.py
[2024-03-24T03:04:51.947+0000] {logging_mixin.py:188} INFO - [2024-03-24T03:04:51.947+0000] {dag.py:3047} INFO - Sync 3 DAGs
[2024-03-24T03:04:51.958+0000] {logging_mixin.py:188} INFO - [2024-03-24T03:04:51.958+0000] {dag.py:3834} INFO - Setting next_dagrun for example_subdag_operator to 2022-01-01 00:00:00+00:00, run_after=2022-01-01 00:00:00+00:00
[2024-03-24T03:04:51.960+0000] {logging_mixin.py:188} INFO - [2024-03-24T03:04:51.960+0000] {dag.py:3834} INFO - Setting next_dagrun for example_subdag_operator.section-1 to None, run_after=None
[2024-03-24T03:04:51.961+0000] {logging_mixin.py:188} INFO - [2024-03-24T03:04:51.961+0000] {dag.py:3834} INFO - Setting next_dagrun for example_subdag_operator.section-2 to None, run_after=None
[2024-03-24T03:04:51.965+0000] {logging_mixin.py:188} INFO - [2024-03-24T03:04:51.964+0000] {dag.py:3047} INFO - Sync 2 DAGs
[2024-03-24T03:04:51.967+0000] {logging_mixin.py:188} INFO - [2024-03-24T03:04:51.967+0000] {dag.py:3834} INFO - Setting next_dagrun for example_subdag_operator.section-1 to None, run_after=None
[2024-03-24T03:04:51.968+0000] {logging_mixin.py:188} INFO - [2024-03-24T03:04:51.968+0000] {dag.py:3834} INFO - Setting next_dagrun for example_subdag_operator.section-2 to None, run_after=None
[2024-03-24T03:04:51.974+0000] {processor.py:183} INFO - Processing /home/airflow/.local/lib/python3.8/site-packages/airflow/example_dags/example_subdag_operator.py took 0.051 seconds
[2024-03-24T03:05:22.292+0000] {processor.py:161} INFO - Started process (PID=1083) to work on /home/airflow/.local/lib/python3.8/site-packages/airflow/example_dags/example_subdag_operator.py
[2024-03-24T03:05:22.293+0000] {processor.py:830} INFO - Processing file /home/airflow/.local/lib/python3.8/site-packages/airflow/example_dags/example_subdag_operator.py for tasks to queue
[2024-03-24T03:05:22.293+0000] {logging_mixin.py:188} INFO - [2024-03-24T03:05:22.293+0000] {dagbag.py:540} INFO - Filling up the DagBag from /home/airflow/.local/lib/python3.8/site-packages/airflow/example_dags/example_subdag_operator.py
[2024-03-24T03:05:22.307+0000] {processor.py:840} INFO - DAG(s) 'example_subdag_operator.section-1', 'example_subdag_operator.section-2', 'example_subdag_operator' retrieved from /home/airflow/.local/lib/python3.8/site-packages/airflow/example_dags/example_subdag_operator.py
[2024-03-24T03:05:22.317+0000] {logging_mixin.py:188} INFO - [2024-03-24T03:05:22.317+0000] {dag.py:3047} INFO - Sync 3 DAGs
[2024-03-24T03:05:22.337+0000] {logging_mixin.py:188} INFO - [2024-03-24T03:05:22.337+0000] {dag.py:3834} INFO - Setting next_dagrun for example_subdag_operator to 2022-01-01 00:00:00+00:00, run_after=2022-01-01 00:00:00+00:00
[2024-03-24T03:05:22.340+0000] {logging_mixin.py:188} INFO - [2024-03-24T03:05:22.340+0000] {dag.py:3834} INFO - Setting next_dagrun for example_subdag_operator.section-1 to None, run_after=None
[2024-03-24T03:05:22.343+0000] {logging_mixin.py:188} INFO - [2024-03-24T03:05:22.342+0000] {dag.py:3834} INFO - Setting next_dagrun for example_subdag_operator.section-2 to None, run_after=None
[2024-03-24T03:05:22.347+0000] {logging_mixin.py:188} INFO - [2024-03-24T03:05:22.347+0000] {dag.py:3047} INFO - Sync 2 DAGs
[2024-03-24T03:05:22.352+0000] {logging_mixin.py:188} INFO - [2024-03-24T03:05:22.351+0000] {dag.py:3834} INFO - Setting next_dagrun for example_subdag_operator.section-1 to None, run_after=None
[2024-03-24T03:05:22.355+0000] {logging_mixin.py:188} INFO - [2024-03-24T03:05:22.355+0000] {dag.py:3834} INFO - Setting next_dagrun for example_subdag_operator.section-2 to None, run_after=None
[2024-03-24T03:05:22.364+0000] {processor.py:183} INFO - Processing /home/airflow/.local/lib/python3.8/site-packages/airflow/example_dags/example_subdag_operator.py took 0.074 seconds
[2024-03-24T03:05:53.006+0000] {processor.py:161} INFO - Started process (PID=1137) to work on /home/airflow/.local/lib/python3.8/site-packages/airflow/example_dags/example_subdag_operator.py
[2024-03-24T03:05:53.007+0000] {processor.py:830} INFO - Processing file /home/airflow/.local/lib/python3.8/site-packages/airflow/example_dags/example_subdag_operator.py for tasks to queue
[2024-03-24T03:05:53.008+0000] {logging_mixin.py:188} INFO - [2024-03-24T03:05:53.008+0000] {dagbag.py:540} INFO - Filling up the DagBag from /home/airflow/.local/lib/python3.8/site-packages/airflow/example_dags/example_subdag_operator.py
[2024-03-24T03:05:53.021+0000] {processor.py:840} INFO - DAG(s) 'example_subdag_operator.section-1', 'example_subdag_operator.section-2', 'example_subdag_operator' retrieved from /home/airflow/.local/lib/python3.8/site-packages/airflow/example_dags/example_subdag_operator.py
[2024-03-24T03:05:53.029+0000] {logging_mixin.py:188} INFO - [2024-03-24T03:05:53.028+0000] {dag.py:3047} INFO - Sync 3 DAGs
[2024-03-24T03:05:53.040+0000] {logging_mixin.py:188} INFO - [2024-03-24T03:05:53.039+0000] {dag.py:3834} INFO - Setting next_dagrun for example_subdag_operator to 2022-01-01 00:00:00+00:00, run_after=2022-01-01 00:00:00+00:00
[2024-03-24T03:05:53.041+0000] {logging_mixin.py:188} INFO - [2024-03-24T03:05:53.041+0000] {dag.py:3834} INFO - Setting next_dagrun for example_subdag_operator.section-1 to None, run_after=None
[2024-03-24T03:05:53.042+0000] {logging_mixin.py:188} INFO - [2024-03-24T03:05:53.042+0000] {dag.py:3834} INFO - Setting next_dagrun for example_subdag_operator.section-2 to None, run_after=None
[2024-03-24T03:05:53.046+0000] {logging_mixin.py:188} INFO - [2024-03-24T03:05:53.046+0000] {dag.py:3047} INFO - Sync 2 DAGs
[2024-03-24T03:05:53.048+0000] {logging_mixin.py:188} INFO - [2024-03-24T03:05:53.048+0000] {dag.py:3834} INFO - Setting next_dagrun for example_subdag_operator.section-1 to None, run_after=None
[2024-03-24T03:05:53.049+0000] {logging_mixin.py:188} INFO - [2024-03-24T03:05:53.049+0000] {dag.py:3834} INFO - Setting next_dagrun for example_subdag_operator.section-2 to None, run_after=None
[2024-03-24T03:05:53.054+0000] {processor.py:183} INFO - Processing /home/airflow/.local/lib/python3.8/site-packages/airflow/example_dags/example_subdag_operator.py took 0.050 seconds
