[2024-03-24T02:55:42.263+0000] {processor.py:161} INFO - Started process (PID=31) to work on /home/airflow/.local/lib/python3.8/site-packages/airflow/example_dags/example_setup_teardown.py
[2024-03-24T02:55:42.265+0000] {processor.py:830} INFO - Processing file /home/airflow/.local/lib/python3.8/site-packages/airflow/example_dags/example_setup_teardown.py for tasks to queue
[2024-03-24T02:55:42.269+0000] {logging_mixin.py:188} INFO - [2024-03-24T02:55:42.268+0000] {dagbag.py:540} INFO - Filling up the DagBag from /home/airflow/.local/lib/python3.8/site-packages/airflow/example_dags/example_setup_teardown.py
[2024-03-24T02:55:42.283+0000] {processor.py:840} INFO - DAG(s) 'example_setup_teardown' retrieved from /home/airflow/.local/lib/python3.8/site-packages/airflow/example_dags/example_setup_teardown.py
[2024-03-24T02:55:42.349+0000] {logging_mixin.py:188} INFO - [2024-03-24T02:55:42.349+0000] {dag.py:3047} INFO - Sync 1 DAGs
[2024-03-24T02:55:42.377+0000] {logging_mixin.py:188} INFO - [2024-03-24T02:55:42.377+0000] {dag.py:3834} INFO - Setting next_dagrun for example_setup_teardown to 2024-03-23 00:00:00+00:00, run_after=2024-03-24 00:00:00+00:00
[2024-03-24T02:55:42.417+0000] {processor.py:183} INFO - Processing /home/airflow/.local/lib/python3.8/site-packages/airflow/example_dags/example_setup_teardown.py took 0.161 seconds
[2024-03-24T02:56:13.031+0000] {processor.py:161} INFO - Started process (PID=85) to work on /home/airflow/.local/lib/python3.8/site-packages/airflow/example_dags/example_setup_teardown.py
[2024-03-24T02:56:13.033+0000] {processor.py:830} INFO - Processing file /home/airflow/.local/lib/python3.8/site-packages/airflow/example_dags/example_setup_teardown.py for tasks to queue
[2024-03-24T02:56:13.038+0000] {logging_mixin.py:188} INFO - [2024-03-24T02:56:13.037+0000] {dagbag.py:540} INFO - Filling up the DagBag from /home/airflow/.local/lib/python3.8/site-packages/airflow/example_dags/example_setup_teardown.py
[2024-03-24T02:56:13.049+0000] {processor.py:840} INFO - DAG(s) 'example_setup_teardown' retrieved from /home/airflow/.local/lib/python3.8/site-packages/airflow/example_dags/example_setup_teardown.py
[2024-03-24T02:56:13.199+0000] {logging_mixin.py:188} INFO - [2024-03-24T02:56:13.199+0000] {dag.py:3047} INFO - Sync 1 DAGs
[2024-03-24T02:56:13.211+0000] {logging_mixin.py:188} INFO - [2024-03-24T02:56:13.211+0000] {dag.py:3834} INFO - Setting next_dagrun for example_setup_teardown to 2024-03-23 00:00:00+00:00, run_after=2024-03-24 00:00:00+00:00
[2024-03-24T02:56:13.228+0000] {processor.py:183} INFO - Processing /home/airflow/.local/lib/python3.8/site-packages/airflow/example_dags/example_setup_teardown.py took 0.202 seconds
[2024-03-24T02:56:43.801+0000] {processor.py:161} INFO - Started process (PID=140) to work on /home/airflow/.local/lib/python3.8/site-packages/airflow/example_dags/example_setup_teardown.py
[2024-03-24T02:56:43.803+0000] {processor.py:830} INFO - Processing file /home/airflow/.local/lib/python3.8/site-packages/airflow/example_dags/example_setup_teardown.py for tasks to queue
[2024-03-24T02:56:43.809+0000] {logging_mixin.py:188} INFO - [2024-03-24T02:56:43.808+0000] {dagbag.py:540} INFO - Filling up the DagBag from /home/airflow/.local/lib/python3.8/site-packages/airflow/example_dags/example_setup_teardown.py
[2024-03-24T02:56:43.819+0000] {processor.py:840} INFO - DAG(s) 'example_setup_teardown' retrieved from /home/airflow/.local/lib/python3.8/site-packages/airflow/example_dags/example_setup_teardown.py
[2024-03-24T02:56:43.837+0000] {logging_mixin.py:188} INFO - [2024-03-24T02:56:43.837+0000] {dag.py:3047} INFO - Sync 1 DAGs
[2024-03-24T02:56:43.869+0000] {logging_mixin.py:188} INFO - [2024-03-24T02:56:43.869+0000] {dag.py:3834} INFO - Setting next_dagrun for example_setup_teardown to 2024-03-23 00:00:00+00:00, run_after=2024-03-24 00:00:00+00:00
[2024-03-24T02:56:43.883+0000] {processor.py:183} INFO - Processing /home/airflow/.local/lib/python3.8/site-packages/airflow/example_dags/example_setup_teardown.py took 0.087 seconds
[2024-03-24T02:57:14.479+0000] {processor.py:161} INFO - Started process (PID=195) to work on /home/airflow/.local/lib/python3.8/site-packages/airflow/example_dags/example_setup_teardown.py
[2024-03-24T02:57:14.481+0000] {processor.py:830} INFO - Processing file /home/airflow/.local/lib/python3.8/site-packages/airflow/example_dags/example_setup_teardown.py for tasks to queue
[2024-03-24T02:57:14.484+0000] {logging_mixin.py:188} INFO - [2024-03-24T02:57:14.484+0000] {dagbag.py:540} INFO - Filling up the DagBag from /home/airflow/.local/lib/python3.8/site-packages/airflow/example_dags/example_setup_teardown.py
[2024-03-24T02:57:14.504+0000] {processor.py:840} INFO - DAG(s) 'example_setup_teardown' retrieved from /home/airflow/.local/lib/python3.8/site-packages/airflow/example_dags/example_setup_teardown.py
[2024-03-24T02:57:14.538+0000] {logging_mixin.py:188} INFO - [2024-03-24T02:57:14.538+0000] {dag.py:3047} INFO - Sync 1 DAGs
[2024-03-24T02:57:14.559+0000] {logging_mixin.py:188} INFO - [2024-03-24T02:57:14.559+0000] {dag.py:3834} INFO - Setting next_dagrun for example_setup_teardown to 2024-03-23 00:00:00+00:00, run_after=2024-03-24 00:00:00+00:00
[2024-03-24T02:57:14.569+0000] {processor.py:183} INFO - Processing /home/airflow/.local/lib/python3.8/site-packages/airflow/example_dags/example_setup_teardown.py took 0.099 seconds
[2024-03-24T02:57:45.374+0000] {processor.py:161} INFO - Started process (PID=250) to work on /home/airflow/.local/lib/python3.8/site-packages/airflow/example_dags/example_setup_teardown.py
[2024-03-24T02:57:45.378+0000] {processor.py:830} INFO - Processing file /home/airflow/.local/lib/python3.8/site-packages/airflow/example_dags/example_setup_teardown.py for tasks to queue
[2024-03-24T02:57:45.382+0000] {logging_mixin.py:188} INFO - [2024-03-24T02:57:45.382+0000] {dagbag.py:540} INFO - Filling up the DagBag from /home/airflow/.local/lib/python3.8/site-packages/airflow/example_dags/example_setup_teardown.py
[2024-03-24T02:57:45.395+0000] {processor.py:840} INFO - DAG(s) 'example_setup_teardown' retrieved from /home/airflow/.local/lib/python3.8/site-packages/airflow/example_dags/example_setup_teardown.py
[2024-03-24T02:57:45.430+0000] {logging_mixin.py:188} INFO - [2024-03-24T02:57:45.429+0000] {dag.py:3047} INFO - Sync 1 DAGs
[2024-03-24T02:57:45.447+0000] {logging_mixin.py:188} INFO - [2024-03-24T02:57:45.447+0000] {dag.py:3834} INFO - Setting next_dagrun for example_setup_teardown to 2024-03-23 00:00:00+00:00, run_after=2024-03-24 00:00:00+00:00
[2024-03-24T02:57:45.460+0000] {processor.py:183} INFO - Processing /home/airflow/.local/lib/python3.8/site-packages/airflow/example_dags/example_setup_teardown.py took 0.096 seconds
[2024-03-24T02:58:15.523+0000] {processor.py:161} INFO - Started process (PID=305) to work on /home/airflow/.local/lib/python3.8/site-packages/airflow/example_dags/example_setup_teardown.py
[2024-03-24T02:58:15.528+0000] {processor.py:830} INFO - Processing file /home/airflow/.local/lib/python3.8/site-packages/airflow/example_dags/example_setup_teardown.py for tasks to queue
[2024-03-24T02:58:15.532+0000] {logging_mixin.py:188} INFO - [2024-03-24T02:58:15.531+0000] {dagbag.py:540} INFO - Filling up the DagBag from /home/airflow/.local/lib/python3.8/site-packages/airflow/example_dags/example_setup_teardown.py
[2024-03-24T02:58:15.555+0000] {processor.py:840} INFO - DAG(s) 'example_setup_teardown' retrieved from /home/airflow/.local/lib/python3.8/site-packages/airflow/example_dags/example_setup_teardown.py
[2024-03-24T02:58:15.574+0000] {logging_mixin.py:188} INFO - [2024-03-24T02:58:15.574+0000] {dag.py:3047} INFO - Sync 1 DAGs
[2024-03-24T02:58:15.709+0000] {logging_mixin.py:188} INFO - [2024-03-24T02:58:15.708+0000] {dag.py:3834} INFO - Setting next_dagrun for example_setup_teardown to 2024-03-23 00:00:00+00:00, run_after=2024-03-24 00:00:00+00:00
[2024-03-24T02:58:15.802+0000] {processor.py:183} INFO - Processing /home/airflow/.local/lib/python3.8/site-packages/airflow/example_dags/example_setup_teardown.py took 0.288 seconds
[2024-03-24T02:58:46.281+0000] {processor.py:161} INFO - Started process (PID=360) to work on /home/airflow/.local/lib/python3.8/site-packages/airflow/example_dags/example_setup_teardown.py
[2024-03-24T02:58:46.285+0000] {processor.py:830} INFO - Processing file /home/airflow/.local/lib/python3.8/site-packages/airflow/example_dags/example_setup_teardown.py for tasks to queue
[2024-03-24T02:58:46.292+0000] {logging_mixin.py:188} INFO - [2024-03-24T02:58:46.290+0000] {dagbag.py:540} INFO - Filling up the DagBag from /home/airflow/.local/lib/python3.8/site-packages/airflow/example_dags/example_setup_teardown.py
[2024-03-24T02:58:46.316+0000] {processor.py:840} INFO - DAG(s) 'example_setup_teardown' retrieved from /home/airflow/.local/lib/python3.8/site-packages/airflow/example_dags/example_setup_teardown.py
[2024-03-24T02:58:46.405+0000] {logging_mixin.py:188} INFO - [2024-03-24T02:58:46.405+0000] {dag.py:3047} INFO - Sync 1 DAGs
[2024-03-24T02:58:46.418+0000] {logging_mixin.py:188} INFO - [2024-03-24T02:58:46.418+0000] {dag.py:3834} INFO - Setting next_dagrun for example_setup_teardown to 2024-03-23 00:00:00+00:00, run_after=2024-03-24 00:00:00+00:00
[2024-03-24T02:58:46.432+0000] {processor.py:183} INFO - Processing /home/airflow/.local/lib/python3.8/site-packages/airflow/example_dags/example_setup_teardown.py took 0.162 seconds
[2024-03-24T02:59:17.137+0000] {processor.py:161} INFO - Started process (PID=415) to work on /home/airflow/.local/lib/python3.8/site-packages/airflow/example_dags/example_setup_teardown.py
[2024-03-24T02:59:17.140+0000] {processor.py:830} INFO - Processing file /home/airflow/.local/lib/python3.8/site-packages/airflow/example_dags/example_setup_teardown.py for tasks to queue
[2024-03-24T02:59:17.155+0000] {logging_mixin.py:188} INFO - [2024-03-24T02:59:17.154+0000] {dagbag.py:540} INFO - Filling up the DagBag from /home/airflow/.local/lib/python3.8/site-packages/airflow/example_dags/example_setup_teardown.py
[2024-03-24T02:59:17.179+0000] {processor.py:840} INFO - DAG(s) 'example_setup_teardown' retrieved from /home/airflow/.local/lib/python3.8/site-packages/airflow/example_dags/example_setup_teardown.py
[2024-03-24T02:59:17.201+0000] {logging_mixin.py:188} INFO - [2024-03-24T02:59:17.201+0000] {dag.py:3047} INFO - Sync 1 DAGs
[2024-03-24T02:59:17.216+0000] {logging_mixin.py:188} INFO - [2024-03-24T02:59:17.216+0000] {dag.py:3834} INFO - Setting next_dagrun for example_setup_teardown to 2024-03-23 00:00:00+00:00, run_after=2024-03-24 00:00:00+00:00
[2024-03-24T02:59:17.227+0000] {processor.py:183} INFO - Processing /home/airflow/.local/lib/python3.8/site-packages/airflow/example_dags/example_setup_teardown.py took 0.098 seconds
[2024-03-24T02:59:47.321+0000] {processor.py:161} INFO - Started process (PID=470) to work on /home/airflow/.local/lib/python3.8/site-packages/airflow/example_dags/example_setup_teardown.py
[2024-03-24T02:59:47.323+0000] {processor.py:830} INFO - Processing file /home/airflow/.local/lib/python3.8/site-packages/airflow/example_dags/example_setup_teardown.py for tasks to queue
[2024-03-24T02:59:47.329+0000] {logging_mixin.py:188} INFO - [2024-03-24T02:59:47.328+0000] {dagbag.py:540} INFO - Filling up the DagBag from /home/airflow/.local/lib/python3.8/site-packages/airflow/example_dags/example_setup_teardown.py
[2024-03-24T02:59:47.342+0000] {processor.py:840} INFO - DAG(s) 'example_setup_teardown' retrieved from /home/airflow/.local/lib/python3.8/site-packages/airflow/example_dags/example_setup_teardown.py
[2024-03-24T02:59:47.364+0000] {logging_mixin.py:188} INFO - [2024-03-24T02:59:47.364+0000] {dag.py:3047} INFO - Sync 1 DAGs
[2024-03-24T02:59:47.380+0000] {logging_mixin.py:188} INFO - [2024-03-24T02:59:47.380+0000] {dag.py:3834} INFO - Setting next_dagrun for example_setup_teardown to 2024-03-23 00:00:00+00:00, run_after=2024-03-24 00:00:00+00:00
[2024-03-24T02:59:47.392+0000] {processor.py:183} INFO - Processing /home/airflow/.local/lib/python3.8/site-packages/airflow/example_dags/example_setup_teardown.py took 0.080 seconds
[2024-03-24T03:00:17.435+0000] {processor.py:161} INFO - Started process (PID=525) to work on /home/airflow/.local/lib/python3.8/site-packages/airflow/example_dags/example_setup_teardown.py
[2024-03-24T03:00:17.436+0000] {processor.py:830} INFO - Processing file /home/airflow/.local/lib/python3.8/site-packages/airflow/example_dags/example_setup_teardown.py for tasks to queue
[2024-03-24T03:00:17.439+0000] {logging_mixin.py:188} INFO - [2024-03-24T03:00:17.438+0000] {dagbag.py:540} INFO - Filling up the DagBag from /home/airflow/.local/lib/python3.8/site-packages/airflow/example_dags/example_setup_teardown.py
[2024-03-24T03:00:17.446+0000] {processor.py:840} INFO - DAG(s) 'example_setup_teardown' retrieved from /home/airflow/.local/lib/python3.8/site-packages/airflow/example_dags/example_setup_teardown.py
[2024-03-24T03:00:17.462+0000] {logging_mixin.py:188} INFO - [2024-03-24T03:00:17.462+0000] {dag.py:3047} INFO - Sync 1 DAGs
[2024-03-24T03:00:17.476+0000] {logging_mixin.py:188} INFO - [2024-03-24T03:00:17.476+0000] {dag.py:3834} INFO - Setting next_dagrun for example_setup_teardown to 2024-03-23 00:00:00+00:00, run_after=2024-03-24 00:00:00+00:00
[2024-03-24T03:00:17.488+0000] {processor.py:183} INFO - Processing /home/airflow/.local/lib/python3.8/site-packages/airflow/example_dags/example_setup_teardown.py took 0.057 seconds
[2024-03-24T03:00:47.594+0000] {processor.py:161} INFO - Started process (PID=580) to work on /home/airflow/.local/lib/python3.8/site-packages/airflow/example_dags/example_setup_teardown.py
[2024-03-24T03:00:47.599+0000] {processor.py:830} INFO - Processing file /home/airflow/.local/lib/python3.8/site-packages/airflow/example_dags/example_setup_teardown.py for tasks to queue
[2024-03-24T03:00:47.602+0000] {logging_mixin.py:188} INFO - [2024-03-24T03:00:47.602+0000] {dagbag.py:540} INFO - Filling up the DagBag from /home/airflow/.local/lib/python3.8/site-packages/airflow/example_dags/example_setup_teardown.py
[2024-03-24T03:00:47.612+0000] {processor.py:840} INFO - DAG(s) 'example_setup_teardown' retrieved from /home/airflow/.local/lib/python3.8/site-packages/airflow/example_dags/example_setup_teardown.py
[2024-03-24T03:00:47.634+0000] {logging_mixin.py:188} INFO - [2024-03-24T03:00:47.634+0000] {dag.py:3047} INFO - Sync 1 DAGs
[2024-03-24T03:00:47.663+0000] {logging_mixin.py:188} INFO - [2024-03-24T03:00:47.663+0000] {dag.py:3834} INFO - Setting next_dagrun for example_setup_teardown to 2024-03-23 00:00:00+00:00, run_after=2024-03-24 00:00:00+00:00
[2024-03-24T03:00:47.675+0000] {processor.py:183} INFO - Processing /home/airflow/.local/lib/python3.8/site-packages/airflow/example_dags/example_setup_teardown.py took 0.086 seconds
[2024-03-24T03:01:18.035+0000] {processor.py:161} INFO - Started process (PID=635) to work on /home/airflow/.local/lib/python3.8/site-packages/airflow/example_dags/example_setup_teardown.py
[2024-03-24T03:01:18.039+0000] {processor.py:830} INFO - Processing file /home/airflow/.local/lib/python3.8/site-packages/airflow/example_dags/example_setup_teardown.py for tasks to queue
[2024-03-24T03:01:18.045+0000] {logging_mixin.py:188} INFO - [2024-03-24T03:01:18.044+0000] {dagbag.py:540} INFO - Filling up the DagBag from /home/airflow/.local/lib/python3.8/site-packages/airflow/example_dags/example_setup_teardown.py
[2024-03-24T03:01:18.057+0000] {processor.py:840} INFO - DAG(s) 'example_setup_teardown' retrieved from /home/airflow/.local/lib/python3.8/site-packages/airflow/example_dags/example_setup_teardown.py
[2024-03-24T03:01:18.098+0000] {logging_mixin.py:188} INFO - [2024-03-24T03:01:18.098+0000] {dag.py:3047} INFO - Sync 1 DAGs
[2024-03-24T03:01:18.123+0000] {logging_mixin.py:188} INFO - [2024-03-24T03:01:18.123+0000] {dag.py:3834} INFO - Setting next_dagrun for example_setup_teardown to 2024-03-23 00:00:00+00:00, run_after=2024-03-24 00:00:00+00:00
[2024-03-24T03:01:18.141+0000] {processor.py:183} INFO - Processing /home/airflow/.local/lib/python3.8/site-packages/airflow/example_dags/example_setup_teardown.py took 0.121 seconds
[2024-03-24T03:01:48.617+0000] {processor.py:161} INFO - Started process (PID=690) to work on /home/airflow/.local/lib/python3.8/site-packages/airflow/example_dags/example_setup_teardown.py
[2024-03-24T03:01:48.620+0000] {processor.py:830} INFO - Processing file /home/airflow/.local/lib/python3.8/site-packages/airflow/example_dags/example_setup_teardown.py for tasks to queue
[2024-03-24T03:01:48.624+0000] {logging_mixin.py:188} INFO - [2024-03-24T03:01:48.623+0000] {dagbag.py:540} INFO - Filling up the DagBag from /home/airflow/.local/lib/python3.8/site-packages/airflow/example_dags/example_setup_teardown.py
[2024-03-24T03:01:48.634+0000] {processor.py:840} INFO - DAG(s) 'example_setup_teardown' retrieved from /home/airflow/.local/lib/python3.8/site-packages/airflow/example_dags/example_setup_teardown.py
[2024-03-24T03:01:48.670+0000] {logging_mixin.py:188} INFO - [2024-03-24T03:01:48.670+0000] {dag.py:3047} INFO - Sync 1 DAGs
[2024-03-24T03:01:48.687+0000] {logging_mixin.py:188} INFO - [2024-03-24T03:01:48.687+0000] {dag.py:3834} INFO - Setting next_dagrun for example_setup_teardown to 2024-03-23 00:00:00+00:00, run_after=2024-03-24 00:00:00+00:00
[2024-03-24T03:01:48.699+0000] {processor.py:183} INFO - Processing /home/airflow/.local/lib/python3.8/site-packages/airflow/example_dags/example_setup_teardown.py took 0.111 seconds
[2024-03-24T03:02:19.153+0000] {processor.py:161} INFO - Started process (PID=745) to work on /home/airflow/.local/lib/python3.8/site-packages/airflow/example_dags/example_setup_teardown.py
[2024-03-24T03:02:19.156+0000] {processor.py:830} INFO - Processing file /home/airflow/.local/lib/python3.8/site-packages/airflow/example_dags/example_setup_teardown.py for tasks to queue
[2024-03-24T03:02:19.171+0000] {logging_mixin.py:188} INFO - [2024-03-24T03:02:19.169+0000] {dagbag.py:540} INFO - Filling up the DagBag from /home/airflow/.local/lib/python3.8/site-packages/airflow/example_dags/example_setup_teardown.py
[2024-03-24T03:02:19.188+0000] {processor.py:840} INFO - DAG(s) 'example_setup_teardown' retrieved from /home/airflow/.local/lib/python3.8/site-packages/airflow/example_dags/example_setup_teardown.py
[2024-03-24T03:02:19.209+0000] {logging_mixin.py:188} INFO - [2024-03-24T03:02:19.208+0000] {dag.py:3047} INFO - Sync 1 DAGs
[2024-03-24T03:02:19.224+0000] {logging_mixin.py:188} INFO - [2024-03-24T03:02:19.223+0000] {dag.py:3834} INFO - Setting next_dagrun for example_setup_teardown to 2024-03-23 00:00:00+00:00, run_after=2024-03-24 00:00:00+00:00
[2024-03-24T03:02:19.234+0000] {processor.py:183} INFO - Processing /home/airflow/.local/lib/python3.8/site-packages/airflow/example_dags/example_setup_teardown.py took 0.093 seconds
[2024-03-24T03:02:49.428+0000] {processor.py:161} INFO - Started process (PID=800) to work on /home/airflow/.local/lib/python3.8/site-packages/airflow/example_dags/example_setup_teardown.py
[2024-03-24T03:02:49.430+0000] {processor.py:830} INFO - Processing file /home/airflow/.local/lib/python3.8/site-packages/airflow/example_dags/example_setup_teardown.py for tasks to queue
[2024-03-24T03:02:49.434+0000] {logging_mixin.py:188} INFO - [2024-03-24T03:02:49.434+0000] {dagbag.py:540} INFO - Filling up the DagBag from /home/airflow/.local/lib/python3.8/site-packages/airflow/example_dags/example_setup_teardown.py
[2024-03-24T03:02:49.447+0000] {processor.py:840} INFO - DAG(s) 'example_setup_teardown' retrieved from /home/airflow/.local/lib/python3.8/site-packages/airflow/example_dags/example_setup_teardown.py
[2024-03-24T03:02:49.483+0000] {logging_mixin.py:188} INFO - [2024-03-24T03:02:49.483+0000] {dag.py:3047} INFO - Sync 1 DAGs
[2024-03-24T03:02:49.501+0000] {logging_mixin.py:188} INFO - [2024-03-24T03:02:49.500+0000] {dag.py:3834} INFO - Setting next_dagrun for example_setup_teardown to 2024-03-23 00:00:00+00:00, run_after=2024-03-24 00:00:00+00:00
[2024-03-24T03:02:49.513+0000] {processor.py:183} INFO - Processing /home/airflow/.local/lib/python3.8/site-packages/airflow/example_dags/example_setup_teardown.py took 0.093 seconds
[2024-03-24T03:03:20.202+0000] {processor.py:161} INFO - Started process (PID=855) to work on /home/airflow/.local/lib/python3.8/site-packages/airflow/example_dags/example_setup_teardown.py
[2024-03-24T03:03:20.204+0000] {processor.py:830} INFO - Processing file /home/airflow/.local/lib/python3.8/site-packages/airflow/example_dags/example_setup_teardown.py for tasks to queue
[2024-03-24T03:03:20.209+0000] {logging_mixin.py:188} INFO - [2024-03-24T03:03:20.209+0000] {dagbag.py:540} INFO - Filling up the DagBag from /home/airflow/.local/lib/python3.8/site-packages/airflow/example_dags/example_setup_teardown.py
[2024-03-24T03:03:20.224+0000] {processor.py:840} INFO - DAG(s) 'example_setup_teardown' retrieved from /home/airflow/.local/lib/python3.8/site-packages/airflow/example_dags/example_setup_teardown.py
[2024-03-24T03:03:20.260+0000] {logging_mixin.py:188} INFO - [2024-03-24T03:03:20.260+0000] {dag.py:3047} INFO - Sync 1 DAGs
[2024-03-24T03:03:20.275+0000] {logging_mixin.py:188} INFO - [2024-03-24T03:03:20.275+0000] {dag.py:3834} INFO - Setting next_dagrun for example_setup_teardown to 2024-03-23 00:00:00+00:00, run_after=2024-03-24 00:00:00+00:00
[2024-03-24T03:03:20.287+0000] {processor.py:183} INFO - Processing /home/airflow/.local/lib/python3.8/site-packages/airflow/example_dags/example_setup_teardown.py took 0.094 seconds
[2024-03-24T03:03:50.478+0000] {processor.py:161} INFO - Started process (PID=910) to work on /home/airflow/.local/lib/python3.8/site-packages/airflow/example_dags/example_setup_teardown.py
[2024-03-24T03:03:50.481+0000] {processor.py:830} INFO - Processing file /home/airflow/.local/lib/python3.8/site-packages/airflow/example_dags/example_setup_teardown.py for tasks to queue
[2024-03-24T03:03:50.485+0000] {logging_mixin.py:188} INFO - [2024-03-24T03:03:50.484+0000] {dagbag.py:540} INFO - Filling up the DagBag from /home/airflow/.local/lib/python3.8/site-packages/airflow/example_dags/example_setup_teardown.py
[2024-03-24T03:03:50.521+0000] {processor.py:840} INFO - DAG(s) 'example_setup_teardown' retrieved from /home/airflow/.local/lib/python3.8/site-packages/airflow/example_dags/example_setup_teardown.py
[2024-03-24T03:03:50.543+0000] {logging_mixin.py:188} INFO - [2024-03-24T03:03:50.543+0000] {dag.py:3047} INFO - Sync 1 DAGs
[2024-03-24T03:03:50.559+0000] {logging_mixin.py:188} INFO - [2024-03-24T03:03:50.559+0000] {dag.py:3834} INFO - Setting next_dagrun for example_setup_teardown to 2024-03-23 00:00:00+00:00, run_after=2024-03-24 00:00:00+00:00
[2024-03-24T03:03:50.570+0000] {processor.py:183} INFO - Processing /home/airflow/.local/lib/python3.8/site-packages/airflow/example_dags/example_setup_teardown.py took 0.101 seconds
[2024-03-24T03:04:21.327+0000] {processor.py:161} INFO - Started process (PID=964) to work on /home/airflow/.local/lib/python3.8/site-packages/airflow/example_dags/example_setup_teardown.py
[2024-03-24T03:04:21.330+0000] {processor.py:830} INFO - Processing file /home/airflow/.local/lib/python3.8/site-packages/airflow/example_dags/example_setup_teardown.py for tasks to queue
[2024-03-24T03:04:21.334+0000] {logging_mixin.py:188} INFO - [2024-03-24T03:04:21.333+0000] {dagbag.py:540} INFO - Filling up the DagBag from /home/airflow/.local/lib/python3.8/site-packages/airflow/example_dags/example_setup_teardown.py
[2024-03-24T03:04:21.363+0000] {processor.py:840} INFO - DAG(s) 'example_setup_teardown' retrieved from /home/airflow/.local/lib/python3.8/site-packages/airflow/example_dags/example_setup_teardown.py
[2024-03-24T03:04:21.396+0000] {logging_mixin.py:188} INFO - [2024-03-24T03:04:21.396+0000] {dag.py:3047} INFO - Sync 1 DAGs
[2024-03-24T03:04:21.412+0000] {logging_mixin.py:188} INFO - [2024-03-24T03:04:21.412+0000] {dag.py:3834} INFO - Setting next_dagrun for example_setup_teardown to 2024-03-23 00:00:00+00:00, run_after=2024-03-24 00:00:00+00:00
[2024-03-24T03:04:21.423+0000] {processor.py:183} INFO - Processing /home/airflow/.local/lib/python3.8/site-packages/airflow/example_dags/example_setup_teardown.py took 0.105 seconds
[2024-03-24T03:04:51.607+0000] {processor.py:161} INFO - Started process (PID=1018) to work on /home/airflow/.local/lib/python3.8/site-packages/airflow/example_dags/example_setup_teardown.py
[2024-03-24T03:04:51.610+0000] {processor.py:830} INFO - Processing file /home/airflow/.local/lib/python3.8/site-packages/airflow/example_dags/example_setup_teardown.py for tasks to queue
[2024-03-24T03:04:51.614+0000] {logging_mixin.py:188} INFO - [2024-03-24T03:04:51.614+0000] {dagbag.py:540} INFO - Filling up the DagBag from /home/airflow/.local/lib/python3.8/site-packages/airflow/example_dags/example_setup_teardown.py
[2024-03-24T03:04:51.639+0000] {processor.py:840} INFO - DAG(s) 'example_setup_teardown' retrieved from /home/airflow/.local/lib/python3.8/site-packages/airflow/example_dags/example_setup_teardown.py
[2024-03-24T03:04:51.665+0000] {logging_mixin.py:188} INFO - [2024-03-24T03:04:51.665+0000] {dag.py:3047} INFO - Sync 1 DAGs
[2024-03-24T03:04:51.681+0000] {logging_mixin.py:188} INFO - [2024-03-24T03:04:51.680+0000] {dag.py:3834} INFO - Setting next_dagrun for example_setup_teardown to 2024-03-23 00:00:00+00:00, run_after=2024-03-24 00:00:00+00:00
[2024-03-24T03:04:51.693+0000] {processor.py:183} INFO - Processing /home/airflow/.local/lib/python3.8/site-packages/airflow/example_dags/example_setup_teardown.py took 0.095 seconds
[2024-03-24T03:05:21.983+0000] {processor.py:161} INFO - Started process (PID=1074) to work on /home/airflow/.local/lib/python3.8/site-packages/airflow/example_dags/example_setup_teardown.py
[2024-03-24T03:05:21.985+0000] {processor.py:830} INFO - Processing file /home/airflow/.local/lib/python3.8/site-packages/airflow/example_dags/example_setup_teardown.py for tasks to queue
[2024-03-24T03:05:21.990+0000] {logging_mixin.py:188} INFO - [2024-03-24T03:05:21.989+0000] {dagbag.py:540} INFO - Filling up the DagBag from /home/airflow/.local/lib/python3.8/site-packages/airflow/example_dags/example_setup_teardown.py
[2024-03-24T03:05:22.002+0000] {processor.py:840} INFO - DAG(s) 'example_setup_teardown' retrieved from /home/airflow/.local/lib/python3.8/site-packages/airflow/example_dags/example_setup_teardown.py
[2024-03-24T03:05:22.041+0000] {logging_mixin.py:188} INFO - [2024-03-24T03:05:22.040+0000] {dag.py:3047} INFO - Sync 1 DAGs
[2024-03-24T03:05:22.061+0000] {logging_mixin.py:188} INFO - [2024-03-24T03:05:22.061+0000] {dag.py:3834} INFO - Setting next_dagrun for example_setup_teardown to 2024-03-23 00:00:00+00:00, run_after=2024-03-24 00:00:00+00:00
[2024-03-24T03:05:22.074+0000] {processor.py:183} INFO - Processing /home/airflow/.local/lib/python3.8/site-packages/airflow/example_dags/example_setup_teardown.py took 0.099 seconds
[2024-03-24T03:05:52.600+0000] {processor.py:161} INFO - Started process (PID=1128) to work on /home/airflow/.local/lib/python3.8/site-packages/airflow/example_dags/example_setup_teardown.py
[2024-03-24T03:05:52.607+0000] {processor.py:830} INFO - Processing file /home/airflow/.local/lib/python3.8/site-packages/airflow/example_dags/example_setup_teardown.py for tasks to queue
[2024-03-24T03:05:52.611+0000] {logging_mixin.py:188} INFO - [2024-03-24T03:05:52.611+0000] {dagbag.py:540} INFO - Filling up the DagBag from /home/airflow/.local/lib/python3.8/site-packages/airflow/example_dags/example_setup_teardown.py
[2024-03-24T03:05:52.626+0000] {processor.py:840} INFO - DAG(s) 'example_setup_teardown' retrieved from /home/airflow/.local/lib/python3.8/site-packages/airflow/example_dags/example_setup_teardown.py
[2024-03-24T03:05:52.668+0000] {logging_mixin.py:188} INFO - [2024-03-24T03:05:52.668+0000] {dag.py:3047} INFO - Sync 1 DAGs
[2024-03-24T03:05:52.700+0000] {logging_mixin.py:188} INFO - [2024-03-24T03:05:52.700+0000] {dag.py:3834} INFO - Setting next_dagrun for example_setup_teardown to 2024-03-23 00:00:00+00:00, run_after=2024-03-24 00:00:00+00:00
[2024-03-24T03:05:52.763+0000] {processor.py:183} INFO - Processing /home/airflow/.local/lib/python3.8/site-packages/airflow/example_dags/example_setup_teardown.py took 0.172 seconds
