[2024-03-24T02:55:45.562+0000] {processor.py:161} INFO - Started process (PID=71) to work on /home/airflow/.local/lib/python3.8/site-packages/airflow/example_dags/example_branch_labels.py
[2024-03-24T02:55:45.565+0000] {processor.py:830} INFO - Processing file /home/airflow/.local/lib/python3.8/site-packages/airflow/example_dags/example_branch_labels.py for tasks to queue
[2024-03-24T02:55:45.569+0000] {logging_mixin.py:188} INFO - [2024-03-24T02:55:45.569+0000] {dagbag.py:540} INFO - Filling up the DagBag from /home/airflow/.local/lib/python3.8/site-packages/airflow/example_dags/example_branch_labels.py
[2024-03-24T02:55:45.578+0000] {processor.py:840} INFO - DAG(s) 'example_branch_labels' retrieved from /home/airflow/.local/lib/python3.8/site-packages/airflow/example_dags/example_branch_labels.py
[2024-03-24T02:55:45.607+0000] {logging_mixin.py:188} INFO - [2024-03-24T02:55:45.607+0000] {dag.py:3047} INFO - Sync 1 DAGs
[2024-03-24T02:55:45.650+0000] {logging_mixin.py:188} INFO - [2024-03-24T02:55:45.650+0000] {dag.py:3834} INFO - Setting next_dagrun for example_branch_labels to 2024-03-23 00:00:00+00:00, run_after=2024-03-24 00:00:00+00:00
[2024-03-24T02:55:45.663+0000] {processor.py:183} INFO - Processing /home/airflow/.local/lib/python3.8/site-packages/airflow/example_dags/example_branch_labels.py took 0.106 seconds
[2024-03-24T02:56:16.041+0000] {processor.py:161} INFO - Started process (PID=125) to work on /home/airflow/.local/lib/python3.8/site-packages/airflow/example_dags/example_branch_labels.py
[2024-03-24T02:56:16.041+0000] {processor.py:830} INFO - Processing file /home/airflow/.local/lib/python3.8/site-packages/airflow/example_dags/example_branch_labels.py for tasks to queue
[2024-03-24T02:56:16.042+0000] {logging_mixin.py:188} INFO - [2024-03-24T02:56:16.042+0000] {dagbag.py:540} INFO - Filling up the DagBag from /home/airflow/.local/lib/python3.8/site-packages/airflow/example_dags/example_branch_labels.py
[2024-03-24T02:56:16.046+0000] {processor.py:840} INFO - DAG(s) 'example_branch_labels' retrieved from /home/airflow/.local/lib/python3.8/site-packages/airflow/example_dags/example_branch_labels.py
[2024-03-24T02:56:16.097+0000] {logging_mixin.py:188} INFO - [2024-03-24T02:56:16.097+0000] {dag.py:3047} INFO - Sync 1 DAGs
[2024-03-24T02:56:16.115+0000] {logging_mixin.py:188} INFO - [2024-03-24T02:56:16.115+0000] {dag.py:3834} INFO - Setting next_dagrun for example_branch_labels to 2024-03-23 00:00:00+00:00, run_after=2024-03-24 00:00:00+00:00
[2024-03-24T02:56:16.126+0000] {processor.py:183} INFO - Processing /home/airflow/.local/lib/python3.8/site-packages/airflow/example_dags/example_branch_labels.py took 0.087 seconds
[2024-03-24T02:56:47.026+0000] {processor.py:161} INFO - Started process (PID=180) to work on /home/airflow/.local/lib/python3.8/site-packages/airflow/example_dags/example_branch_labels.py
[2024-03-24T02:56:47.027+0000] {processor.py:830} INFO - Processing file /home/airflow/.local/lib/python3.8/site-packages/airflow/example_dags/example_branch_labels.py for tasks to queue
[2024-03-24T02:56:47.028+0000] {logging_mixin.py:188} INFO - [2024-03-24T02:56:47.028+0000] {dagbag.py:540} INFO - Filling up the DagBag from /home/airflow/.local/lib/python3.8/site-packages/airflow/example_dags/example_branch_labels.py
[2024-03-24T02:56:47.032+0000] {processor.py:840} INFO - DAG(s) 'example_branch_labels' retrieved from /home/airflow/.local/lib/python3.8/site-packages/airflow/example_dags/example_branch_labels.py
[2024-03-24T02:56:47.044+0000] {logging_mixin.py:188} INFO - [2024-03-24T02:56:47.044+0000] {dag.py:3047} INFO - Sync 1 DAGs
[2024-03-24T02:56:47.055+0000] {logging_mixin.py:188} INFO - [2024-03-24T02:56:47.055+0000] {dag.py:3834} INFO - Setting next_dagrun for example_branch_labels to 2024-03-23 00:00:00+00:00, run_after=2024-03-24 00:00:00+00:00
[2024-03-24T02:56:47.063+0000] {processor.py:183} INFO - Processing /home/airflow/.local/lib/python3.8/site-packages/airflow/example_dags/example_branch_labels.py took 0.039 seconds
[2024-03-24T02:57:17.856+0000] {processor.py:161} INFO - Started process (PID=235) to work on /home/airflow/.local/lib/python3.8/site-packages/airflow/example_dags/example_branch_labels.py
[2024-03-24T02:57:17.857+0000] {processor.py:830} INFO - Processing file /home/airflow/.local/lib/python3.8/site-packages/airflow/example_dags/example_branch_labels.py for tasks to queue
[2024-03-24T02:57:17.858+0000] {logging_mixin.py:188} INFO - [2024-03-24T02:57:17.858+0000] {dagbag.py:540} INFO - Filling up the DagBag from /home/airflow/.local/lib/python3.8/site-packages/airflow/example_dags/example_branch_labels.py
[2024-03-24T02:57:17.863+0000] {processor.py:840} INFO - DAG(s) 'example_branch_labels' retrieved from /home/airflow/.local/lib/python3.8/site-packages/airflow/example_dags/example_branch_labels.py
[2024-03-24T02:57:17.874+0000] {logging_mixin.py:188} INFO - [2024-03-24T02:57:17.874+0000] {dag.py:3047} INFO - Sync 1 DAGs
[2024-03-24T02:57:17.885+0000] {logging_mixin.py:188} INFO - [2024-03-24T02:57:17.885+0000] {dag.py:3834} INFO - Setting next_dagrun for example_branch_labels to 2024-03-23 00:00:00+00:00, run_after=2024-03-24 00:00:00+00:00
[2024-03-24T02:57:17.895+0000] {processor.py:183} INFO - Processing /home/airflow/.local/lib/python3.8/site-packages/airflow/example_dags/example_branch_labels.py took 0.041 seconds
[2024-03-24T02:57:48.689+0000] {processor.py:161} INFO - Started process (PID=290) to work on /home/airflow/.local/lib/python3.8/site-packages/airflow/example_dags/example_branch_labels.py
[2024-03-24T02:57:48.689+0000] {processor.py:830} INFO - Processing file /home/airflow/.local/lib/python3.8/site-packages/airflow/example_dags/example_branch_labels.py for tasks to queue
[2024-03-24T02:57:48.691+0000] {logging_mixin.py:188} INFO - [2024-03-24T02:57:48.690+0000] {dagbag.py:540} INFO - Filling up the DagBag from /home/airflow/.local/lib/python3.8/site-packages/airflow/example_dags/example_branch_labels.py
[2024-03-24T02:57:48.696+0000] {processor.py:840} INFO - DAG(s) 'example_branch_labels' retrieved from /home/airflow/.local/lib/python3.8/site-packages/airflow/example_dags/example_branch_labels.py
[2024-03-24T02:57:48.707+0000] {logging_mixin.py:188} INFO - [2024-03-24T02:57:48.707+0000] {dag.py:3047} INFO - Sync 1 DAGs
[2024-03-24T02:57:48.718+0000] {logging_mixin.py:188} INFO - [2024-03-24T02:57:48.717+0000] {dag.py:3834} INFO - Setting next_dagrun for example_branch_labels to 2024-03-23 00:00:00+00:00, run_after=2024-03-24 00:00:00+00:00
[2024-03-24T02:57:48.727+0000] {processor.py:183} INFO - Processing /home/airflow/.local/lib/python3.8/site-packages/airflow/example_dags/example_branch_labels.py took 0.040 seconds
[2024-03-24T02:58:19.160+0000] {processor.py:161} INFO - Started process (PID=345) to work on /home/airflow/.local/lib/python3.8/site-packages/airflow/example_dags/example_branch_labels.py
[2024-03-24T02:58:19.161+0000] {processor.py:830} INFO - Processing file /home/airflow/.local/lib/python3.8/site-packages/airflow/example_dags/example_branch_labels.py for tasks to queue
[2024-03-24T02:58:19.163+0000] {logging_mixin.py:188} INFO - [2024-03-24T02:58:19.163+0000] {dagbag.py:540} INFO - Filling up the DagBag from /home/airflow/.local/lib/python3.8/site-packages/airflow/example_dags/example_branch_labels.py
[2024-03-24T02:58:19.168+0000] {processor.py:840} INFO - DAG(s) 'example_branch_labels' retrieved from /home/airflow/.local/lib/python3.8/site-packages/airflow/example_dags/example_branch_labels.py
[2024-03-24T02:58:19.174+0000] {logging_mixin.py:188} INFO - [2024-03-24T02:58:19.174+0000] {dag.py:3047} INFO - Sync 1 DAGs
[2024-03-24T02:58:19.187+0000] {logging_mixin.py:188} INFO - [2024-03-24T02:58:19.187+0000] {dag.py:3834} INFO - Setting next_dagrun for example_branch_labels to 2024-03-23 00:00:00+00:00, run_after=2024-03-24 00:00:00+00:00
[2024-03-24T02:58:19.197+0000] {processor.py:183} INFO - Processing /home/airflow/.local/lib/python3.8/site-packages/airflow/example_dags/example_branch_labels.py took 0.038 seconds
[2024-03-24T02:58:49.537+0000] {processor.py:161} INFO - Started process (PID=400) to work on /home/airflow/.local/lib/python3.8/site-packages/airflow/example_dags/example_branch_labels.py
[2024-03-24T02:58:49.539+0000] {processor.py:830} INFO - Processing file /home/airflow/.local/lib/python3.8/site-packages/airflow/example_dags/example_branch_labels.py for tasks to queue
[2024-03-24T02:58:49.540+0000] {logging_mixin.py:188} INFO - [2024-03-24T02:58:49.540+0000] {dagbag.py:540} INFO - Filling up the DagBag from /home/airflow/.local/lib/python3.8/site-packages/airflow/example_dags/example_branch_labels.py
[2024-03-24T02:58:49.546+0000] {processor.py:840} INFO - DAG(s) 'example_branch_labels' retrieved from /home/airflow/.local/lib/python3.8/site-packages/airflow/example_dags/example_branch_labels.py
[2024-03-24T02:58:49.599+0000] {logging_mixin.py:188} INFO - [2024-03-24T02:58:49.598+0000] {dag.py:3047} INFO - Sync 1 DAGs
[2024-03-24T02:58:49.611+0000] {logging_mixin.py:188} INFO - [2024-03-24T02:58:49.611+0000] {dag.py:3834} INFO - Setting next_dagrun for example_branch_labels to 2024-03-23 00:00:00+00:00, run_after=2024-03-24 00:00:00+00:00
[2024-03-24T02:58:49.620+0000] {processor.py:183} INFO - Processing /home/airflow/.local/lib/python3.8/site-packages/airflow/example_dags/example_branch_labels.py took 0.085 seconds
[2024-03-24T02:59:20.482+0000] {processor.py:161} INFO - Started process (PID=455) to work on /home/airflow/.local/lib/python3.8/site-packages/airflow/example_dags/example_branch_labels.py
[2024-03-24T02:59:20.483+0000] {processor.py:830} INFO - Processing file /home/airflow/.local/lib/python3.8/site-packages/airflow/example_dags/example_branch_labels.py for tasks to queue
[2024-03-24T02:59:20.484+0000] {logging_mixin.py:188} INFO - [2024-03-24T02:59:20.483+0000] {dagbag.py:540} INFO - Filling up the DagBag from /home/airflow/.local/lib/python3.8/site-packages/airflow/example_dags/example_branch_labels.py
[2024-03-24T02:59:20.488+0000] {processor.py:840} INFO - DAG(s) 'example_branch_labels' retrieved from /home/airflow/.local/lib/python3.8/site-packages/airflow/example_dags/example_branch_labels.py
[2024-03-24T02:59:20.500+0000] {logging_mixin.py:188} INFO - [2024-03-24T02:59:20.499+0000] {dag.py:3047} INFO - Sync 1 DAGs
[2024-03-24T02:59:20.511+0000] {logging_mixin.py:188} INFO - [2024-03-24T02:59:20.511+0000] {dag.py:3834} INFO - Setting next_dagrun for example_branch_labels to 2024-03-23 00:00:00+00:00, run_after=2024-03-24 00:00:00+00:00
[2024-03-24T02:59:20.521+0000] {processor.py:183} INFO - Processing /home/airflow/.local/lib/python3.8/site-packages/airflow/example_dags/example_branch_labels.py took 0.041 seconds
[2024-03-24T02:59:50.649+0000] {processor.py:161} INFO - Started process (PID=510) to work on /home/airflow/.local/lib/python3.8/site-packages/airflow/example_dags/example_branch_labels.py
[2024-03-24T02:59:50.650+0000] {processor.py:830} INFO - Processing file /home/airflow/.local/lib/python3.8/site-packages/airflow/example_dags/example_branch_labels.py for tasks to queue
[2024-03-24T02:59:50.651+0000] {logging_mixin.py:188} INFO - [2024-03-24T02:59:50.651+0000] {dagbag.py:540} INFO - Filling up the DagBag from /home/airflow/.local/lib/python3.8/site-packages/airflow/example_dags/example_branch_labels.py
[2024-03-24T02:59:50.655+0000] {processor.py:840} INFO - DAG(s) 'example_branch_labels' retrieved from /home/airflow/.local/lib/python3.8/site-packages/airflow/example_dags/example_branch_labels.py
[2024-03-24T02:59:50.666+0000] {logging_mixin.py:188} INFO - [2024-03-24T02:59:50.666+0000] {dag.py:3047} INFO - Sync 1 DAGs
[2024-03-24T02:59:50.677+0000] {logging_mixin.py:188} INFO - [2024-03-24T02:59:50.677+0000] {dag.py:3834} INFO - Setting next_dagrun for example_branch_labels to 2024-03-23 00:00:00+00:00, run_after=2024-03-24 00:00:00+00:00
[2024-03-24T02:59:50.688+0000] {processor.py:183} INFO - Processing /home/airflow/.local/lib/python3.8/site-packages/airflow/example_dags/example_branch_labels.py took 0.041 seconds
[2024-03-24T03:00:20.816+0000] {processor.py:161} INFO - Started process (PID=565) to work on /home/airflow/.local/lib/python3.8/site-packages/airflow/example_dags/example_branch_labels.py
[2024-03-24T03:00:20.817+0000] {processor.py:830} INFO - Processing file /home/airflow/.local/lib/python3.8/site-packages/airflow/example_dags/example_branch_labels.py for tasks to queue
[2024-03-24T03:00:20.819+0000] {logging_mixin.py:188} INFO - [2024-03-24T03:00:20.819+0000] {dagbag.py:540} INFO - Filling up the DagBag from /home/airflow/.local/lib/python3.8/site-packages/airflow/example_dags/example_branch_labels.py
[2024-03-24T03:00:20.823+0000] {processor.py:840} INFO - DAG(s) 'example_branch_labels' retrieved from /home/airflow/.local/lib/python3.8/site-packages/airflow/example_dags/example_branch_labels.py
[2024-03-24T03:00:20.838+0000] {logging_mixin.py:188} INFO - [2024-03-24T03:00:20.838+0000] {dag.py:3047} INFO - Sync 1 DAGs
[2024-03-24T03:00:20.850+0000] {logging_mixin.py:188} INFO - [2024-03-24T03:00:20.850+0000] {dag.py:3834} INFO - Setting next_dagrun for example_branch_labels to 2024-03-23 00:00:00+00:00, run_after=2024-03-24 00:00:00+00:00
[2024-03-24T03:00:20.859+0000] {processor.py:183} INFO - Processing /home/airflow/.local/lib/python3.8/site-packages/airflow/example_dags/example_branch_labels.py took 0.045 seconds
[2024-03-24T03:00:51.107+0000] {processor.py:161} INFO - Started process (PID=620) to work on /home/airflow/.local/lib/python3.8/site-packages/airflow/example_dags/example_branch_labels.py
[2024-03-24T03:00:51.107+0000] {processor.py:830} INFO - Processing file /home/airflow/.local/lib/python3.8/site-packages/airflow/example_dags/example_branch_labels.py for tasks to queue
[2024-03-24T03:00:51.108+0000] {logging_mixin.py:188} INFO - [2024-03-24T03:00:51.108+0000] {dagbag.py:540} INFO - Filling up the DagBag from /home/airflow/.local/lib/python3.8/site-packages/airflow/example_dags/example_branch_labels.py
[2024-03-24T03:00:51.113+0000] {processor.py:840} INFO - DAG(s) 'example_branch_labels' retrieved from /home/airflow/.local/lib/python3.8/site-packages/airflow/example_dags/example_branch_labels.py
[2024-03-24T03:00:51.125+0000] {logging_mixin.py:188} INFO - [2024-03-24T03:00:51.125+0000] {dag.py:3047} INFO - Sync 1 DAGs
[2024-03-24T03:00:51.136+0000] {logging_mixin.py:188} INFO - [2024-03-24T03:00:51.136+0000] {dag.py:3834} INFO - Setting next_dagrun for example_branch_labels to 2024-03-23 00:00:00+00:00, run_after=2024-03-24 00:00:00+00:00
[2024-03-24T03:00:51.144+0000] {processor.py:183} INFO - Processing /home/airflow/.local/lib/python3.8/site-packages/airflow/example_dags/example_branch_labels.py took 0.040 seconds
[2024-03-24T03:01:21.574+0000] {processor.py:161} INFO - Started process (PID=675) to work on /home/airflow/.local/lib/python3.8/site-packages/airflow/example_dags/example_branch_labels.py
[2024-03-24T03:01:21.575+0000] {processor.py:830} INFO - Processing file /home/airflow/.local/lib/python3.8/site-packages/airflow/example_dags/example_branch_labels.py for tasks to queue
[2024-03-24T03:01:21.576+0000] {logging_mixin.py:188} INFO - [2024-03-24T03:01:21.575+0000] {dagbag.py:540} INFO - Filling up the DagBag from /home/airflow/.local/lib/python3.8/site-packages/airflow/example_dags/example_branch_labels.py
[2024-03-24T03:01:21.580+0000] {processor.py:840} INFO - DAG(s) 'example_branch_labels' retrieved from /home/airflow/.local/lib/python3.8/site-packages/airflow/example_dags/example_branch_labels.py
[2024-03-24T03:01:21.596+0000] {logging_mixin.py:188} INFO - [2024-03-24T03:01:21.596+0000] {dag.py:3047} INFO - Sync 1 DAGs
[2024-03-24T03:01:21.609+0000] {logging_mixin.py:188} INFO - [2024-03-24T03:01:21.609+0000] {dag.py:3834} INFO - Setting next_dagrun for example_branch_labels to 2024-03-23 00:00:00+00:00, run_after=2024-03-24 00:00:00+00:00
[2024-03-24T03:01:21.623+0000] {processor.py:183} INFO - Processing /home/airflow/.local/lib/python3.8/site-packages/airflow/example_dags/example_branch_labels.py took 0.051 seconds
[2024-03-24T03:01:52.154+0000] {processor.py:161} INFO - Started process (PID=730) to work on /home/airflow/.local/lib/python3.8/site-packages/airflow/example_dags/example_branch_labels.py
[2024-03-24T03:01:52.155+0000] {processor.py:830} INFO - Processing file /home/airflow/.local/lib/python3.8/site-packages/airflow/example_dags/example_branch_labels.py for tasks to queue
[2024-03-24T03:01:52.157+0000] {logging_mixin.py:188} INFO - [2024-03-24T03:01:52.157+0000] {dagbag.py:540} INFO - Filling up the DagBag from /home/airflow/.local/lib/python3.8/site-packages/airflow/example_dags/example_branch_labels.py
[2024-03-24T03:01:52.167+0000] {processor.py:840} INFO - DAG(s) 'example_branch_labels' retrieved from /home/airflow/.local/lib/python3.8/site-packages/airflow/example_dags/example_branch_labels.py
[2024-03-24T03:01:52.188+0000] {logging_mixin.py:188} INFO - [2024-03-24T03:01:52.188+0000] {dag.py:3047} INFO - Sync 1 DAGs
[2024-03-24T03:01:52.211+0000] {logging_mixin.py:188} INFO - [2024-03-24T03:01:52.211+0000] {dag.py:3834} INFO - Setting next_dagrun for example_branch_labels to 2024-03-23 00:00:00+00:00, run_after=2024-03-24 00:00:00+00:00
[2024-03-24T03:01:52.266+0000] {processor.py:183} INFO - Processing /home/airflow/.local/lib/python3.8/site-packages/airflow/example_dags/example_branch_labels.py took 0.116 seconds
[2024-03-24T03:02:22.431+0000] {processor.py:161} INFO - Started process (PID=785) to work on /home/airflow/.local/lib/python3.8/site-packages/airflow/example_dags/example_branch_labels.py
[2024-03-24T03:02:22.432+0000] {processor.py:830} INFO - Processing file /home/airflow/.local/lib/python3.8/site-packages/airflow/example_dags/example_branch_labels.py for tasks to queue
[2024-03-24T03:02:22.433+0000] {logging_mixin.py:188} INFO - [2024-03-24T03:02:22.433+0000] {dagbag.py:540} INFO - Filling up the DagBag from /home/airflow/.local/lib/python3.8/site-packages/airflow/example_dags/example_branch_labels.py
[2024-03-24T03:02:22.438+0000] {processor.py:840} INFO - DAG(s) 'example_branch_labels' retrieved from /home/airflow/.local/lib/python3.8/site-packages/airflow/example_dags/example_branch_labels.py
[2024-03-24T03:02:22.452+0000] {logging_mixin.py:188} INFO - [2024-03-24T03:02:22.452+0000] {dag.py:3047} INFO - Sync 1 DAGs
[2024-03-24T03:02:22.467+0000] {logging_mixin.py:188} INFO - [2024-03-24T03:02:22.467+0000] {dag.py:3834} INFO - Setting next_dagrun for example_branch_labels to 2024-03-23 00:00:00+00:00, run_after=2024-03-24 00:00:00+00:00
[2024-03-24T03:02:22.477+0000] {processor.py:183} INFO - Processing /home/airflow/.local/lib/python3.8/site-packages/airflow/example_dags/example_branch_labels.py took 0.049 seconds
[2024-03-24T03:02:52.693+0000] {processor.py:161} INFO - Started process (PID=840) to work on /home/airflow/.local/lib/python3.8/site-packages/airflow/example_dags/example_branch_labels.py
[2024-03-24T03:02:52.694+0000] {processor.py:830} INFO - Processing file /home/airflow/.local/lib/python3.8/site-packages/airflow/example_dags/example_branch_labels.py for tasks to queue
[2024-03-24T03:02:52.697+0000] {logging_mixin.py:188} INFO - [2024-03-24T03:02:52.697+0000] {dagbag.py:540} INFO - Filling up the DagBag from /home/airflow/.local/lib/python3.8/site-packages/airflow/example_dags/example_branch_labels.py
[2024-03-24T03:02:52.702+0000] {processor.py:840} INFO - DAG(s) 'example_branch_labels' retrieved from /home/airflow/.local/lib/python3.8/site-packages/airflow/example_dags/example_branch_labels.py
[2024-03-24T03:02:52.713+0000] {logging_mixin.py:188} INFO - [2024-03-24T03:02:52.713+0000] {dag.py:3047} INFO - Sync 1 DAGs
[2024-03-24T03:02:52.726+0000] {logging_mixin.py:188} INFO - [2024-03-24T03:02:52.726+0000] {dag.py:3834} INFO - Setting next_dagrun for example_branch_labels to 2024-03-23 00:00:00+00:00, run_after=2024-03-24 00:00:00+00:00
[2024-03-24T03:02:52.735+0000] {processor.py:183} INFO - Processing /home/airflow/.local/lib/python3.8/site-packages/airflow/example_dags/example_branch_labels.py took 0.044 seconds
[2024-03-24T03:03:23.597+0000] {processor.py:161} INFO - Started process (PID=895) to work on /home/airflow/.local/lib/python3.8/site-packages/airflow/example_dags/example_branch_labels.py
[2024-03-24T03:03:23.598+0000] {processor.py:830} INFO - Processing file /home/airflow/.local/lib/python3.8/site-packages/airflow/example_dags/example_branch_labels.py for tasks to queue
[2024-03-24T03:03:23.599+0000] {logging_mixin.py:188} INFO - [2024-03-24T03:03:23.599+0000] {dagbag.py:540} INFO - Filling up the DagBag from /home/airflow/.local/lib/python3.8/site-packages/airflow/example_dags/example_branch_labels.py
[2024-03-24T03:03:23.603+0000] {processor.py:840} INFO - DAG(s) 'example_branch_labels' retrieved from /home/airflow/.local/lib/python3.8/site-packages/airflow/example_dags/example_branch_labels.py
[2024-03-24T03:03:23.615+0000] {logging_mixin.py:188} INFO - [2024-03-24T03:03:23.615+0000] {dag.py:3047} INFO - Sync 1 DAGs
[2024-03-24T03:03:23.627+0000] {logging_mixin.py:188} INFO - [2024-03-24T03:03:23.627+0000] {dag.py:3834} INFO - Setting next_dagrun for example_branch_labels to 2024-03-23 00:00:00+00:00, run_after=2024-03-24 00:00:00+00:00
[2024-03-24T03:03:23.635+0000] {processor.py:183} INFO - Processing /home/airflow/.local/lib/python3.8/site-packages/airflow/example_dags/example_branch_labels.py took 0.040 seconds
[2024-03-24T03:03:53.774+0000] {processor.py:161} INFO - Started process (PID=950) to work on /home/airflow/.local/lib/python3.8/site-packages/airflow/example_dags/example_branch_labels.py
[2024-03-24T03:03:53.775+0000] {processor.py:830} INFO - Processing file /home/airflow/.local/lib/python3.8/site-packages/airflow/example_dags/example_branch_labels.py for tasks to queue
[2024-03-24T03:03:53.776+0000] {logging_mixin.py:188} INFO - [2024-03-24T03:03:53.776+0000] {dagbag.py:540} INFO - Filling up the DagBag from /home/airflow/.local/lib/python3.8/site-packages/airflow/example_dags/example_branch_labels.py
[2024-03-24T03:03:53.781+0000] {processor.py:840} INFO - DAG(s) 'example_branch_labels' retrieved from /home/airflow/.local/lib/python3.8/site-packages/airflow/example_dags/example_branch_labels.py
[2024-03-24T03:03:53.792+0000] {logging_mixin.py:188} INFO - [2024-03-24T03:03:53.792+0000] {dag.py:3047} INFO - Sync 1 DAGs
[2024-03-24T03:03:53.804+0000] {logging_mixin.py:188} INFO - [2024-03-24T03:03:53.804+0000] {dag.py:3834} INFO - Setting next_dagrun for example_branch_labels to 2024-03-23 00:00:00+00:00, run_after=2024-03-24 00:00:00+00:00
[2024-03-24T03:03:53.812+0000] {processor.py:183} INFO - Processing /home/airflow/.local/lib/python3.8/site-packages/airflow/example_dags/example_branch_labels.py took 0.040 seconds
[2024-03-24T03:04:24.601+0000] {processor.py:161} INFO - Started process (PID=1004) to work on /home/airflow/.local/lib/python3.8/site-packages/airflow/example_dags/example_branch_labels.py
[2024-03-24T03:04:24.602+0000] {processor.py:830} INFO - Processing file /home/airflow/.local/lib/python3.8/site-packages/airflow/example_dags/example_branch_labels.py for tasks to queue
[2024-03-24T03:04:24.603+0000] {logging_mixin.py:188} INFO - [2024-03-24T03:04:24.603+0000] {dagbag.py:540} INFO - Filling up the DagBag from /home/airflow/.local/lib/python3.8/site-packages/airflow/example_dags/example_branch_labels.py
[2024-03-24T03:04:24.608+0000] {processor.py:840} INFO - DAG(s) 'example_branch_labels' retrieved from /home/airflow/.local/lib/python3.8/site-packages/airflow/example_dags/example_branch_labels.py
[2024-03-24T03:04:24.619+0000] {logging_mixin.py:188} INFO - [2024-03-24T03:04:24.619+0000] {dag.py:3047} INFO - Sync 1 DAGs
[2024-03-24T03:04:24.631+0000] {logging_mixin.py:188} INFO - [2024-03-24T03:04:24.631+0000] {dag.py:3834} INFO - Setting next_dagrun for example_branch_labels to 2024-03-23 00:00:00+00:00, run_after=2024-03-24 00:00:00+00:00
[2024-03-24T03:04:24.641+0000] {processor.py:183} INFO - Processing /home/airflow/.local/lib/python3.8/site-packages/airflow/example_dags/example_branch_labels.py took 0.041 seconds
[2024-03-24T03:04:55.415+0000] {processor.py:161} INFO - Started process (PID=1058) to work on /home/airflow/.local/lib/python3.8/site-packages/airflow/example_dags/example_branch_labels.py
[2024-03-24T03:04:55.417+0000] {processor.py:830} INFO - Processing file /home/airflow/.local/lib/python3.8/site-packages/airflow/example_dags/example_branch_labels.py for tasks to queue
[2024-03-24T03:04:55.420+0000] {logging_mixin.py:188} INFO - [2024-03-24T03:04:55.420+0000] {dagbag.py:540} INFO - Filling up the DagBag from /home/airflow/.local/lib/python3.8/site-packages/airflow/example_dags/example_branch_labels.py
[2024-03-24T03:04:55.433+0000] {processor.py:840} INFO - DAG(s) 'example_branch_labels' retrieved from /home/airflow/.local/lib/python3.8/site-packages/airflow/example_dags/example_branch_labels.py
[2024-03-24T03:04:55.448+0000] {logging_mixin.py:188} INFO - [2024-03-24T03:04:55.448+0000] {dag.py:3047} INFO - Sync 1 DAGs
[2024-03-24T03:04:55.463+0000] {logging_mixin.py:188} INFO - [2024-03-24T03:04:55.462+0000] {dag.py:3834} INFO - Setting next_dagrun for example_branch_labels to 2024-03-23 00:00:00+00:00, run_after=2024-03-24 00:00:00+00:00
[2024-03-24T03:04:55.474+0000] {processor.py:183} INFO - Processing /home/airflow/.local/lib/python3.8/site-packages/airflow/example_dags/example_branch_labels.py took 0.062 seconds
[2024-03-24T03:05:25.898+0000] {processor.py:161} INFO - Started process (PID=1114) to work on /home/airflow/.local/lib/python3.8/site-packages/airflow/example_dags/example_branch_labels.py
[2024-03-24T03:05:25.899+0000] {processor.py:830} INFO - Processing file /home/airflow/.local/lib/python3.8/site-packages/airflow/example_dags/example_branch_labels.py for tasks to queue
[2024-03-24T03:05:25.900+0000] {logging_mixin.py:188} INFO - [2024-03-24T03:05:25.900+0000] {dagbag.py:540} INFO - Filling up the DagBag from /home/airflow/.local/lib/python3.8/site-packages/airflow/example_dags/example_branch_labels.py
[2024-03-24T03:05:25.906+0000] {processor.py:840} INFO - DAG(s) 'example_branch_labels' retrieved from /home/airflow/.local/lib/python3.8/site-packages/airflow/example_dags/example_branch_labels.py
[2024-03-24T03:05:25.918+0000] {logging_mixin.py:188} INFO - [2024-03-24T03:05:25.918+0000] {dag.py:3047} INFO - Sync 1 DAGs
[2024-03-24T03:05:25.930+0000] {logging_mixin.py:188} INFO - [2024-03-24T03:05:25.929+0000] {dag.py:3834} INFO - Setting next_dagrun for example_branch_labels to 2024-03-23 00:00:00+00:00, run_after=2024-03-24 00:00:00+00:00
[2024-03-24T03:05:25.938+0000] {processor.py:183} INFO - Processing /home/airflow/.local/lib/python3.8/site-packages/airflow/example_dags/example_branch_labels.py took 0.042 seconds
