[2024-03-24T02:55:44.581+0000] {processor.py:161} INFO - Started process (PID=59) to work on /home/airflow/.local/lib/python3.8/site-packages/airflow/example_dags/example_datasets.py
[2024-03-24T02:55:44.582+0000] {processor.py:830} INFO - Processing file /home/airflow/.local/lib/python3.8/site-packages/airflow/example_dags/example_datasets.py for tasks to queue
[2024-03-24T02:55:44.583+0000] {logging_mixin.py:188} INFO - [2024-03-24T02:55:44.583+0000] {dagbag.py:540} INFO - Filling up the DagBag from /home/airflow/.local/lib/python3.8/site-packages/airflow/example_dags/example_datasets.py
[2024-03-24T02:55:44.592+0000] {processor.py:840} INFO - DAG(s) 'dataset_consumes_unknown_never_scheduled', 'dataset_consumes_1_never_scheduled', 'dataset_consumes_1', 'dataset_produces_2', 'dataset_produces_1', 'dataset_consumes_1_and_2' retrieved from /home/airflow/.local/lib/python3.8/site-packages/airflow/example_dags/example_datasets.py
[2024-03-24T02:55:44.609+0000] {logging_mixin.py:188} INFO - [2024-03-24T02:55:44.609+0000] {dag.py:3047} INFO - Sync 6 DAGs
[2024-03-24T02:55:44.631+0000] {logging_mixin.py:188} INFO - [2024-03-24T02:55:44.630+0000] {dag.py:3834} INFO - Setting next_dagrun for dataset_consumes_1 to None, run_after=None
[2024-03-24T02:55:44.634+0000] {logging_mixin.py:188} INFO - [2024-03-24T02:55:44.634+0000] {dag.py:3834} INFO - Setting next_dagrun for dataset_consumes_1_and_2 to None, run_after=None
[2024-03-24T02:55:44.635+0000] {logging_mixin.py:188} INFO - [2024-03-24T02:55:44.635+0000] {dag.py:3834} INFO - Setting next_dagrun for dataset_consumes_1_never_scheduled to None, run_after=None
[2024-03-24T02:55:44.636+0000] {logging_mixin.py:188} INFO - [2024-03-24T02:55:44.636+0000] {dag.py:3834} INFO - Setting next_dagrun for dataset_consumes_unknown_never_scheduled to None, run_after=None
[2024-03-24T02:55:44.638+0000] {logging_mixin.py:188} INFO - [2024-03-24T02:55:44.638+0000] {dag.py:3834} INFO - Setting next_dagrun for dataset_produces_1 to 2024-03-23 00:00:00+00:00, run_after=2024-03-24 00:00:00+00:00
[2024-03-24T02:55:44.639+0000] {logging_mixin.py:188} INFO - [2024-03-24T02:55:44.639+0000] {dag.py:3834} INFO - Setting next_dagrun for dataset_produces_2 to None, run_after=None
[2024-03-24T02:55:44.679+0000] {processor.py:183} INFO - Processing /home/airflow/.local/lib/python3.8/site-packages/airflow/example_dags/example_datasets.py took 0.100 seconds
[2024-03-24T02:56:15.482+0000] {processor.py:161} INFO - Started process (PID=113) to work on /home/airflow/.local/lib/python3.8/site-packages/airflow/example_dags/example_datasets.py
[2024-03-24T02:56:15.483+0000] {processor.py:830} INFO - Processing file /home/airflow/.local/lib/python3.8/site-packages/airflow/example_dags/example_datasets.py for tasks to queue
[2024-03-24T02:56:15.484+0000] {logging_mixin.py:188} INFO - [2024-03-24T02:56:15.484+0000] {dagbag.py:540} INFO - Filling up the DagBag from /home/airflow/.local/lib/python3.8/site-packages/airflow/example_dags/example_datasets.py
[2024-03-24T02:56:15.489+0000] {processor.py:840} INFO - DAG(s) 'dataset_produces_2', 'dataset_produces_1', 'dataset_consumes_1', 'dataset_consumes_unknown_never_scheduled', 'dataset_consumes_1_and_2', 'dataset_consumes_1_never_scheduled' retrieved from /home/airflow/.local/lib/python3.8/site-packages/airflow/example_dags/example_datasets.py
[2024-03-24T02:56:15.564+0000] {logging_mixin.py:188} INFO - [2024-03-24T02:56:15.564+0000] {dag.py:3047} INFO - Sync 6 DAGs
[2024-03-24T02:56:15.577+0000] {logging_mixin.py:188} INFO - [2024-03-24T02:56:15.577+0000] {dag.py:3834} INFO - Setting next_dagrun for dataset_consumes_1 to None, run_after=None
[2024-03-24T02:56:15.578+0000] {logging_mixin.py:188} INFO - [2024-03-24T02:56:15.578+0000] {dag.py:3834} INFO - Setting next_dagrun for dataset_consumes_1_and_2 to None, run_after=None
[2024-03-24T02:56:15.579+0000] {logging_mixin.py:188} INFO - [2024-03-24T02:56:15.579+0000] {dag.py:3834} INFO - Setting next_dagrun for dataset_consumes_1_never_scheduled to None, run_after=None
[2024-03-24T02:56:15.580+0000] {logging_mixin.py:188} INFO - [2024-03-24T02:56:15.580+0000] {dag.py:3834} INFO - Setting next_dagrun for dataset_consumes_unknown_never_scheduled to None, run_after=None
[2024-03-24T02:56:15.581+0000] {logging_mixin.py:188} INFO - [2024-03-24T02:56:15.581+0000] {dag.py:3834} INFO - Setting next_dagrun for dataset_produces_1 to 2024-03-23 00:00:00+00:00, run_after=2024-03-24 00:00:00+00:00
[2024-03-24T02:56:15.582+0000] {logging_mixin.py:188} INFO - [2024-03-24T02:56:15.582+0000] {dag.py:3834} INFO - Setting next_dagrun for dataset_produces_2 to None, run_after=None
[2024-03-24T02:56:15.597+0000] {processor.py:183} INFO - Processing /home/airflow/.local/lib/python3.8/site-packages/airflow/example_dags/example_datasets.py took 0.116 seconds
[2024-03-24T02:56:45.648+0000] {processor.py:161} INFO - Started process (PID=168) to work on /home/airflow/.local/lib/python3.8/site-packages/airflow/example_dags/example_datasets.py
[2024-03-24T02:56:45.648+0000] {processor.py:830} INFO - Processing file /home/airflow/.local/lib/python3.8/site-packages/airflow/example_dags/example_datasets.py for tasks to queue
[2024-03-24T02:56:45.649+0000] {logging_mixin.py:188} INFO - [2024-03-24T02:56:45.649+0000] {dagbag.py:540} INFO - Filling up the DagBag from /home/airflow/.local/lib/python3.8/site-packages/airflow/example_dags/example_datasets.py
[2024-03-24T02:56:45.654+0000] {processor.py:840} INFO - DAG(s) 'dataset_produces_1', 'dataset_consumes_1', 'dataset_produces_2', 'dataset_consumes_1_never_scheduled', 'dataset_consumes_unknown_never_scheduled', 'dataset_consumes_1_and_2' retrieved from /home/airflow/.local/lib/python3.8/site-packages/airflow/example_dags/example_datasets.py
[2024-03-24T02:56:45.671+0000] {logging_mixin.py:188} INFO - [2024-03-24T02:56:45.670+0000] {dag.py:3047} INFO - Sync 6 DAGs
[2024-03-24T02:56:45.682+0000] {logging_mixin.py:188} INFO - [2024-03-24T02:56:45.682+0000] {dag.py:3834} INFO - Setting next_dagrun for dataset_consumes_1 to None, run_after=None
[2024-03-24T02:56:45.684+0000] {logging_mixin.py:188} INFO - [2024-03-24T02:56:45.684+0000] {dag.py:3834} INFO - Setting next_dagrun for dataset_consumes_1_and_2 to None, run_after=None
[2024-03-24T02:56:45.685+0000] {logging_mixin.py:188} INFO - [2024-03-24T02:56:45.684+0000] {dag.py:3834} INFO - Setting next_dagrun for dataset_consumes_1_never_scheduled to None, run_after=None
[2024-03-24T02:56:45.685+0000] {logging_mixin.py:188} INFO - [2024-03-24T02:56:45.685+0000] {dag.py:3834} INFO - Setting next_dagrun for dataset_consumes_unknown_never_scheduled to None, run_after=None
[2024-03-24T02:56:45.687+0000] {logging_mixin.py:188} INFO - [2024-03-24T02:56:45.686+0000] {dag.py:3834} INFO - Setting next_dagrun for dataset_produces_1 to 2024-03-23 00:00:00+00:00, run_after=2024-03-24 00:00:00+00:00
[2024-03-24T02:56:45.688+0000] {logging_mixin.py:188} INFO - [2024-03-24T02:56:45.687+0000] {dag.py:3834} INFO - Setting next_dagrun for dataset_produces_2 to None, run_after=None
[2024-03-24T02:56:45.701+0000] {processor.py:183} INFO - Processing /home/airflow/.local/lib/python3.8/site-packages/airflow/example_dags/example_datasets.py took 0.056 seconds
[2024-03-24T02:57:16.427+0000] {processor.py:161} INFO - Started process (PID=223) to work on /home/airflow/.local/lib/python3.8/site-packages/airflow/example_dags/example_datasets.py
[2024-03-24T02:57:16.429+0000] {processor.py:830} INFO - Processing file /home/airflow/.local/lib/python3.8/site-packages/airflow/example_dags/example_datasets.py for tasks to queue
[2024-03-24T02:57:16.432+0000] {logging_mixin.py:188} INFO - [2024-03-24T02:57:16.431+0000] {dagbag.py:540} INFO - Filling up the DagBag from /home/airflow/.local/lib/python3.8/site-packages/airflow/example_dags/example_datasets.py
[2024-03-24T02:57:16.439+0000] {processor.py:840} INFO - DAG(s) 'dataset_consumes_1_and_2', 'dataset_consumes_1', 'dataset_produces_2', 'dataset_consumes_unknown_never_scheduled', 'dataset_consumes_1_never_scheduled', 'dataset_produces_1' retrieved from /home/airflow/.local/lib/python3.8/site-packages/airflow/example_dags/example_datasets.py
[2024-03-24T02:57:16.459+0000] {logging_mixin.py:188} INFO - [2024-03-24T02:57:16.458+0000] {dag.py:3047} INFO - Sync 6 DAGs
[2024-03-24T02:57:16.471+0000] {logging_mixin.py:188} INFO - [2024-03-24T02:57:16.471+0000] {dag.py:3834} INFO - Setting next_dagrun for dataset_consumes_1 to None, run_after=None
[2024-03-24T02:57:16.473+0000] {logging_mixin.py:188} INFO - [2024-03-24T02:57:16.473+0000] {dag.py:3834} INFO - Setting next_dagrun for dataset_consumes_1_and_2 to None, run_after=None
[2024-03-24T02:57:16.474+0000] {logging_mixin.py:188} INFO - [2024-03-24T02:57:16.474+0000] {dag.py:3834} INFO - Setting next_dagrun for dataset_consumes_1_never_scheduled to None, run_after=None
[2024-03-24T02:57:16.474+0000] {logging_mixin.py:188} INFO - [2024-03-24T02:57:16.474+0000] {dag.py:3834} INFO - Setting next_dagrun for dataset_consumes_unknown_never_scheduled to None, run_after=None
[2024-03-24T02:57:16.476+0000] {logging_mixin.py:188} INFO - [2024-03-24T02:57:16.476+0000] {dag.py:3834} INFO - Setting next_dagrun for dataset_produces_1 to 2024-03-23 00:00:00+00:00, run_after=2024-03-24 00:00:00+00:00
[2024-03-24T02:57:16.477+0000] {logging_mixin.py:188} INFO - [2024-03-24T02:57:16.477+0000] {dag.py:3834} INFO - Setting next_dagrun for dataset_produces_2 to None, run_after=None
[2024-03-24T02:57:16.491+0000] {processor.py:183} INFO - Processing /home/airflow/.local/lib/python3.8/site-packages/airflow/example_dags/example_datasets.py took 0.067 seconds
[2024-03-24T02:57:47.261+0000] {processor.py:161} INFO - Started process (PID=278) to work on /home/airflow/.local/lib/python3.8/site-packages/airflow/example_dags/example_datasets.py
[2024-03-24T02:57:47.262+0000] {processor.py:830} INFO - Processing file /home/airflow/.local/lib/python3.8/site-packages/airflow/example_dags/example_datasets.py for tasks to queue
[2024-03-24T02:57:47.264+0000] {logging_mixin.py:188} INFO - [2024-03-24T02:57:47.264+0000] {dagbag.py:540} INFO - Filling up the DagBag from /home/airflow/.local/lib/python3.8/site-packages/airflow/example_dags/example_datasets.py
[2024-03-24T02:57:47.270+0000] {processor.py:840} INFO - DAG(s) 'dataset_consumes_unknown_never_scheduled', 'dataset_produces_1', 'dataset_consumes_1_never_scheduled', 'dataset_produces_2', 'dataset_consumes_1', 'dataset_consumes_1_and_2' retrieved from /home/airflow/.local/lib/python3.8/site-packages/airflow/example_dags/example_datasets.py
[2024-03-24T02:57:47.293+0000] {logging_mixin.py:188} INFO - [2024-03-24T02:57:47.293+0000] {dag.py:3047} INFO - Sync 6 DAGs
[2024-03-24T02:57:47.306+0000] {logging_mixin.py:188} INFO - [2024-03-24T02:57:47.306+0000] {dag.py:3834} INFO - Setting next_dagrun for dataset_consumes_1 to None, run_after=None
[2024-03-24T02:57:47.310+0000] {logging_mixin.py:188} INFO - [2024-03-24T02:57:47.309+0000] {dag.py:3834} INFO - Setting next_dagrun for dataset_consumes_1_and_2 to None, run_after=None
[2024-03-24T02:57:47.311+0000] {logging_mixin.py:188} INFO - [2024-03-24T02:57:47.311+0000] {dag.py:3834} INFO - Setting next_dagrun for dataset_consumes_1_never_scheduled to None, run_after=None
[2024-03-24T02:57:47.313+0000] {logging_mixin.py:188} INFO - [2024-03-24T02:57:47.313+0000] {dag.py:3834} INFO - Setting next_dagrun for dataset_consumes_unknown_never_scheduled to None, run_after=None
[2024-03-24T02:57:47.315+0000] {logging_mixin.py:188} INFO - [2024-03-24T02:57:47.315+0000] {dag.py:3834} INFO - Setting next_dagrun for dataset_produces_1 to 2024-03-23 00:00:00+00:00, run_after=2024-03-24 00:00:00+00:00
[2024-03-24T02:57:47.316+0000] {logging_mixin.py:188} INFO - [2024-03-24T02:57:47.316+0000] {dag.py:3834} INFO - Setting next_dagrun for dataset_produces_2 to None, run_after=None
[2024-03-24T02:57:47.331+0000] {processor.py:183} INFO - Processing /home/airflow/.local/lib/python3.8/site-packages/airflow/example_dags/example_datasets.py took 0.072 seconds
[2024-03-24T02:58:17.859+0000] {processor.py:161} INFO - Started process (PID=333) to work on /home/airflow/.local/lib/python3.8/site-packages/airflow/example_dags/example_datasets.py
[2024-03-24T02:58:17.861+0000] {processor.py:830} INFO - Processing file /home/airflow/.local/lib/python3.8/site-packages/airflow/example_dags/example_datasets.py for tasks to queue
[2024-03-24T02:58:17.863+0000] {logging_mixin.py:188} INFO - [2024-03-24T02:58:17.862+0000] {dagbag.py:540} INFO - Filling up the DagBag from /home/airflow/.local/lib/python3.8/site-packages/airflow/example_dags/example_datasets.py
[2024-03-24T02:58:17.868+0000] {processor.py:840} INFO - DAG(s) 'dataset_consumes_unknown_never_scheduled', 'dataset_consumes_1_and_2', 'dataset_consumes_1_never_scheduled', 'dataset_produces_2', 'dataset_produces_1', 'dataset_consumes_1' retrieved from /home/airflow/.local/lib/python3.8/site-packages/airflow/example_dags/example_datasets.py
[2024-03-24T02:58:17.877+0000] {logging_mixin.py:188} INFO - [2024-03-24T02:58:17.877+0000] {dag.py:3047} INFO - Sync 6 DAGs
[2024-03-24T02:58:17.889+0000] {logging_mixin.py:188} INFO - [2024-03-24T02:58:17.889+0000] {dag.py:3834} INFO - Setting next_dagrun for dataset_consumes_1 to None, run_after=None
[2024-03-24T02:58:17.891+0000] {logging_mixin.py:188} INFO - [2024-03-24T02:58:17.891+0000] {dag.py:3834} INFO - Setting next_dagrun for dataset_consumes_1_and_2 to None, run_after=None
[2024-03-24T02:58:17.891+0000] {logging_mixin.py:188} INFO - [2024-03-24T02:58:17.891+0000] {dag.py:3834} INFO - Setting next_dagrun for dataset_consumes_1_never_scheduled to None, run_after=None
[2024-03-24T02:58:17.892+0000] {logging_mixin.py:188} INFO - [2024-03-24T02:58:17.892+0000] {dag.py:3834} INFO - Setting next_dagrun for dataset_consumes_unknown_never_scheduled to None, run_after=None
[2024-03-24T02:58:17.893+0000] {logging_mixin.py:188} INFO - [2024-03-24T02:58:17.893+0000] {dag.py:3834} INFO - Setting next_dagrun for dataset_produces_1 to 2024-03-23 00:00:00+00:00, run_after=2024-03-24 00:00:00+00:00
[2024-03-24T02:58:17.894+0000] {logging_mixin.py:188} INFO - [2024-03-24T02:58:17.894+0000] {dag.py:3834} INFO - Setting next_dagrun for dataset_produces_2 to None, run_after=None
[2024-03-24T02:58:17.909+0000] {processor.py:183} INFO - Processing /home/airflow/.local/lib/python3.8/site-packages/airflow/example_dags/example_datasets.py took 0.052 seconds
[2024-03-24T02:58:48.829+0000] {processor.py:161} INFO - Started process (PID=388) to work on /home/airflow/.local/lib/python3.8/site-packages/airflow/example_dags/example_datasets.py
[2024-03-24T02:58:48.830+0000] {processor.py:830} INFO - Processing file /home/airflow/.local/lib/python3.8/site-packages/airflow/example_dags/example_datasets.py for tasks to queue
[2024-03-24T02:58:48.831+0000] {logging_mixin.py:188} INFO - [2024-03-24T02:58:48.831+0000] {dagbag.py:540} INFO - Filling up the DagBag from /home/airflow/.local/lib/python3.8/site-packages/airflow/example_dags/example_datasets.py
[2024-03-24T02:58:48.838+0000] {processor.py:840} INFO - DAG(s) 'dataset_produces_1', 'dataset_consumes_1', 'dataset_consumes_unknown_never_scheduled', 'dataset_consumes_1_never_scheduled', 'dataset_consumes_1_and_2', 'dataset_produces_2' retrieved from /home/airflow/.local/lib/python3.8/site-packages/airflow/example_dags/example_datasets.py
[2024-03-24T02:58:48.919+0000] {logging_mixin.py:188} INFO - [2024-03-24T02:58:48.919+0000] {dag.py:3047} INFO - Sync 6 DAGs
[2024-03-24T02:58:48.932+0000] {logging_mixin.py:188} INFO - [2024-03-24T02:58:48.931+0000] {dag.py:3834} INFO - Setting next_dagrun for dataset_consumes_1 to None, run_after=None
[2024-03-24T02:58:48.933+0000] {logging_mixin.py:188} INFO - [2024-03-24T02:58:48.933+0000] {dag.py:3834} INFO - Setting next_dagrun for dataset_consumes_1_and_2 to None, run_after=None
[2024-03-24T02:58:48.934+0000] {logging_mixin.py:188} INFO - [2024-03-24T02:58:48.934+0000] {dag.py:3834} INFO - Setting next_dagrun for dataset_consumes_1_never_scheduled to None, run_after=None
[2024-03-24T02:58:48.935+0000] {logging_mixin.py:188} INFO - [2024-03-24T02:58:48.935+0000] {dag.py:3834} INFO - Setting next_dagrun for dataset_consumes_unknown_never_scheduled to None, run_after=None
[2024-03-24T02:58:48.936+0000] {logging_mixin.py:188} INFO - [2024-03-24T02:58:48.936+0000] {dag.py:3834} INFO - Setting next_dagrun for dataset_produces_1 to 2024-03-23 00:00:00+00:00, run_after=2024-03-24 00:00:00+00:00
[2024-03-24T02:58:48.937+0000] {logging_mixin.py:188} INFO - [2024-03-24T02:58:48.937+0000] {dag.py:3834} INFO - Setting next_dagrun for dataset_produces_2 to None, run_after=None
[2024-03-24T02:58:48.954+0000] {processor.py:183} INFO - Processing /home/airflow/.local/lib/python3.8/site-packages/airflow/example_dags/example_datasets.py took 0.128 seconds
[2024-03-24T02:59:19.071+0000] {processor.py:161} INFO - Started process (PID=443) to work on /home/airflow/.local/lib/python3.8/site-packages/airflow/example_dags/example_datasets.py
[2024-03-24T02:59:19.072+0000] {processor.py:830} INFO - Processing file /home/airflow/.local/lib/python3.8/site-packages/airflow/example_dags/example_datasets.py for tasks to queue
[2024-03-24T02:59:19.073+0000] {logging_mixin.py:188} INFO - [2024-03-24T02:59:19.073+0000] {dagbag.py:540} INFO - Filling up the DagBag from /home/airflow/.local/lib/python3.8/site-packages/airflow/example_dags/example_datasets.py
[2024-03-24T02:59:19.078+0000] {processor.py:840} INFO - DAG(s) 'dataset_produces_2', 'dataset_consumes_1_and_2', 'dataset_consumes_1_never_scheduled', 'dataset_consumes_unknown_never_scheduled', 'dataset_produces_1', 'dataset_consumes_1' retrieved from /home/airflow/.local/lib/python3.8/site-packages/airflow/example_dags/example_datasets.py
[2024-03-24T02:59:19.099+0000] {logging_mixin.py:188} INFO - [2024-03-24T02:59:19.099+0000] {dag.py:3047} INFO - Sync 6 DAGs
[2024-03-24T02:59:19.112+0000] {logging_mixin.py:188} INFO - [2024-03-24T02:59:19.111+0000] {dag.py:3834} INFO - Setting next_dagrun for dataset_consumes_1 to None, run_after=None
[2024-03-24T02:59:19.113+0000] {logging_mixin.py:188} INFO - [2024-03-24T02:59:19.113+0000] {dag.py:3834} INFO - Setting next_dagrun for dataset_consumes_1_and_2 to None, run_after=None
[2024-03-24T02:59:19.114+0000] {logging_mixin.py:188} INFO - [2024-03-24T02:59:19.114+0000] {dag.py:3834} INFO - Setting next_dagrun for dataset_consumes_1_never_scheduled to None, run_after=None
[2024-03-24T02:59:19.116+0000] {logging_mixin.py:188} INFO - [2024-03-24T02:59:19.115+0000] {dag.py:3834} INFO - Setting next_dagrun for dataset_consumes_unknown_never_scheduled to None, run_after=None
[2024-03-24T02:59:19.120+0000] {logging_mixin.py:188} INFO - [2024-03-24T02:59:19.120+0000] {dag.py:3834} INFO - Setting next_dagrun for dataset_produces_1 to 2024-03-23 00:00:00+00:00, run_after=2024-03-24 00:00:00+00:00
[2024-03-24T02:59:19.123+0000] {logging_mixin.py:188} INFO - [2024-03-24T02:59:19.123+0000] {dag.py:3834} INFO - Setting next_dagrun for dataset_produces_2 to None, run_after=None
[2024-03-24T02:59:19.138+0000] {processor.py:183} INFO - Processing /home/airflow/.local/lib/python3.8/site-packages/airflow/example_dags/example_datasets.py took 0.069 seconds
[2024-03-24T02:59:49.263+0000] {processor.py:161} INFO - Started process (PID=498) to work on /home/airflow/.local/lib/python3.8/site-packages/airflow/example_dags/example_datasets.py
[2024-03-24T02:59:49.264+0000] {processor.py:830} INFO - Processing file /home/airflow/.local/lib/python3.8/site-packages/airflow/example_dags/example_datasets.py for tasks to queue
[2024-03-24T02:59:49.264+0000] {logging_mixin.py:188} INFO - [2024-03-24T02:59:49.264+0000] {dagbag.py:540} INFO - Filling up the DagBag from /home/airflow/.local/lib/python3.8/site-packages/airflow/example_dags/example_datasets.py
[2024-03-24T02:59:49.270+0000] {processor.py:840} INFO - DAG(s) 'dataset_consumes_1_never_scheduled', 'dataset_consumes_unknown_never_scheduled', 'dataset_produces_1', 'dataset_consumes_1_and_2', 'dataset_consumes_1', 'dataset_produces_2' retrieved from /home/airflow/.local/lib/python3.8/site-packages/airflow/example_dags/example_datasets.py
[2024-03-24T02:59:49.288+0000] {logging_mixin.py:188} INFO - [2024-03-24T02:59:49.288+0000] {dag.py:3047} INFO - Sync 6 DAGs
[2024-03-24T02:59:49.301+0000] {logging_mixin.py:188} INFO - [2024-03-24T02:59:49.300+0000] {dag.py:3834} INFO - Setting next_dagrun for dataset_consumes_1 to None, run_after=None
[2024-03-24T02:59:49.303+0000] {logging_mixin.py:188} INFO - [2024-03-24T02:59:49.303+0000] {dag.py:3834} INFO - Setting next_dagrun for dataset_consumes_1_and_2 to None, run_after=None
[2024-03-24T02:59:49.304+0000] {logging_mixin.py:188} INFO - [2024-03-24T02:59:49.304+0000] {dag.py:3834} INFO - Setting next_dagrun for dataset_consumes_1_never_scheduled to None, run_after=None
[2024-03-24T02:59:49.306+0000] {logging_mixin.py:188} INFO - [2024-03-24T02:59:49.306+0000] {dag.py:3834} INFO - Setting next_dagrun for dataset_consumes_unknown_never_scheduled to None, run_after=None
[2024-03-24T02:59:49.308+0000] {logging_mixin.py:188} INFO - [2024-03-24T02:59:49.308+0000] {dag.py:3834} INFO - Setting next_dagrun for dataset_produces_1 to 2024-03-23 00:00:00+00:00, run_after=2024-03-24 00:00:00+00:00
[2024-03-24T02:59:49.310+0000] {logging_mixin.py:188} INFO - [2024-03-24T02:59:49.310+0000] {dag.py:3834} INFO - Setting next_dagrun for dataset_produces_2 to None, run_after=None
[2024-03-24T02:59:49.325+0000] {processor.py:183} INFO - Processing /home/airflow/.local/lib/python3.8/site-packages/airflow/example_dags/example_datasets.py took 0.064 seconds
[2024-03-24T03:00:19.382+0000] {processor.py:161} INFO - Started process (PID=553) to work on /home/airflow/.local/lib/python3.8/site-packages/airflow/example_dags/example_datasets.py
[2024-03-24T03:00:19.383+0000] {processor.py:830} INFO - Processing file /home/airflow/.local/lib/python3.8/site-packages/airflow/example_dags/example_datasets.py for tasks to queue
[2024-03-24T03:00:19.384+0000] {logging_mixin.py:188} INFO - [2024-03-24T03:00:19.384+0000] {dagbag.py:540} INFO - Filling up the DagBag from /home/airflow/.local/lib/python3.8/site-packages/airflow/example_dags/example_datasets.py
[2024-03-24T03:00:19.390+0000] {processor.py:840} INFO - DAG(s) 'dataset_consumes_1_and_2', 'dataset_consumes_unknown_never_scheduled', 'dataset_produces_1', 'dataset_consumes_1', 'dataset_consumes_1_never_scheduled', 'dataset_produces_2' retrieved from /home/airflow/.local/lib/python3.8/site-packages/airflow/example_dags/example_datasets.py
[2024-03-24T03:00:19.409+0000] {logging_mixin.py:188} INFO - [2024-03-24T03:00:19.409+0000] {dag.py:3047} INFO - Sync 6 DAGs
[2024-03-24T03:00:19.426+0000] {logging_mixin.py:188} INFO - [2024-03-24T03:00:19.426+0000] {dag.py:3834} INFO - Setting next_dagrun for dataset_consumes_1 to None, run_after=None
[2024-03-24T03:00:19.432+0000] {logging_mixin.py:188} INFO - [2024-03-24T03:00:19.432+0000] {dag.py:3834} INFO - Setting next_dagrun for dataset_consumes_1_and_2 to None, run_after=None
[2024-03-24T03:00:19.434+0000] {logging_mixin.py:188} INFO - [2024-03-24T03:00:19.433+0000] {dag.py:3834} INFO - Setting next_dagrun for dataset_consumes_1_never_scheduled to None, run_after=None
[2024-03-24T03:00:19.435+0000] {logging_mixin.py:188} INFO - [2024-03-24T03:00:19.434+0000] {dag.py:3834} INFO - Setting next_dagrun for dataset_consumes_unknown_never_scheduled to None, run_after=None
[2024-03-24T03:00:19.437+0000] {logging_mixin.py:188} INFO - [2024-03-24T03:00:19.437+0000] {dag.py:3834} INFO - Setting next_dagrun for dataset_produces_1 to 2024-03-23 00:00:00+00:00, run_after=2024-03-24 00:00:00+00:00
[2024-03-24T03:00:19.438+0000] {logging_mixin.py:188} INFO - [2024-03-24T03:00:19.438+0000] {dag.py:3834} INFO - Setting next_dagrun for dataset_produces_2 to None, run_after=None
[2024-03-24T03:00:19.461+0000] {processor.py:183} INFO - Processing /home/airflow/.local/lib/python3.8/site-packages/airflow/example_dags/example_datasets.py took 0.081 seconds
[2024-03-24T03:00:49.722+0000] {processor.py:161} INFO - Started process (PID=608) to work on /home/airflow/.local/lib/python3.8/site-packages/airflow/example_dags/example_datasets.py
[2024-03-24T03:00:49.723+0000] {processor.py:830} INFO - Processing file /home/airflow/.local/lib/python3.8/site-packages/airflow/example_dags/example_datasets.py for tasks to queue
[2024-03-24T03:00:49.724+0000] {logging_mixin.py:188} INFO - [2024-03-24T03:00:49.724+0000] {dagbag.py:540} INFO - Filling up the DagBag from /home/airflow/.local/lib/python3.8/site-packages/airflow/example_dags/example_datasets.py
[2024-03-24T03:00:49.729+0000] {processor.py:840} INFO - DAG(s) 'dataset_consumes_1_and_2', 'dataset_consumes_1', 'dataset_produces_1', 'dataset_consumes_1_never_scheduled', 'dataset_produces_2', 'dataset_consumes_unknown_never_scheduled' retrieved from /home/airflow/.local/lib/python3.8/site-packages/airflow/example_dags/example_datasets.py
[2024-03-24T03:00:49.746+0000] {logging_mixin.py:188} INFO - [2024-03-24T03:00:49.746+0000] {dag.py:3047} INFO - Sync 6 DAGs
[2024-03-24T03:00:49.758+0000] {logging_mixin.py:188} INFO - [2024-03-24T03:00:49.758+0000] {dag.py:3834} INFO - Setting next_dagrun for dataset_consumes_1 to None, run_after=None
[2024-03-24T03:00:49.760+0000] {logging_mixin.py:188} INFO - [2024-03-24T03:00:49.760+0000] {dag.py:3834} INFO - Setting next_dagrun for dataset_consumes_1_and_2 to None, run_after=None
[2024-03-24T03:00:49.761+0000] {logging_mixin.py:188} INFO - [2024-03-24T03:00:49.761+0000] {dag.py:3834} INFO - Setting next_dagrun for dataset_consumes_1_never_scheduled to None, run_after=None
[2024-03-24T03:00:49.761+0000] {logging_mixin.py:188} INFO - [2024-03-24T03:00:49.761+0000] {dag.py:3834} INFO - Setting next_dagrun for dataset_consumes_unknown_never_scheduled to None, run_after=None
[2024-03-24T03:00:49.763+0000] {logging_mixin.py:188} INFO - [2024-03-24T03:00:49.762+0000] {dag.py:3834} INFO - Setting next_dagrun for dataset_produces_1 to 2024-03-23 00:00:00+00:00, run_after=2024-03-24 00:00:00+00:00
[2024-03-24T03:00:49.771+0000] {logging_mixin.py:188} INFO - [2024-03-24T03:00:49.771+0000] {dag.py:3834} INFO - Setting next_dagrun for dataset_produces_2 to None, run_after=None
[2024-03-24T03:00:49.785+0000] {processor.py:183} INFO - Processing /home/airflow/.local/lib/python3.8/site-packages/airflow/example_dags/example_datasets.py took 0.065 seconds
[2024-03-24T03:01:19.887+0000] {processor.py:161} INFO - Started process (PID=663) to work on /home/airflow/.local/lib/python3.8/site-packages/airflow/example_dags/example_datasets.py
[2024-03-24T03:01:19.889+0000] {processor.py:830} INFO - Processing file /home/airflow/.local/lib/python3.8/site-packages/airflow/example_dags/example_datasets.py for tasks to queue
[2024-03-24T03:01:19.892+0000] {logging_mixin.py:188} INFO - [2024-03-24T03:01:19.892+0000] {dagbag.py:540} INFO - Filling up the DagBag from /home/airflow/.local/lib/python3.8/site-packages/airflow/example_dags/example_datasets.py
[2024-03-24T03:01:19.909+0000] {processor.py:840} INFO - DAG(s) 'dataset_produces_1', 'dataset_consumes_unknown_never_scheduled', 'dataset_consumes_1_never_scheduled', 'dataset_consumes_1', 'dataset_produces_2', 'dataset_consumes_1_and_2' retrieved from /home/airflow/.local/lib/python3.8/site-packages/airflow/example_dags/example_datasets.py
[2024-03-24T03:01:19.939+0000] {logging_mixin.py:188} INFO - [2024-03-24T03:01:19.939+0000] {dag.py:3047} INFO - Sync 6 DAGs
[2024-03-24T03:01:19.963+0000] {logging_mixin.py:188} INFO - [2024-03-24T03:01:19.963+0000] {dag.py:3834} INFO - Setting next_dagrun for dataset_consumes_1 to None, run_after=None
[2024-03-24T03:01:19.968+0000] {logging_mixin.py:188} INFO - [2024-03-24T03:01:19.967+0000] {dag.py:3834} INFO - Setting next_dagrun for dataset_consumes_1_and_2 to None, run_after=None
[2024-03-24T03:01:19.970+0000] {logging_mixin.py:188} INFO - [2024-03-24T03:01:19.970+0000] {dag.py:3834} INFO - Setting next_dagrun for dataset_consumes_1_never_scheduled to None, run_after=None
[2024-03-24T03:01:19.972+0000] {logging_mixin.py:188} INFO - [2024-03-24T03:01:19.972+0000] {dag.py:3834} INFO - Setting next_dagrun for dataset_consumes_unknown_never_scheduled to None, run_after=None
[2024-03-24T03:01:19.976+0000] {logging_mixin.py:188} INFO - [2024-03-24T03:01:19.976+0000] {dag.py:3834} INFO - Setting next_dagrun for dataset_produces_1 to 2024-03-23 00:00:00+00:00, run_after=2024-03-24 00:00:00+00:00
[2024-03-24T03:01:19.978+0000] {logging_mixin.py:188} INFO - [2024-03-24T03:01:19.978+0000] {dag.py:3834} INFO - Setting next_dagrun for dataset_produces_2 to None, run_after=None
[2024-03-24T03:01:20.021+0000] {processor.py:183} INFO - Processing /home/airflow/.local/lib/python3.8/site-packages/airflow/example_dags/example_datasets.py took 0.140 seconds
[2024-03-24T03:01:50.542+0000] {processor.py:161} INFO - Started process (PID=717) to work on /home/airflow/.local/lib/python3.8/site-packages/airflow/example_dags/example_datasets.py
[2024-03-24T03:01:50.543+0000] {processor.py:830} INFO - Processing file /home/airflow/.local/lib/python3.8/site-packages/airflow/example_dags/example_datasets.py for tasks to queue
[2024-03-24T03:01:50.543+0000] {logging_mixin.py:188} INFO - [2024-03-24T03:01:50.543+0000] {dagbag.py:540} INFO - Filling up the DagBag from /home/airflow/.local/lib/python3.8/site-packages/airflow/example_dags/example_datasets.py
[2024-03-24T03:01:50.549+0000] {processor.py:840} INFO - DAG(s) 'dataset_consumes_1_and_2', 'dataset_consumes_1_never_scheduled', 'dataset_consumes_unknown_never_scheduled', 'dataset_produces_1', 'dataset_consumes_1', 'dataset_produces_2' retrieved from /home/airflow/.local/lib/python3.8/site-packages/airflow/example_dags/example_datasets.py
[2024-03-24T03:01:50.565+0000] {logging_mixin.py:188} INFO - [2024-03-24T03:01:50.565+0000] {dag.py:3047} INFO - Sync 6 DAGs
[2024-03-24T03:01:50.575+0000] {logging_mixin.py:188} INFO - [2024-03-24T03:01:50.575+0000] {dag.py:3834} INFO - Setting next_dagrun for dataset_consumes_1 to None, run_after=None
[2024-03-24T03:01:50.577+0000] {logging_mixin.py:188} INFO - [2024-03-24T03:01:50.577+0000] {dag.py:3834} INFO - Setting next_dagrun for dataset_consumes_1_and_2 to None, run_after=None
[2024-03-24T03:01:50.578+0000] {logging_mixin.py:188} INFO - [2024-03-24T03:01:50.577+0000] {dag.py:3834} INFO - Setting next_dagrun for dataset_consumes_1_never_scheduled to None, run_after=None
[2024-03-24T03:01:50.578+0000] {logging_mixin.py:188} INFO - [2024-03-24T03:01:50.578+0000] {dag.py:3834} INFO - Setting next_dagrun for dataset_consumes_unknown_never_scheduled to None, run_after=None
[2024-03-24T03:01:50.579+0000] {logging_mixin.py:188} INFO - [2024-03-24T03:01:50.579+0000] {dag.py:3834} INFO - Setting next_dagrun for dataset_produces_1 to 2024-03-23 00:00:00+00:00, run_after=2024-03-24 00:00:00+00:00
[2024-03-24T03:01:50.580+0000] {logging_mixin.py:188} INFO - [2024-03-24T03:01:50.580+0000] {dag.py:3834} INFO - Setting next_dagrun for dataset_produces_2 to None, run_after=None
[2024-03-24T03:01:50.593+0000] {processor.py:183} INFO - Processing /home/airflow/.local/lib/python3.8/site-packages/airflow/example_dags/example_datasets.py took 0.054 seconds
[2024-03-24T03:02:21.012+0000] {processor.py:161} INFO - Started process (PID=772) to work on /home/airflow/.local/lib/python3.8/site-packages/airflow/example_dags/example_datasets.py
[2024-03-24T03:02:21.013+0000] {processor.py:830} INFO - Processing file /home/airflow/.local/lib/python3.8/site-packages/airflow/example_dags/example_datasets.py for tasks to queue
[2024-03-24T03:02:21.014+0000] {logging_mixin.py:188} INFO - [2024-03-24T03:02:21.013+0000] {dagbag.py:540} INFO - Filling up the DagBag from /home/airflow/.local/lib/python3.8/site-packages/airflow/example_dags/example_datasets.py
[2024-03-24T03:02:21.019+0000] {processor.py:840} INFO - DAG(s) 'dataset_consumes_1_and_2', 'dataset_consumes_unknown_never_scheduled', 'dataset_produces_2', 'dataset_consumes_1_never_scheduled', 'dataset_consumes_1', 'dataset_produces_1' retrieved from /home/airflow/.local/lib/python3.8/site-packages/airflow/example_dags/example_datasets.py
[2024-03-24T03:02:21.037+0000] {logging_mixin.py:188} INFO - [2024-03-24T03:02:21.037+0000] {dag.py:3047} INFO - Sync 6 DAGs
[2024-03-24T03:02:21.049+0000] {logging_mixin.py:188} INFO - [2024-03-24T03:02:21.048+0000] {dag.py:3834} INFO - Setting next_dagrun for dataset_consumes_1 to None, run_after=None
[2024-03-24T03:02:21.050+0000] {logging_mixin.py:188} INFO - [2024-03-24T03:02:21.050+0000] {dag.py:3834} INFO - Setting next_dagrun for dataset_consumes_1_and_2 to None, run_after=None
[2024-03-24T03:02:21.051+0000] {logging_mixin.py:188} INFO - [2024-03-24T03:02:21.051+0000] {dag.py:3834} INFO - Setting next_dagrun for dataset_consumes_1_never_scheduled to None, run_after=None
[2024-03-24T03:02:21.052+0000] {logging_mixin.py:188} INFO - [2024-03-24T03:02:21.052+0000] {dag.py:3834} INFO - Setting next_dagrun for dataset_consumes_unknown_never_scheduled to None, run_after=None
[2024-03-24T03:02:21.053+0000] {logging_mixin.py:188} INFO - [2024-03-24T03:02:21.053+0000] {dag.py:3834} INFO - Setting next_dagrun for dataset_produces_1 to 2024-03-23 00:00:00+00:00, run_after=2024-03-24 00:00:00+00:00
[2024-03-24T03:02:21.054+0000] {logging_mixin.py:188} INFO - [2024-03-24T03:02:21.054+0000] {dag.py:3834} INFO - Setting next_dagrun for dataset_produces_2 to None, run_after=None
[2024-03-24T03:02:21.068+0000] {processor.py:183} INFO - Processing /home/airflow/.local/lib/python3.8/site-packages/airflow/example_dags/example_datasets.py took 0.058 seconds
[2024-03-24T03:02:51.258+0000] {processor.py:161} INFO - Started process (PID=828) to work on /home/airflow/.local/lib/python3.8/site-packages/airflow/example_dags/example_datasets.py
[2024-03-24T03:02:51.259+0000] {processor.py:830} INFO - Processing file /home/airflow/.local/lib/python3.8/site-packages/airflow/example_dags/example_datasets.py for tasks to queue
[2024-03-24T03:02:51.260+0000] {logging_mixin.py:188} INFO - [2024-03-24T03:02:51.260+0000] {dagbag.py:540} INFO - Filling up the DagBag from /home/airflow/.local/lib/python3.8/site-packages/airflow/example_dags/example_datasets.py
[2024-03-24T03:02:51.265+0000] {processor.py:840} INFO - DAG(s) 'dataset_consumes_1_and_2', 'dataset_consumes_1_never_scheduled', 'dataset_produces_2', 'dataset_consumes_unknown_never_scheduled', 'dataset_consumes_1', 'dataset_produces_1' retrieved from /home/airflow/.local/lib/python3.8/site-packages/airflow/example_dags/example_datasets.py
[2024-03-24T03:02:51.283+0000] {logging_mixin.py:188} INFO - [2024-03-24T03:02:51.283+0000] {dag.py:3047} INFO - Sync 6 DAGs
[2024-03-24T03:02:51.296+0000] {logging_mixin.py:188} INFO - [2024-03-24T03:02:51.296+0000] {dag.py:3834} INFO - Setting next_dagrun for dataset_consumes_1 to None, run_after=None
[2024-03-24T03:02:51.298+0000] {logging_mixin.py:188} INFO - [2024-03-24T03:02:51.298+0000] {dag.py:3834} INFO - Setting next_dagrun for dataset_consumes_1_and_2 to None, run_after=None
[2024-03-24T03:02:51.299+0000] {logging_mixin.py:188} INFO - [2024-03-24T03:02:51.299+0000] {dag.py:3834} INFO - Setting next_dagrun for dataset_consumes_1_never_scheduled to None, run_after=None
[2024-03-24T03:02:51.300+0000] {logging_mixin.py:188} INFO - [2024-03-24T03:02:51.300+0000] {dag.py:3834} INFO - Setting next_dagrun for dataset_consumes_unknown_never_scheduled to None, run_after=None
[2024-03-24T03:02:51.304+0000] {logging_mixin.py:188} INFO - [2024-03-24T03:02:51.304+0000] {dag.py:3834} INFO - Setting next_dagrun for dataset_produces_1 to 2024-03-23 00:00:00+00:00, run_after=2024-03-24 00:00:00+00:00
[2024-03-24T03:02:51.305+0000] {logging_mixin.py:188} INFO - [2024-03-24T03:02:51.305+0000] {dag.py:3834} INFO - Setting next_dagrun for dataset_produces_2 to None, run_after=None
[2024-03-24T03:02:51.320+0000] {processor.py:183} INFO - Processing /home/airflow/.local/lib/python3.8/site-packages/airflow/example_dags/example_datasets.py took 0.064 seconds
[2024-03-24T03:03:22.153+0000] {processor.py:161} INFO - Started process (PID=883) to work on /home/airflow/.local/lib/python3.8/site-packages/airflow/example_dags/example_datasets.py
[2024-03-24T03:03:22.154+0000] {processor.py:830} INFO - Processing file /home/airflow/.local/lib/python3.8/site-packages/airflow/example_dags/example_datasets.py for tasks to queue
[2024-03-24T03:03:22.155+0000] {logging_mixin.py:188} INFO - [2024-03-24T03:03:22.155+0000] {dagbag.py:540} INFO - Filling up the DagBag from /home/airflow/.local/lib/python3.8/site-packages/airflow/example_dags/example_datasets.py
[2024-03-24T03:03:22.161+0000] {processor.py:840} INFO - DAG(s) 'dataset_consumes_1', 'dataset_consumes_unknown_never_scheduled', 'dataset_consumes_1_never_scheduled', 'dataset_produces_1', 'dataset_consumes_1_and_2', 'dataset_produces_2' retrieved from /home/airflow/.local/lib/python3.8/site-packages/airflow/example_dags/example_datasets.py
[2024-03-24T03:03:22.180+0000] {logging_mixin.py:188} INFO - [2024-03-24T03:03:22.180+0000] {dag.py:3047} INFO - Sync 6 DAGs
[2024-03-24T03:03:22.195+0000] {logging_mixin.py:188} INFO - [2024-03-24T03:03:22.194+0000] {dag.py:3834} INFO - Setting next_dagrun for dataset_consumes_1 to None, run_after=None
[2024-03-24T03:03:22.196+0000] {logging_mixin.py:188} INFO - [2024-03-24T03:03:22.196+0000] {dag.py:3834} INFO - Setting next_dagrun for dataset_consumes_1_and_2 to None, run_after=None
[2024-03-24T03:03:22.197+0000] {logging_mixin.py:188} INFO - [2024-03-24T03:03:22.197+0000] {dag.py:3834} INFO - Setting next_dagrun for dataset_consumes_1_never_scheduled to None, run_after=None
[2024-03-24T03:03:22.199+0000] {logging_mixin.py:188} INFO - [2024-03-24T03:03:22.199+0000] {dag.py:3834} INFO - Setting next_dagrun for dataset_consumes_unknown_never_scheduled to None, run_after=None
[2024-03-24T03:03:22.200+0000] {logging_mixin.py:188} INFO - [2024-03-24T03:03:22.200+0000] {dag.py:3834} INFO - Setting next_dagrun for dataset_produces_1 to 2024-03-23 00:00:00+00:00, run_after=2024-03-24 00:00:00+00:00
[2024-03-24T03:03:22.201+0000] {logging_mixin.py:188} INFO - [2024-03-24T03:03:22.201+0000] {dag.py:3834} INFO - Setting next_dagrun for dataset_produces_2 to None, run_after=None
[2024-03-24T03:03:22.216+0000] {processor.py:183} INFO - Processing /home/airflow/.local/lib/python3.8/site-packages/airflow/example_dags/example_datasets.py took 0.065 seconds
[2024-03-24T03:03:52.400+0000] {processor.py:161} INFO - Started process (PID=938) to work on /home/airflow/.local/lib/python3.8/site-packages/airflow/example_dags/example_datasets.py
[2024-03-24T03:03:52.402+0000] {processor.py:830} INFO - Processing file /home/airflow/.local/lib/python3.8/site-packages/airflow/example_dags/example_datasets.py for tasks to queue
[2024-03-24T03:03:52.404+0000] {logging_mixin.py:188} INFO - [2024-03-24T03:03:52.404+0000] {dagbag.py:540} INFO - Filling up the DagBag from /home/airflow/.local/lib/python3.8/site-packages/airflow/example_dags/example_datasets.py
[2024-03-24T03:03:52.414+0000] {processor.py:840} INFO - DAG(s) 'dataset_produces_2', 'dataset_consumes_1_never_scheduled', 'dataset_consumes_1', 'dataset_consumes_1_and_2', 'dataset_produces_1', 'dataset_consumes_unknown_never_scheduled' retrieved from /home/airflow/.local/lib/python3.8/site-packages/airflow/example_dags/example_datasets.py
[2024-03-24T03:03:52.438+0000] {logging_mixin.py:188} INFO - [2024-03-24T03:03:52.438+0000] {dag.py:3047} INFO - Sync 6 DAGs
[2024-03-24T03:03:52.449+0000] {logging_mixin.py:188} INFO - [2024-03-24T03:03:52.449+0000] {dag.py:3834} INFO - Setting next_dagrun for dataset_consumes_1 to None, run_after=None
[2024-03-24T03:03:52.451+0000] {logging_mixin.py:188} INFO - [2024-03-24T03:03:52.451+0000] {dag.py:3834} INFO - Setting next_dagrun for dataset_consumes_1_and_2 to None, run_after=None
[2024-03-24T03:03:52.452+0000] {logging_mixin.py:188} INFO - [2024-03-24T03:03:52.451+0000] {dag.py:3834} INFO - Setting next_dagrun for dataset_consumes_1_never_scheduled to None, run_after=None
[2024-03-24T03:03:52.452+0000] {logging_mixin.py:188} INFO - [2024-03-24T03:03:52.452+0000] {dag.py:3834} INFO - Setting next_dagrun for dataset_consumes_unknown_never_scheduled to None, run_after=None
[2024-03-24T03:03:52.454+0000] {logging_mixin.py:188} INFO - [2024-03-24T03:03:52.454+0000] {dag.py:3834} INFO - Setting next_dagrun for dataset_produces_1 to 2024-03-23 00:00:00+00:00, run_after=2024-03-24 00:00:00+00:00
[2024-03-24T03:03:52.454+0000] {logging_mixin.py:188} INFO - [2024-03-24T03:03:52.454+0000] {dag.py:3834} INFO - Setting next_dagrun for dataset_produces_2 to None, run_after=None
[2024-03-24T03:03:52.469+0000] {processor.py:183} INFO - Processing /home/airflow/.local/lib/python3.8/site-packages/airflow/example_dags/example_datasets.py took 0.071 seconds
[2024-03-24T03:04:23.229+0000] {processor.py:161} INFO - Started process (PID=992) to work on /home/airflow/.local/lib/python3.8/site-packages/airflow/example_dags/example_datasets.py
[2024-03-24T03:04:23.230+0000] {processor.py:830} INFO - Processing file /home/airflow/.local/lib/python3.8/site-packages/airflow/example_dags/example_datasets.py for tasks to queue
[2024-03-24T03:04:23.232+0000] {logging_mixin.py:188} INFO - [2024-03-24T03:04:23.232+0000] {dagbag.py:540} INFO - Filling up the DagBag from /home/airflow/.local/lib/python3.8/site-packages/airflow/example_dags/example_datasets.py
[2024-03-24T03:04:23.239+0000] {processor.py:840} INFO - DAG(s) 'dataset_consumes_unknown_never_scheduled', 'dataset_consumes_1', 'dataset_consumes_1_never_scheduled', 'dataset_produces_1', 'dataset_consumes_1_and_2', 'dataset_produces_2' retrieved from /home/airflow/.local/lib/python3.8/site-packages/airflow/example_dags/example_datasets.py
[2024-03-24T03:04:23.257+0000] {logging_mixin.py:188} INFO - [2024-03-24T03:04:23.256+0000] {dag.py:3047} INFO - Sync 6 DAGs
[2024-03-24T03:04:23.268+0000] {logging_mixin.py:188} INFO - [2024-03-24T03:04:23.268+0000] {dag.py:3834} INFO - Setting next_dagrun for dataset_consumes_1 to None, run_after=None
[2024-03-24T03:04:23.270+0000] {logging_mixin.py:188} INFO - [2024-03-24T03:04:23.270+0000] {dag.py:3834} INFO - Setting next_dagrun for dataset_consumes_1_and_2 to None, run_after=None
[2024-03-24T03:04:23.271+0000] {logging_mixin.py:188} INFO - [2024-03-24T03:04:23.271+0000] {dag.py:3834} INFO - Setting next_dagrun for dataset_consumes_1_never_scheduled to None, run_after=None
[2024-03-24T03:04:23.272+0000] {logging_mixin.py:188} INFO - [2024-03-24T03:04:23.272+0000] {dag.py:3834} INFO - Setting next_dagrun for dataset_consumes_unknown_never_scheduled to None, run_after=None
[2024-03-24T03:04:23.273+0000] {logging_mixin.py:188} INFO - [2024-03-24T03:04:23.273+0000] {dag.py:3834} INFO - Setting next_dagrun for dataset_produces_1 to 2024-03-23 00:00:00+00:00, run_after=2024-03-24 00:00:00+00:00
[2024-03-24T03:04:23.274+0000] {logging_mixin.py:188} INFO - [2024-03-24T03:04:23.274+0000] {dag.py:3834} INFO - Setting next_dagrun for dataset_produces_2 to None, run_after=None
[2024-03-24T03:04:23.289+0000] {processor.py:183} INFO - Processing /home/airflow/.local/lib/python3.8/site-packages/airflow/example_dags/example_datasets.py took 0.062 seconds
[2024-03-24T03:04:53.543+0000] {processor.py:161} INFO - Started process (PID=1046) to work on /home/airflow/.local/lib/python3.8/site-packages/airflow/example_dags/example_datasets.py
[2024-03-24T03:04:53.543+0000] {processor.py:830} INFO - Processing file /home/airflow/.local/lib/python3.8/site-packages/airflow/example_dags/example_datasets.py for tasks to queue
[2024-03-24T03:04:53.544+0000] {logging_mixin.py:188} INFO - [2024-03-24T03:04:53.544+0000] {dagbag.py:540} INFO - Filling up the DagBag from /home/airflow/.local/lib/python3.8/site-packages/airflow/example_dags/example_datasets.py
[2024-03-24T03:04:53.549+0000] {processor.py:840} INFO - DAG(s) 'dataset_consumes_1', 'dataset_produces_2', 'dataset_consumes_unknown_never_scheduled', 'dataset_produces_1', 'dataset_consumes_1_never_scheduled', 'dataset_consumes_1_and_2' retrieved from /home/airflow/.local/lib/python3.8/site-packages/airflow/example_dags/example_datasets.py
[2024-03-24T03:04:53.564+0000] {logging_mixin.py:188} INFO - [2024-03-24T03:04:53.564+0000] {dag.py:3047} INFO - Sync 6 DAGs
[2024-03-24T03:04:53.574+0000] {logging_mixin.py:188} INFO - [2024-03-24T03:04:53.574+0000] {dag.py:3834} INFO - Setting next_dagrun for dataset_consumes_1 to None, run_after=None
[2024-03-24T03:04:53.576+0000] {logging_mixin.py:188} INFO - [2024-03-24T03:04:53.576+0000] {dag.py:3834} INFO - Setting next_dagrun for dataset_consumes_1_and_2 to None, run_after=None
[2024-03-24T03:04:53.577+0000] {logging_mixin.py:188} INFO - [2024-03-24T03:04:53.576+0000] {dag.py:3834} INFO - Setting next_dagrun for dataset_consumes_1_never_scheduled to None, run_after=None
[2024-03-24T03:04:53.577+0000] {logging_mixin.py:188} INFO - [2024-03-24T03:04:53.577+0000] {dag.py:3834} INFO - Setting next_dagrun for dataset_consumes_unknown_never_scheduled to None, run_after=None
[2024-03-24T03:04:53.579+0000] {logging_mixin.py:188} INFO - [2024-03-24T03:04:53.578+0000] {dag.py:3834} INFO - Setting next_dagrun for dataset_produces_1 to 2024-03-23 00:00:00+00:00, run_after=2024-03-24 00:00:00+00:00
[2024-03-24T03:04:53.579+0000] {logging_mixin.py:188} INFO - [2024-03-24T03:04:53.579+0000] {dag.py:3834} INFO - Setting next_dagrun for dataset_produces_2 to None, run_after=None
[2024-03-24T03:04:53.592+0000] {processor.py:183} INFO - Processing /home/airflow/.local/lib/python3.8/site-packages/airflow/example_dags/example_datasets.py took 0.051 seconds
[2024-03-24T03:05:24.014+0000] {processor.py:161} INFO - Started process (PID=1102) to work on /home/airflow/.local/lib/python3.8/site-packages/airflow/example_dags/example_datasets.py
[2024-03-24T03:05:24.015+0000] {processor.py:830} INFO - Processing file /home/airflow/.local/lib/python3.8/site-packages/airflow/example_dags/example_datasets.py for tasks to queue
[2024-03-24T03:05:24.017+0000] {logging_mixin.py:188} INFO - [2024-03-24T03:05:24.017+0000] {dagbag.py:540} INFO - Filling up the DagBag from /home/airflow/.local/lib/python3.8/site-packages/airflow/example_dags/example_datasets.py
[2024-03-24T03:05:24.023+0000] {processor.py:840} INFO - DAG(s) 'dataset_consumes_1_never_scheduled', 'dataset_produces_2', 'dataset_produces_1', 'dataset_consumes_1', 'dataset_consumes_unknown_never_scheduled', 'dataset_consumes_1_and_2' retrieved from /home/airflow/.local/lib/python3.8/site-packages/airflow/example_dags/example_datasets.py
[2024-03-24T03:05:24.060+0000] {logging_mixin.py:188} INFO - [2024-03-24T03:05:24.059+0000] {dag.py:3047} INFO - Sync 6 DAGs
[2024-03-24T03:05:24.140+0000] {logging_mixin.py:188} INFO - [2024-03-24T03:05:24.140+0000] {dag.py:3834} INFO - Setting next_dagrun for dataset_consumes_1 to None, run_after=None
[2024-03-24T03:05:24.149+0000] {logging_mixin.py:188} INFO - [2024-03-24T03:05:24.149+0000] {dag.py:3834} INFO - Setting next_dagrun for dataset_consumes_1_and_2 to None, run_after=None
[2024-03-24T03:05:24.151+0000] {logging_mixin.py:188} INFO - [2024-03-24T03:05:24.151+0000] {dag.py:3834} INFO - Setting next_dagrun for dataset_consumes_1_never_scheduled to None, run_after=None
[2024-03-24T03:05:24.154+0000] {logging_mixin.py:188} INFO - [2024-03-24T03:05:24.154+0000] {dag.py:3834} INFO - Setting next_dagrun for dataset_consumes_unknown_never_scheduled to None, run_after=None
[2024-03-24T03:05:24.164+0000] {logging_mixin.py:188} INFO - [2024-03-24T03:05:24.163+0000] {dag.py:3834} INFO - Setting next_dagrun for dataset_produces_1 to 2024-03-23 00:00:00+00:00, run_after=2024-03-24 00:00:00+00:00
[2024-03-24T03:05:24.168+0000] {logging_mixin.py:188} INFO - [2024-03-24T03:05:24.168+0000] {dag.py:3834} INFO - Setting next_dagrun for dataset_produces_2 to None, run_after=None
[2024-03-24T03:05:24.210+0000] {processor.py:183} INFO - Processing /home/airflow/.local/lib/python3.8/site-packages/airflow/example_dags/example_datasets.py took 0.198 seconds
[2024-03-24T03:05:54.562+0000] {processor.py:161} INFO - Started process (PID=1156) to work on /home/airflow/.local/lib/python3.8/site-packages/airflow/example_dags/example_datasets.py
[2024-03-24T03:05:54.563+0000] {processor.py:830} INFO - Processing file /home/airflow/.local/lib/python3.8/site-packages/airflow/example_dags/example_datasets.py for tasks to queue
[2024-03-24T03:05:54.564+0000] {logging_mixin.py:188} INFO - [2024-03-24T03:05:54.564+0000] {dagbag.py:540} INFO - Filling up the DagBag from /home/airflow/.local/lib/python3.8/site-packages/airflow/example_dags/example_datasets.py
[2024-03-24T03:05:54.569+0000] {processor.py:840} INFO - DAG(s) 'dataset_consumes_1_never_scheduled', 'dataset_consumes_1', 'dataset_produces_1', 'dataset_consumes_unknown_never_scheduled', 'dataset_produces_2', 'dataset_consumes_1_and_2' retrieved from /home/airflow/.local/lib/python3.8/site-packages/airflow/example_dags/example_datasets.py
[2024-03-24T03:05:54.585+0000] {logging_mixin.py:188} INFO - [2024-03-24T03:05:54.585+0000] {dag.py:3047} INFO - Sync 6 DAGs
[2024-03-24T03:05:54.597+0000] {logging_mixin.py:188} INFO - [2024-03-24T03:05:54.597+0000] {dag.py:3834} INFO - Setting next_dagrun for dataset_consumes_1 to None, run_after=None
[2024-03-24T03:05:54.599+0000] {logging_mixin.py:188} INFO - [2024-03-24T03:05:54.599+0000] {dag.py:3834} INFO - Setting next_dagrun for dataset_consumes_1_and_2 to None, run_after=None
[2024-03-24T03:05:54.599+0000] {logging_mixin.py:188} INFO - [2024-03-24T03:05:54.599+0000] {dag.py:3834} INFO - Setting next_dagrun for dataset_consumes_1_never_scheduled to None, run_after=None
[2024-03-24T03:05:54.600+0000] {logging_mixin.py:188} INFO - [2024-03-24T03:05:54.600+0000] {dag.py:3834} INFO - Setting next_dagrun for dataset_consumes_unknown_never_scheduled to None, run_after=None
[2024-03-24T03:05:54.602+0000] {logging_mixin.py:188} INFO - [2024-03-24T03:05:54.601+0000] {dag.py:3834} INFO - Setting next_dagrun for dataset_produces_1 to 2024-03-23 00:00:00+00:00, run_after=2024-03-24 00:00:00+00:00
[2024-03-24T03:05:54.602+0000] {logging_mixin.py:188} INFO - [2024-03-24T03:05:54.602+0000] {dag.py:3834} INFO - Setting next_dagrun for dataset_produces_2 to None, run_after=None
[2024-03-24T03:05:54.617+0000] {processor.py:183} INFO - Processing /home/airflow/.local/lib/python3.8/site-packages/airflow/example_dags/example_datasets.py took 0.057 seconds
