[2024-03-24T02:55:45.535+0000] {processor.py:161} INFO - Started process (PID=70) to work on /home/airflow/.local/lib/python3.8/site-packages/airflow/example_dags/example_task_group_decorator.py
[2024-03-24T02:55:45.536+0000] {processor.py:830} INFO - Processing file /home/airflow/.local/lib/python3.8/site-packages/airflow/example_dags/example_task_group_decorator.py for tasks to queue
[2024-03-24T02:55:45.541+0000] {logging_mixin.py:188} INFO - [2024-03-24T02:55:45.541+0000] {dagbag.py:540} INFO - Filling up the DagBag from /home/airflow/.local/lib/python3.8/site-packages/airflow/example_dags/example_task_group_decorator.py
[2024-03-24T02:55:45.556+0000] {processor.py:840} INFO - DAG(s) 'example_task_group_decorator' retrieved from /home/airflow/.local/lib/python3.8/site-packages/airflow/example_dags/example_task_group_decorator.py
[2024-03-24T02:55:45.580+0000] {logging_mixin.py:188} INFO - [2024-03-24T02:55:45.579+0000] {dag.py:3047} INFO - Sync 1 DAGs
[2024-03-24T02:55:45.602+0000] {logging_mixin.py:188} INFO - [2024-03-24T02:55:45.602+0000] {dag.py:3834} INFO - Setting next_dagrun for example_task_group_decorator to 2024-03-23 00:00:00+00:00, run_after=2024-03-24 00:00:00+00:00
[2024-03-24T02:55:45.629+0000] {processor.py:183} INFO - Processing /home/airflow/.local/lib/python3.8/site-packages/airflow/example_dags/example_task_group_decorator.py took 0.101 seconds
[2024-03-24T02:56:16.013+0000] {processor.py:161} INFO - Started process (PID=124) to work on /home/airflow/.local/lib/python3.8/site-packages/airflow/example_dags/example_task_group_decorator.py
[2024-03-24T02:56:16.014+0000] {processor.py:830} INFO - Processing file /home/airflow/.local/lib/python3.8/site-packages/airflow/example_dags/example_task_group_decorator.py for tasks to queue
[2024-03-24T02:56:16.015+0000] {logging_mixin.py:188} INFO - [2024-03-24T02:56:16.015+0000] {dagbag.py:540} INFO - Filling up the DagBag from /home/airflow/.local/lib/python3.8/site-packages/airflow/example_dags/example_task_group_decorator.py
[2024-03-24T02:56:16.022+0000] {processor.py:840} INFO - DAG(s) 'example_task_group_decorator' retrieved from /home/airflow/.local/lib/python3.8/site-packages/airflow/example_dags/example_task_group_decorator.py
[2024-03-24T02:56:16.071+0000] {logging_mixin.py:188} INFO - [2024-03-24T02:56:16.071+0000] {dag.py:3047} INFO - Sync 1 DAGs
[2024-03-24T02:56:16.082+0000] {logging_mixin.py:188} INFO - [2024-03-24T02:56:16.082+0000] {dag.py:3834} INFO - Setting next_dagrun for example_task_group_decorator to 2024-03-23 00:00:00+00:00, run_after=2024-03-24 00:00:00+00:00
[2024-03-24T02:56:16.094+0000] {processor.py:183} INFO - Processing /home/airflow/.local/lib/python3.8/site-packages/airflow/example_dags/example_task_group_decorator.py took 0.082 seconds
[2024-03-24T02:56:46.995+0000] {processor.py:161} INFO - Started process (PID=179) to work on /home/airflow/.local/lib/python3.8/site-packages/airflow/example_dags/example_task_group_decorator.py
[2024-03-24T02:56:46.996+0000] {processor.py:830} INFO - Processing file /home/airflow/.local/lib/python3.8/site-packages/airflow/example_dags/example_task_group_decorator.py for tasks to queue
[2024-03-24T02:56:46.997+0000] {logging_mixin.py:188} INFO - [2024-03-24T02:56:46.997+0000] {dagbag.py:540} INFO - Filling up the DagBag from /home/airflow/.local/lib/python3.8/site-packages/airflow/example_dags/example_task_group_decorator.py
[2024-03-24T02:56:47.004+0000] {processor.py:840} INFO - DAG(s) 'example_task_group_decorator' retrieved from /home/airflow/.local/lib/python3.8/site-packages/airflow/example_dags/example_task_group_decorator.py
[2024-03-24T02:56:47.016+0000] {logging_mixin.py:188} INFO - [2024-03-24T02:56:47.015+0000] {dag.py:3047} INFO - Sync 1 DAGs
[2024-03-24T02:56:47.027+0000] {logging_mixin.py:188} INFO - [2024-03-24T02:56:47.026+0000] {dag.py:3834} INFO - Setting next_dagrun for example_task_group_decorator to 2024-03-23 00:00:00+00:00, run_after=2024-03-24 00:00:00+00:00
[2024-03-24T02:56:47.036+0000] {processor.py:183} INFO - Processing /home/airflow/.local/lib/python3.8/site-packages/airflow/example_dags/example_task_group_decorator.py took 0.042 seconds
[2024-03-24T02:57:17.799+0000] {processor.py:161} INFO - Started process (PID=234) to work on /home/airflow/.local/lib/python3.8/site-packages/airflow/example_dags/example_task_group_decorator.py
[2024-03-24T02:57:17.800+0000] {processor.py:830} INFO - Processing file /home/airflow/.local/lib/python3.8/site-packages/airflow/example_dags/example_task_group_decorator.py for tasks to queue
[2024-03-24T02:57:17.801+0000] {logging_mixin.py:188} INFO - [2024-03-24T02:57:17.801+0000] {dagbag.py:540} INFO - Filling up the DagBag from /home/airflow/.local/lib/python3.8/site-packages/airflow/example_dags/example_task_group_decorator.py
[2024-03-24T02:57:17.814+0000] {processor.py:840} INFO - DAG(s) 'example_task_group_decorator' retrieved from /home/airflow/.local/lib/python3.8/site-packages/airflow/example_dags/example_task_group_decorator.py
[2024-03-24T02:57:17.829+0000] {logging_mixin.py:188} INFO - [2024-03-24T02:57:17.829+0000] {dag.py:3047} INFO - Sync 1 DAGs
[2024-03-24T02:57:17.839+0000] {logging_mixin.py:188} INFO - [2024-03-24T02:57:17.839+0000] {dag.py:3834} INFO - Setting next_dagrun for example_task_group_decorator to 2024-03-23 00:00:00+00:00, run_after=2024-03-24 00:00:00+00:00
[2024-03-24T02:57:17.851+0000] {processor.py:183} INFO - Processing /home/airflow/.local/lib/python3.8/site-packages/airflow/example_dags/example_task_group_decorator.py took 0.054 seconds
[2024-03-24T02:57:48.674+0000] {processor.py:161} INFO - Started process (PID=289) to work on /home/airflow/.local/lib/python3.8/site-packages/airflow/example_dags/example_task_group_decorator.py
[2024-03-24T02:57:48.676+0000] {processor.py:830} INFO - Processing file /home/airflow/.local/lib/python3.8/site-packages/airflow/example_dags/example_task_group_decorator.py for tasks to queue
[2024-03-24T02:57:48.680+0000] {logging_mixin.py:188} INFO - [2024-03-24T02:57:48.679+0000] {dagbag.py:540} INFO - Filling up the DagBag from /home/airflow/.local/lib/python3.8/site-packages/airflow/example_dags/example_task_group_decorator.py
[2024-03-24T02:57:48.688+0000] {processor.py:840} INFO - DAG(s) 'example_task_group_decorator' retrieved from /home/airflow/.local/lib/python3.8/site-packages/airflow/example_dags/example_task_group_decorator.py
[2024-03-24T02:57:48.702+0000] {logging_mixin.py:188} INFO - [2024-03-24T02:57:48.702+0000] {dag.py:3047} INFO - Sync 1 DAGs
[2024-03-24T02:57:48.715+0000] {logging_mixin.py:188} INFO - [2024-03-24T02:57:48.715+0000] {dag.py:3834} INFO - Setting next_dagrun for example_task_group_decorator to 2024-03-23 00:00:00+00:00, run_after=2024-03-24 00:00:00+00:00
[2024-03-24T02:57:48.724+0000] {processor.py:183} INFO - Processing /home/airflow/.local/lib/python3.8/site-packages/airflow/example_dags/example_task_group_decorator.py took 0.051 seconds
[2024-03-24T02:58:19.133+0000] {processor.py:161} INFO - Started process (PID=344) to work on /home/airflow/.local/lib/python3.8/site-packages/airflow/example_dags/example_task_group_decorator.py
[2024-03-24T02:58:19.134+0000] {processor.py:830} INFO - Processing file /home/airflow/.local/lib/python3.8/site-packages/airflow/example_dags/example_task_group_decorator.py for tasks to queue
[2024-03-24T02:58:19.135+0000] {logging_mixin.py:188} INFO - [2024-03-24T02:58:19.135+0000] {dagbag.py:540} INFO - Filling up the DagBag from /home/airflow/.local/lib/python3.8/site-packages/airflow/example_dags/example_task_group_decorator.py
[2024-03-24T02:58:19.142+0000] {processor.py:840} INFO - DAG(s) 'example_task_group_decorator' retrieved from /home/airflow/.local/lib/python3.8/site-packages/airflow/example_dags/example_task_group_decorator.py
[2024-03-24T02:58:19.149+0000] {logging_mixin.py:188} INFO - [2024-03-24T02:58:19.149+0000] {dag.py:3047} INFO - Sync 1 DAGs
[2024-03-24T02:58:19.161+0000] {logging_mixin.py:188} INFO - [2024-03-24T02:58:19.161+0000] {dag.py:3834} INFO - Setting next_dagrun for example_task_group_decorator to 2024-03-23 00:00:00+00:00, run_after=2024-03-24 00:00:00+00:00
[2024-03-24T02:58:19.170+0000] {processor.py:183} INFO - Processing /home/airflow/.local/lib/python3.8/site-packages/airflow/example_dags/example_task_group_decorator.py took 0.039 seconds
[2024-03-24T02:58:49.452+0000] {processor.py:161} INFO - Started process (PID=399) to work on /home/airflow/.local/lib/python3.8/site-packages/airflow/example_dags/example_task_group_decorator.py
[2024-03-24T02:58:49.453+0000] {processor.py:830} INFO - Processing file /home/airflow/.local/lib/python3.8/site-packages/airflow/example_dags/example_task_group_decorator.py for tasks to queue
[2024-03-24T02:58:49.454+0000] {logging_mixin.py:188} INFO - [2024-03-24T02:58:49.454+0000] {dagbag.py:540} INFO - Filling up the DagBag from /home/airflow/.local/lib/python3.8/site-packages/airflow/example_dags/example_task_group_decorator.py
[2024-03-24T02:58:49.462+0000] {processor.py:840} INFO - DAG(s) 'example_task_group_decorator' retrieved from /home/airflow/.local/lib/python3.8/site-packages/airflow/example_dags/example_task_group_decorator.py
[2024-03-24T02:58:49.515+0000] {logging_mixin.py:188} INFO - [2024-03-24T02:58:49.515+0000] {dag.py:3047} INFO - Sync 1 DAGs
[2024-03-24T02:58:49.527+0000] {logging_mixin.py:188} INFO - [2024-03-24T02:58:49.527+0000] {dag.py:3834} INFO - Setting next_dagrun for example_task_group_decorator to 2024-03-23 00:00:00+00:00, run_after=2024-03-24 00:00:00+00:00
[2024-03-24T02:58:49.539+0000] {processor.py:183} INFO - Processing /home/airflow/.local/lib/python3.8/site-packages/airflow/example_dags/example_task_group_decorator.py took 0.089 seconds
[2024-03-24T02:59:20.444+0000] {processor.py:161} INFO - Started process (PID=454) to work on /home/airflow/.local/lib/python3.8/site-packages/airflow/example_dags/example_task_group_decorator.py
[2024-03-24T02:59:20.446+0000] {processor.py:830} INFO - Processing file /home/airflow/.local/lib/python3.8/site-packages/airflow/example_dags/example_task_group_decorator.py for tasks to queue
[2024-03-24T02:59:20.447+0000] {logging_mixin.py:188} INFO - [2024-03-24T02:59:20.447+0000] {dagbag.py:540} INFO - Filling up the DagBag from /home/airflow/.local/lib/python3.8/site-packages/airflow/example_dags/example_task_group_decorator.py
[2024-03-24T02:59:20.456+0000] {processor.py:840} INFO - DAG(s) 'example_task_group_decorator' retrieved from /home/airflow/.local/lib/python3.8/site-packages/airflow/example_dags/example_task_group_decorator.py
[2024-03-24T02:59:20.470+0000] {logging_mixin.py:188} INFO - [2024-03-24T02:59:20.470+0000] {dag.py:3047} INFO - Sync 1 DAGs
[2024-03-24T02:59:20.482+0000] {logging_mixin.py:188} INFO - [2024-03-24T02:59:20.482+0000] {dag.py:3834} INFO - Setting next_dagrun for example_task_group_decorator to 2024-03-23 00:00:00+00:00, run_after=2024-03-24 00:00:00+00:00
[2024-03-24T02:59:20.491+0000] {processor.py:183} INFO - Processing /home/airflow/.local/lib/python3.8/site-packages/airflow/example_dags/example_task_group_decorator.py took 0.050 seconds
[2024-03-24T02:59:50.623+0000] {processor.py:161} INFO - Started process (PID=509) to work on /home/airflow/.local/lib/python3.8/site-packages/airflow/example_dags/example_task_group_decorator.py
[2024-03-24T02:59:50.624+0000] {processor.py:830} INFO - Processing file /home/airflow/.local/lib/python3.8/site-packages/airflow/example_dags/example_task_group_decorator.py for tasks to queue
[2024-03-24T02:59:50.625+0000] {logging_mixin.py:188} INFO - [2024-03-24T02:59:50.625+0000] {dagbag.py:540} INFO - Filling up the DagBag from /home/airflow/.local/lib/python3.8/site-packages/airflow/example_dags/example_task_group_decorator.py
[2024-03-24T02:59:50.632+0000] {processor.py:840} INFO - DAG(s) 'example_task_group_decorator' retrieved from /home/airflow/.local/lib/python3.8/site-packages/airflow/example_dags/example_task_group_decorator.py
[2024-03-24T02:59:50.644+0000] {logging_mixin.py:188} INFO - [2024-03-24T02:59:50.644+0000] {dag.py:3047} INFO - Sync 1 DAGs
[2024-03-24T02:59:50.655+0000] {logging_mixin.py:188} INFO - [2024-03-24T02:59:50.655+0000] {dag.py:3834} INFO - Setting next_dagrun for example_task_group_decorator to 2024-03-23 00:00:00+00:00, run_after=2024-03-24 00:00:00+00:00
[2024-03-24T02:59:50.664+0000] {processor.py:183} INFO - Processing /home/airflow/.local/lib/python3.8/site-packages/airflow/example_dags/example_task_group_decorator.py took 0.043 seconds
[2024-03-24T03:00:20.773+0000] {processor.py:161} INFO - Started process (PID=564) to work on /home/airflow/.local/lib/python3.8/site-packages/airflow/example_dags/example_task_group_decorator.py
[2024-03-24T03:00:20.773+0000] {processor.py:830} INFO - Processing file /home/airflow/.local/lib/python3.8/site-packages/airflow/example_dags/example_task_group_decorator.py for tasks to queue
[2024-03-24T03:00:20.774+0000] {logging_mixin.py:188} INFO - [2024-03-24T03:00:20.774+0000] {dagbag.py:540} INFO - Filling up the DagBag from /home/airflow/.local/lib/python3.8/site-packages/airflow/example_dags/example_task_group_decorator.py
[2024-03-24T03:00:20.783+0000] {processor.py:840} INFO - DAG(s) 'example_task_group_decorator' retrieved from /home/airflow/.local/lib/python3.8/site-packages/airflow/example_dags/example_task_group_decorator.py
[2024-03-24T03:00:20.796+0000] {logging_mixin.py:188} INFO - [2024-03-24T03:00:20.796+0000] {dag.py:3047} INFO - Sync 1 DAGs
[2024-03-24T03:00:20.807+0000] {logging_mixin.py:188} INFO - [2024-03-24T03:00:20.806+0000] {dag.py:3834} INFO - Setting next_dagrun for example_task_group_decorator to 2024-03-23 00:00:00+00:00, run_after=2024-03-24 00:00:00+00:00
[2024-03-24T03:00:20.817+0000] {processor.py:183} INFO - Processing /home/airflow/.local/lib/python3.8/site-packages/airflow/example_dags/example_task_group_decorator.py took 0.046 seconds
[2024-03-24T03:00:51.063+0000] {processor.py:161} INFO - Started process (PID=619) to work on /home/airflow/.local/lib/python3.8/site-packages/airflow/example_dags/example_task_group_decorator.py
[2024-03-24T03:00:51.064+0000] {processor.py:830} INFO - Processing file /home/airflow/.local/lib/python3.8/site-packages/airflow/example_dags/example_task_group_decorator.py for tasks to queue
[2024-03-24T03:00:51.065+0000] {logging_mixin.py:188} INFO - [2024-03-24T03:00:51.065+0000] {dagbag.py:540} INFO - Filling up the DagBag from /home/airflow/.local/lib/python3.8/site-packages/airflow/example_dags/example_task_group_decorator.py
[2024-03-24T03:00:51.075+0000] {processor.py:840} INFO - DAG(s) 'example_task_group_decorator' retrieved from /home/airflow/.local/lib/python3.8/site-packages/airflow/example_dags/example_task_group_decorator.py
[2024-03-24T03:00:51.091+0000] {logging_mixin.py:188} INFO - [2024-03-24T03:00:51.090+0000] {dag.py:3047} INFO - Sync 1 DAGs
[2024-03-24T03:00:51.103+0000] {logging_mixin.py:188} INFO - [2024-03-24T03:00:51.103+0000] {dag.py:3834} INFO - Setting next_dagrun for example_task_group_decorator to 2024-03-23 00:00:00+00:00, run_after=2024-03-24 00:00:00+00:00
[2024-03-24T03:00:51.112+0000] {processor.py:183} INFO - Processing /home/airflow/.local/lib/python3.8/site-packages/airflow/example_dags/example_task_group_decorator.py took 0.051 seconds
[2024-03-24T03:01:21.525+0000] {processor.py:161} INFO - Started process (PID=674) to work on /home/airflow/.local/lib/python3.8/site-packages/airflow/example_dags/example_task_group_decorator.py
[2024-03-24T03:01:21.526+0000] {processor.py:830} INFO - Processing file /home/airflow/.local/lib/python3.8/site-packages/airflow/example_dags/example_task_group_decorator.py for tasks to queue
[2024-03-24T03:01:21.528+0000] {logging_mixin.py:188} INFO - [2024-03-24T03:01:21.528+0000] {dagbag.py:540} INFO - Filling up the DagBag from /home/airflow/.local/lib/python3.8/site-packages/airflow/example_dags/example_task_group_decorator.py
[2024-03-24T03:01:21.536+0000] {processor.py:840} INFO - DAG(s) 'example_task_group_decorator' retrieved from /home/airflow/.local/lib/python3.8/site-packages/airflow/example_dags/example_task_group_decorator.py
[2024-03-24T03:01:21.548+0000] {logging_mixin.py:188} INFO - [2024-03-24T03:01:21.548+0000] {dag.py:3047} INFO - Sync 1 DAGs
[2024-03-24T03:01:21.560+0000] {logging_mixin.py:188} INFO - [2024-03-24T03:01:21.560+0000] {dag.py:3834} INFO - Setting next_dagrun for example_task_group_decorator to 2024-03-23 00:00:00+00:00, run_after=2024-03-24 00:00:00+00:00
[2024-03-24T03:01:21.569+0000] {processor.py:183} INFO - Processing /home/airflow/.local/lib/python3.8/site-packages/airflow/example_dags/example_task_group_decorator.py took 0.046 seconds
[2024-03-24T03:01:52.089+0000] {processor.py:161} INFO - Started process (PID=729) to work on /home/airflow/.local/lib/python3.8/site-packages/airflow/example_dags/example_task_group_decorator.py
[2024-03-24T03:01:52.090+0000] {processor.py:830} INFO - Processing file /home/airflow/.local/lib/python3.8/site-packages/airflow/example_dags/example_task_group_decorator.py for tasks to queue
[2024-03-24T03:01:52.092+0000] {logging_mixin.py:188} INFO - [2024-03-24T03:01:52.091+0000] {dagbag.py:540} INFO - Filling up the DagBag from /home/airflow/.local/lib/python3.8/site-packages/airflow/example_dags/example_task_group_decorator.py
[2024-03-24T03:01:52.105+0000] {processor.py:840} INFO - DAG(s) 'example_task_group_decorator' retrieved from /home/airflow/.local/lib/python3.8/site-packages/airflow/example_dags/example_task_group_decorator.py
[2024-03-24T03:01:52.124+0000] {logging_mixin.py:188} INFO - [2024-03-24T03:01:52.124+0000] {dag.py:3047} INFO - Sync 1 DAGs
[2024-03-24T03:01:52.141+0000] {logging_mixin.py:188} INFO - [2024-03-24T03:01:52.140+0000] {dag.py:3834} INFO - Setting next_dagrun for example_task_group_decorator to 2024-03-23 00:00:00+00:00, run_after=2024-03-24 00:00:00+00:00
[2024-03-24T03:01:52.152+0000] {processor.py:183} INFO - Processing /home/airflow/.local/lib/python3.8/site-packages/airflow/example_dags/example_task_group_decorator.py took 0.067 seconds
[2024-03-24T03:02:22.384+0000] {processor.py:161} INFO - Started process (PID=784) to work on /home/airflow/.local/lib/python3.8/site-packages/airflow/example_dags/example_task_group_decorator.py
[2024-03-24T03:02:22.384+0000] {processor.py:830} INFO - Processing file /home/airflow/.local/lib/python3.8/site-packages/airflow/example_dags/example_task_group_decorator.py for tasks to queue
[2024-03-24T03:02:22.385+0000] {logging_mixin.py:188} INFO - [2024-03-24T03:02:22.385+0000] {dagbag.py:540} INFO - Filling up the DagBag from /home/airflow/.local/lib/python3.8/site-packages/airflow/example_dags/example_task_group_decorator.py
[2024-03-24T03:02:22.393+0000] {processor.py:840} INFO - DAG(s) 'example_task_group_decorator' retrieved from /home/airflow/.local/lib/python3.8/site-packages/airflow/example_dags/example_task_group_decorator.py
[2024-03-24T03:02:22.405+0000] {logging_mixin.py:188} INFO - [2024-03-24T03:02:22.405+0000] {dag.py:3047} INFO - Sync 1 DAGs
[2024-03-24T03:02:22.425+0000] {logging_mixin.py:188} INFO - [2024-03-24T03:02:22.424+0000] {dag.py:3834} INFO - Setting next_dagrun for example_task_group_decorator to 2024-03-23 00:00:00+00:00, run_after=2024-03-24 00:00:00+00:00
[2024-03-24T03:02:22.437+0000] {processor.py:183} INFO - Processing /home/airflow/.local/lib/python3.8/site-packages/airflow/example_dags/example_task_group_decorator.py took 0.055 seconds
[2024-03-24T03:02:52.648+0000] {processor.py:161} INFO - Started process (PID=839) to work on /home/airflow/.local/lib/python3.8/site-packages/airflow/example_dags/example_task_group_decorator.py
[2024-03-24T03:02:52.649+0000] {processor.py:830} INFO - Processing file /home/airflow/.local/lib/python3.8/site-packages/airflow/example_dags/example_task_group_decorator.py for tasks to queue
[2024-03-24T03:02:52.650+0000] {logging_mixin.py:188} INFO - [2024-03-24T03:02:52.650+0000] {dagbag.py:540} INFO - Filling up the DagBag from /home/airflow/.local/lib/python3.8/site-packages/airflow/example_dags/example_task_group_decorator.py
[2024-03-24T03:02:52.658+0000] {processor.py:840} INFO - DAG(s) 'example_task_group_decorator' retrieved from /home/airflow/.local/lib/python3.8/site-packages/airflow/example_dags/example_task_group_decorator.py
[2024-03-24T03:02:52.670+0000] {logging_mixin.py:188} INFO - [2024-03-24T03:02:52.670+0000] {dag.py:3047} INFO - Sync 1 DAGs
[2024-03-24T03:02:52.680+0000] {logging_mixin.py:188} INFO - [2024-03-24T03:02:52.680+0000] {dag.py:3834} INFO - Setting next_dagrun for example_task_group_decorator to 2024-03-23 00:00:00+00:00, run_after=2024-03-24 00:00:00+00:00
[2024-03-24T03:02:52.689+0000] {processor.py:183} INFO - Processing /home/airflow/.local/lib/python3.8/site-packages/airflow/example_dags/example_task_group_decorator.py took 0.043 seconds
[2024-03-24T03:03:23.547+0000] {processor.py:161} INFO - Started process (PID=894) to work on /home/airflow/.local/lib/python3.8/site-packages/airflow/example_dags/example_task_group_decorator.py
[2024-03-24T03:03:23.548+0000] {processor.py:830} INFO - Processing file /home/airflow/.local/lib/python3.8/site-packages/airflow/example_dags/example_task_group_decorator.py for tasks to queue
[2024-03-24T03:03:23.549+0000] {logging_mixin.py:188} INFO - [2024-03-24T03:03:23.549+0000] {dagbag.py:540} INFO - Filling up the DagBag from /home/airflow/.local/lib/python3.8/site-packages/airflow/example_dags/example_task_group_decorator.py
[2024-03-24T03:03:23.558+0000] {processor.py:840} INFO - DAG(s) 'example_task_group_decorator' retrieved from /home/airflow/.local/lib/python3.8/site-packages/airflow/example_dags/example_task_group_decorator.py
[2024-03-24T03:03:23.573+0000] {logging_mixin.py:188} INFO - [2024-03-24T03:03:23.573+0000] {dag.py:3047} INFO - Sync 1 DAGs
[2024-03-24T03:03:23.588+0000] {logging_mixin.py:188} INFO - [2024-03-24T03:03:23.588+0000] {dag.py:3834} INFO - Setting next_dagrun for example_task_group_decorator to 2024-03-23 00:00:00+00:00, run_after=2024-03-24 00:00:00+00:00
[2024-03-24T03:03:23.598+0000] {processor.py:183} INFO - Processing /home/airflow/.local/lib/python3.8/site-packages/airflow/example_dags/example_task_group_decorator.py took 0.052 seconds
[2024-03-24T03:03:53.733+0000] {processor.py:161} INFO - Started process (PID=949) to work on /home/airflow/.local/lib/python3.8/site-packages/airflow/example_dags/example_task_group_decorator.py
[2024-03-24T03:03:53.733+0000] {processor.py:830} INFO - Processing file /home/airflow/.local/lib/python3.8/site-packages/airflow/example_dags/example_task_group_decorator.py for tasks to queue
[2024-03-24T03:03:53.734+0000] {logging_mixin.py:188} INFO - [2024-03-24T03:03:53.734+0000] {dagbag.py:540} INFO - Filling up the DagBag from /home/airflow/.local/lib/python3.8/site-packages/airflow/example_dags/example_task_group_decorator.py
[2024-03-24T03:03:53.746+0000] {processor.py:840} INFO - DAG(s) 'example_task_group_decorator' retrieved from /home/airflow/.local/lib/python3.8/site-packages/airflow/example_dags/example_task_group_decorator.py
[2024-03-24T03:03:53.760+0000] {logging_mixin.py:188} INFO - [2024-03-24T03:03:53.760+0000] {dag.py:3047} INFO - Sync 1 DAGs
[2024-03-24T03:03:53.772+0000] {logging_mixin.py:188} INFO - [2024-03-24T03:03:53.772+0000] {dag.py:3834} INFO - Setting next_dagrun for example_task_group_decorator to 2024-03-23 00:00:00+00:00, run_after=2024-03-24 00:00:00+00:00
[2024-03-24T03:03:53.781+0000] {processor.py:183} INFO - Processing /home/airflow/.local/lib/python3.8/site-packages/airflow/example_dags/example_task_group_decorator.py took 0.050 seconds
[2024-03-24T03:04:24.558+0000] {processor.py:161} INFO - Started process (PID=1003) to work on /home/airflow/.local/lib/python3.8/site-packages/airflow/example_dags/example_task_group_decorator.py
[2024-03-24T03:04:24.559+0000] {processor.py:830} INFO - Processing file /home/airflow/.local/lib/python3.8/site-packages/airflow/example_dags/example_task_group_decorator.py for tasks to queue
[2024-03-24T03:04:24.560+0000] {logging_mixin.py:188} INFO - [2024-03-24T03:04:24.560+0000] {dagbag.py:540} INFO - Filling up the DagBag from /home/airflow/.local/lib/python3.8/site-packages/airflow/example_dags/example_task_group_decorator.py
[2024-03-24T03:04:24.568+0000] {processor.py:840} INFO - DAG(s) 'example_task_group_decorator' retrieved from /home/airflow/.local/lib/python3.8/site-packages/airflow/example_dags/example_task_group_decorator.py
[2024-03-24T03:04:24.580+0000] {logging_mixin.py:188} INFO - [2024-03-24T03:04:24.580+0000] {dag.py:3047} INFO - Sync 1 DAGs
[2024-03-24T03:04:24.590+0000] {logging_mixin.py:188} INFO - [2024-03-24T03:04:24.590+0000] {dag.py:3834} INFO - Setting next_dagrun for example_task_group_decorator to 2024-03-23 00:00:00+00:00, run_after=2024-03-24 00:00:00+00:00
[2024-03-24T03:04:24.599+0000] {processor.py:183} INFO - Processing /home/airflow/.local/lib/python3.8/site-packages/airflow/example_dags/example_task_group_decorator.py took 0.043 seconds
[2024-03-24T03:04:55.327+0000] {processor.py:161} INFO - Started process (PID=1057) to work on /home/airflow/.local/lib/python3.8/site-packages/airflow/example_dags/example_task_group_decorator.py
[2024-03-24T03:04:55.328+0000] {processor.py:830} INFO - Processing file /home/airflow/.local/lib/python3.8/site-packages/airflow/example_dags/example_task_group_decorator.py for tasks to queue
[2024-03-24T03:04:55.329+0000] {logging_mixin.py:188} INFO - [2024-03-24T03:04:55.329+0000] {dagbag.py:540} INFO - Filling up the DagBag from /home/airflow/.local/lib/python3.8/site-packages/airflow/example_dags/example_task_group_decorator.py
[2024-03-24T03:04:55.348+0000] {processor.py:840} INFO - DAG(s) 'example_task_group_decorator' retrieved from /home/airflow/.local/lib/python3.8/site-packages/airflow/example_dags/example_task_group_decorator.py
[2024-03-24T03:04:55.379+0000] {logging_mixin.py:188} INFO - [2024-03-24T03:04:55.379+0000] {dag.py:3047} INFO - Sync 1 DAGs
[2024-03-24T03:04:55.394+0000] {logging_mixin.py:188} INFO - [2024-03-24T03:04:55.394+0000] {dag.py:3834} INFO - Setting next_dagrun for example_task_group_decorator to 2024-03-23 00:00:00+00:00, run_after=2024-03-24 00:00:00+00:00
[2024-03-24T03:04:55.409+0000] {processor.py:183} INFO - Processing /home/airflow/.local/lib/python3.8/site-packages/airflow/example_dags/example_task_group_decorator.py took 0.085 seconds
[2024-03-24T03:05:25.853+0000] {processor.py:161} INFO - Started process (PID=1113) to work on /home/airflow/.local/lib/python3.8/site-packages/airflow/example_dags/example_task_group_decorator.py
[2024-03-24T03:05:25.854+0000] {processor.py:830} INFO - Processing file /home/airflow/.local/lib/python3.8/site-packages/airflow/example_dags/example_task_group_decorator.py for tasks to queue
[2024-03-24T03:05:25.855+0000] {logging_mixin.py:188} INFO - [2024-03-24T03:05:25.855+0000] {dagbag.py:540} INFO - Filling up the DagBag from /home/airflow/.local/lib/python3.8/site-packages/airflow/example_dags/example_task_group_decorator.py
[2024-03-24T03:05:25.862+0000] {processor.py:840} INFO - DAG(s) 'example_task_group_decorator' retrieved from /home/airflow/.local/lib/python3.8/site-packages/airflow/example_dags/example_task_group_decorator.py
[2024-03-24T03:05:25.875+0000] {logging_mixin.py:188} INFO - [2024-03-24T03:05:25.875+0000] {dag.py:3047} INFO - Sync 1 DAGs
[2024-03-24T03:05:25.887+0000] {logging_mixin.py:188} INFO - [2024-03-24T03:05:25.887+0000] {dag.py:3834} INFO - Setting next_dagrun for example_task_group_decorator to 2024-03-23 00:00:00+00:00, run_after=2024-03-24 00:00:00+00:00
[2024-03-24T03:05:25.897+0000] {processor.py:183} INFO - Processing /home/airflow/.local/lib/python3.8/site-packages/airflow/example_dags/example_task_group_decorator.py took 0.046 seconds
[2024-03-24T03:05:56.514+0000] {processor.py:161} INFO - Started process (PID=1167) to work on /home/airflow/.local/lib/python3.8/site-packages/airflow/example_dags/example_task_group_decorator.py
[2024-03-24T03:05:56.515+0000] {processor.py:830} INFO - Processing file /home/airflow/.local/lib/python3.8/site-packages/airflow/example_dags/example_task_group_decorator.py for tasks to queue
[2024-03-24T03:05:56.517+0000] {logging_mixin.py:188} INFO - [2024-03-24T03:05:56.517+0000] {dagbag.py:540} INFO - Filling up the DagBag from /home/airflow/.local/lib/python3.8/site-packages/airflow/example_dags/example_task_group_decorator.py
[2024-03-24T03:05:56.534+0000] {processor.py:840} INFO - DAG(s) 'example_task_group_decorator' retrieved from /home/airflow/.local/lib/python3.8/site-packages/airflow/example_dags/example_task_group_decorator.py
[2024-03-24T03:05:56.588+0000] {logging_mixin.py:188} INFO - [2024-03-24T03:05:56.588+0000] {dag.py:3047} INFO - Sync 1 DAGs
[2024-03-24T03:05:56.642+0000] {logging_mixin.py:188} INFO - [2024-03-24T03:05:56.640+0000] {dag.py:3834} INFO - Setting next_dagrun for example_task_group_decorator to 2024-03-23 00:00:00+00:00, run_after=2024-03-24 00:00:00+00:00
[2024-03-24T03:05:57.727+0000] {logging_mixin.py:188} INFO - [2024-03-24T03:05:57.723+0000] {process_utils.py:262} INFO - Waiting up to 5 seconds for processes to exit...
