[2024-03-24T02:55:44.783+0000] {processor.py:161} INFO - Started process (PID=62) to work on /home/airflow/.local/lib/python3.8/site-packages/airflow/example_dags/example_python_operator.py
[2024-03-24T02:55:44.789+0000] {processor.py:830} INFO - Processing file /home/airflow/.local/lib/python3.8/site-packages/airflow/example_dags/example_python_operator.py for tasks to queue
[2024-03-24T02:55:44.791+0000] {logging_mixin.py:188} INFO - [2024-03-24T02:55:44.791+0000] {dagbag.py:540} INFO - Filling up the DagBag from /home/airflow/.local/lib/python3.8/site-packages/airflow/example_dags/example_python_operator.py
[2024-03-24T02:55:44.834+0000] {processor.py:840} INFO - DAG(s) 'example_python_operator' retrieved from /home/airflow/.local/lib/python3.8/site-packages/airflow/example_dags/example_python_operator.py
[2024-03-24T02:55:44.869+0000] {logging_mixin.py:188} INFO - [2024-03-24T02:55:44.869+0000] {dag.py:3047} INFO - Sync 1 DAGs
[2024-03-24T02:55:44.887+0000] {logging_mixin.py:188} INFO - [2024-03-24T02:55:44.886+0000] {dag.py:3834} INFO - Setting next_dagrun for example_python_operator to None, run_after=None
[2024-03-24T02:55:44.911+0000] {processor.py:183} INFO - Processing /home/airflow/.local/lib/python3.8/site-packages/airflow/example_dags/example_python_operator.py took 0.134 seconds
[2024-03-24T02:56:15.677+0000] {processor.py:161} INFO - Started process (PID=116) to work on /home/airflow/.local/lib/python3.8/site-packages/airflow/example_dags/example_python_operator.py
[2024-03-24T02:56:15.678+0000] {processor.py:830} INFO - Processing file /home/airflow/.local/lib/python3.8/site-packages/airflow/example_dags/example_python_operator.py for tasks to queue
[2024-03-24T02:56:15.679+0000] {logging_mixin.py:188} INFO - [2024-03-24T02:56:15.679+0000] {dagbag.py:540} INFO - Filling up the DagBag from /home/airflow/.local/lib/python3.8/site-packages/airflow/example_dags/example_python_operator.py
[2024-03-24T02:56:15.684+0000] {processor.py:840} INFO - DAG(s) 'example_python_operator' retrieved from /home/airflow/.local/lib/python3.8/site-packages/airflow/example_dags/example_python_operator.py
[2024-03-24T02:56:15.730+0000] {logging_mixin.py:188} INFO - [2024-03-24T02:56:15.730+0000] {dag.py:3047} INFO - Sync 1 DAGs
[2024-03-24T02:56:15.735+0000] {logging_mixin.py:188} INFO - [2024-03-24T02:56:15.735+0000] {dag.py:3834} INFO - Setting next_dagrun for example_python_operator to None, run_after=None
[2024-03-24T02:56:15.744+0000] {processor.py:183} INFO - Processing /home/airflow/.local/lib/python3.8/site-packages/airflow/example_dags/example_python_operator.py took 0.069 seconds
[2024-03-24T02:56:46.758+0000] {processor.py:161} INFO - Started process (PID=171) to work on /home/airflow/.local/lib/python3.8/site-packages/airflow/example_dags/example_python_operator.py
[2024-03-24T02:56:46.760+0000] {processor.py:830} INFO - Processing file /home/airflow/.local/lib/python3.8/site-packages/airflow/example_dags/example_python_operator.py for tasks to queue
[2024-03-24T02:56:46.762+0000] {logging_mixin.py:188} INFO - [2024-03-24T02:56:46.762+0000] {dagbag.py:540} INFO - Filling up the DagBag from /home/airflow/.local/lib/python3.8/site-packages/airflow/example_dags/example_python_operator.py
[2024-03-24T02:56:46.773+0000] {processor.py:840} INFO - DAG(s) 'example_python_operator' retrieved from /home/airflow/.local/lib/python3.8/site-packages/airflow/example_dags/example_python_operator.py
[2024-03-24T02:56:46.791+0000] {logging_mixin.py:188} INFO - [2024-03-24T02:56:46.791+0000] {dag.py:3047} INFO - Sync 1 DAGs
[2024-03-24T02:56:46.801+0000] {logging_mixin.py:188} INFO - [2024-03-24T02:56:46.801+0000] {dag.py:3834} INFO - Setting next_dagrun for example_python_operator to None, run_after=None
[2024-03-24T02:56:46.814+0000] {processor.py:183} INFO - Processing /home/airflow/.local/lib/python3.8/site-packages/airflow/example_dags/example_python_operator.py took 0.061 seconds
[2024-03-24T02:57:17.544+0000] {processor.py:161} INFO - Started process (PID=226) to work on /home/airflow/.local/lib/python3.8/site-packages/airflow/example_dags/example_python_operator.py
[2024-03-24T02:57:17.546+0000] {processor.py:830} INFO - Processing file /home/airflow/.local/lib/python3.8/site-packages/airflow/example_dags/example_python_operator.py for tasks to queue
[2024-03-24T02:57:17.548+0000] {logging_mixin.py:188} INFO - [2024-03-24T02:57:17.548+0000] {dagbag.py:540} INFO - Filling up the DagBag from /home/airflow/.local/lib/python3.8/site-packages/airflow/example_dags/example_python_operator.py
[2024-03-24T02:57:17.568+0000] {processor.py:840} INFO - DAG(s) 'example_python_operator' retrieved from /home/airflow/.local/lib/python3.8/site-packages/airflow/example_dags/example_python_operator.py
[2024-03-24T02:57:17.589+0000] {logging_mixin.py:188} INFO - [2024-03-24T02:57:17.589+0000] {dag.py:3047} INFO - Sync 1 DAGs
[2024-03-24T02:57:17.598+0000] {logging_mixin.py:188} INFO - [2024-03-24T02:57:17.598+0000] {dag.py:3834} INFO - Setting next_dagrun for example_python_operator to None, run_after=None
[2024-03-24T02:57:17.610+0000] {processor.py:183} INFO - Processing /home/airflow/.local/lib/python3.8/site-packages/airflow/example_dags/example_python_operator.py took 0.071 seconds
[2024-03-24T02:57:48.367+0000] {processor.py:161} INFO - Started process (PID=281) to work on /home/airflow/.local/lib/python3.8/site-packages/airflow/example_dags/example_python_operator.py
[2024-03-24T02:57:48.370+0000] {processor.py:830} INFO - Processing file /home/airflow/.local/lib/python3.8/site-packages/airflow/example_dags/example_python_operator.py for tasks to queue
[2024-03-24T02:57:48.373+0000] {logging_mixin.py:188} INFO - [2024-03-24T02:57:48.373+0000] {dagbag.py:540} INFO - Filling up the DagBag from /home/airflow/.local/lib/python3.8/site-packages/airflow/example_dags/example_python_operator.py
[2024-03-24T02:57:48.388+0000] {processor.py:840} INFO - DAG(s) 'example_python_operator' retrieved from /home/airflow/.local/lib/python3.8/site-packages/airflow/example_dags/example_python_operator.py
[2024-03-24T02:57:48.412+0000] {logging_mixin.py:188} INFO - [2024-03-24T02:57:48.412+0000] {dag.py:3047} INFO - Sync 1 DAGs
[2024-03-24T02:57:48.419+0000] {logging_mixin.py:188} INFO - [2024-03-24T02:57:48.419+0000] {dag.py:3834} INFO - Setting next_dagrun for example_python_operator to None, run_after=None
[2024-03-24T02:57:48.431+0000] {processor.py:183} INFO - Processing /home/airflow/.local/lib/python3.8/site-packages/airflow/example_dags/example_python_operator.py took 0.070 seconds
[2024-03-24T02:58:18.936+0000] {processor.py:161} INFO - Started process (PID=336) to work on /home/airflow/.local/lib/python3.8/site-packages/airflow/example_dags/example_python_operator.py
[2024-03-24T02:58:18.941+0000] {processor.py:830} INFO - Processing file /home/airflow/.local/lib/python3.8/site-packages/airflow/example_dags/example_python_operator.py for tasks to queue
[2024-03-24T02:58:18.943+0000] {logging_mixin.py:188} INFO - [2024-03-24T02:58:18.943+0000] {dagbag.py:540} INFO - Filling up the DagBag from /home/airflow/.local/lib/python3.8/site-packages/airflow/example_dags/example_python_operator.py
[2024-03-24T02:58:18.955+0000] {processor.py:840} INFO - DAG(s) 'example_python_operator' retrieved from /home/airflow/.local/lib/python3.8/site-packages/airflow/example_dags/example_python_operator.py
[2024-03-24T02:58:18.969+0000] {logging_mixin.py:188} INFO - [2024-03-24T02:58:18.969+0000] {dag.py:3047} INFO - Sync 1 DAGs
[2024-03-24T02:58:18.977+0000] {logging_mixin.py:188} INFO - [2024-03-24T02:58:18.977+0000] {dag.py:3834} INFO - Setting next_dagrun for example_python_operator to None, run_after=None
[2024-03-24T02:58:18.987+0000] {processor.py:183} INFO - Processing /home/airflow/.local/lib/python3.8/site-packages/airflow/example_dags/example_python_operator.py took 0.056 seconds
[2024-03-24T02:58:49.048+0000] {processor.py:161} INFO - Started process (PID=391) to work on /home/airflow/.local/lib/python3.8/site-packages/airflow/example_dags/example_python_operator.py
[2024-03-24T02:58:49.049+0000] {processor.py:830} INFO - Processing file /home/airflow/.local/lib/python3.8/site-packages/airflow/example_dags/example_python_operator.py for tasks to queue
[2024-03-24T02:58:49.050+0000] {logging_mixin.py:188} INFO - [2024-03-24T02:58:49.050+0000] {dagbag.py:540} INFO - Filling up the DagBag from /home/airflow/.local/lib/python3.8/site-packages/airflow/example_dags/example_python_operator.py
[2024-03-24T02:58:49.055+0000] {processor.py:840} INFO - DAG(s) 'example_python_operator' retrieved from /home/airflow/.local/lib/python3.8/site-packages/airflow/example_dags/example_python_operator.py
[2024-03-24T02:58:49.111+0000] {logging_mixin.py:188} INFO - [2024-03-24T02:58:49.110+0000] {dag.py:3047} INFO - Sync 1 DAGs
[2024-03-24T02:58:49.117+0000] {logging_mixin.py:188} INFO - [2024-03-24T02:58:49.116+0000] {dag.py:3834} INFO - Setting next_dagrun for example_python_operator to None, run_after=None
[2024-03-24T02:58:49.126+0000] {processor.py:183} INFO - Processing /home/airflow/.local/lib/python3.8/site-packages/airflow/example_dags/example_python_operator.py took 0.080 seconds
[2024-03-24T02:59:19.186+0000] {processor.py:161} INFO - Started process (PID=446) to work on /home/airflow/.local/lib/python3.8/site-packages/airflow/example_dags/example_python_operator.py
[2024-03-24T02:59:19.188+0000] {processor.py:830} INFO - Processing file /home/airflow/.local/lib/python3.8/site-packages/airflow/example_dags/example_python_operator.py for tasks to queue
[2024-03-24T02:59:19.190+0000] {logging_mixin.py:188} INFO - [2024-03-24T02:59:19.190+0000] {dagbag.py:540} INFO - Filling up the DagBag from /home/airflow/.local/lib/python3.8/site-packages/airflow/example_dags/example_python_operator.py
[2024-03-24T02:59:19.197+0000] {processor.py:840} INFO - DAG(s) 'example_python_operator' retrieved from /home/airflow/.local/lib/python3.8/site-packages/airflow/example_dags/example_python_operator.py
[2024-03-24T02:59:19.208+0000] {logging_mixin.py:188} INFO - [2024-03-24T02:59:19.208+0000] {dag.py:3047} INFO - Sync 1 DAGs
[2024-03-24T02:59:19.214+0000] {logging_mixin.py:188} INFO - [2024-03-24T02:59:19.214+0000] {dag.py:3834} INFO - Setting next_dagrun for example_python_operator to None, run_after=None
[2024-03-24T02:59:19.223+0000] {processor.py:183} INFO - Processing /home/airflow/.local/lib/python3.8/site-packages/airflow/example_dags/example_python_operator.py took 0.038 seconds
[2024-03-24T02:59:49.345+0000] {processor.py:161} INFO - Started process (PID=501) to work on /home/airflow/.local/lib/python3.8/site-packages/airflow/example_dags/example_python_operator.py
[2024-03-24T02:59:49.346+0000] {processor.py:830} INFO - Processing file /home/airflow/.local/lib/python3.8/site-packages/airflow/example_dags/example_python_operator.py for tasks to queue
[2024-03-24T02:59:49.348+0000] {logging_mixin.py:188} INFO - [2024-03-24T02:59:49.348+0000] {dagbag.py:540} INFO - Filling up the DagBag from /home/airflow/.local/lib/python3.8/site-packages/airflow/example_dags/example_python_operator.py
[2024-03-24T02:59:49.357+0000] {processor.py:840} INFO - DAG(s) 'example_python_operator' retrieved from /home/airflow/.local/lib/python3.8/site-packages/airflow/example_dags/example_python_operator.py
[2024-03-24T02:59:49.369+0000] {logging_mixin.py:188} INFO - [2024-03-24T02:59:49.368+0000] {dag.py:3047} INFO - Sync 1 DAGs
[2024-03-24T02:59:49.375+0000] {logging_mixin.py:188} INFO - [2024-03-24T02:59:49.375+0000] {dag.py:3834} INFO - Setting next_dagrun for example_python_operator to None, run_after=None
[2024-03-24T02:59:49.388+0000] {processor.py:183} INFO - Processing /home/airflow/.local/lib/python3.8/site-packages/airflow/example_dags/example_python_operator.py took 0.046 seconds
[2024-03-24T03:00:19.528+0000] {processor.py:161} INFO - Started process (PID=556) to work on /home/airflow/.local/lib/python3.8/site-packages/airflow/example_dags/example_python_operator.py
[2024-03-24T03:00:19.529+0000] {processor.py:830} INFO - Processing file /home/airflow/.local/lib/python3.8/site-packages/airflow/example_dags/example_python_operator.py for tasks to queue
[2024-03-24T03:00:19.530+0000] {logging_mixin.py:188} INFO - [2024-03-24T03:00:19.530+0000] {dagbag.py:540} INFO - Filling up the DagBag from /home/airflow/.local/lib/python3.8/site-packages/airflow/example_dags/example_python_operator.py
[2024-03-24T03:00:19.536+0000] {processor.py:840} INFO - DAG(s) 'example_python_operator' retrieved from /home/airflow/.local/lib/python3.8/site-packages/airflow/example_dags/example_python_operator.py
[2024-03-24T03:00:19.548+0000] {logging_mixin.py:188} INFO - [2024-03-24T03:00:19.548+0000] {dag.py:3047} INFO - Sync 1 DAGs
[2024-03-24T03:00:19.554+0000] {logging_mixin.py:188} INFO - [2024-03-24T03:00:19.554+0000] {dag.py:3834} INFO - Setting next_dagrun for example_python_operator to None, run_after=None
[2024-03-24T03:00:19.565+0000] {processor.py:183} INFO - Processing /home/airflow/.local/lib/python3.8/site-packages/airflow/example_dags/example_python_operator.py took 0.039 seconds
[2024-03-24T03:00:49.825+0000] {processor.py:161} INFO - Started process (PID=611) to work on /home/airflow/.local/lib/python3.8/site-packages/airflow/example_dags/example_python_operator.py
[2024-03-24T03:00:49.826+0000] {processor.py:830} INFO - Processing file /home/airflow/.local/lib/python3.8/site-packages/airflow/example_dags/example_python_operator.py for tasks to queue
[2024-03-24T03:00:49.827+0000] {logging_mixin.py:188} INFO - [2024-03-24T03:00:49.827+0000] {dagbag.py:540} INFO - Filling up the DagBag from /home/airflow/.local/lib/python3.8/site-packages/airflow/example_dags/example_python_operator.py
[2024-03-24T03:00:49.833+0000] {processor.py:840} INFO - DAG(s) 'example_python_operator' retrieved from /home/airflow/.local/lib/python3.8/site-packages/airflow/example_dags/example_python_operator.py
[2024-03-24T03:00:49.846+0000] {logging_mixin.py:188} INFO - [2024-03-24T03:00:49.845+0000] {dag.py:3047} INFO - Sync 1 DAGs
[2024-03-24T03:00:49.852+0000] {logging_mixin.py:188} INFO - [2024-03-24T03:00:49.852+0000] {dag.py:3834} INFO - Setting next_dagrun for example_python_operator to None, run_after=None
[2024-03-24T03:00:49.861+0000] {processor.py:183} INFO - Processing /home/airflow/.local/lib/python3.8/site-packages/airflow/example_dags/example_python_operator.py took 0.038 seconds
[2024-03-24T03:01:20.145+0000] {processor.py:161} INFO - Started process (PID=666) to work on /home/airflow/.local/lib/python3.8/site-packages/airflow/example_dags/example_python_operator.py
[2024-03-24T03:01:20.146+0000] {processor.py:830} INFO - Processing file /home/airflow/.local/lib/python3.8/site-packages/airflow/example_dags/example_python_operator.py for tasks to queue
[2024-03-24T03:01:20.147+0000] {logging_mixin.py:188} INFO - [2024-03-24T03:01:20.147+0000] {dagbag.py:540} INFO - Filling up the DagBag from /home/airflow/.local/lib/python3.8/site-packages/airflow/example_dags/example_python_operator.py
[2024-03-24T03:01:20.155+0000] {processor.py:840} INFO - DAG(s) 'example_python_operator' retrieved from /home/airflow/.local/lib/python3.8/site-packages/airflow/example_dags/example_python_operator.py
[2024-03-24T03:01:20.178+0000] {logging_mixin.py:188} INFO - [2024-03-24T03:01:20.177+0000] {dag.py:3047} INFO - Sync 1 DAGs
[2024-03-24T03:01:20.193+0000] {logging_mixin.py:188} INFO - [2024-03-24T03:01:20.193+0000] {dag.py:3834} INFO - Setting next_dagrun for example_python_operator to None, run_after=None
[2024-03-24T03:01:20.210+0000] {processor.py:183} INFO - Processing /home/airflow/.local/lib/python3.8/site-packages/airflow/example_dags/example_python_operator.py took 0.067 seconds
[2024-03-24T03:01:50.715+0000] {processor.py:161} INFO - Started process (PID=721) to work on /home/airflow/.local/lib/python3.8/site-packages/airflow/example_dags/example_python_operator.py
[2024-03-24T03:01:50.715+0000] {processor.py:830} INFO - Processing file /home/airflow/.local/lib/python3.8/site-packages/airflow/example_dags/example_python_operator.py for tasks to queue
[2024-03-24T03:01:50.716+0000] {logging_mixin.py:188} INFO - [2024-03-24T03:01:50.716+0000] {dagbag.py:540} INFO - Filling up the DagBag from /home/airflow/.local/lib/python3.8/site-packages/airflow/example_dags/example_python_operator.py
[2024-03-24T03:01:50.723+0000] {processor.py:840} INFO - DAG(s) 'example_python_operator' retrieved from /home/airflow/.local/lib/python3.8/site-packages/airflow/example_dags/example_python_operator.py
[2024-03-24T03:01:50.737+0000] {logging_mixin.py:188} INFO - [2024-03-24T03:01:50.737+0000] {dag.py:3047} INFO - Sync 1 DAGs
[2024-03-24T03:01:50.753+0000] {logging_mixin.py:188} INFO - [2024-03-24T03:01:50.752+0000] {dag.py:3834} INFO - Setting next_dagrun for example_python_operator to None, run_after=None
[2024-03-24T03:01:50.764+0000] {processor.py:183} INFO - Processing /home/airflow/.local/lib/python3.8/site-packages/airflow/example_dags/example_python_operator.py took 0.051 seconds
[2024-03-24T03:02:21.167+0000] {processor.py:161} INFO - Started process (PID=776) to work on /home/airflow/.local/lib/python3.8/site-packages/airflow/example_dags/example_python_operator.py
[2024-03-24T03:02:21.167+0000] {processor.py:830} INFO - Processing file /home/airflow/.local/lib/python3.8/site-packages/airflow/example_dags/example_python_operator.py for tasks to queue
[2024-03-24T03:02:21.168+0000] {logging_mixin.py:188} INFO - [2024-03-24T03:02:21.168+0000] {dagbag.py:540} INFO - Filling up the DagBag from /home/airflow/.local/lib/python3.8/site-packages/airflow/example_dags/example_python_operator.py
[2024-03-24T03:02:21.174+0000] {processor.py:840} INFO - DAG(s) 'example_python_operator' retrieved from /home/airflow/.local/lib/python3.8/site-packages/airflow/example_dags/example_python_operator.py
[2024-03-24T03:02:21.185+0000] {logging_mixin.py:188} INFO - [2024-03-24T03:02:21.185+0000] {dag.py:3047} INFO - Sync 1 DAGs
[2024-03-24T03:02:21.191+0000] {logging_mixin.py:188} INFO - [2024-03-24T03:02:21.191+0000] {dag.py:3834} INFO - Setting next_dagrun for example_python_operator to None, run_after=None
[2024-03-24T03:02:21.200+0000] {processor.py:183} INFO - Processing /home/airflow/.local/lib/python3.8/site-packages/airflow/example_dags/example_python_operator.py took 0.035 seconds
[2024-03-24T03:02:51.412+0000] {processor.py:161} INFO - Started process (PID=831) to work on /home/airflow/.local/lib/python3.8/site-packages/airflow/example_dags/example_python_operator.py
[2024-03-24T03:02:51.415+0000] {processor.py:830} INFO - Processing file /home/airflow/.local/lib/python3.8/site-packages/airflow/example_dags/example_python_operator.py for tasks to queue
[2024-03-24T03:02:51.416+0000] {logging_mixin.py:188} INFO - [2024-03-24T03:02:51.416+0000] {dagbag.py:540} INFO - Filling up the DagBag from /home/airflow/.local/lib/python3.8/site-packages/airflow/example_dags/example_python_operator.py
[2024-03-24T03:02:51.422+0000] {processor.py:840} INFO - DAG(s) 'example_python_operator' retrieved from /home/airflow/.local/lib/python3.8/site-packages/airflow/example_dags/example_python_operator.py
[2024-03-24T03:02:51.434+0000] {logging_mixin.py:188} INFO - [2024-03-24T03:02:51.434+0000] {dag.py:3047} INFO - Sync 1 DAGs
[2024-03-24T03:02:51.440+0000] {logging_mixin.py:188} INFO - [2024-03-24T03:02:51.440+0000] {dag.py:3834} INFO - Setting next_dagrun for example_python_operator to None, run_after=None
[2024-03-24T03:02:51.453+0000] {processor.py:183} INFO - Processing /home/airflow/.local/lib/python3.8/site-packages/airflow/example_dags/example_python_operator.py took 0.042 seconds
[2024-03-24T03:03:22.267+0000] {processor.py:161} INFO - Started process (PID=886) to work on /home/airflow/.local/lib/python3.8/site-packages/airflow/example_dags/example_python_operator.py
[2024-03-24T03:03:22.267+0000] {processor.py:830} INFO - Processing file /home/airflow/.local/lib/python3.8/site-packages/airflow/example_dags/example_python_operator.py for tasks to queue
[2024-03-24T03:03:22.268+0000] {logging_mixin.py:188} INFO - [2024-03-24T03:03:22.268+0000] {dagbag.py:540} INFO - Filling up the DagBag from /home/airflow/.local/lib/python3.8/site-packages/airflow/example_dags/example_python_operator.py
[2024-03-24T03:03:22.274+0000] {processor.py:840} INFO - DAG(s) 'example_python_operator' retrieved from /home/airflow/.local/lib/python3.8/site-packages/airflow/example_dags/example_python_operator.py
[2024-03-24T03:03:22.287+0000] {logging_mixin.py:188} INFO - [2024-03-24T03:03:22.286+0000] {dag.py:3047} INFO - Sync 1 DAGs
[2024-03-24T03:03:22.292+0000] {logging_mixin.py:188} INFO - [2024-03-24T03:03:22.292+0000] {dag.py:3834} INFO - Setting next_dagrun for example_python_operator to None, run_after=None
[2024-03-24T03:03:22.302+0000] {processor.py:183} INFO - Processing /home/airflow/.local/lib/python3.8/site-packages/airflow/example_dags/example_python_operator.py took 0.038 seconds
[2024-03-24T03:03:52.481+0000] {processor.py:161} INFO - Started process (PID=941) to work on /home/airflow/.local/lib/python3.8/site-packages/airflow/example_dags/example_python_operator.py
[2024-03-24T03:03:52.482+0000] {processor.py:830} INFO - Processing file /home/airflow/.local/lib/python3.8/site-packages/airflow/example_dags/example_python_operator.py for tasks to queue
[2024-03-24T03:03:52.483+0000] {logging_mixin.py:188} INFO - [2024-03-24T03:03:52.483+0000] {dagbag.py:540} INFO - Filling up the DagBag from /home/airflow/.local/lib/python3.8/site-packages/airflow/example_dags/example_python_operator.py
[2024-03-24T03:03:52.489+0000] {processor.py:840} INFO - DAG(s) 'example_python_operator' retrieved from /home/airflow/.local/lib/python3.8/site-packages/airflow/example_dags/example_python_operator.py
[2024-03-24T03:03:52.500+0000] {logging_mixin.py:188} INFO - [2024-03-24T03:03:52.500+0000] {dag.py:3047} INFO - Sync 1 DAGs
[2024-03-24T03:03:52.507+0000] {logging_mixin.py:188} INFO - [2024-03-24T03:03:52.507+0000] {dag.py:3834} INFO - Setting next_dagrun for example_python_operator to None, run_after=None
[2024-03-24T03:03:52.518+0000] {processor.py:183} INFO - Processing /home/airflow/.local/lib/python3.8/site-packages/airflow/example_dags/example_python_operator.py took 0.038 seconds
[2024-03-24T03:04:23.320+0000] {processor.py:161} INFO - Started process (PID=995) to work on /home/airflow/.local/lib/python3.8/site-packages/airflow/example_dags/example_python_operator.py
[2024-03-24T03:04:23.321+0000] {processor.py:830} INFO - Processing file /home/airflow/.local/lib/python3.8/site-packages/airflow/example_dags/example_python_operator.py for tasks to queue
[2024-03-24T03:04:23.322+0000] {logging_mixin.py:188} INFO - [2024-03-24T03:04:23.322+0000] {dagbag.py:540} INFO - Filling up the DagBag from /home/airflow/.local/lib/python3.8/site-packages/airflow/example_dags/example_python_operator.py
[2024-03-24T03:04:23.328+0000] {processor.py:840} INFO - DAG(s) 'example_python_operator' retrieved from /home/airflow/.local/lib/python3.8/site-packages/airflow/example_dags/example_python_operator.py
[2024-03-24T03:04:23.340+0000] {logging_mixin.py:188} INFO - [2024-03-24T03:04:23.340+0000] {dag.py:3047} INFO - Sync 1 DAGs
[2024-03-24T03:04:23.346+0000] {logging_mixin.py:188} INFO - [2024-03-24T03:04:23.346+0000] {dag.py:3834} INFO - Setting next_dagrun for example_python_operator to None, run_after=None
[2024-03-24T03:04:23.355+0000] {processor.py:183} INFO - Processing /home/airflow/.local/lib/python3.8/site-packages/airflow/example_dags/example_python_operator.py took 0.036 seconds
[2024-03-24T03:04:53.646+0000] {processor.py:161} INFO - Started process (PID=1049) to work on /home/airflow/.local/lib/python3.8/site-packages/airflow/example_dags/example_python_operator.py
[2024-03-24T03:04:53.647+0000] {processor.py:830} INFO - Processing file /home/airflow/.local/lib/python3.8/site-packages/airflow/example_dags/example_python_operator.py for tasks to queue
[2024-03-24T03:04:53.649+0000] {logging_mixin.py:188} INFO - [2024-03-24T03:04:53.649+0000] {dagbag.py:540} INFO - Filling up the DagBag from /home/airflow/.local/lib/python3.8/site-packages/airflow/example_dags/example_python_operator.py
[2024-03-24T03:04:53.655+0000] {processor.py:840} INFO - DAG(s) 'example_python_operator' retrieved from /home/airflow/.local/lib/python3.8/site-packages/airflow/example_dags/example_python_operator.py
[2024-03-24T03:04:53.666+0000] {logging_mixin.py:188} INFO - [2024-03-24T03:04:53.666+0000] {dag.py:3047} INFO - Sync 1 DAGs
[2024-03-24T03:04:53.672+0000] {logging_mixin.py:188} INFO - [2024-03-24T03:04:53.671+0000] {dag.py:3834} INFO - Setting next_dagrun for example_python_operator to None, run_after=None
[2024-03-24T03:04:53.680+0000] {processor.py:183} INFO - Processing /home/airflow/.local/lib/python3.8/site-packages/airflow/example_dags/example_python_operator.py took 0.036 seconds
[2024-03-24T03:05:24.365+0000] {processor.py:161} INFO - Started process (PID=1105) to work on /home/airflow/.local/lib/python3.8/site-packages/airflow/example_dags/example_python_operator.py
[2024-03-24T03:05:24.366+0000] {processor.py:830} INFO - Processing file /home/airflow/.local/lib/python3.8/site-packages/airflow/example_dags/example_python_operator.py for tasks to queue
[2024-03-24T03:05:24.368+0000] {logging_mixin.py:188} INFO - [2024-03-24T03:05:24.367+0000] {dagbag.py:540} INFO - Filling up the DagBag from /home/airflow/.local/lib/python3.8/site-packages/airflow/example_dags/example_python_operator.py
[2024-03-24T03:05:24.392+0000] {processor.py:840} INFO - DAG(s) 'example_python_operator' retrieved from /home/airflow/.local/lib/python3.8/site-packages/airflow/example_dags/example_python_operator.py
[2024-03-24T03:05:24.474+0000] {logging_mixin.py:188} INFO - [2024-03-24T03:05:24.473+0000] {dag.py:3047} INFO - Sync 1 DAGs
[2024-03-24T03:05:24.487+0000] {logging_mixin.py:188} INFO - [2024-03-24T03:05:24.487+0000] {dag.py:3834} INFO - Setting next_dagrun for example_python_operator to None, run_after=None
[2024-03-24T03:05:24.503+0000] {processor.py:183} INFO - Processing /home/airflow/.local/lib/python3.8/site-packages/airflow/example_dags/example_python_operator.py took 0.141 seconds
[2024-03-24T03:05:54.702+0000] {processor.py:161} INFO - Started process (PID=1159) to work on /home/airflow/.local/lib/python3.8/site-packages/airflow/example_dags/example_python_operator.py
[2024-03-24T03:05:54.704+0000] {processor.py:830} INFO - Processing file /home/airflow/.local/lib/python3.8/site-packages/airflow/example_dags/example_python_operator.py for tasks to queue
[2024-03-24T03:05:54.706+0000] {logging_mixin.py:188} INFO - [2024-03-24T03:05:54.706+0000] {dagbag.py:540} INFO - Filling up the DagBag from /home/airflow/.local/lib/python3.8/site-packages/airflow/example_dags/example_python_operator.py
[2024-03-24T03:05:54.712+0000] {processor.py:840} INFO - DAG(s) 'example_python_operator' retrieved from /home/airflow/.local/lib/python3.8/site-packages/airflow/example_dags/example_python_operator.py
[2024-03-24T03:05:54.724+0000] {logging_mixin.py:188} INFO - [2024-03-24T03:05:54.724+0000] {dag.py:3047} INFO - Sync 1 DAGs
[2024-03-24T03:05:54.730+0000] {logging_mixin.py:188} INFO - [2024-03-24T03:05:54.730+0000] {dag.py:3834} INFO - Setting next_dagrun for example_python_operator to None, run_after=None
[2024-03-24T03:05:54.739+0000] {processor.py:183} INFO - Processing /home/airflow/.local/lib/python3.8/site-packages/airflow/example_dags/example_python_operator.py took 0.040 seconds
