[2024-03-24T02:55:44.628+0000] {processor.py:161} INFO - Started process (PID=60) to work on /home/airflow/.local/lib/python3.8/site-packages/airflow/example_dags/tutorial.py
[2024-03-24T02:55:44.629+0000] {processor.py:830} INFO - Processing file /home/airflow/.local/lib/python3.8/site-packages/airflow/example_dags/tutorial.py for tasks to queue
[2024-03-24T02:55:44.634+0000] {logging_mixin.py:188} INFO - [2024-03-24T02:55:44.633+0000] {dagbag.py:540} INFO - Filling up the DagBag from /home/airflow/.local/lib/python3.8/site-packages/airflow/example_dags/tutorial.py
[2024-03-24T02:55:44.651+0000] {processor.py:840} INFO - DAG(s) 'tutorial' retrieved from /home/airflow/.local/lib/python3.8/site-packages/airflow/example_dags/tutorial.py
[2024-03-24T02:55:44.686+0000] {logging_mixin.py:188} INFO - [2024-03-24T02:55:44.686+0000] {dag.py:3047} INFO - Sync 1 DAGs
[2024-03-24T02:55:44.719+0000] {logging_mixin.py:188} INFO - [2024-03-24T02:55:44.719+0000] {dag.py:3834} INFO - Setting next_dagrun for tutorial to 2024-03-23 00:00:00+00:00, run_after=2024-03-24 00:00:00+00:00
[2024-03-24T02:55:44.743+0000] {processor.py:183} INFO - Processing /home/airflow/.local/lib/python3.8/site-packages/airflow/example_dags/tutorial.py took 0.121 seconds
[2024-03-24T02:56:15.532+0000] {processor.py:161} INFO - Started process (PID=114) to work on /home/airflow/.local/lib/python3.8/site-packages/airflow/example_dags/tutorial.py
[2024-03-24T02:56:15.532+0000] {processor.py:830} INFO - Processing file /home/airflow/.local/lib/python3.8/site-packages/airflow/example_dags/tutorial.py for tasks to queue
[2024-03-24T02:56:15.533+0000] {logging_mixin.py:188} INFO - [2024-03-24T02:56:15.533+0000] {dagbag.py:540} INFO - Filling up the DagBag from /home/airflow/.local/lib/python3.8/site-packages/airflow/example_dags/tutorial.py
[2024-03-24T02:56:15.537+0000] {processor.py:840} INFO - DAG(s) 'tutorial' retrieved from /home/airflow/.local/lib/python3.8/site-packages/airflow/example_dags/tutorial.py
[2024-03-24T02:56:15.583+0000] {logging_mixin.py:188} INFO - [2024-03-24T02:56:15.583+0000] {dag.py:3047} INFO - Sync 1 DAGs
[2024-03-24T02:56:15.592+0000] {logging_mixin.py:188} INFO - [2024-03-24T02:56:15.592+0000] {dag.py:3834} INFO - Setting next_dagrun for tutorial to 2024-03-23 00:00:00+00:00, run_after=2024-03-24 00:00:00+00:00
[2024-03-24T02:56:15.600+0000] {processor.py:183} INFO - Processing /home/airflow/.local/lib/python3.8/site-packages/airflow/example_dags/tutorial.py took 0.070 seconds
[2024-03-24T02:56:45.683+0000] {processor.py:161} INFO - Started process (PID=169) to work on /home/airflow/.local/lib/python3.8/site-packages/airflow/example_dags/tutorial.py
[2024-03-24T02:56:45.683+0000] {processor.py:830} INFO - Processing file /home/airflow/.local/lib/python3.8/site-packages/airflow/example_dags/tutorial.py for tasks to queue
[2024-03-24T02:56:45.685+0000] {logging_mixin.py:188} INFO - [2024-03-24T02:56:45.684+0000] {dagbag.py:540} INFO - Filling up the DagBag from /home/airflow/.local/lib/python3.8/site-packages/airflow/example_dags/tutorial.py
[2024-03-24T02:56:45.688+0000] {processor.py:840} INFO - DAG(s) 'tutorial' retrieved from /home/airflow/.local/lib/python3.8/site-packages/airflow/example_dags/tutorial.py
[2024-03-24T02:56:45.698+0000] {logging_mixin.py:188} INFO - [2024-03-24T02:56:45.697+0000] {dag.py:3047} INFO - Sync 1 DAGs
[2024-03-24T02:56:45.708+0000] {logging_mixin.py:188} INFO - [2024-03-24T02:56:45.708+0000] {dag.py:3834} INFO - Setting next_dagrun for tutorial to 2024-03-23 00:00:00+00:00, run_after=2024-03-24 00:00:00+00:00
[2024-03-24T02:56:45.716+0000] {processor.py:183} INFO - Processing /home/airflow/.local/lib/python3.8/site-packages/airflow/example_dags/tutorial.py took 0.036 seconds
[2024-03-24T02:57:16.468+0000] {processor.py:161} INFO - Started process (PID=224) to work on /home/airflow/.local/lib/python3.8/site-packages/airflow/example_dags/tutorial.py
[2024-03-24T02:57:16.468+0000] {processor.py:830} INFO - Processing file /home/airflow/.local/lib/python3.8/site-packages/airflow/example_dags/tutorial.py for tasks to queue
[2024-03-24T02:57:16.469+0000] {logging_mixin.py:188} INFO - [2024-03-24T02:57:16.469+0000] {dagbag.py:540} INFO - Filling up the DagBag from /home/airflow/.local/lib/python3.8/site-packages/airflow/example_dags/tutorial.py
[2024-03-24T02:57:16.473+0000] {processor.py:840} INFO - DAG(s) 'tutorial' retrieved from /home/airflow/.local/lib/python3.8/site-packages/airflow/example_dags/tutorial.py
[2024-03-24T02:57:16.484+0000] {logging_mixin.py:188} INFO - [2024-03-24T02:57:16.484+0000] {dag.py:3047} INFO - Sync 1 DAGs
[2024-03-24T02:57:16.496+0000] {logging_mixin.py:188} INFO - [2024-03-24T02:57:16.495+0000] {dag.py:3834} INFO - Setting next_dagrun for tutorial to 2024-03-23 00:00:00+00:00, run_after=2024-03-24 00:00:00+00:00
[2024-03-24T02:57:16.506+0000] {processor.py:183} INFO - Processing /home/airflow/.local/lib/python3.8/site-packages/airflow/example_dags/tutorial.py took 0.040 seconds
[2024-03-24T02:57:47.283+0000] {processor.py:161} INFO - Started process (PID=279) to work on /home/airflow/.local/lib/python3.8/site-packages/airflow/example_dags/tutorial.py
[2024-03-24T02:57:47.283+0000] {processor.py:830} INFO - Processing file /home/airflow/.local/lib/python3.8/site-packages/airflow/example_dags/tutorial.py for tasks to queue
[2024-03-24T02:57:47.285+0000] {logging_mixin.py:188} INFO - [2024-03-24T02:57:47.284+0000] {dagbag.py:540} INFO - Filling up the DagBag from /home/airflow/.local/lib/python3.8/site-packages/airflow/example_dags/tutorial.py
[2024-03-24T02:57:47.288+0000] {processor.py:840} INFO - DAG(s) 'tutorial' retrieved from /home/airflow/.local/lib/python3.8/site-packages/airflow/example_dags/tutorial.py
[2024-03-24T02:57:47.300+0000] {logging_mixin.py:188} INFO - [2024-03-24T02:57:47.300+0000] {dag.py:3047} INFO - Sync 1 DAGs
[2024-03-24T02:57:47.310+0000] {logging_mixin.py:188} INFO - [2024-03-24T02:57:47.310+0000] {dag.py:3834} INFO - Setting next_dagrun for tutorial to 2024-03-23 00:00:00+00:00, run_after=2024-03-24 00:00:00+00:00
[2024-03-24T02:57:47.320+0000] {processor.py:183} INFO - Processing /home/airflow/.local/lib/python3.8/site-packages/airflow/example_dags/tutorial.py took 0.039 seconds
[2024-03-24T02:58:17.868+0000] {processor.py:161} INFO - Started process (PID=334) to work on /home/airflow/.local/lib/python3.8/site-packages/airflow/example_dags/tutorial.py
[2024-03-24T02:58:17.869+0000] {processor.py:830} INFO - Processing file /home/airflow/.local/lib/python3.8/site-packages/airflow/example_dags/tutorial.py for tasks to queue
[2024-03-24T02:58:17.870+0000] {logging_mixin.py:188} INFO - [2024-03-24T02:58:17.870+0000] {dagbag.py:540} INFO - Filling up the DagBag from /home/airflow/.local/lib/python3.8/site-packages/airflow/example_dags/tutorial.py
[2024-03-24T02:58:17.874+0000] {processor.py:840} INFO - DAG(s) 'tutorial' retrieved from /home/airflow/.local/lib/python3.8/site-packages/airflow/example_dags/tutorial.py
[2024-03-24T02:58:17.880+0000] {logging_mixin.py:188} INFO - [2024-03-24T02:58:17.880+0000] {dag.py:3047} INFO - Sync 1 DAGs
[2024-03-24T02:58:17.891+0000] {logging_mixin.py:188} INFO - [2024-03-24T02:58:17.891+0000] {dag.py:3834} INFO - Setting next_dagrun for tutorial to 2024-03-23 00:00:00+00:00, run_after=2024-03-24 00:00:00+00:00
[2024-03-24T02:58:17.899+0000] {processor.py:183} INFO - Processing /home/airflow/.local/lib/python3.8/site-packages/airflow/example_dags/tutorial.py took 0.033 seconds
[2024-03-24T02:58:48.884+0000] {processor.py:161} INFO - Started process (PID=389) to work on /home/airflow/.local/lib/python3.8/site-packages/airflow/example_dags/tutorial.py
[2024-03-24T02:58:48.885+0000] {processor.py:830} INFO - Processing file /home/airflow/.local/lib/python3.8/site-packages/airflow/example_dags/tutorial.py for tasks to queue
[2024-03-24T02:58:48.886+0000] {logging_mixin.py:188} INFO - [2024-03-24T02:58:48.886+0000] {dagbag.py:540} INFO - Filling up the DagBag from /home/airflow/.local/lib/python3.8/site-packages/airflow/example_dags/tutorial.py
[2024-03-24T02:58:48.890+0000] {processor.py:840} INFO - DAG(s) 'tutorial' retrieved from /home/airflow/.local/lib/python3.8/site-packages/airflow/example_dags/tutorial.py
[2024-03-24T02:58:48.940+0000] {logging_mixin.py:188} INFO - [2024-03-24T02:58:48.940+0000] {dag.py:3047} INFO - Sync 1 DAGs
[2024-03-24T02:58:48.951+0000] {logging_mixin.py:188} INFO - [2024-03-24T02:58:48.951+0000] {dag.py:3834} INFO - Setting next_dagrun for tutorial to 2024-03-23 00:00:00+00:00, run_after=2024-03-24 00:00:00+00:00
[2024-03-24T02:58:48.965+0000] {processor.py:183} INFO - Processing /home/airflow/.local/lib/python3.8/site-packages/airflow/example_dags/tutorial.py took 0.082 seconds
[2024-03-24T02:59:19.104+0000] {processor.py:161} INFO - Started process (PID=444) to work on /home/airflow/.local/lib/python3.8/site-packages/airflow/example_dags/tutorial.py
[2024-03-24T02:59:19.104+0000] {processor.py:830} INFO - Processing file /home/airflow/.local/lib/python3.8/site-packages/airflow/example_dags/tutorial.py for tasks to queue
[2024-03-24T02:59:19.105+0000] {logging_mixin.py:188} INFO - [2024-03-24T02:59:19.105+0000] {dagbag.py:540} INFO - Filling up the DagBag from /home/airflow/.local/lib/python3.8/site-packages/airflow/example_dags/tutorial.py
[2024-03-24T02:59:19.109+0000] {processor.py:840} INFO - DAG(s) 'tutorial' retrieved from /home/airflow/.local/lib/python3.8/site-packages/airflow/example_dags/tutorial.py
[2024-03-24T02:59:19.119+0000] {logging_mixin.py:188} INFO - [2024-03-24T02:59:19.119+0000] {dag.py:3047} INFO - Sync 1 DAGs
[2024-03-24T02:59:19.130+0000] {logging_mixin.py:188} INFO - [2024-03-24T02:59:19.130+0000] {dag.py:3834} INFO - Setting next_dagrun for tutorial to 2024-03-23 00:00:00+00:00, run_after=2024-03-24 00:00:00+00:00
[2024-03-24T02:59:19.139+0000] {processor.py:183} INFO - Processing /home/airflow/.local/lib/python3.8/site-packages/airflow/example_dags/tutorial.py took 0.037 seconds
[2024-03-24T02:59:49.292+0000] {processor.py:161} INFO - Started process (PID=499) to work on /home/airflow/.local/lib/python3.8/site-packages/airflow/example_dags/tutorial.py
[2024-03-24T02:59:49.292+0000] {processor.py:830} INFO - Processing file /home/airflow/.local/lib/python3.8/site-packages/airflow/example_dags/tutorial.py for tasks to queue
[2024-03-24T02:59:49.293+0000] {logging_mixin.py:188} INFO - [2024-03-24T02:59:49.293+0000] {dagbag.py:540} INFO - Filling up the DagBag from /home/airflow/.local/lib/python3.8/site-packages/airflow/example_dags/tutorial.py
[2024-03-24T02:59:49.297+0000] {processor.py:840} INFO - DAG(s) 'tutorial' retrieved from /home/airflow/.local/lib/python3.8/site-packages/airflow/example_dags/tutorial.py
[2024-03-24T02:59:49.309+0000] {logging_mixin.py:188} INFO - [2024-03-24T02:59:49.308+0000] {dag.py:3047} INFO - Sync 1 DAGs
[2024-03-24T02:59:49.320+0000] {logging_mixin.py:188} INFO - [2024-03-24T02:59:49.320+0000] {dag.py:3834} INFO - Setting next_dagrun for tutorial to 2024-03-23 00:00:00+00:00, run_after=2024-03-24 00:00:00+00:00
[2024-03-24T02:59:49.331+0000] {processor.py:183} INFO - Processing /home/airflow/.local/lib/python3.8/site-packages/airflow/example_dags/tutorial.py took 0.041 seconds
[2024-03-24T03:00:19.473+0000] {processor.py:161} INFO - Started process (PID=554) to work on /home/airflow/.local/lib/python3.8/site-packages/airflow/example_dags/tutorial.py
[2024-03-24T03:00:19.475+0000] {processor.py:830} INFO - Processing file /home/airflow/.local/lib/python3.8/site-packages/airflow/example_dags/tutorial.py for tasks to queue
[2024-03-24T03:00:19.478+0000] {logging_mixin.py:188} INFO - [2024-03-24T03:00:19.477+0000] {dagbag.py:540} INFO - Filling up the DagBag from /home/airflow/.local/lib/python3.8/site-packages/airflow/example_dags/tutorial.py
[2024-03-24T03:00:19.481+0000] {processor.py:840} INFO - DAG(s) 'tutorial' retrieved from /home/airflow/.local/lib/python3.8/site-packages/airflow/example_dags/tutorial.py
[2024-03-24T03:00:19.493+0000] {logging_mixin.py:188} INFO - [2024-03-24T03:00:19.492+0000] {dag.py:3047} INFO - Sync 1 DAGs
[2024-03-24T03:00:19.504+0000] {logging_mixin.py:188} INFO - [2024-03-24T03:00:19.504+0000] {dag.py:3834} INFO - Setting next_dagrun for tutorial to 2024-03-23 00:00:00+00:00, run_after=2024-03-24 00:00:00+00:00
[2024-03-24T03:00:19.514+0000] {processor.py:183} INFO - Processing /home/airflow/.local/lib/python3.8/site-packages/airflow/example_dags/tutorial.py took 0.042 seconds
[2024-03-24T03:00:49.762+0000] {processor.py:161} INFO - Started process (PID=609) to work on /home/airflow/.local/lib/python3.8/site-packages/airflow/example_dags/tutorial.py
[2024-03-24T03:00:49.770+0000] {processor.py:830} INFO - Processing file /home/airflow/.local/lib/python3.8/site-packages/airflow/example_dags/tutorial.py for tasks to queue
[2024-03-24T03:00:49.771+0000] {logging_mixin.py:188} INFO - [2024-03-24T03:00:49.771+0000] {dagbag.py:540} INFO - Filling up the DagBag from /home/airflow/.local/lib/python3.8/site-packages/airflow/example_dags/tutorial.py
[2024-03-24T03:00:49.774+0000] {processor.py:840} INFO - DAG(s) 'tutorial' retrieved from /home/airflow/.local/lib/python3.8/site-packages/airflow/example_dags/tutorial.py
[2024-03-24T03:00:49.785+0000] {logging_mixin.py:188} INFO - [2024-03-24T03:00:49.785+0000] {dag.py:3047} INFO - Sync 1 DAGs
[2024-03-24T03:00:49.799+0000] {logging_mixin.py:188} INFO - [2024-03-24T03:00:49.798+0000] {dag.py:3834} INFO - Setting next_dagrun for tutorial to 2024-03-23 00:00:00+00:00, run_after=2024-03-24 00:00:00+00:00
[2024-03-24T03:00:49.813+0000] {processor.py:183} INFO - Processing /home/airflow/.local/lib/python3.8/site-packages/airflow/example_dags/tutorial.py took 0.052 seconds
[2024-03-24T03:01:20.047+0000] {processor.py:161} INFO - Started process (PID=664) to work on /home/airflow/.local/lib/python3.8/site-packages/airflow/example_dags/tutorial.py
[2024-03-24T03:01:20.048+0000] {processor.py:830} INFO - Processing file /home/airflow/.local/lib/python3.8/site-packages/airflow/example_dags/tutorial.py for tasks to queue
[2024-03-24T03:01:20.050+0000] {logging_mixin.py:188} INFO - [2024-03-24T03:01:20.049+0000] {dagbag.py:540} INFO - Filling up the DagBag from /home/airflow/.local/lib/python3.8/site-packages/airflow/example_dags/tutorial.py
[2024-03-24T03:01:20.054+0000] {processor.py:840} INFO - DAG(s) 'tutorial' retrieved from /home/airflow/.local/lib/python3.8/site-packages/airflow/example_dags/tutorial.py
[2024-03-24T03:01:20.078+0000] {logging_mixin.py:188} INFO - [2024-03-24T03:01:20.078+0000] {dag.py:3047} INFO - Sync 1 DAGs
[2024-03-24T03:01:20.101+0000] {logging_mixin.py:188} INFO - [2024-03-24T03:01:20.101+0000] {dag.py:3834} INFO - Setting next_dagrun for tutorial to 2024-03-23 00:00:00+00:00, run_after=2024-03-24 00:00:00+00:00
[2024-03-24T03:01:20.117+0000] {processor.py:183} INFO - Processing /home/airflow/.local/lib/python3.8/site-packages/airflow/example_dags/tutorial.py took 0.072 seconds
[2024-03-24T03:01:50.607+0000] {processor.py:161} INFO - Started process (PID=719) to work on /home/airflow/.local/lib/python3.8/site-packages/airflow/example_dags/tutorial.py
[2024-03-24T03:01:50.612+0000] {processor.py:830} INFO - Processing file /home/airflow/.local/lib/python3.8/site-packages/airflow/example_dags/tutorial.py for tasks to queue
[2024-03-24T03:01:50.613+0000] {logging_mixin.py:188} INFO - [2024-03-24T03:01:50.613+0000] {dagbag.py:540} INFO - Filling up the DagBag from /home/airflow/.local/lib/python3.8/site-packages/airflow/example_dags/tutorial.py
[2024-03-24T03:01:50.617+0000] {processor.py:840} INFO - DAG(s) 'tutorial' retrieved from /home/airflow/.local/lib/python3.8/site-packages/airflow/example_dags/tutorial.py
[2024-03-24T03:01:50.630+0000] {logging_mixin.py:188} INFO - [2024-03-24T03:01:50.630+0000] {dag.py:3047} INFO - Sync 1 DAGs
[2024-03-24T03:01:50.643+0000] {logging_mixin.py:188} INFO - [2024-03-24T03:01:50.643+0000] {dag.py:3834} INFO - Setting next_dagrun for tutorial to 2024-03-23 00:00:00+00:00, run_after=2024-03-24 00:00:00+00:00
[2024-03-24T03:01:50.655+0000] {processor.py:183} INFO - Processing /home/airflow/.local/lib/python3.8/site-packages/airflow/example_dags/tutorial.py took 0.049 seconds
[2024-03-24T03:02:21.079+0000] {processor.py:161} INFO - Started process (PID=774) to work on /home/airflow/.local/lib/python3.8/site-packages/airflow/example_dags/tutorial.py
[2024-03-24T03:02:21.080+0000] {processor.py:830} INFO - Processing file /home/airflow/.local/lib/python3.8/site-packages/airflow/example_dags/tutorial.py for tasks to queue
[2024-03-24T03:02:21.081+0000] {logging_mixin.py:188} INFO - [2024-03-24T03:02:21.081+0000] {dagbag.py:540} INFO - Filling up the DagBag from /home/airflow/.local/lib/python3.8/site-packages/airflow/example_dags/tutorial.py
[2024-03-24T03:02:21.085+0000] {processor.py:840} INFO - DAG(s) 'tutorial' retrieved from /home/airflow/.local/lib/python3.8/site-packages/airflow/example_dags/tutorial.py
[2024-03-24T03:02:21.094+0000] {logging_mixin.py:188} INFO - [2024-03-24T03:02:21.094+0000] {dag.py:3047} INFO - Sync 1 DAGs
[2024-03-24T03:02:21.105+0000] {logging_mixin.py:188} INFO - [2024-03-24T03:02:21.105+0000] {dag.py:3834} INFO - Setting next_dagrun for tutorial to 2024-03-23 00:00:00+00:00, run_after=2024-03-24 00:00:00+00:00
[2024-03-24T03:02:21.115+0000] {processor.py:183} INFO - Processing /home/airflow/.local/lib/python3.8/site-packages/airflow/example_dags/tutorial.py took 0.037 seconds
[2024-03-24T03:02:51.331+0000] {processor.py:161} INFO - Started process (PID=829) to work on /home/airflow/.local/lib/python3.8/site-packages/airflow/example_dags/tutorial.py
[2024-03-24T03:02:51.332+0000] {processor.py:830} INFO - Processing file /home/airflow/.local/lib/python3.8/site-packages/airflow/example_dags/tutorial.py for tasks to queue
[2024-03-24T03:02:51.333+0000] {logging_mixin.py:188} INFO - [2024-03-24T03:02:51.332+0000] {dagbag.py:540} INFO - Filling up the DagBag from /home/airflow/.local/lib/python3.8/site-packages/airflow/example_dags/tutorial.py
[2024-03-24T03:02:51.336+0000] {processor.py:840} INFO - DAG(s) 'tutorial' retrieved from /home/airflow/.local/lib/python3.8/site-packages/airflow/example_dags/tutorial.py
[2024-03-24T03:02:51.347+0000] {logging_mixin.py:188} INFO - [2024-03-24T03:02:51.347+0000] {dag.py:3047} INFO - Sync 1 DAGs
[2024-03-24T03:02:51.357+0000] {logging_mixin.py:188} INFO - [2024-03-24T03:02:51.357+0000] {dag.py:3834} INFO - Setting next_dagrun for tutorial to 2024-03-23 00:00:00+00:00, run_after=2024-03-24 00:00:00+00:00
[2024-03-24T03:02:51.366+0000] {processor.py:183} INFO - Processing /home/airflow/.local/lib/python3.8/site-packages/airflow/example_dags/tutorial.py took 0.037 seconds
[2024-03-24T03:03:22.182+0000] {processor.py:161} INFO - Started process (PID=884) to work on /home/airflow/.local/lib/python3.8/site-packages/airflow/example_dags/tutorial.py
[2024-03-24T03:03:22.183+0000] {processor.py:830} INFO - Processing file /home/airflow/.local/lib/python3.8/site-packages/airflow/example_dags/tutorial.py for tasks to queue
[2024-03-24T03:03:22.184+0000] {logging_mixin.py:188} INFO - [2024-03-24T03:03:22.184+0000] {dagbag.py:540} INFO - Filling up the DagBag from /home/airflow/.local/lib/python3.8/site-packages/airflow/example_dags/tutorial.py
[2024-03-24T03:03:22.187+0000] {processor.py:840} INFO - DAG(s) 'tutorial' retrieved from /home/airflow/.local/lib/python3.8/site-packages/airflow/example_dags/tutorial.py
[2024-03-24T03:03:22.199+0000] {logging_mixin.py:188} INFO - [2024-03-24T03:03:22.198+0000] {dag.py:3047} INFO - Sync 1 DAGs
[2024-03-24T03:03:22.210+0000] {logging_mixin.py:188} INFO - [2024-03-24T03:03:22.210+0000] {dag.py:3834} INFO - Setting next_dagrun for tutorial to 2024-03-23 00:00:00+00:00, run_after=2024-03-24 00:00:00+00:00
[2024-03-24T03:03:22.220+0000] {processor.py:183} INFO - Processing /home/airflow/.local/lib/python3.8/site-packages/airflow/example_dags/tutorial.py took 0.039 seconds
[2024-03-24T03:03:52.430+0000] {processor.py:161} INFO - Started process (PID=939) to work on /home/airflow/.local/lib/python3.8/site-packages/airflow/example_dags/tutorial.py
[2024-03-24T03:03:52.431+0000] {processor.py:830} INFO - Processing file /home/airflow/.local/lib/python3.8/site-packages/airflow/example_dags/tutorial.py for tasks to queue
[2024-03-24T03:03:52.433+0000] {logging_mixin.py:188} INFO - [2024-03-24T03:03:52.432+0000] {dagbag.py:540} INFO - Filling up the DagBag from /home/airflow/.local/lib/python3.8/site-packages/airflow/example_dags/tutorial.py
[2024-03-24T03:03:52.436+0000] {processor.py:840} INFO - DAG(s) 'tutorial' retrieved from /home/airflow/.local/lib/python3.8/site-packages/airflow/example_dags/tutorial.py
[2024-03-24T03:03:52.446+0000] {logging_mixin.py:188} INFO - [2024-03-24T03:03:52.446+0000] {dag.py:3047} INFO - Sync 1 DAGs
[2024-03-24T03:03:52.456+0000] {logging_mixin.py:188} INFO - [2024-03-24T03:03:52.456+0000] {dag.py:3834} INFO - Setting next_dagrun for tutorial to 2024-03-23 00:00:00+00:00, run_after=2024-03-24 00:00:00+00:00
[2024-03-24T03:03:52.465+0000] {processor.py:183} INFO - Processing /home/airflow/.local/lib/python3.8/site-packages/airflow/example_dags/tutorial.py took 0.037 seconds
[2024-03-24T03:04:23.274+0000] {processor.py:161} INFO - Started process (PID=993) to work on /home/airflow/.local/lib/python3.8/site-packages/airflow/example_dags/tutorial.py
[2024-03-24T03:04:23.274+0000] {processor.py:830} INFO - Processing file /home/airflow/.local/lib/python3.8/site-packages/airflow/example_dags/tutorial.py for tasks to queue
[2024-03-24T03:04:23.275+0000] {logging_mixin.py:188} INFO - [2024-03-24T03:04:23.275+0000] {dagbag.py:540} INFO - Filling up the DagBag from /home/airflow/.local/lib/python3.8/site-packages/airflow/example_dags/tutorial.py
[2024-03-24T03:04:23.279+0000] {processor.py:840} INFO - DAG(s) 'tutorial' retrieved from /home/airflow/.local/lib/python3.8/site-packages/airflow/example_dags/tutorial.py
[2024-03-24T03:04:23.289+0000] {logging_mixin.py:188} INFO - [2024-03-24T03:04:23.289+0000] {dag.py:3047} INFO - Sync 1 DAGs
[2024-03-24T03:04:23.300+0000] {logging_mixin.py:188} INFO - [2024-03-24T03:04:23.300+0000] {dag.py:3834} INFO - Setting next_dagrun for tutorial to 2024-03-23 00:00:00+00:00, run_after=2024-03-24 00:00:00+00:00
[2024-03-24T03:04:23.310+0000] {processor.py:183} INFO - Processing /home/airflow/.local/lib/python3.8/site-packages/airflow/example_dags/tutorial.py took 0.038 seconds
[2024-03-24T03:04:53.602+0000] {processor.py:161} INFO - Started process (PID=1047) to work on /home/airflow/.local/lib/python3.8/site-packages/airflow/example_dags/tutorial.py
[2024-03-24T03:04:53.602+0000] {processor.py:830} INFO - Processing file /home/airflow/.local/lib/python3.8/site-packages/airflow/example_dags/tutorial.py for tasks to queue
[2024-03-24T03:04:53.603+0000] {logging_mixin.py:188} INFO - [2024-03-24T03:04:53.603+0000] {dagbag.py:540} INFO - Filling up the DagBag from /home/airflow/.local/lib/python3.8/site-packages/airflow/example_dags/tutorial.py
[2024-03-24T03:04:53.606+0000] {processor.py:840} INFO - DAG(s) 'tutorial' retrieved from /home/airflow/.local/lib/python3.8/site-packages/airflow/example_dags/tutorial.py
[2024-03-24T03:04:53.616+0000] {logging_mixin.py:188} INFO - [2024-03-24T03:04:53.616+0000] {dag.py:3047} INFO - Sync 1 DAGs
[2024-03-24T03:04:53.625+0000] {logging_mixin.py:188} INFO - [2024-03-24T03:04:53.625+0000] {dag.py:3834} INFO - Setting next_dagrun for tutorial to 2024-03-23 00:00:00+00:00, run_after=2024-03-24 00:00:00+00:00
[2024-03-24T03:04:53.633+0000] {processor.py:183} INFO - Processing /home/airflow/.local/lib/python3.8/site-packages/airflow/example_dags/tutorial.py took 0.033 seconds
[2024-03-24T03:05:24.227+0000] {processor.py:161} INFO - Started process (PID=1103) to work on /home/airflow/.local/lib/python3.8/site-packages/airflow/example_dags/tutorial.py
[2024-03-24T03:05:24.233+0000] {processor.py:830} INFO - Processing file /home/airflow/.local/lib/python3.8/site-packages/airflow/example_dags/tutorial.py for tasks to queue
[2024-03-24T03:05:24.235+0000] {logging_mixin.py:188} INFO - [2024-03-24T03:05:24.235+0000] {dagbag.py:540} INFO - Filling up the DagBag from /home/airflow/.local/lib/python3.8/site-packages/airflow/example_dags/tutorial.py
[2024-03-24T03:05:24.241+0000] {processor.py:840} INFO - DAG(s) 'tutorial' retrieved from /home/airflow/.local/lib/python3.8/site-packages/airflow/example_dags/tutorial.py
[2024-03-24T03:05:24.263+0000] {logging_mixin.py:188} INFO - [2024-03-24T03:05:24.262+0000] {dag.py:3047} INFO - Sync 1 DAGs
[2024-03-24T03:05:24.311+0000] {logging_mixin.py:188} INFO - [2024-03-24T03:05:24.311+0000] {dag.py:3834} INFO - Setting next_dagrun for tutorial to 2024-03-23 00:00:00+00:00, run_after=2024-03-24 00:00:00+00:00
[2024-03-24T03:05:24.332+0000] {processor.py:183} INFO - Processing /home/airflow/.local/lib/python3.8/site-packages/airflow/example_dags/tutorial.py took 0.110 seconds
[2024-03-24T03:05:54.633+0000] {processor.py:161} INFO - Started process (PID=1157) to work on /home/airflow/.local/lib/python3.8/site-packages/airflow/example_dags/tutorial.py
[2024-03-24T03:05:54.634+0000] {processor.py:830} INFO - Processing file /home/airflow/.local/lib/python3.8/site-packages/airflow/example_dags/tutorial.py for tasks to queue
[2024-03-24T03:05:54.635+0000] {logging_mixin.py:188} INFO - [2024-03-24T03:05:54.635+0000] {dagbag.py:540} INFO - Filling up the DagBag from /home/airflow/.local/lib/python3.8/site-packages/airflow/example_dags/tutorial.py
[2024-03-24T03:05:54.639+0000] {processor.py:840} INFO - DAG(s) 'tutorial' retrieved from /home/airflow/.local/lib/python3.8/site-packages/airflow/example_dags/tutorial.py
[2024-03-24T03:05:54.650+0000] {logging_mixin.py:188} INFO - [2024-03-24T03:05:54.650+0000] {dag.py:3047} INFO - Sync 1 DAGs
[2024-03-24T03:05:54.662+0000] {logging_mixin.py:188} INFO - [2024-03-24T03:05:54.662+0000] {dag.py:3834} INFO - Setting next_dagrun for tutorial to 2024-03-23 00:00:00+00:00, run_after=2024-03-24 00:00:00+00:00
[2024-03-24T03:05:54.672+0000] {processor.py:183} INFO - Processing /home/airflow/.local/lib/python3.8/site-packages/airflow/example_dags/tutorial.py took 0.042 seconds
