[2024-03-24T02:55:45.686+0000] {processor.py:161} INFO - Started process (PID=73) to work on /home/airflow/.local/lib/python3.8/site-packages/airflow/example_dags/tutorial_dag.py
[2024-03-24T02:55:45.687+0000] {processor.py:830} INFO - Processing file /home/airflow/.local/lib/python3.8/site-packages/airflow/example_dags/tutorial_dag.py for tasks to queue
[2024-03-24T02:55:45.689+0000] {logging_mixin.py:188} INFO - [2024-03-24T02:55:45.689+0000] {dagbag.py:540} INFO - Filling up the DagBag from /home/airflow/.local/lib/python3.8/site-packages/airflow/example_dags/tutorial_dag.py
[2024-03-24T02:55:45.699+0000] {processor.py:840} INFO - DAG(s) 'tutorial_dag' retrieved from /home/airflow/.local/lib/python3.8/site-packages/airflow/example_dags/tutorial_dag.py
[2024-03-24T02:55:45.714+0000] {logging_mixin.py:188} INFO - [2024-03-24T02:55:45.714+0000] {dag.py:3047} INFO - Sync 1 DAGs
[2024-03-24T02:55:45.737+0000] {logging_mixin.py:188} INFO - [2024-03-24T02:55:45.737+0000] {dag.py:3834} INFO - Setting next_dagrun for tutorial_dag to None, run_after=None
[2024-03-24T02:55:45.788+0000] {processor.py:183} INFO - Processing /home/airflow/.local/lib/python3.8/site-packages/airflow/example_dags/tutorial_dag.py took 0.105 seconds
[2024-03-24T02:56:16.138+0000] {processor.py:161} INFO - Started process (PID=127) to work on /home/airflow/.local/lib/python3.8/site-packages/airflow/example_dags/tutorial_dag.py
[2024-03-24T02:56:16.138+0000] {processor.py:830} INFO - Processing file /home/airflow/.local/lib/python3.8/site-packages/airflow/example_dags/tutorial_dag.py for tasks to queue
[2024-03-24T02:56:16.139+0000] {logging_mixin.py:188} INFO - [2024-03-24T02:56:16.139+0000] {dagbag.py:540} INFO - Filling up the DagBag from /home/airflow/.local/lib/python3.8/site-packages/airflow/example_dags/tutorial_dag.py
[2024-03-24T02:56:16.143+0000] {processor.py:840} INFO - DAG(s) 'tutorial_dag' retrieved from /home/airflow/.local/lib/python3.8/site-packages/airflow/example_dags/tutorial_dag.py
[2024-03-24T02:56:16.189+0000] {logging_mixin.py:188} INFO - [2024-03-24T02:56:16.189+0000] {dag.py:3047} INFO - Sync 1 DAGs
[2024-03-24T02:56:16.194+0000] {logging_mixin.py:188} INFO - [2024-03-24T02:56:16.194+0000] {dag.py:3834} INFO - Setting next_dagrun for tutorial_dag to None, run_after=None
[2024-03-24T02:56:16.205+0000] {processor.py:183} INFO - Processing /home/airflow/.local/lib/python3.8/site-packages/airflow/example_dags/tutorial_dag.py took 0.069 seconds
[2024-03-24T02:56:47.076+0000] {processor.py:161} INFO - Started process (PID=182) to work on /home/airflow/.local/lib/python3.8/site-packages/airflow/example_dags/tutorial_dag.py
[2024-03-24T02:56:47.076+0000] {processor.py:830} INFO - Processing file /home/airflow/.local/lib/python3.8/site-packages/airflow/example_dags/tutorial_dag.py for tasks to queue
[2024-03-24T02:56:47.077+0000] {logging_mixin.py:188} INFO - [2024-03-24T02:56:47.077+0000] {dagbag.py:540} INFO - Filling up the DagBag from /home/airflow/.local/lib/python3.8/site-packages/airflow/example_dags/tutorial_dag.py
[2024-03-24T02:56:47.080+0000] {processor.py:840} INFO - DAG(s) 'tutorial_dag' retrieved from /home/airflow/.local/lib/python3.8/site-packages/airflow/example_dags/tutorial_dag.py
[2024-03-24T02:56:47.091+0000] {logging_mixin.py:188} INFO - [2024-03-24T02:56:47.091+0000] {dag.py:3047} INFO - Sync 1 DAGs
[2024-03-24T02:56:47.098+0000] {logging_mixin.py:188} INFO - [2024-03-24T02:56:47.098+0000] {dag.py:3834} INFO - Setting next_dagrun for tutorial_dag to None, run_after=None
[2024-03-24T02:56:47.106+0000] {processor.py:183} INFO - Processing /home/airflow/.local/lib/python3.8/site-packages/airflow/example_dags/tutorial_dag.py took 0.032 seconds
[2024-03-24T02:57:17.908+0000] {processor.py:161} INFO - Started process (PID=237) to work on /home/airflow/.local/lib/python3.8/site-packages/airflow/example_dags/tutorial_dag.py
[2024-03-24T02:57:17.910+0000] {processor.py:830} INFO - Processing file /home/airflow/.local/lib/python3.8/site-packages/airflow/example_dags/tutorial_dag.py for tasks to queue
[2024-03-24T02:57:17.911+0000] {logging_mixin.py:188} INFO - [2024-03-24T02:57:17.911+0000] {dagbag.py:540} INFO - Filling up the DagBag from /home/airflow/.local/lib/python3.8/site-packages/airflow/example_dags/tutorial_dag.py
[2024-03-24T02:57:17.916+0000] {processor.py:840} INFO - DAG(s) 'tutorial_dag' retrieved from /home/airflow/.local/lib/python3.8/site-packages/airflow/example_dags/tutorial_dag.py
[2024-03-24T02:57:17.926+0000] {logging_mixin.py:188} INFO - [2024-03-24T02:57:17.926+0000] {dag.py:3047} INFO - Sync 1 DAGs
[2024-03-24T02:57:17.934+0000] {logging_mixin.py:188} INFO - [2024-03-24T02:57:17.934+0000] {dag.py:3834} INFO - Setting next_dagrun for tutorial_dag to None, run_after=None
[2024-03-24T02:57:17.943+0000] {processor.py:183} INFO - Processing /home/airflow/.local/lib/python3.8/site-packages/airflow/example_dags/tutorial_dag.py took 0.037 seconds
[2024-03-24T02:57:48.741+0000] {processor.py:161} INFO - Started process (PID=292) to work on /home/airflow/.local/lib/python3.8/site-packages/airflow/example_dags/tutorial_dag.py
[2024-03-24T02:57:48.742+0000] {processor.py:830} INFO - Processing file /home/airflow/.local/lib/python3.8/site-packages/airflow/example_dags/tutorial_dag.py for tasks to queue
[2024-03-24T02:57:48.743+0000] {logging_mixin.py:188} INFO - [2024-03-24T02:57:48.743+0000] {dagbag.py:540} INFO - Filling up the DagBag from /home/airflow/.local/lib/python3.8/site-packages/airflow/example_dags/tutorial_dag.py
[2024-03-24T02:57:48.747+0000] {processor.py:840} INFO - DAG(s) 'tutorial_dag' retrieved from /home/airflow/.local/lib/python3.8/site-packages/airflow/example_dags/tutorial_dag.py
[2024-03-24T02:57:48.757+0000] {logging_mixin.py:188} INFO - [2024-03-24T02:57:48.757+0000] {dag.py:3047} INFO - Sync 1 DAGs
[2024-03-24T02:57:48.764+0000] {logging_mixin.py:188} INFO - [2024-03-24T02:57:48.764+0000] {dag.py:3834} INFO - Setting next_dagrun for tutorial_dag to None, run_after=None
[2024-03-24T02:57:48.773+0000] {processor.py:183} INFO - Processing /home/airflow/.local/lib/python3.8/site-packages/airflow/example_dags/tutorial_dag.py took 0.034 seconds
[2024-03-24T02:58:19.207+0000] {processor.py:161} INFO - Started process (PID=347) to work on /home/airflow/.local/lib/python3.8/site-packages/airflow/example_dags/tutorial_dag.py
[2024-03-24T02:58:19.208+0000] {processor.py:830} INFO - Processing file /home/airflow/.local/lib/python3.8/site-packages/airflow/example_dags/tutorial_dag.py for tasks to queue
[2024-03-24T02:58:19.209+0000] {logging_mixin.py:188} INFO - [2024-03-24T02:58:19.209+0000] {dagbag.py:540} INFO - Filling up the DagBag from /home/airflow/.local/lib/python3.8/site-packages/airflow/example_dags/tutorial_dag.py
[2024-03-24T02:58:19.213+0000] {processor.py:840} INFO - DAG(s) 'tutorial_dag' retrieved from /home/airflow/.local/lib/python3.8/site-packages/airflow/example_dags/tutorial_dag.py
[2024-03-24T02:58:19.220+0000] {logging_mixin.py:188} INFO - [2024-03-24T02:58:19.220+0000] {dag.py:3047} INFO - Sync 1 DAGs
[2024-03-24T02:58:19.229+0000] {logging_mixin.py:188} INFO - [2024-03-24T02:58:19.229+0000] {dag.py:3834} INFO - Setting next_dagrun for tutorial_dag to None, run_after=None
[2024-03-24T02:58:19.239+0000] {processor.py:183} INFO - Processing /home/airflow/.local/lib/python3.8/site-packages/airflow/example_dags/tutorial_dag.py took 0.033 seconds
[2024-03-24T02:58:49.638+0000] {processor.py:161} INFO - Started process (PID=402) to work on /home/airflow/.local/lib/python3.8/site-packages/airflow/example_dags/tutorial_dag.py
[2024-03-24T02:58:49.641+0000] {processor.py:830} INFO - Processing file /home/airflow/.local/lib/python3.8/site-packages/airflow/example_dags/tutorial_dag.py for tasks to queue
[2024-03-24T02:58:49.642+0000] {logging_mixin.py:188} INFO - [2024-03-24T02:58:49.642+0000] {dagbag.py:540} INFO - Filling up the DagBag from /home/airflow/.local/lib/python3.8/site-packages/airflow/example_dags/tutorial_dag.py
[2024-03-24T02:58:49.650+0000] {processor.py:840} INFO - DAG(s) 'tutorial_dag' retrieved from /home/airflow/.local/lib/python3.8/site-packages/airflow/example_dags/tutorial_dag.py
[2024-03-24T02:58:49.709+0000] {logging_mixin.py:188} INFO - [2024-03-24T02:58:49.708+0000] {dag.py:3047} INFO - Sync 1 DAGs
[2024-03-24T02:58:49.714+0000] {logging_mixin.py:188} INFO - [2024-03-24T02:58:49.714+0000] {dag.py:3834} INFO - Setting next_dagrun for tutorial_dag to None, run_after=None
[2024-03-24T02:58:49.723+0000] {processor.py:183} INFO - Processing /home/airflow/.local/lib/python3.8/site-packages/airflow/example_dags/tutorial_dag.py took 0.089 seconds
[2024-03-24T02:59:20.536+0000] {processor.py:161} INFO - Started process (PID=457) to work on /home/airflow/.local/lib/python3.8/site-packages/airflow/example_dags/tutorial_dag.py
[2024-03-24T02:59:20.537+0000] {processor.py:830} INFO - Processing file /home/airflow/.local/lib/python3.8/site-packages/airflow/example_dags/tutorial_dag.py for tasks to queue
[2024-03-24T02:59:20.538+0000] {logging_mixin.py:188} INFO - [2024-03-24T02:59:20.538+0000] {dagbag.py:540} INFO - Filling up the DagBag from /home/airflow/.local/lib/python3.8/site-packages/airflow/example_dags/tutorial_dag.py
[2024-03-24T02:59:20.544+0000] {processor.py:840} INFO - DAG(s) 'tutorial_dag' retrieved from /home/airflow/.local/lib/python3.8/site-packages/airflow/example_dags/tutorial_dag.py
[2024-03-24T02:59:20.554+0000] {logging_mixin.py:188} INFO - [2024-03-24T02:59:20.554+0000] {dag.py:3047} INFO - Sync 1 DAGs
[2024-03-24T02:59:20.561+0000] {logging_mixin.py:188} INFO - [2024-03-24T02:59:20.560+0000] {dag.py:3834} INFO - Setting next_dagrun for tutorial_dag to None, run_after=None
[2024-03-24T02:59:20.569+0000] {processor.py:183} INFO - Processing /home/airflow/.local/lib/python3.8/site-packages/airflow/example_dags/tutorial_dag.py took 0.035 seconds
[2024-03-24T02:59:50.698+0000] {processor.py:161} INFO - Started process (PID=512) to work on /home/airflow/.local/lib/python3.8/site-packages/airflow/example_dags/tutorial_dag.py
[2024-03-24T02:59:50.699+0000] {processor.py:830} INFO - Processing file /home/airflow/.local/lib/python3.8/site-packages/airflow/example_dags/tutorial_dag.py for tasks to queue
[2024-03-24T02:59:50.700+0000] {logging_mixin.py:188} INFO - [2024-03-24T02:59:50.700+0000] {dagbag.py:540} INFO - Filling up the DagBag from /home/airflow/.local/lib/python3.8/site-packages/airflow/example_dags/tutorial_dag.py
[2024-03-24T02:59:50.703+0000] {processor.py:840} INFO - DAG(s) 'tutorial_dag' retrieved from /home/airflow/.local/lib/python3.8/site-packages/airflow/example_dags/tutorial_dag.py
[2024-03-24T02:59:50.714+0000] {logging_mixin.py:188} INFO - [2024-03-24T02:59:50.713+0000] {dag.py:3047} INFO - Sync 1 DAGs
[2024-03-24T02:59:50.720+0000] {logging_mixin.py:188} INFO - [2024-03-24T02:59:50.720+0000] {dag.py:3834} INFO - Setting next_dagrun for tutorial_dag to None, run_after=None
[2024-03-24T02:59:50.729+0000] {processor.py:183} INFO - Processing /home/airflow/.local/lib/python3.8/site-packages/airflow/example_dags/tutorial_dag.py took 0.032 seconds
[2024-03-24T03:00:20.870+0000] {processor.py:161} INFO - Started process (PID=567) to work on /home/airflow/.local/lib/python3.8/site-packages/airflow/example_dags/tutorial_dag.py
[2024-03-24T03:00:20.871+0000] {processor.py:830} INFO - Processing file /home/airflow/.local/lib/python3.8/site-packages/airflow/example_dags/tutorial_dag.py for tasks to queue
[2024-03-24T03:00:20.872+0000] {logging_mixin.py:188} INFO - [2024-03-24T03:00:20.871+0000] {dagbag.py:540} INFO - Filling up the DagBag from /home/airflow/.local/lib/python3.8/site-packages/airflow/example_dags/tutorial_dag.py
[2024-03-24T03:00:20.874+0000] {processor.py:840} INFO - DAG(s) 'tutorial_dag' retrieved from /home/airflow/.local/lib/python3.8/site-packages/airflow/example_dags/tutorial_dag.py
[2024-03-24T03:00:20.884+0000] {logging_mixin.py:188} INFO - [2024-03-24T03:00:20.884+0000] {dag.py:3047} INFO - Sync 1 DAGs
[2024-03-24T03:00:20.890+0000] {logging_mixin.py:188} INFO - [2024-03-24T03:00:20.890+0000] {dag.py:3834} INFO - Setting next_dagrun for tutorial_dag to None, run_after=None
[2024-03-24T03:00:20.898+0000] {processor.py:183} INFO - Processing /home/airflow/.local/lib/python3.8/site-packages/airflow/example_dags/tutorial_dag.py took 0.029 seconds
[2024-03-24T03:00:51.155+0000] {processor.py:161} INFO - Started process (PID=622) to work on /home/airflow/.local/lib/python3.8/site-packages/airflow/example_dags/tutorial_dag.py
[2024-03-24T03:00:51.156+0000] {processor.py:830} INFO - Processing file /home/airflow/.local/lib/python3.8/site-packages/airflow/example_dags/tutorial_dag.py for tasks to queue
[2024-03-24T03:00:51.157+0000] {logging_mixin.py:188} INFO - [2024-03-24T03:00:51.157+0000] {dagbag.py:540} INFO - Filling up the DagBag from /home/airflow/.local/lib/python3.8/site-packages/airflow/example_dags/tutorial_dag.py
[2024-03-24T03:00:51.160+0000] {processor.py:840} INFO - DAG(s) 'tutorial_dag' retrieved from /home/airflow/.local/lib/python3.8/site-packages/airflow/example_dags/tutorial_dag.py
[2024-03-24T03:00:51.171+0000] {logging_mixin.py:188} INFO - [2024-03-24T03:00:51.171+0000] {dag.py:3047} INFO - Sync 1 DAGs
[2024-03-24T03:00:51.177+0000] {logging_mixin.py:188} INFO - [2024-03-24T03:00:51.177+0000] {dag.py:3834} INFO - Setting next_dagrun for tutorial_dag to None, run_after=None
[2024-03-24T03:00:51.186+0000] {processor.py:183} INFO - Processing /home/airflow/.local/lib/python3.8/site-packages/airflow/example_dags/tutorial_dag.py took 0.033 seconds
[2024-03-24T03:01:21.636+0000] {processor.py:161} INFO - Started process (PID=677) to work on /home/airflow/.local/lib/python3.8/site-packages/airflow/example_dags/tutorial_dag.py
[2024-03-24T03:01:21.637+0000] {processor.py:830} INFO - Processing file /home/airflow/.local/lib/python3.8/site-packages/airflow/example_dags/tutorial_dag.py for tasks to queue
[2024-03-24T03:01:21.638+0000] {logging_mixin.py:188} INFO - [2024-03-24T03:01:21.638+0000] {dagbag.py:540} INFO - Filling up the DagBag from /home/airflow/.local/lib/python3.8/site-packages/airflow/example_dags/tutorial_dag.py
[2024-03-24T03:01:21.641+0000] {processor.py:840} INFO - DAG(s) 'tutorial_dag' retrieved from /home/airflow/.local/lib/python3.8/site-packages/airflow/example_dags/tutorial_dag.py
[2024-03-24T03:01:21.651+0000] {logging_mixin.py:188} INFO - [2024-03-24T03:01:21.651+0000] {dag.py:3047} INFO - Sync 1 DAGs
[2024-03-24T03:01:21.657+0000] {logging_mixin.py:188} INFO - [2024-03-24T03:01:21.657+0000] {dag.py:3834} INFO - Setting next_dagrun for tutorial_dag to None, run_after=None
[2024-03-24T03:01:21.665+0000] {processor.py:183} INFO - Processing /home/airflow/.local/lib/python3.8/site-packages/airflow/example_dags/tutorial_dag.py took 0.031 seconds
[2024-03-24T03:01:52.315+0000] {processor.py:161} INFO - Started process (PID=732) to work on /home/airflow/.local/lib/python3.8/site-packages/airflow/example_dags/tutorial_dag.py
[2024-03-24T03:01:52.316+0000] {processor.py:830} INFO - Processing file /home/airflow/.local/lib/python3.8/site-packages/airflow/example_dags/tutorial_dag.py for tasks to queue
[2024-03-24T03:01:52.318+0000] {logging_mixin.py:188} INFO - [2024-03-24T03:01:52.318+0000] {dagbag.py:540} INFO - Filling up the DagBag from /home/airflow/.local/lib/python3.8/site-packages/airflow/example_dags/tutorial_dag.py
[2024-03-24T03:01:52.328+0000] {processor.py:840} INFO - DAG(s) 'tutorial_dag' retrieved from /home/airflow/.local/lib/python3.8/site-packages/airflow/example_dags/tutorial_dag.py
[2024-03-24T03:01:52.355+0000] {logging_mixin.py:188} INFO - [2024-03-24T03:01:52.355+0000] {dag.py:3047} INFO - Sync 1 DAGs
[2024-03-24T03:01:52.364+0000] {logging_mixin.py:188} INFO - [2024-03-24T03:01:52.364+0000] {dag.py:3834} INFO - Setting next_dagrun for tutorial_dag to None, run_after=None
[2024-03-24T03:01:52.378+0000] {processor.py:183} INFO - Processing /home/airflow/.local/lib/python3.8/site-packages/airflow/example_dags/tutorial_dag.py took 0.066 seconds
[2024-03-24T03:02:22.491+0000] {processor.py:161} INFO - Started process (PID=787) to work on /home/airflow/.local/lib/python3.8/site-packages/airflow/example_dags/tutorial_dag.py
[2024-03-24T03:02:22.492+0000] {processor.py:830} INFO - Processing file /home/airflow/.local/lib/python3.8/site-packages/airflow/example_dags/tutorial_dag.py for tasks to queue
[2024-03-24T03:02:22.493+0000] {logging_mixin.py:188} INFO - [2024-03-24T03:02:22.493+0000] {dagbag.py:540} INFO - Filling up the DagBag from /home/airflow/.local/lib/python3.8/site-packages/airflow/example_dags/tutorial_dag.py
[2024-03-24T03:02:22.496+0000] {processor.py:840} INFO - DAG(s) 'tutorial_dag' retrieved from /home/airflow/.local/lib/python3.8/site-packages/airflow/example_dags/tutorial_dag.py
[2024-03-24T03:02:22.509+0000] {logging_mixin.py:188} INFO - [2024-03-24T03:02:22.509+0000] {dag.py:3047} INFO - Sync 1 DAGs
[2024-03-24T03:02:22.518+0000] {logging_mixin.py:188} INFO - [2024-03-24T03:02:22.518+0000] {dag.py:3834} INFO - Setting next_dagrun for tutorial_dag to None, run_after=None
[2024-03-24T03:02:22.529+0000] {processor.py:183} INFO - Processing /home/airflow/.local/lib/python3.8/site-packages/airflow/example_dags/tutorial_dag.py took 0.040 seconds
[2024-03-24T03:02:52.746+0000] {processor.py:161} INFO - Started process (PID=842) to work on /home/airflow/.local/lib/python3.8/site-packages/airflow/example_dags/tutorial_dag.py
[2024-03-24T03:02:52.747+0000] {processor.py:830} INFO - Processing file /home/airflow/.local/lib/python3.8/site-packages/airflow/example_dags/tutorial_dag.py for tasks to queue
[2024-03-24T03:02:52.749+0000] {logging_mixin.py:188} INFO - [2024-03-24T03:02:52.749+0000] {dagbag.py:540} INFO - Filling up the DagBag from /home/airflow/.local/lib/python3.8/site-packages/airflow/example_dags/tutorial_dag.py
[2024-03-24T03:02:52.753+0000] {processor.py:840} INFO - DAG(s) 'tutorial_dag' retrieved from /home/airflow/.local/lib/python3.8/site-packages/airflow/example_dags/tutorial_dag.py
[2024-03-24T03:02:52.763+0000] {logging_mixin.py:188} INFO - [2024-03-24T03:02:52.763+0000] {dag.py:3047} INFO - Sync 1 DAGs
[2024-03-24T03:02:52.769+0000] {logging_mixin.py:188} INFO - [2024-03-24T03:02:52.769+0000] {dag.py:3834} INFO - Setting next_dagrun for tutorial_dag to None, run_after=None
[2024-03-24T03:02:52.780+0000] {processor.py:183} INFO - Processing /home/airflow/.local/lib/python3.8/site-packages/airflow/example_dags/tutorial_dag.py took 0.036 seconds
[2024-03-24T03:03:23.647+0000] {processor.py:161} INFO - Started process (PID=897) to work on /home/airflow/.local/lib/python3.8/site-packages/airflow/example_dags/tutorial_dag.py
[2024-03-24T03:03:23.648+0000] {processor.py:830} INFO - Processing file /home/airflow/.local/lib/python3.8/site-packages/airflow/example_dags/tutorial_dag.py for tasks to queue
[2024-03-24T03:03:23.649+0000] {logging_mixin.py:188} INFO - [2024-03-24T03:03:23.649+0000] {dagbag.py:540} INFO - Filling up the DagBag from /home/airflow/.local/lib/python3.8/site-packages/airflow/example_dags/tutorial_dag.py
[2024-03-24T03:03:23.654+0000] {processor.py:840} INFO - DAG(s) 'tutorial_dag' retrieved from /home/airflow/.local/lib/python3.8/site-packages/airflow/example_dags/tutorial_dag.py
[2024-03-24T03:03:23.664+0000] {logging_mixin.py:188} INFO - [2024-03-24T03:03:23.664+0000] {dag.py:3047} INFO - Sync 1 DAGs
[2024-03-24T03:03:23.670+0000] {logging_mixin.py:188} INFO - [2024-03-24T03:03:23.670+0000] {dag.py:3834} INFO - Setting next_dagrun for tutorial_dag to None, run_after=None
[2024-03-24T03:03:23.679+0000] {processor.py:183} INFO - Processing /home/airflow/.local/lib/python3.8/site-packages/airflow/example_dags/tutorial_dag.py took 0.034 seconds
[2024-03-24T03:03:53.823+0000] {processor.py:161} INFO - Started process (PID=952) to work on /home/airflow/.local/lib/python3.8/site-packages/airflow/example_dags/tutorial_dag.py
[2024-03-24T03:03:53.824+0000] {processor.py:830} INFO - Processing file /home/airflow/.local/lib/python3.8/site-packages/airflow/example_dags/tutorial_dag.py for tasks to queue
[2024-03-24T03:03:53.825+0000] {logging_mixin.py:188} INFO - [2024-03-24T03:03:53.825+0000] {dagbag.py:540} INFO - Filling up the DagBag from /home/airflow/.local/lib/python3.8/site-packages/airflow/example_dags/tutorial_dag.py
[2024-03-24T03:03:53.828+0000] {processor.py:840} INFO - DAG(s) 'tutorial_dag' retrieved from /home/airflow/.local/lib/python3.8/site-packages/airflow/example_dags/tutorial_dag.py
[2024-03-24T03:03:53.838+0000] {logging_mixin.py:188} INFO - [2024-03-24T03:03:53.838+0000] {dag.py:3047} INFO - Sync 1 DAGs
[2024-03-24T03:03:53.846+0000] {logging_mixin.py:188} INFO - [2024-03-24T03:03:53.846+0000] {dag.py:3834} INFO - Setting next_dagrun for tutorial_dag to None, run_after=None
[2024-03-24T03:03:53.855+0000] {processor.py:183} INFO - Processing /home/airflow/.local/lib/python3.8/site-packages/airflow/example_dags/tutorial_dag.py took 0.034 seconds
[2024-03-24T03:04:24.651+0000] {processor.py:161} INFO - Started process (PID=1006) to work on /home/airflow/.local/lib/python3.8/site-packages/airflow/example_dags/tutorial_dag.py
[2024-03-24T03:04:24.652+0000] {processor.py:830} INFO - Processing file /home/airflow/.local/lib/python3.8/site-packages/airflow/example_dags/tutorial_dag.py for tasks to queue
[2024-03-24T03:04:24.652+0000] {logging_mixin.py:188} INFO - [2024-03-24T03:04:24.652+0000] {dagbag.py:540} INFO - Filling up the DagBag from /home/airflow/.local/lib/python3.8/site-packages/airflow/example_dags/tutorial_dag.py
[2024-03-24T03:04:24.655+0000] {processor.py:840} INFO - DAG(s) 'tutorial_dag' retrieved from /home/airflow/.local/lib/python3.8/site-packages/airflow/example_dags/tutorial_dag.py
[2024-03-24T03:04:24.665+0000] {logging_mixin.py:188} INFO - [2024-03-24T03:04:24.665+0000] {dag.py:3047} INFO - Sync 1 DAGs
[2024-03-24T03:04:24.671+0000] {logging_mixin.py:188} INFO - [2024-03-24T03:04:24.671+0000] {dag.py:3834} INFO - Setting next_dagrun for tutorial_dag to None, run_after=None
[2024-03-24T03:04:24.678+0000] {processor.py:183} INFO - Processing /home/airflow/.local/lib/python3.8/site-packages/airflow/example_dags/tutorial_dag.py took 0.029 seconds
[2024-03-24T03:04:55.491+0000] {processor.py:161} INFO - Started process (PID=1060) to work on /home/airflow/.local/lib/python3.8/site-packages/airflow/example_dags/tutorial_dag.py
[2024-03-24T03:04:55.492+0000] {processor.py:830} INFO - Processing file /home/airflow/.local/lib/python3.8/site-packages/airflow/example_dags/tutorial_dag.py for tasks to queue
[2024-03-24T03:04:55.494+0000] {logging_mixin.py:188} INFO - [2024-03-24T03:04:55.494+0000] {dagbag.py:540} INFO - Filling up the DagBag from /home/airflow/.local/lib/python3.8/site-packages/airflow/example_dags/tutorial_dag.py
[2024-03-24T03:04:55.497+0000] {processor.py:840} INFO - DAG(s) 'tutorial_dag' retrieved from /home/airflow/.local/lib/python3.8/site-packages/airflow/example_dags/tutorial_dag.py
[2024-03-24T03:04:55.511+0000] {logging_mixin.py:188} INFO - [2024-03-24T03:04:55.511+0000] {dag.py:3047} INFO - Sync 1 DAGs
[2024-03-24T03:04:55.520+0000] {logging_mixin.py:188} INFO - [2024-03-24T03:04:55.520+0000] {dag.py:3834} INFO - Setting next_dagrun for tutorial_dag to None, run_after=None
[2024-03-24T03:04:55.532+0000] {processor.py:183} INFO - Processing /home/airflow/.local/lib/python3.8/site-packages/airflow/example_dags/tutorial_dag.py took 0.043 seconds
[2024-03-24T03:05:25.949+0000] {processor.py:161} INFO - Started process (PID=1116) to work on /home/airflow/.local/lib/python3.8/site-packages/airflow/example_dags/tutorial_dag.py
[2024-03-24T03:05:25.950+0000] {processor.py:830} INFO - Processing file /home/airflow/.local/lib/python3.8/site-packages/airflow/example_dags/tutorial_dag.py for tasks to queue
[2024-03-24T03:05:25.951+0000] {logging_mixin.py:188} INFO - [2024-03-24T03:05:25.951+0000] {dagbag.py:540} INFO - Filling up the DagBag from /home/airflow/.local/lib/python3.8/site-packages/airflow/example_dags/tutorial_dag.py
[2024-03-24T03:05:25.954+0000] {processor.py:840} INFO - DAG(s) 'tutorial_dag' retrieved from /home/airflow/.local/lib/python3.8/site-packages/airflow/example_dags/tutorial_dag.py
[2024-03-24T03:05:25.965+0000] {logging_mixin.py:188} INFO - [2024-03-24T03:05:25.965+0000] {dag.py:3047} INFO - Sync 1 DAGs
[2024-03-24T03:05:25.971+0000] {logging_mixin.py:188} INFO - [2024-03-24T03:05:25.971+0000] {dag.py:3834} INFO - Setting next_dagrun for tutorial_dag to None, run_after=None
[2024-03-24T03:05:25.979+0000] {processor.py:183} INFO - Processing /home/airflow/.local/lib/python3.8/site-packages/airflow/example_dags/tutorial_dag.py took 0.032 seconds
